[2024-05-28 21:55:56,451][DPSGDNode][DEBUG] Rank: 10
[2024-05-28 21:55:56,451][DPSGDNode][DEBUG] type(graph): <class 'int'>
[2024-05-28 21:55:56,451][DPSGDNode][DEBUG] type(mapping): <class 'decentralizepy.mappings.Linear.Linear'>
[2024-05-28 21:55:57,489][CIFAR10][INFO] Loading training set.
[2024-05-28 21:55:58,584][CIFAR10][DEBUG] Size fractions: [0.08332, 0.08332, 0.08332, 0.08332, 0.08332, 0.08332, 0.08332, 0.08332, 0.08332, 0.08332, 0.08332, 0.08347999999999994]
[2024-05-28 21:55:58,608][CIFAR10][INFO] Loading testing set.
[2024-05-28 21:55:59,588][CIFAR10][INFO] Extracting the validation set from the test set.
[2024-05-28 21:55:59,595][Node][INFO] Dataset instantiation complete.
[2024-05-28 21:55:59,677][DPSGDWithPeerSampler][INFO] Each proc uses 1 threads out of 10.
[2024-05-28 21:55:59,677][Node][DEBUG] Sending connection request to -1
[2024-05-28 21:55:59,677][TCP][DEBUG] Connecting to my neighbour: -1
[2024-05-28 21:55:59,678][TCP][DEBUG] 10 sent the message to -1.
[2024-05-28 21:55:59,678][TCP][DEBUG] Sent message size: 46
[2024-05-28 21:55:59,679][Node][DEBUG] Waiting HELLO from -1
[2024-05-28 21:55:59,682][Node][DEBUG] Received some message from -1 with CHANNEL: CONNECT
[2024-05-28 21:55:59,682][Node][DEBUG] Received HELLO from -1
[2024-05-28 21:55:59,683][DPSGDNode][INFO] Starting training iteration: 0
[2024-05-28 21:55:59,902][Training][DEBUG] Round: 1 loss: 2.182302951812744
[2024-05-28 21:55:59,920][Training][DEBUG] Round: 2 loss: 2.4543317556381226
[2024-05-28 21:55:59,944][Training][DEBUG] Round: 3 loss: 2.6510818799336753
[2024-05-28 21:55:59,946][DPSGDWithPeerSampler][DEBUG] Requesting neighbors from the peer sampler.
[2024-05-28 21:55:59,946][TCP][DEBUG] 10 sent the message to -1.
[2024-05-28 21:55:59,947][TCP][DEBUG] Sent message size: 79
[2024-05-28 21:56:00,861][Node][DEBUG] Received some message from -1 with CHANNEL: PEERS
[2024-05-28 21:56:00,862][DPSGDWithPeerSampler][DEBUG] Neighbors this round: set()
[2024-05-28 21:56:00,862][DPSGDNode][DEBUG] Connected to all neighbors
[2024-05-28 21:56:00,866][Sharing][DEBUG] Model sending this round: [-0.07355221  0.05291959 -0.03023026 ... -0.0050442   0.00908014
 -0.01330711]
[2024-05-28 21:56:00,867][DPSGDNode][DEBUG] Sent to all neighbors
[2024-05-28 21:56:00,867][DPSGDNode][DEBUG] Received from all
[2024-05-28 21:56:00,867][DPSGDNode][DEBUG] Averaging
[2024-05-28 21:56:00,868][DPSGDNode][DEBUG] Finished averaging
[2024-05-28 21:56:00,868][DPSGDNode][DEBUG] resetting optimizer
[2024-05-28 21:56:00,868][DPSGDNode][DEBUG] Finished resetting optimizer
[2024-05-28 21:56:00,869][DPSGDNode][INFO] Starting training iteration: 1
[2024-05-28 21:56:00,915][Training][DEBUG] Round: 1 loss: 2.1243107318878174
[2024-05-28 21:56:00,949][Training][DEBUG] Round: 2 loss: 2.964701771736145
[2024-05-28 21:56:00,971][Training][DEBUG] Round: 3 loss: 2.9286274909973145
[2024-05-28 21:56:00,971][DPSGDWithPeerSampler][DEBUG] Requesting neighbors from the peer sampler.
[2024-05-28 21:56:00,973][TCP][DEBUG] 10 sent the message to -1.
[2024-05-28 21:56:00,973][TCP][DEBUG] Sent message size: 79
[2024-05-28 21:56:00,989][Node][DEBUG] Received some message from -1 with CHANNEL: PEERS
[2024-05-28 21:56:00,989][DPSGDWithPeerSampler][DEBUG] Neighbors this round: set()
[2024-05-28 21:56:00,989][DPSGDNode][DEBUG] Connected to all neighbors
[2024-05-28 21:56:00,990][Sharing][DEBUG] Model sending this round: [-0.07302003  0.05327401 -0.02977075 ... -0.00496471  0.00491711
 -0.00953572]
[2024-05-28 21:56:00,990][DPSGDNode][DEBUG] Sent to all neighbors
[2024-05-28 21:56:00,991][DPSGDNode][DEBUG] Received from all
[2024-05-28 21:56:00,991][DPSGDNode][DEBUG] Averaging
[2024-05-28 21:56:00,991][DPSGDNode][DEBUG] Finished averaging
[2024-05-28 21:56:00,991][DPSGDNode][DEBUG] resetting optimizer
[2024-05-28 21:56:00,991][DPSGDNode][DEBUG] Finished resetting optimizer
[2024-05-28 21:56:00,992][DPSGDNode][INFO] Starting training iteration: 2
[2024-05-28 21:56:01,025][Training][DEBUG] Round: 1 loss: 2.6985507011413574
[2024-05-28 21:56:01,050][Training][DEBUG] Round: 2 loss: 2.759182572364807
[2024-05-28 21:56:01,078][Training][DEBUG] Round: 3 loss: 2.6162029107411704
[2024-05-28 21:56:01,078][DPSGDWithPeerSampler][DEBUG] Requesting neighbors from the peer sampler.
[2024-05-28 21:56:01,078][TCP][DEBUG] 10 sent the message to -1.
[2024-05-28 21:56:01,078][TCP][DEBUG] Sent message size: 79
[2024-05-28 21:56:01,103][Node][DEBUG] Received some message from -1 with CHANNEL: PEERS
[2024-05-28 21:56:01,103][DPSGDWithPeerSampler][DEBUG] Neighbors this round: {9, 2, 6}
[2024-05-28 21:56:01,103][Node][DEBUG] Sending connection request to 9
[2024-05-28 21:56:01,104][TCP][DEBUG] Connecting to my neighbour: 9
[2024-05-28 21:56:01,106][TCP][DEBUG] 10 sent the message to 9.
[2024-05-28 21:56:01,107][TCP][DEBUG] Sent message size: 46
[2024-05-28 21:56:01,107][Node][DEBUG] Sending connection request to 2
[2024-05-28 21:56:01,107][TCP][DEBUG] Connecting to my neighbour: 2
[2024-05-28 21:56:01,108][TCP][DEBUG] 10 sent the message to 2.
[2024-05-28 21:56:01,108][TCP][DEBUG] Sent message size: 46
[2024-05-28 21:56:01,108][Node][DEBUG] Sending connection request to 6
[2024-05-28 21:56:01,108][TCP][DEBUG] Connecting to my neighbour: 6
[2024-05-28 21:56:01,110][TCP][DEBUG] 10 sent the message to 6.
[2024-05-28 21:56:01,110][TCP][DEBUG] Sent message size: 46
[2024-05-28 21:56:01,110][Node][DEBUG] Waiting HELLO from 9
[2024-05-28 21:56:01,138][Node][DEBUG] Received some message from 2 with CHANNEL: CONNECT
[2024-05-28 21:56:01,138][Node][DEBUG] Received HELLO from 2
[2024-05-28 21:56:01,138][Node][DEBUG] Waiting HELLO from 9
[2024-05-28 21:56:01,144][Node][DEBUG] Received some message from 9 with CHANNEL: CONNECT
[2024-05-28 21:56:01,144][Node][DEBUG] Received HELLO from 9
[2024-05-28 21:56:01,144][Node][DEBUG] Waiting HELLO from 6
[2024-05-28 21:56:01,295][Node][DEBUG] Received some message from 6 with CHANNEL: CONNECT
[2024-05-28 21:56:01,295][Node][DEBUG] Received HELLO from 6
[2024-05-28 21:56:01,295][DPSGDNode][DEBUG] Connected to all neighbors
[2024-05-28 21:56:01,296][Sharing][DEBUG] Model sending this round: [-0.07288079  0.05320361 -0.03002852 ... -0.00572447  0.00805115
 -0.01304649]
[2024-05-28 21:56:01,296][TCP][DEBUG] 10 sent the message to 9.
[2024-05-28 21:56:01,296][TCP][DEBUG] Sent message size: 359554
[2024-05-28 21:56:01,297][TCP][DEBUG] 10 sent the message to 2.
[2024-05-28 21:56:01,297][TCP][DEBUG] Sent message size: 359554
[2024-05-28 21:56:01,298][TCP][DEBUG] 10 sent the message to 6.
[2024-05-28 21:56:01,298][TCP][DEBUG] Sent message size: 359554
[2024-05-28 21:56:01,298][DPSGDNode][DEBUG] Sent to all neighbors
[2024-05-28 21:56:01,299][Node][DEBUG] Received some message from 9 with CHANNEL: DPSGD
[2024-05-28 21:56:01,299][DPSGDNode][DEBUG] Received Model from 9 of iteration 2
[2024-05-28 21:56:01,301][Node][DEBUG] Received some message from 2 with CHANNEL: DPSGD
[2024-05-28 21:56:01,301][DPSGDNode][DEBUG] Received Model from 2 of iteration 2
[2024-05-28 21:56:01,304][Node][DEBUG] Received some message from 6 with CHANNEL: DPSGD
[2024-05-28 21:56:01,304][DPSGDNode][DEBUG] Received Model from 6 of iteration 2
[2024-05-28 21:56:01,304][DPSGDNode][DEBUG] Received from all
[2024-05-28 21:56:01,304][DPSGDNode][DEBUG] Averaging
[2024-05-28 21:56:01,304][Sharing][DEBUG] Averaging model from neighbor 9 of iteration 2
[2024-05-28 21:56:01,304][Sharing][DEBUG] Averaging model from neighbor 2 of iteration 2
[2024-05-28 21:56:01,305][Sharing][DEBUG] Averaging model from neighbor 6 of iteration 2
[2024-05-28 21:56:01,306][DPSGDNode][DEBUG] Finished averaging
[2024-05-28 21:56:01,306][DPSGDNode][DEBUG] resetting optimizer
[2024-05-28 21:56:01,306][DPSGDNode][DEBUG] Finished resetting optimizer
[2024-05-28 21:56:01,306][DPSGDNode][INFO] Starting training iteration: 3
[2024-05-28 21:56:01,337][Training][DEBUG] Round: 1 loss: 2.3298590183258057
[2024-05-28 21:56:01,371][Training][DEBUG] Round: 2 loss: 2.4745237827301025
[2024-05-28 21:56:01,399][Training][DEBUG] Round: 3 loss: 2.468924363454183
[2024-05-28 21:56:01,400][DPSGDWithPeerSampler][DEBUG] Requesting neighbors from the peer sampler.
[2024-05-28 21:56:01,400][TCP][DEBUG] 10 sent the message to -1.
[2024-05-28 21:56:01,400][TCP][DEBUG] Sent message size: 79
[2024-05-28 21:56:01,400][Node][DEBUG] Received some message from 3 with CHANNEL: CONNECT
[2024-05-28 21:56:01,409][Node][DEBUG] Received some message from -1 with CHANNEL: PEERS
[2024-05-28 21:56:01,409][DPSGDWithPeerSampler][DEBUG] Neighbors this round: {3}
[2024-05-28 21:56:01,409][Node][DEBUG] Sending connection request to 3
[2024-05-28 21:56:01,409][TCP][DEBUG] Connecting to my neighbour: 3
[2024-05-28 21:56:01,409][TCP][DEBUG] 10 sent the message to 3.
[2024-05-28 21:56:01,409][TCP][DEBUG] Sent message size: 46
[2024-05-28 21:56:01,409][Node][DEBUG] Waiting HELLO from 3
[2024-05-28 21:56:01,409][Node][DEBUG] Received HELLO from 3
[2024-05-28 21:56:01,409][DPSGDNode][DEBUG] Connected to all neighbors
[2024-05-28 21:56:01,410][Sharing][DEBUG] Model sending this round: [-0.07285414  0.05286965 -0.03130721 ... -0.0066698   0.00611523
 -0.01011835]
[2024-05-28 21:56:01,410][TCP][DEBUG] 10 sent the message to 3.
[2024-05-28 21:56:01,410][TCP][DEBUG] Sent message size: 359554
[2024-05-28 21:56:01,410][DPSGDNode][DEBUG] Sent to all neighbors
[2024-05-28 21:56:01,541][Node][DEBUG] Received some message from 3 with CHANNEL: DPSGD
[2024-05-28 21:56:01,541][DPSGDNode][DEBUG] Received Model from 3 of iteration 3
[2024-05-28 21:56:01,541][DPSGDNode][DEBUG] Received from all
[2024-05-28 21:56:01,541][DPSGDNode][DEBUG] Averaging
[2024-05-28 21:56:01,541][Sharing][DEBUG] Averaging model from neighbor 3 of iteration 3
[2024-05-28 21:56:01,543][DPSGDNode][DEBUG] Finished averaging
[2024-05-28 21:56:01,543][DPSGDNode][DEBUG] resetting optimizer
[2024-05-28 21:56:01,543][DPSGDNode][DEBUG] Finished resetting optimizer
[2024-05-28 21:56:01,544][DPSGDNode][INFO] Starting training iteration: 4
[2024-05-28 21:56:01,574][Training][DEBUG] Round: 1 loss: 2.4430274963378906
[2024-05-28 21:56:01,596][Training][DEBUG] Round: 2 loss: 2.6009531021118164
[2024-05-28 21:56:01,617][Training][DEBUG] Round: 3 loss: 2.5640320777893066
[2024-05-28 21:56:01,618][DPSGDWithPeerSampler][DEBUG] Requesting neighbors from the peer sampler.
[2024-05-28 21:56:01,618][TCP][DEBUG] 10 sent the message to -1.
[2024-05-28 21:56:01,618][TCP][DEBUG] Sent message size: 79
[2024-05-28 21:56:01,640][Node][DEBUG] Received some message from -1 with CHANNEL: PEERS
[2024-05-28 21:56:01,640][DPSGDWithPeerSampler][DEBUG] Neighbors this round: set()
[2024-05-28 21:56:01,640][DPSGDNode][DEBUG] Connected to all neighbors
[2024-05-28 21:56:01,641][Sharing][DEBUG] Model sending this round: [-0.07303262  0.05276502 -0.03150138 ... -0.00550412  0.00807267
 -0.01162389]
[2024-05-28 21:56:01,641][DPSGDNode][DEBUG] Sent to all neighbors
[2024-05-28 21:56:01,641][DPSGDNode][DEBUG] Received from all
[2024-05-28 21:56:01,641][DPSGDNode][DEBUG] Averaging
[2024-05-28 21:56:01,641][DPSGDNode][DEBUG] Finished averaging
[2024-05-28 21:56:01,641][DPSGDNode][DEBUG] resetting optimizer
[2024-05-28 21:56:01,641][DPSGDNode][DEBUG] Finished resetting optimizer
[2024-05-28 21:56:01,641][DPSGDNode][INFO] Starting training iteration: 5
[2024-05-28 21:56:01,667][Training][DEBUG] Round: 1 loss: 2.5494027137756348
[2024-05-28 21:56:01,687][Training][DEBUG] Round: 2 loss: 2.4718658924102783
[2024-05-28 21:56:01,716][Training][DEBUG] Round: 3 loss: 2.3366292317708335
[2024-05-28 21:56:01,716][DPSGDWithPeerSampler][DEBUG] Requesting neighbors from the peer sampler.
[2024-05-28 21:56:01,718][TCP][DEBUG] 10 sent the message to -1.
[2024-05-28 21:56:01,718][TCP][DEBUG] Sent message size: 79
[2024-05-28 21:56:01,729][Node][DEBUG] Received some message from -1 with CHANNEL: PEERS
[2024-05-28 21:56:01,729][DPSGDWithPeerSampler][DEBUG] Neighbors this round: {9, 2, 3}
[2024-05-28 21:56:01,729][DPSGDNode][DEBUG] Connected to all neighbors
[2024-05-28 21:56:01,730][Sharing][DEBUG] Model sending this round: [-0.0730946   0.05259245 -0.03159628 ... -0.00442376  0.00762058
 -0.01359214]
[2024-05-28 21:56:01,732][TCP][DEBUG] 10 sent the message to 9.
[2024-05-28 21:56:01,732][TCP][DEBUG] Sent message size: 359554
[2024-05-28 21:56:01,732][TCP][DEBUG] 10 sent the message to 2.
[2024-05-28 21:56:01,732][TCP][DEBUG] Sent message size: 359554
[2024-05-28 21:56:01,733][TCP][DEBUG] 10 sent the message to 3.
[2024-05-28 21:56:01,733][TCP][DEBUG] Sent message size: 359554
[2024-05-28 21:56:01,733][DPSGDNode][DEBUG] Sent to all neighbors
[2024-05-28 21:56:01,754][Node][DEBUG] Received some message from 2 with CHANNEL: DPSGD
[2024-05-28 21:56:01,754][DPSGDNode][DEBUG] Received Model from 2 of iteration 5
[2024-05-28 21:56:01,782][Node][DEBUG] Received some message from 9 with CHANNEL: DPSGD
[2024-05-28 21:56:01,783][DPSGDNode][DEBUG] Received Model from 9 of iteration 5
[2024-05-28 21:56:01,784][Node][DEBUG] Received some message from 3 with CHANNEL: DPSGD
[2024-05-28 21:56:01,784][DPSGDNode][DEBUG] Received Model from 3 of iteration 5
[2024-05-28 21:56:01,784][DPSGDNode][DEBUG] Received from all
[2024-05-28 21:56:01,784][DPSGDNode][DEBUG] Averaging
[2024-05-28 21:56:01,784][Sharing][DEBUG] Averaging model from neighbor 9 of iteration 5
[2024-05-28 21:56:01,784][Sharing][DEBUG] Averaging model from neighbor 2 of iteration 5
[2024-05-28 21:56:01,785][Sharing][DEBUG] Averaging model from neighbor 3 of iteration 5
[2024-05-28 21:56:01,785][DPSGDNode][DEBUG] Finished averaging
[2024-05-28 21:56:01,785][DPSGDNode][DEBUG] resetting optimizer
[2024-05-28 21:56:01,785][DPSGDNode][DEBUG] Finished resetting optimizer
[2024-05-28 21:56:01,786][DPSGDNode][INFO] Starting training iteration: 6
[2024-05-28 21:56:01,806][Training][DEBUG] Round: 1 loss: 2.2065517902374268
[2024-05-28 21:56:01,839][Training][DEBUG] Round: 2 loss: 2.2880059480667114
[2024-05-28 21:56:01,869][Training][DEBUG] Round: 3 loss: 2.329005161921183
[2024-05-28 21:56:01,869][DPSGDWithPeerSampler][DEBUG] Requesting neighbors from the peer sampler.
[2024-05-28 21:56:01,870][TCP][DEBUG] 10 sent the message to -1.
[2024-05-28 21:56:01,870][TCP][DEBUG] Sent message size: 79
[2024-05-28 21:56:01,879][Node][DEBUG] Received some message from -1 with CHANNEL: PEERS
[2024-05-28 21:56:01,880][DPSGDWithPeerSampler][DEBUG] Neighbors this round: {1, 4}
[2024-05-28 21:56:01,880][Node][DEBUG] Sending connection request to 1
[2024-05-28 21:56:01,880][TCP][DEBUG] Connecting to my neighbour: 1
[2024-05-28 21:56:01,880][TCP][DEBUG] 10 sent the message to 1.
[2024-05-28 21:56:01,880][TCP][DEBUG] Sent message size: 46
[2024-05-28 21:56:01,880][Node][DEBUG] Sending connection request to 4
[2024-05-28 21:56:01,880][TCP][DEBUG] Connecting to my neighbour: 4
[2024-05-28 21:56:01,880][TCP][DEBUG] 10 sent the message to 4.
[2024-05-28 21:56:01,880][TCP][DEBUG] Sent message size: 46
[2024-05-28 21:56:01,881][Node][DEBUG] Waiting HELLO from 1
[2024-05-28 21:56:01,989][Node][DEBUG] Received some message from 1 with CHANNEL: CONNECT
[2024-05-28 21:56:01,991][Node][DEBUG] Received HELLO from 1
[2024-05-28 21:56:01,991][Node][DEBUG] Waiting HELLO from 4
[2024-05-28 21:56:01,991][Node][DEBUG] Received some message from 1 with CHANNEL: DPSGD
[2024-05-28 21:56:02,008][Node][DEBUG] Received some message from 4 with CHANNEL: CONNECT
[2024-05-28 21:56:02,008][Node][DEBUG] Received HELLO from 4
[2024-05-28 21:56:02,008][DPSGDNode][DEBUG] Connected to all neighbors
[2024-05-28 21:56:02,009][Sharing][DEBUG] Model sending this round: [-0.07330377  0.05264425 -0.03130371 ... -0.00681254  0.00622738
 -0.01103578]
[2024-05-28 21:56:02,009][TCP][DEBUG] 10 sent the message to 1.
[2024-05-28 21:56:02,009][TCP][DEBUG] Sent message size: 359554
[2024-05-28 21:56:02,010][TCP][DEBUG] 10 sent the message to 4.
[2024-05-28 21:56:02,010][TCP][DEBUG] Sent message size: 359554
[2024-05-28 21:56:02,010][DPSGDNode][DEBUG] Sent to all neighbors
[2024-05-28 21:56:02,010][DPSGDNode][DEBUG] Received Model from 1 of iteration 6
