[2024-05-28 21:55:56,491][DPSGDNode][DEBUG] Rank: 2
[2024-05-28 21:55:56,496][DPSGDNode][DEBUG] type(graph): <class 'int'>
[2024-05-28 21:55:56,497][DPSGDNode][DEBUG] type(mapping): <class 'decentralizepy.mappings.Linear.Linear'>
[2024-05-28 21:55:57,523][CIFAR10][INFO] Loading training set.
[2024-05-28 21:55:58,629][CIFAR10][DEBUG] Size fractions: [0.08332, 0.08332, 0.08332, 0.08332, 0.08332, 0.08332, 0.08332, 0.08332, 0.08332, 0.08332, 0.08332, 0.08347999999999994]
[2024-05-28 21:55:58,655][CIFAR10][INFO] Loading testing set.
[2024-05-28 21:55:59,606][CIFAR10][INFO] Extracting the validation set from the test set.
[2024-05-28 21:55:59,613][Node][INFO] Dataset instantiation complete.
[2024-05-28 21:55:59,693][Node][DEBUG] Sending connection request to 9
[2024-05-28 21:55:59,693][TCP][DEBUG] Connecting to my neighbour: 9
[2024-05-28 21:55:59,694][TCP][DEBUG] 2 sent the message to 9.
[2024-05-28 21:55:59,694][TCP][DEBUG] Sent message size: 46
[2024-05-28 21:55:59,694][Node][DEBUG] Waiting HELLO from 9
[2024-05-28 21:55:59,787][Node][DEBUG] Received some message from -1 with CHANNEL: CONNECT
[2024-05-28 21:55:59,787][Node][DEBUG] Received HELLO from -1
[2024-05-28 21:55:59,787][Node][DEBUG] Waiting HELLO from 9
[2024-05-28 21:55:59,852][Node][DEBUG] Received some message from 9 with CHANNEL: CONNECT
[2024-05-28 21:55:59,853][Node][DEBUG] Received HELLO from 9
[2024-05-28 21:55:59,853][DPSGDWithPeerSampler][INFO] Each proc uses 1 threads out of 10.
[2024-05-28 21:55:59,853][Node][DEBUG] Sending connection request to -1
[2024-05-28 21:55:59,853][TCP][DEBUG] Connecting to my neighbour: -1
[2024-05-28 21:55:59,856][TCP][DEBUG] 2 sent the message to -1.
[2024-05-28 21:55:59,857][TCP][DEBUG] Sent message size: 46
[2024-05-28 21:55:59,859][DPSGDNode][INFO] Starting training iteration: 0
[2024-05-28 21:55:59,947][Training][DEBUG] Round: 1 loss: 2.3638949394226074
[2024-05-28 21:55:59,964][Training][DEBUG] Round: 2 loss: 2.421653151512146
[2024-05-28 21:55:59,986][Training][DEBUG] Round: 3 loss: 2.3550988833109536
[2024-05-28 21:55:59,986][DPSGDWithPeerSampler][DEBUG] Requesting neighbors from the peer sampler.
[2024-05-28 21:55:59,987][TCP][DEBUG] 2 sent the message to -1.
[2024-05-28 21:55:59,987][TCP][DEBUG] Sent message size: 79
[2024-05-28 21:56:00,862][Node][DEBUG] Received some message from -1 with CHANNEL: PEERS
[2024-05-28 21:56:00,864][DPSGDWithPeerSampler][DEBUG] Neighbors this round: {9}
[2024-05-28 21:56:00,867][DPSGDNode][DEBUG] Connected to all neighbors
[2024-05-28 21:56:00,870][Sharing][DEBUG] Model sending this round: [-0.07312412  0.05301122 -0.03073438 ... -0.00617136  0.00810183
 -0.01224005]
[2024-05-28 21:56:00,872][TCP][DEBUG] 2 sent the message to 9.
[2024-05-28 21:56:00,872][TCP][DEBUG] Sent message size: 359554
[2024-05-28 21:56:00,872][DPSGDNode][DEBUG] Sent to all neighbors
[2024-05-28 21:56:00,877][Node][DEBUG] Received some message from 9 with CHANNEL: DPSGD
[2024-05-28 21:56:00,877][DPSGDNode][DEBUG] Received Model from 9 of iteration 0
[2024-05-28 21:56:00,877][DPSGDNode][DEBUG] Received from all
[2024-05-28 21:56:00,877][DPSGDNode][DEBUG] Averaging
[2024-05-28 21:56:00,877][Sharing][DEBUG] Averaging model from neighbor 9 of iteration 0
[2024-05-28 21:56:00,883][DPSGDNode][DEBUG] Finished averaging
[2024-05-28 21:56:00,883][DPSGDNode][DEBUG] resetting optimizer
[2024-05-28 21:56:00,883][DPSGDNode][DEBUG] Finished resetting optimizer
[2024-05-28 21:56:00,884][DPSGDNode][INFO] Starting training iteration: 1
[2024-05-28 21:56:00,921][Training][DEBUG] Round: 1 loss: 2.263472557067871
[2024-05-28 21:56:00,953][Training][DEBUG] Round: 2 loss: 2.5254507064819336
[2024-05-28 21:56:00,980][Training][DEBUG] Round: 3 loss: 2.6609107653299966
[2024-05-28 21:56:00,980][DPSGDWithPeerSampler][DEBUG] Requesting neighbors from the peer sampler.
[2024-05-28 21:56:00,980][TCP][DEBUG] 2 sent the message to -1.
[2024-05-28 21:56:00,980][TCP][DEBUG] Sent message size: 79
[2024-05-28 21:56:01,007][Node][DEBUG] Received some message from -1 with CHANNEL: PEERS
[2024-05-28 21:56:01,007][DPSGDWithPeerSampler][DEBUG] Neighbors this round: {9}
[2024-05-28 21:56:01,007][DPSGDNode][DEBUG] Connected to all neighbors
[2024-05-28 21:56:01,015][Sharing][DEBUG] Model sending this round: [-0.07326148  0.05288335 -0.03060116 ... -0.00654793  0.00627844
 -0.00934923]
[2024-05-28 21:56:01,016][TCP][DEBUG] 2 sent the message to 9.
[2024-05-28 21:56:01,016][TCP][DEBUG] Sent message size: 359554
[2024-05-28 21:56:01,017][DPSGDNode][DEBUG] Sent to all neighbors
[2024-05-28 21:56:01,032][Node][DEBUG] Received some message from 9 with CHANNEL: DPSGD
[2024-05-28 21:56:01,032][DPSGDNode][DEBUG] Received Model from 9 of iteration 1
[2024-05-28 21:56:01,032][DPSGDNode][DEBUG] Received from all
[2024-05-28 21:56:01,032][DPSGDNode][DEBUG] Averaging
[2024-05-28 21:56:01,032][Sharing][DEBUG] Averaging model from neighbor 9 of iteration 1
[2024-05-28 21:56:01,033][DPSGDNode][DEBUG] Finished averaging
[2024-05-28 21:56:01,033][DPSGDNode][DEBUG] resetting optimizer
[2024-05-28 21:56:01,033][DPSGDNode][DEBUG] Finished resetting optimizer
[2024-05-28 21:56:01,033][DPSGDNode][INFO] Starting training iteration: 2
[2024-05-28 21:56:01,060][Training][DEBUG] Round: 1 loss: 2.809934377670288
[2024-05-28 21:56:01,085][Training][DEBUG] Round: 2 loss: 2.583612322807312
[2024-05-28 21:56:01,106][Training][DEBUG] Round: 3 loss: 2.812741200129191
[2024-05-28 21:56:01,107][DPSGDWithPeerSampler][DEBUG] Requesting neighbors from the peer sampler.
[2024-05-28 21:56:01,107][TCP][DEBUG] 2 sent the message to -1.
[2024-05-28 21:56:01,107][TCP][DEBUG] Sent message size: 79
[2024-05-28 21:56:01,116][Node][DEBUG] Received some message from 10 with CHANNEL: CONNECT
[2024-05-28 21:56:01,130][Node][DEBUG] Received some message from -1 with CHANNEL: PEERS
[2024-05-28 21:56:01,130][DPSGDWithPeerSampler][DEBUG] Neighbors this round: {9, 10, 6}
[2024-05-28 21:56:01,130][Node][DEBUG] Sending connection request to 10
[2024-05-28 21:56:01,131][TCP][DEBUG] Connecting to my neighbour: 10
[2024-05-28 21:56:01,132][TCP][DEBUG] 2 sent the message to 10.
[2024-05-28 21:56:01,132][TCP][DEBUG] Sent message size: 46
[2024-05-28 21:56:01,132][Node][DEBUG] Sending connection request to 6
[2024-05-28 21:56:01,132][TCP][DEBUG] Connecting to my neighbour: 6
[2024-05-28 21:56:01,136][TCP][DEBUG] 2 sent the message to 6.
[2024-05-28 21:56:01,136][TCP][DEBUG] Sent message size: 46
[2024-05-28 21:56:01,136][Node][DEBUG] Waiting HELLO from 10
[2024-05-28 21:56:01,136][Node][DEBUG] Received HELLO from 10
[2024-05-28 21:56:01,136][Node][DEBUG] Waiting HELLO from 6
[2024-05-28 21:56:01,294][Node][DEBUG] Received some message from 6 with CHANNEL: CONNECT
[2024-05-28 21:56:01,295][Node][DEBUG] Received HELLO from 6
[2024-05-28 21:56:01,295][DPSGDNode][DEBUG] Connected to all neighbors
[2024-05-28 21:56:01,297][Sharing][DEBUG] Model sending this round: [-0.07395478  0.05200215 -0.03184329 ... -0.0087218   0.00768614
 -0.01042773]
[2024-05-28 21:56:01,298][TCP][DEBUG] 2 sent the message to 9.
[2024-05-28 21:56:01,298][TCP][DEBUG] Sent message size: 359554
[2024-05-28 21:56:01,298][TCP][DEBUG] 2 sent the message to 10.
[2024-05-28 21:56:01,298][TCP][DEBUG] Sent message size: 359554
[2024-05-28 21:56:01,299][TCP][DEBUG] 2 sent the message to 6.
[2024-05-28 21:56:01,299][TCP][DEBUG] Sent message size: 359554
[2024-05-28 21:56:01,299][DPSGDNode][DEBUG] Sent to all neighbors
[2024-05-28 21:56:01,299][Node][DEBUG] Received some message from 9 with CHANNEL: DPSGD
[2024-05-28 21:56:01,299][DPSGDNode][DEBUG] Received Model from 9 of iteration 2
[2024-05-28 21:56:01,300][Node][DEBUG] Received some message from 10 with CHANNEL: DPSGD
[2024-05-28 21:56:01,300][DPSGDNode][DEBUG] Received Model from 10 of iteration 2
[2024-05-28 21:56:01,302][Node][DEBUG] Received some message from 6 with CHANNEL: DPSGD
[2024-05-28 21:56:01,302][DPSGDNode][DEBUG] Received Model from 6 of iteration 2
[2024-05-28 21:56:01,302][DPSGDNode][DEBUG] Received from all
[2024-05-28 21:56:01,302][DPSGDNode][DEBUG] Averaging
[2024-05-28 21:56:01,302][Sharing][DEBUG] Averaging model from neighbor 9 of iteration 2
[2024-05-28 21:56:01,302][Sharing][DEBUG] Averaging model from neighbor 10 of iteration 2
[2024-05-28 21:56:01,303][Sharing][DEBUG] Averaging model from neighbor 6 of iteration 2
[2024-05-28 21:56:01,304][DPSGDNode][DEBUG] Finished averaging
[2024-05-28 21:56:01,305][DPSGDNode][DEBUG] resetting optimizer
[2024-05-28 21:56:01,305][DPSGDNode][DEBUG] Finished resetting optimizer
[2024-05-28 21:56:01,306][DPSGDNode][INFO] Starting training iteration: 3
[2024-05-28 21:56:01,336][Training][DEBUG] Round: 1 loss: 2.4826862812042236
[2024-05-28 21:56:01,363][Training][DEBUG] Round: 2 loss: 2.3302947282791138
[2024-05-28 21:56:01,394][Training][DEBUG] Round: 3 loss: 2.4252214431762695
[2024-05-28 21:56:01,394][DPSGDWithPeerSampler][DEBUG] Requesting neighbors from the peer sampler.
[2024-05-28 21:56:01,395][TCP][DEBUG] 2 sent the message to -1.
[2024-05-28 21:56:01,396][TCP][DEBUG] Sent message size: 79
[2024-05-28 21:56:01,406][Node][DEBUG] Received some message from 9 with CHANNEL: DPSGD
[2024-05-28 21:56:01,406][Node][DEBUG] Received some message from -1 with CHANNEL: PEERS
[2024-05-28 21:56:01,406][DPSGDWithPeerSampler][DEBUG] Neighbors this round: {9, 6}
[2024-05-28 21:56:01,406][DPSGDNode][DEBUG] Connected to all neighbors
[2024-05-28 21:56:01,406][Sharing][DEBUG] Model sending this round: [-0.07336739  0.05270699 -0.03115593 ... -0.00672429  0.00624442
 -0.01163594]
[2024-05-28 21:56:01,407][TCP][DEBUG] 2 sent the message to 9.
[2024-05-28 21:56:01,407][TCP][DEBUG] Sent message size: 359554
[2024-05-28 21:56:01,407][TCP][DEBUG] 2 sent the message to 6.
[2024-05-28 21:56:01,407][TCP][DEBUG] Sent message size: 359554
[2024-05-28 21:56:01,407][DPSGDNode][DEBUG] Sent to all neighbors
[2024-05-28 21:56:01,407][DPSGDNode][DEBUG] Received Model from 9 of iteration 3
[2024-05-28 21:56:01,505][Node][DEBUG] Received some message from 6 with CHANNEL: DPSGD
[2024-05-28 21:56:01,505][DPSGDNode][DEBUG] Received Model from 6 of iteration 3
[2024-05-28 21:56:01,506][DPSGDNode][DEBUG] Received from all
[2024-05-28 21:56:01,506][DPSGDNode][DEBUG] Averaging
[2024-05-28 21:56:01,506][Sharing][DEBUG] Averaging model from neighbor 9 of iteration 3
[2024-05-28 21:56:01,507][Sharing][DEBUG] Averaging model from neighbor 6 of iteration 3
[2024-05-28 21:56:01,507][DPSGDNode][DEBUG] Finished averaging
[2024-05-28 21:56:01,507][DPSGDNode][DEBUG] resetting optimizer
[2024-05-28 21:56:01,507][DPSGDNode][DEBUG] Finished resetting optimizer
[2024-05-28 21:56:01,508][DPSGDNode][INFO] Starting training iteration: 4
[2024-05-28 21:56:01,528][Training][DEBUG] Round: 1 loss: 2.310725212097168
[2024-05-28 21:56:01,555][Training][DEBUG] Round: 2 loss: 2.2705615758895874
[2024-05-28 21:56:01,579][Training][DEBUG] Round: 3 loss: 2.390219767888387
[2024-05-28 21:56:01,579][DPSGDWithPeerSampler][DEBUG] Requesting neighbors from the peer sampler.
[2024-05-28 21:56:01,581][TCP][DEBUG] 2 sent the message to -1.
[2024-05-28 21:56:01,581][TCP][DEBUG] Sent message size: 79
[2024-05-28 21:56:01,616][Node][DEBUG] Received some message from -1 with CHANNEL: PEERS
[2024-05-28 21:56:01,616][DPSGDWithPeerSampler][DEBUG] Neighbors this round: {9, 3, 6}
[2024-05-28 21:56:01,616][Node][DEBUG] Sending connection request to 3
[2024-05-28 21:56:01,616][TCP][DEBUG] Connecting to my neighbour: 3
[2024-05-28 21:56:01,617][TCP][DEBUG] 2 sent the message to 3.
[2024-05-28 21:56:01,617][TCP][DEBUG] Sent message size: 46
[2024-05-28 21:56:01,618][Node][DEBUG] Waiting HELLO from 3
[2024-05-28 21:56:01,625][Node][DEBUG] Received some message from 9 with CHANNEL: DPSGD
[2024-05-28 21:56:01,640][Node][DEBUG] Received some message from 6 with CHANNEL: DPSGD
[2024-05-28 21:56:01,654][Node][DEBUG] Received some message from 3 with CHANNEL: CONNECT
[2024-05-28 21:56:01,655][Node][DEBUG] Received HELLO from 3
[2024-05-28 21:56:01,655][DPSGDNode][DEBUG] Connected to all neighbors
[2024-05-28 21:56:01,655][Sharing][DEBUG] Model sending this round: [-0.07318675  0.05305775 -0.03045688 ... -0.00458506  0.0092266
 -0.0128874 ]
[2024-05-28 21:56:01,656][TCP][DEBUG] 2 sent the message to 9.
[2024-05-28 21:56:01,656][TCP][DEBUG] Sent message size: 359554
[2024-05-28 21:56:01,658][TCP][DEBUG] 2 sent the message to 3.
[2024-05-28 21:56:01,658][TCP][DEBUG] Sent message size: 359554
[2024-05-28 21:56:01,659][TCP][DEBUG] 2 sent the message to 6.
[2024-05-28 21:56:01,659][TCP][DEBUG] Sent message size: 359554
[2024-05-28 21:56:01,659][DPSGDNode][DEBUG] Sent to all neighbors
[2024-05-28 21:56:01,659][DPSGDNode][DEBUG] Received Model from 9 of iteration 4
[2024-05-28 21:56:01,659][DPSGDNode][DEBUG] Received Model from 6 of iteration 4
[2024-05-28 21:56:01,659][Node][DEBUG] Received some message from 3 with CHANNEL: DPSGD
[2024-05-28 21:56:01,659][DPSGDNode][DEBUG] Received Model from 3 of iteration 4
[2024-05-28 21:56:01,660][DPSGDNode][DEBUG] Received from all
[2024-05-28 21:56:01,660][DPSGDNode][DEBUG] Averaging
[2024-05-28 21:56:01,660][Sharing][DEBUG] Averaging model from neighbor 9 of iteration 4
[2024-05-28 21:56:01,662][Sharing][DEBUG] Averaging model from neighbor 3 of iteration 4
[2024-05-28 21:56:01,664][Sharing][DEBUG] Averaging model from neighbor 6 of iteration 4
[2024-05-28 21:56:01,666][DPSGDNode][DEBUG] Finished averaging
[2024-05-28 21:56:01,666][DPSGDNode][DEBUG] resetting optimizer
[2024-05-28 21:56:01,666][DPSGDNode][DEBUG] Finished resetting optimizer
[2024-05-28 21:56:01,667][DPSGDNode][INFO] Starting training iteration: 5
[2024-05-28 21:56:01,693][Training][DEBUG] Round: 1 loss: 2.1434881687164307
[2024-05-28 21:56:01,717][Training][DEBUG] Round: 2 loss: 2.0760117769241333
[2024-05-28 21:56:01,740][Training][DEBUG] Round: 3 loss: 2.1738599936167398
[2024-05-28 21:56:01,740][DPSGDWithPeerSampler][DEBUG] Requesting neighbors from the peer sampler.
[2024-05-28 21:56:01,740][TCP][DEBUG] 2 sent the message to -1.
[2024-05-28 21:56:01,740][TCP][DEBUG] Sent message size: 79
[2024-05-28 21:56:01,741][Node][DEBUG] Received some message from 10 with CHANNEL: DPSGD
[2024-05-28 21:56:01,749][Node][DEBUG] Received some message from -1 with CHANNEL: PEERS
[2024-05-28 21:56:01,750][DPSGDWithPeerSampler][DEBUG] Neighbors this round: {9, 10, 3, 6}
[2024-05-28 21:56:01,750][DPSGDNode][DEBUG] Connected to all neighbors
[2024-05-28 21:56:01,751][Sharing][DEBUG] Model sending this round: [-0.07297561  0.0529342  -0.03118594 ... -0.00438541  0.00747669
 -0.011986  ]
[2024-05-28 21:56:01,751][TCP][DEBUG] 2 sent the message to 9.
[2024-05-28 21:56:01,751][TCP][DEBUG] Sent message size: 359554
[2024-05-28 21:56:01,752][TCP][DEBUG] 2 sent the message to 10.
[2024-05-28 21:56:01,752][TCP][DEBUG] Sent message size: 359554
[2024-05-28 21:56:01,753][TCP][DEBUG] 2 sent the message to 3.
[2024-05-28 21:56:01,753][TCP][DEBUG] Sent message size: 359554
[2024-05-28 21:56:01,753][TCP][DEBUG] 2 sent the message to 6.
[2024-05-28 21:56:01,753][TCP][DEBUG] Sent message size: 359554
[2024-05-28 21:56:01,754][DPSGDNode][DEBUG] Sent to all neighbors
[2024-05-28 21:56:01,754][DPSGDNode][DEBUG] Received Model from 10 of iteration 5
[2024-05-28 21:56:01,765][Node][DEBUG] Received some message from 5 with CHANNEL: CONNECT
[2024-05-28 21:56:01,784][Node][DEBUG] Received some message from 3 with CHANNEL: DPSGD
[2024-05-28 21:56:01,784][DPSGDNode][DEBUG] Received Model from 3 of iteration 5
[2024-05-28 21:56:01,784][Node][DEBUG] Received some message from 9 with CHANNEL: DPSGD
[2024-05-28 21:56:01,784][DPSGDNode][DEBUG] Received Model from 9 of iteration 5
[2024-05-28 21:56:01,790][Node][DEBUG] Received some message from 6 with CHANNEL: DPSGD
[2024-05-28 21:56:01,790][DPSGDNode][DEBUG] Received Model from 6 of iteration 5
[2024-05-28 21:56:01,790][DPSGDNode][DEBUG] Received from all
[2024-05-28 21:56:01,790][DPSGDNode][DEBUG] Averaging
[2024-05-28 21:56:01,790][Sharing][DEBUG] Averaging model from neighbor 9 of iteration 5
[2024-05-28 21:56:01,790][Sharing][DEBUG] Averaging model from neighbor 10 of iteration 5
[2024-05-28 21:56:01,792][Sharing][DEBUG] Averaging model from neighbor 3 of iteration 5
[2024-05-28 21:56:01,792][Sharing][DEBUG] Averaging model from neighbor 6 of iteration 5
[2024-05-28 21:56:01,794][DPSGDNode][DEBUG] Finished averaging
[2024-05-28 21:56:01,794][DPSGDNode][DEBUG] resetting optimizer
[2024-05-28 21:56:01,794][DPSGDNode][DEBUG] Finished resetting optimizer
[2024-05-28 21:56:01,794][DPSGDNode][INFO] Starting training iteration: 6
[2024-05-28 21:56:01,817][Training][DEBUG] Round: 1 loss: 2.0776660442352295
[2024-05-28 21:56:01,839][Training][DEBUG] Round: 2 loss: 2.2119728326797485
[2024-05-28 21:56:01,864][Training][DEBUG] Round: 3 loss: 2.320213238398234
[2024-05-28 21:56:01,865][DPSGDWithPeerSampler][DEBUG] Requesting neighbors from the peer sampler.
[2024-05-28 21:56:01,865][TCP][DEBUG] 2 sent the message to -1.
[2024-05-28 21:56:01,865][TCP][DEBUG] Sent message size: 79
[2024-05-28 21:56:01,876][Node][DEBUG] Received some message from 9 with CHANNEL: DPSGD
[2024-05-28 21:56:01,876][Node][DEBUG] Received some message from -1 with CHANNEL: PEERS
[2024-05-28 21:56:01,876][DPSGDWithPeerSampler][DEBUG] Neighbors this round: {9, 5}
[2024-05-28 21:56:01,877][Node][DEBUG] Sending connection request to 5
[2024-05-28 21:56:01,877][TCP][DEBUG] Connecting to my neighbour: 5
[2024-05-28 21:56:01,878][TCP][DEBUG] 2 sent the message to 5.
[2024-05-28 21:56:01,878][TCP][DEBUG] Sent message size: 46
[2024-05-28 21:56:01,878][Node][DEBUG] Waiting HELLO from 5
[2024-05-28 21:56:01,878][Node][DEBUG] Received HELLO from 5
[2024-05-28 21:56:01,878][DPSGDNode][DEBUG] Connected to all neighbors
[2024-05-28 21:56:01,878][Sharing][DEBUG] Model sending this round: [-0.07324497  0.05287296 -0.0308874  ... -0.00485305  0.00663162
 -0.01169492]
[2024-05-28 21:56:01,879][TCP][DEBUG] 2 sent the message to 9.
[2024-05-28 21:56:01,879][TCP][DEBUG] Sent message size: 359554
[2024-05-28 21:56:01,879][TCP][DEBUG] 2 sent the message to 5.
[2024-05-28 21:56:01,879][TCP][DEBUG] Sent message size: 359554
[2024-05-28 21:56:01,879][DPSGDNode][DEBUG] Sent to all neighbors
[2024-05-28 21:56:01,879][DPSGDNode][DEBUG] Received Model from 9 of iteration 6
[2024-05-28 21:56:01,884][Node][DEBUG] Received some message from 5 with CHANNEL: DPSGD
[2024-05-28 21:56:01,884][DPSGDNode][DEBUG] Received Model from 5 of iteration 6
[2024-05-28 21:56:01,884][DPSGDNode][DEBUG] Received from all
[2024-05-28 21:56:01,884][DPSGDNode][DEBUG] Averaging
[2024-05-28 21:56:01,884][Sharing][DEBUG] Averaging model from neighbor 9 of iteration 6
[2024-05-28 21:56:01,886][Sharing][DEBUG] Averaging model from neighbor 5 of iteration 6
[2024-05-28 21:56:01,887][DPSGDNode][DEBUG] Finished averaging
[2024-05-28 21:56:01,887][DPSGDNode][DEBUG] resetting optimizer
[2024-05-28 21:56:01,887][DPSGDNode][DEBUG] Finished resetting optimizer
[2024-05-28 21:56:01,887][DPSGDNode][INFO] Starting training iteration: 7
[2024-05-28 21:56:01,913][Training][DEBUG] Round: 1 loss: 2.0892629623413086
[2024-05-28 21:56:01,941][Training][DEBUG] Round: 2 loss: 2.224467635154724
[2024-05-28 21:56:01,959][Training][DEBUG] Round: 3 loss: 2.1219801108042398
[2024-05-28 21:56:01,959][DPSGDWithPeerSampler][DEBUG] Requesting neighbors from the peer sampler.
[2024-05-28 21:56:01,960][TCP][DEBUG] 2 sent the message to -1.
[2024-05-28 21:56:01,960][TCP][DEBUG] Sent message size: 79
[2024-05-28 21:56:01,960][Node][DEBUG] Received some message from 9 with CHANNEL: DPSGD
[2024-05-28 21:56:01,967][Node][DEBUG] Received some message from -1 with CHANNEL: PEERS
[2024-05-28 21:56:01,967][DPSGDWithPeerSampler][DEBUG] Neighbors this round: {9}
[2024-05-28 21:56:01,967][DPSGDNode][DEBUG] Connected to all neighbors
[2024-05-28 21:56:01,968][Sharing][DEBUG] Model sending this round: [-0.07353505  0.05244831 -0.03118223 ... -0.00653262  0.00713922
 -0.01150937]
[2024-05-28 21:56:01,968][TCP][DEBUG] 2 sent the message to 9.
[2024-05-28 21:56:01,968][TCP][DEBUG] Sent message size: 359554
[2024-05-28 21:56:01,968][DPSGDNode][DEBUG] Sent to all neighbors
[2024-05-28 21:56:01,968][DPSGDNode][DEBUG] Received Model from 9 of iteration 7
[2024-05-28 21:56:01,968][DPSGDNode][DEBUG] Received from all
[2024-05-28 21:56:01,968][DPSGDNode][DEBUG] Averaging
[2024-05-28 21:56:01,968][Sharing][DEBUG] Averaging model from neighbor 9 of iteration 7
[2024-05-28 21:56:01,970][DPSGDNode][DEBUG] Finished averaging
[2024-05-28 21:56:01,970][DPSGDNode][DEBUG] resetting optimizer
[2024-05-28 21:56:01,970][DPSGDNode][DEBUG] Finished resetting optimizer
[2024-05-28 21:56:01,971][DPSGDNode][INFO] Starting training iteration: 8
[2024-05-28 21:56:01,994][Training][DEBUG] Round: 1 loss: 2.4759669303894043
[2024-05-28 21:56:02,014][Training][DEBUG] Round: 2 loss: 2.413513422012329
