[2024-05-28 21:55:56,390][DPSGDNode][DEBUG] Rank: 8
[2024-05-28 21:55:56,390][DPSGDNode][DEBUG] type(graph): <class 'int'>
[2024-05-28 21:55:56,390][DPSGDNode][DEBUG] type(mapping): <class 'decentralizepy.mappings.Linear.Linear'>
[2024-05-28 21:55:57,614][CIFAR10][INFO] Loading training set.
[2024-05-28 21:55:59,489][CIFAR10][DEBUG] Size fractions: [0.08332, 0.08332, 0.08332, 0.08332, 0.08332, 0.08332, 0.08332, 0.08332, 0.08332, 0.08332, 0.08332, 0.08347999999999994]
[2024-05-28 21:55:59,540][CIFAR10][INFO] Loading testing set.
[2024-05-28 21:56:00,485][CIFAR10][INFO] Extracting the validation set from the test set.
[2024-05-28 21:56:00,486][Node][INFO] Dataset instantiation complete.
[2024-05-28 21:56:00,514][DPSGDWithPeerSampler][INFO] Each proc uses 1 threads out of 10.
[2024-05-28 21:56:00,514][Node][DEBUG] Sending connection request to -1
[2024-05-28 21:56:00,514][TCP][DEBUG] Connecting to my neighbour: -1
[2024-05-28 21:56:00,516][TCP][DEBUG] 8 sent the message to -1.
[2024-05-28 21:56:00,516][TCP][DEBUG] Sent message size: 46
[2024-05-28 21:56:00,516][Node][DEBUG] Waiting HELLO from -1
[2024-05-28 21:56:00,559][Node][DEBUG] Received some message from -1 with CHANNEL: CONNECT
[2024-05-28 21:56:00,559][Node][DEBUG] Received HELLO from -1
[2024-05-28 21:56:00,559][DPSGDNode][INFO] Starting training iteration: 0
[2024-05-28 21:56:00,596][Training][DEBUG] Round: 1 loss: 2.3932433128356934
[2024-05-28 21:56:00,617][Training][DEBUG] Round: 2 loss: 2.3648403882980347
[2024-05-28 21:56:00,638][Training][DEBUG] Round: 3 loss: 2.507838169733683
[2024-05-28 21:56:00,638][DPSGDWithPeerSampler][DEBUG] Requesting neighbors from the peer sampler.
[2024-05-28 21:56:00,638][TCP][DEBUG] 8 sent the message to -1.
[2024-05-28 21:56:00,639][TCP][DEBUG] Sent message size: 79
[2024-05-28 21:56:00,868][Node][DEBUG] Received some message from -1 with CHANNEL: PEERS
[2024-05-28 21:56:00,868][DPSGDWithPeerSampler][DEBUG] Neighbors this round: set()
[2024-05-28 21:56:00,868][DPSGDNode][DEBUG] Connected to all neighbors
[2024-05-28 21:56:00,878][Sharing][DEBUG] Model sending this round: [-0.07411956  0.05176938 -0.03162205 ... -0.00594613  0.00727127
 -0.01141832]
[2024-05-28 21:56:00,879][DPSGDNode][DEBUG] Sent to all neighbors
[2024-05-28 21:56:00,879][DPSGDNode][DEBUG] Received from all
[2024-05-28 21:56:00,879][DPSGDNode][DEBUG] Averaging
[2024-05-28 21:56:00,880][DPSGDNode][DEBUG] Finished averaging
[2024-05-28 21:56:00,881][DPSGDNode][DEBUG] resetting optimizer
[2024-05-28 21:56:00,881][DPSGDNode][DEBUG] Finished resetting optimizer
[2024-05-28 21:56:00,883][DPSGDNode][INFO] Starting training iteration: 1
[2024-05-28 21:56:00,931][Training][DEBUG] Round: 1 loss: 2.872109889984131
[2024-05-28 21:56:00,983][Training][DEBUG] Round: 2 loss: 2.8262284994125366
[2024-05-28 21:56:01,015][Training][DEBUG] Round: 3 loss: 2.830470164616903
[2024-05-28 21:56:01,016][DPSGDWithPeerSampler][DEBUG] Requesting neighbors from the peer sampler.
[2024-05-28 21:56:01,017][TCP][DEBUG] 8 sent the message to -1.
[2024-05-28 21:56:01,018][TCP][DEBUG] Sent message size: 79
[2024-05-28 21:56:01,037][Node][DEBUG] Received some message from -1 with CHANNEL: PEERS
[2024-05-28 21:56:01,037][DPSGDWithPeerSampler][DEBUG] Neighbors this round: set()
[2024-05-28 21:56:01,037][DPSGDNode][DEBUG] Connected to all neighbors
[2024-05-28 21:56:01,038][Sharing][DEBUG] Model sending this round: [-0.07369566  0.05196209 -0.03173863 ... -0.00527098  0.00634959
 -0.01256798]
[2024-05-28 21:56:01,039][DPSGDNode][DEBUG] Sent to all neighbors
[2024-05-28 21:56:01,039][DPSGDNode][DEBUG] Received from all
[2024-05-28 21:56:01,039][DPSGDNode][DEBUG] Averaging
[2024-05-28 21:56:01,039][DPSGDNode][DEBUG] Finished averaging
[2024-05-28 21:56:01,039][DPSGDNode][DEBUG] resetting optimizer
[2024-05-28 21:56:01,039][DPSGDNode][DEBUG] Finished resetting optimizer
[2024-05-28 21:56:01,039][DPSGDNode][INFO] Starting training iteration: 2
[2024-05-28 21:56:01,100][Training][DEBUG] Round: 1 loss: 3.3028347492218018
[2024-05-28 21:56:01,130][Training][DEBUG] Round: 2 loss: 2.7893013954162598
[2024-05-28 21:56:01,168][Training][DEBUG] Round: 3 loss: 2.506388227144877
[2024-05-28 21:56:01,171][DPSGDWithPeerSampler][DEBUG] Requesting neighbors from the peer sampler.
[2024-05-28 21:56:01,173][TCP][DEBUG] 8 sent the message to -1.
[2024-05-28 21:56:01,173][TCP][DEBUG] Sent message size: 79
[2024-05-28 21:56:01,190][Node][DEBUG] Received some message from -1 with CHANNEL: PEERS
[2024-05-28 21:56:01,190][DPSGDWithPeerSampler][DEBUG] Neighbors this round: set()
[2024-05-28 21:56:01,191][DPSGDNode][DEBUG] Connected to all neighbors
[2024-05-28 21:56:01,215][Sharing][DEBUG] Model sending this round: [-0.07383944  0.05191253 -0.03155075 ... -0.00626392  0.00611454
 -0.01238334]
[2024-05-28 21:56:01,215][DPSGDNode][DEBUG] Sent to all neighbors
[2024-05-28 21:56:01,215][DPSGDNode][DEBUG] Received from all
[2024-05-28 21:56:01,215][DPSGDNode][DEBUG] Averaging
[2024-05-28 21:56:01,215][DPSGDNode][DEBUG] Finished averaging
[2024-05-28 21:56:01,215][DPSGDNode][DEBUG] resetting optimizer
[2024-05-28 21:56:01,215][DPSGDNode][DEBUG] Finished resetting optimizer
[2024-05-28 21:56:01,228][DPSGDNode][INFO] Starting training iteration: 3
[2024-05-28 21:56:01,273][Training][DEBUG] Round: 1 loss: 2.714770793914795
[2024-05-28 21:56:01,296][Training][DEBUG] Round: 2 loss: 2.3430073857307434
[2024-05-28 21:56:01,333][Training][DEBUG] Round: 3 loss: 2.314419070879618
[2024-05-28 21:56:01,334][DPSGDWithPeerSampler][DEBUG] Requesting neighbors from the peer sampler.
[2024-05-28 21:56:01,334][TCP][DEBUG] 8 sent the message to -1.
[2024-05-28 21:56:01,334][TCP][DEBUG] Sent message size: 79
[2024-05-28 21:56:01,344][Node][DEBUG] Received some message from -1 with CHANNEL: PEERS
[2024-05-28 21:56:01,344][DPSGDWithPeerSampler][DEBUG] Neighbors this round: set()
[2024-05-28 21:56:01,344][DPSGDNode][DEBUG] Connected to all neighbors
[2024-05-28 21:56:01,345][Sharing][DEBUG] Model sending this round: [-0.07383468  0.05187649 -0.03172268 ... -0.00703563  0.00664224
 -0.01310169]
[2024-05-28 21:56:01,348][DPSGDNode][DEBUG] Sent to all neighbors
[2024-05-28 21:56:01,348][DPSGDNode][DEBUG] Received from all
[2024-05-28 21:56:01,348][DPSGDNode][DEBUG] Averaging
[2024-05-28 21:56:01,348][DPSGDNode][DEBUG] Finished averaging
[2024-05-28 21:56:01,349][DPSGDNode][DEBUG] resetting optimizer
[2024-05-28 21:56:01,349][DPSGDNode][DEBUG] Finished resetting optimizer
[2024-05-28 21:56:01,350][DPSGDNode][INFO] Starting training iteration: 4
[2024-05-28 21:56:01,384][Training][DEBUG] Round: 1 loss: 2.567469358444214
[2024-05-28 21:56:01,408][Training][DEBUG] Round: 2 loss: 2.7402275800704956
[2024-05-28 21:56:01,428][Training][DEBUG] Round: 3 loss: 2.6195563475290933
[2024-05-28 21:56:01,429][DPSGDWithPeerSampler][DEBUG] Requesting neighbors from the peer sampler.
[2024-05-28 21:56:01,429][TCP][DEBUG] 8 sent the message to -1.
[2024-05-28 21:56:01,430][TCP][DEBUG] Sent message size: 79
[2024-05-28 21:56:01,525][Node][DEBUG] Received some message from -1 with CHANNEL: PEERS
[2024-05-28 21:56:01,525][DPSGDWithPeerSampler][DEBUG] Neighbors this round: set()
[2024-05-28 21:56:01,527][DPSGDNode][DEBUG] Connected to all neighbors
[2024-05-28 21:56:01,527][Sharing][DEBUG] Model sending this round: [-0.07349822  0.05214281 -0.03169602 ... -0.00527456  0.00702924
 -0.01403091]
[2024-05-28 21:56:01,528][DPSGDNode][DEBUG] Sent to all neighbors
[2024-05-28 21:56:01,528][DPSGDNode][DEBUG] Received from all
[2024-05-28 21:56:01,528][DPSGDNode][DEBUG] Averaging
[2024-05-28 21:56:01,528][DPSGDNode][DEBUG] Finished averaging
[2024-05-28 21:56:01,529][DPSGDNode][DEBUG] resetting optimizer
[2024-05-28 21:56:01,529][DPSGDNode][DEBUG] Finished resetting optimizer
[2024-05-28 21:56:01,531][DPSGDNode][INFO] Starting training iteration: 5
[2024-05-28 21:56:01,571][Training][DEBUG] Round: 1 loss: 2.1754579544067383
[2024-05-28 21:56:01,598][Training][DEBUG] Round: 2 loss: 2.2243032455444336
[2024-05-28 21:56:01,624][Training][DEBUG] Round: 3 loss: 2.2272213300069175
[2024-05-28 21:56:01,624][DPSGDWithPeerSampler][DEBUG] Requesting neighbors from the peer sampler.
[2024-05-28 21:56:01,624][TCP][DEBUG] 8 sent the message to -1.
[2024-05-28 21:56:01,624][TCP][DEBUG] Sent message size: 79
[2024-05-28 21:56:01,642][Node][DEBUG] Received some message from -1 with CHANNEL: PEERS
[2024-05-28 21:56:01,642][DPSGDWithPeerSampler][DEBUG] Neighbors this round: set()
[2024-05-28 21:56:01,642][DPSGDNode][DEBUG] Connected to all neighbors
[2024-05-28 21:56:01,643][Sharing][DEBUG] Model sending this round: [-0.07384536  0.05150716 -0.03215147 ... -0.00585849  0.00811793
 -0.01344032]
[2024-05-28 21:56:01,643][DPSGDNode][DEBUG] Sent to all neighbors
[2024-05-28 21:56:01,643][DPSGDNode][DEBUG] Received from all
[2024-05-28 21:56:01,643][DPSGDNode][DEBUG] Averaging
[2024-05-28 21:56:01,644][DPSGDNode][DEBUG] Finished averaging
[2024-05-28 21:56:01,644][DPSGDNode][DEBUG] resetting optimizer
[2024-05-28 21:56:01,644][DPSGDNode][DEBUG] Finished resetting optimizer
[2024-05-28 21:56:01,645][DPSGDNode][INFO] Starting training iteration: 6
[2024-05-28 21:56:01,674][Training][DEBUG] Round: 1 loss: 2.3132576942443848
[2024-05-28 21:56:01,719][Training][DEBUG] Round: 2 loss: 2.231490969657898
[2024-05-28 21:56:01,743][Training][DEBUG] Round: 3 loss: 2.232597510019938
[2024-05-28 21:56:01,743][DPSGDWithPeerSampler][DEBUG] Requesting neighbors from the peer sampler.
[2024-05-28 21:56:01,745][TCP][DEBUG] 8 sent the message to -1.
[2024-05-28 21:56:01,745][TCP][DEBUG] Sent message size: 79
[2024-05-28 21:56:01,754][Node][DEBUG] Received some message from -1 with CHANNEL: PEERS
[2024-05-28 21:56:01,754][DPSGDWithPeerSampler][DEBUG] Neighbors this round: set()
[2024-05-28 21:56:01,756][DPSGDNode][DEBUG] Connected to all neighbors
[2024-05-28 21:56:01,757][Sharing][DEBUG] Model sending this round: [-0.07384475  0.05152034 -0.03211221 ... -0.00644095  0.00768332
 -0.01191375]
[2024-05-28 21:56:01,757][DPSGDNode][DEBUG] Sent to all neighbors
[2024-05-28 21:56:01,757][DPSGDNode][DEBUG] Received from all
[2024-05-28 21:56:01,758][DPSGDNode][DEBUG] Averaging
[2024-05-28 21:56:01,758][DPSGDNode][DEBUG] Finished averaging
[2024-05-28 21:56:01,758][DPSGDNode][DEBUG] resetting optimizer
[2024-05-28 21:56:01,758][DPSGDNode][DEBUG] Finished resetting optimizer
[2024-05-28 21:56:01,759][DPSGDNode][INFO] Starting training iteration: 7
[2024-05-28 21:56:01,779][Training][DEBUG] Round: 1 loss: 2.766913414001465
[2024-05-28 21:56:01,800][Training][DEBUG] Round: 2 loss: 2.393594980239868
[2024-05-28 21:56:01,832][Training][DEBUG] Round: 3 loss: 2.355059544245402
[2024-05-28 21:56:01,835][DPSGDWithPeerSampler][DEBUG] Requesting neighbors from the peer sampler.
[2024-05-28 21:56:01,836][TCP][DEBUG] 8 sent the message to -1.
[2024-05-28 21:56:01,837][TCP][DEBUG] Sent message size: 79
[2024-05-28 21:56:01,843][Node][DEBUG] Received some message from -1 with CHANNEL: PEERS
[2024-05-28 21:56:01,843][DPSGDWithPeerSampler][DEBUG] Neighbors this round: set()
[2024-05-28 21:56:01,843][DPSGDNode][DEBUG] Connected to all neighbors
[2024-05-28 21:56:01,843][Sharing][DEBUG] Model sending this round: [-0.07358363  0.05181662 -0.03186964 ... -0.00424938  0.01025903
 -0.01355393]
[2024-05-28 21:56:01,843][DPSGDNode][DEBUG] Sent to all neighbors
[2024-05-28 21:56:01,844][DPSGDNode][DEBUG] Received from all
[2024-05-28 21:56:01,844][DPSGDNode][DEBUG] Averaging
[2024-05-28 21:56:01,844][DPSGDNode][DEBUG] Finished averaging
[2024-05-28 21:56:01,844][DPSGDNode][DEBUG] resetting optimizer
[2024-05-28 21:56:01,844][DPSGDNode][DEBUG] Finished resetting optimizer
[2024-05-28 21:56:01,844][DPSGDNode][INFO] Starting training iteration: 8
[2024-05-28 21:56:01,872][Training][DEBUG] Round: 1 loss: 1.9353901147842407
[2024-05-28 21:56:01,889][Training][DEBUG] Round: 2 loss: 2.270576775074005
[2024-05-28 21:56:01,925][Training][DEBUG] Round: 3 loss: 2.251261512438456
[2024-05-28 21:56:01,926][DPSGDWithPeerSampler][DEBUG] Requesting neighbors from the peer sampler.
[2024-05-28 21:56:01,927][TCP][DEBUG] 8 sent the message to -1.
[2024-05-28 21:56:01,927][TCP][DEBUG] Sent message size: 79
[2024-05-28 21:56:01,954][Node][DEBUG] Received some message from -1 with CHANNEL: PEERS
[2024-05-28 21:56:01,954][DPSGDWithPeerSampler][DEBUG] Neighbors this round: {4}
[2024-05-28 21:56:01,954][Node][DEBUG] Sending connection request to 4
[2024-05-28 21:56:01,954][TCP][DEBUG] Connecting to my neighbour: 4
[2024-05-28 21:56:01,955][TCP][DEBUG] 8 sent the message to 4.
[2024-05-28 21:56:01,956][TCP][DEBUG] Sent message size: 46
[2024-05-28 21:56:01,956][Node][DEBUG] Waiting HELLO from 4
