[2024-05-28 21:55:56,490][PeerSampler][DEBUG] Rank: -1
[2024-05-28 21:55:56,496][PeerSampler][DEBUG] type(graph): <class 'int'>
[2024-05-28 21:55:56,497][PeerSampler][DEBUG] type(mapping): <class 'decentralizepy.mappings.Linear.Linear'>
[2024-05-28 21:55:57,773][Node][DEBUG] Sending connection request to 0
[2024-05-28 21:55:57,773][TCP][DEBUG] Connecting to my neighbour: 0
[2024-05-28 21:55:57,780][TCP][DEBUG] -1 sent the message to 0.
[2024-05-28 21:55:57,780][TCP][DEBUG] Sent message size: 49
[2024-05-28 21:55:57,780][Node][DEBUG] Sending connection request to 1
[2024-05-28 21:55:57,780][TCP][DEBUG] Connecting to my neighbour: 1
[2024-05-28 21:55:57,784][TCP][DEBUG] -1 sent the message to 1.
[2024-05-28 21:55:57,784][TCP][DEBUG] Sent message size: 49
[2024-05-28 21:55:57,784][Node][DEBUG] Sending connection request to 2
[2024-05-28 21:55:57,784][TCP][DEBUG] Connecting to my neighbour: 2
[2024-05-28 21:55:57,786][TCP][DEBUG] -1 sent the message to 2.
[2024-05-28 21:55:57,786][TCP][DEBUG] Sent message size: 49
[2024-05-28 21:55:57,786][Node][DEBUG] Sending connection request to 3
[2024-05-28 21:55:57,787][TCP][DEBUG] Connecting to my neighbour: 3
[2024-05-28 21:55:57,787][TCP][DEBUG] -1 sent the message to 3.
[2024-05-28 21:55:57,787][TCP][DEBUG] Sent message size: 49
[2024-05-28 21:55:57,788][Node][DEBUG] Sending connection request to 4
[2024-05-28 21:55:57,788][TCP][DEBUG] Connecting to my neighbour: 4
[2024-05-28 21:55:57,788][TCP][DEBUG] -1 sent the message to 4.
[2024-05-28 21:55:57,788][TCP][DEBUG] Sent message size: 49
[2024-05-28 21:55:57,788][Node][DEBUG] Sending connection request to 5
[2024-05-28 21:55:57,788][TCP][DEBUG] Connecting to my neighbour: 5
[2024-05-28 21:55:57,788][TCP][DEBUG] -1 sent the message to 5.
[2024-05-28 21:55:57,789][TCP][DEBUG] Sent message size: 49
[2024-05-28 21:55:57,789][Node][DEBUG] Sending connection request to 6
[2024-05-28 21:55:57,789][TCP][DEBUG] Connecting to my neighbour: 6
[2024-05-28 21:55:57,790][TCP][DEBUG] -1 sent the message to 6.
[2024-05-28 21:55:57,790][TCP][DEBUG] Sent message size: 49
[2024-05-28 21:55:57,790][Node][DEBUG] Sending connection request to 7
[2024-05-28 21:55:57,790][TCP][DEBUG] Connecting to my neighbour: 7
[2024-05-28 21:55:57,791][TCP][DEBUG] -1 sent the message to 7.
[2024-05-28 21:55:57,791][TCP][DEBUG] Sent message size: 49
[2024-05-28 21:55:57,791][Node][DEBUG] Sending connection request to 8
[2024-05-28 21:55:57,791][TCP][DEBUG] Connecting to my neighbour: 8
[2024-05-28 21:55:57,792][TCP][DEBUG] -1 sent the message to 8.
[2024-05-28 21:55:57,792][TCP][DEBUG] Sent message size: 49
[2024-05-28 21:55:57,792][Node][DEBUG] Sending connection request to 9
[2024-05-28 21:55:57,792][TCP][DEBUG] Connecting to my neighbour: 9
[2024-05-28 21:55:57,792][TCP][DEBUG] -1 sent the message to 9.
[2024-05-28 21:55:57,793][TCP][DEBUG] Sent message size: 49
[2024-05-28 21:55:57,793][Node][DEBUG] Sending connection request to 10
[2024-05-28 21:55:57,793][TCP][DEBUG] Connecting to my neighbour: 10
[2024-05-28 21:55:57,793][TCP][DEBUG] -1 sent the message to 10.
[2024-05-28 21:55:57,793][TCP][DEBUG] Sent message size: 49
[2024-05-28 21:55:57,793][Node][DEBUG] Sending connection request to 11
[2024-05-28 21:55:57,793][TCP][DEBUG] Connecting to my neighbour: 11
[2024-05-28 21:55:57,794][TCP][DEBUG] -1 sent the message to 11.
[2024-05-28 21:55:57,794][TCP][DEBUG] Sent message size: 49
[2024-05-28 21:55:57,794][Node][DEBUG] Waiting HELLO from 0
[2024-05-28 21:55:59,688][Node][DEBUG] Received some message from 0 with CHANNEL: CONNECT
[2024-05-28 21:55:59,691][Node][DEBUG] Received HELLO from 0
[2024-05-28 21:55:59,692][Node][DEBUG] Waiting HELLO from 1
[2024-05-28 21:55:59,694][Node][DEBUG] Received some message from 10 with CHANNEL: CONNECT
[2024-05-28 21:55:59,694][Node][DEBUG] Received HELLO from 10
[2024-05-28 21:55:59,694][Node][DEBUG] Waiting HELLO from 1
[2024-05-28 21:55:59,867][Node][DEBUG] Received some message from 2 with CHANNEL: CONNECT
[2024-05-28 21:55:59,868][Node][DEBUG] Received HELLO from 2
[2024-05-28 21:55:59,869][Node][DEBUG] Waiting HELLO from 1
[2024-05-28 21:55:59,890][Node][DEBUG] Received some message from 9 with CHANNEL: CONNECT
[2024-05-28 21:55:59,890][Node][DEBUG] Received HELLO from 9
[2024-05-28 21:55:59,890][Node][DEBUG] Waiting HELLO from 1
[2024-05-28 21:55:59,950][Node][DEBUG] Received some message from 0 with CHANNEL: SERVER_REQUEST
[2024-05-28 21:55:59,967][Node][DEBUG] Received some message from 10 with CHANNEL: SERVER_REQUEST
[2024-05-28 21:55:59,995][Node][DEBUG] Received some message from 2 with CHANNEL: SERVER_REQUEST
[2024-05-28 21:56:00,124][Node][DEBUG] Received some message from 9 with CHANNEL: SERVER_REQUEST
[2024-05-28 21:56:00,495][Node][DEBUG] Received some message from 7 with CHANNEL: CONNECT
[2024-05-28 21:56:00,495][Node][DEBUG] Received HELLO from 7
[2024-05-28 21:56:00,495][Node][DEBUG] Waiting HELLO from 1
[2024-05-28 21:56:00,517][Node][DEBUG] Received some message from 8 with CHANNEL: CONNECT
[2024-05-28 21:56:00,517][Node][DEBUG] Received HELLO from 8
[2024-05-28 21:56:00,517][Node][DEBUG] Waiting HELLO from 1
[2024-05-28 21:56:00,565][Node][DEBUG] Received some message from 5 with CHANNEL: CONNECT
[2024-05-28 21:56:00,565][Node][DEBUG] Received HELLO from 5
[2024-05-28 21:56:00,565][Node][DEBUG] Waiting HELLO from 1
[2024-05-28 21:56:00,581][Node][DEBUG] Received some message from 3 with CHANNEL: CONNECT
[2024-05-28 21:56:00,581][Node][DEBUG] Received HELLO from 3
[2024-05-28 21:56:00,582][Node][DEBUG] Waiting HELLO from 1
[2024-05-28 21:56:00,639][Node][DEBUG] Received some message from 8 with CHANNEL: SERVER_REQUEST
[2024-05-28 21:56:00,649][Node][DEBUG] Received some message from 7 with CHANNEL: SERVER_REQUEST
[2024-05-28 21:56:00,675][Node][DEBUG] Received some message from 3 with CHANNEL: SERVER_REQUEST
[2024-05-28 21:56:00,725][Node][DEBUG] Received some message from 5 with CHANNEL: SERVER_REQUEST
[2024-05-28 21:56:00,731][Node][DEBUG] Received some message from 6 with CHANNEL: CONNECT
[2024-05-28 21:56:00,731][Node][DEBUG] Received HELLO from 6
[2024-05-28 21:56:00,731][Node][DEBUG] Waiting HELLO from 1
[2024-05-28 21:56:00,732][Node][DEBUG] Received some message from 4 with CHANNEL: CONNECT
[2024-05-28 21:56:00,732][Node][DEBUG] Received HELLO from 4
[2024-05-28 21:56:00,732][Node][DEBUG] Waiting HELLO from 1
[2024-05-28 21:56:00,759][Node][DEBUG] Received some message from 1 with CHANNEL: CONNECT
[2024-05-28 21:56:00,759][Node][DEBUG] Received HELLO from 1
[2024-05-28 21:56:00,759][Node][DEBUG] Waiting HELLO from 11
[2024-05-28 21:56:00,822][Node][DEBUG] Received some message from 4 with CHANNEL: SERVER_REQUEST
[2024-05-28 21:56:00,844][Node][DEBUG] Received some message from 1 with CHANNEL: SERVER_REQUEST
[2024-05-28 21:56:00,856][Node][DEBUG] Received some message from 11 with CHANNEL: CONNECT
[2024-05-28 21:56:00,856][Node][DEBUG] Received HELLO from 11
[2024-05-28 21:56:00,856][PeerSampler][DEBUG] Received Request from 0
[2024-05-28 21:56:00,856][PeerSamplerDynamic][DEBUG] iteration, self.iteration: 0, -1
[2024-05-28 21:56:00,860][TCP][DEBUG] -1 sent the message to 0.
[2024-05-28 21:56:00,860][TCP][DEBUG] Sent message size: 48
[2024-05-28 21:56:00,860][PeerSampler][DEBUG] Received Request from 10
[2024-05-28 21:56:00,861][TCP][DEBUG] -1 sent the message to 10.
[2024-05-28 21:56:00,861][TCP][DEBUG] Sent message size: 48
[2024-05-28 21:56:00,861][PeerSampler][DEBUG] Received Request from 2
[2024-05-28 21:56:00,861][TCP][DEBUG] -1 sent the message to 2.
[2024-05-28 21:56:00,861][TCP][DEBUG] Sent message size: 52
[2024-05-28 21:56:00,861][PeerSampler][DEBUG] Received Request from 9
[2024-05-28 21:56:00,862][TCP][DEBUG] -1 sent the message to 9.
[2024-05-28 21:56:00,862][TCP][DEBUG] Sent message size: 52
[2024-05-28 21:56:00,862][PeerSampler][DEBUG] Received Request from 8
[2024-05-28 21:56:00,867][TCP][DEBUG] -1 sent the message to 8.
[2024-05-28 21:56:00,867][TCP][DEBUG] Sent message size: 48
[2024-05-28 21:56:00,867][PeerSampler][DEBUG] Received Request from 7
[2024-05-28 21:56:00,869][TCP][DEBUG] -1 sent the message to 7.
[2024-05-28 21:56:00,869][TCP][DEBUG] Sent message size: 48
[2024-05-28 21:56:00,869][PeerSampler][DEBUG] Received Request from 3
[2024-05-28 21:56:00,870][TCP][DEBUG] -1 sent the message to 3.
[2024-05-28 21:56:00,870][TCP][DEBUG] Sent message size: 48
[2024-05-28 21:56:00,871][PeerSampler][DEBUG] Received Request from 5
[2024-05-28 21:56:00,874][TCP][DEBUG] -1 sent the message to 5.
[2024-05-28 21:56:00,874][TCP][DEBUG] Sent message size: 48
[2024-05-28 21:56:00,874][PeerSampler][DEBUG] Received Request from 4
[2024-05-28 21:56:00,876][TCP][DEBUG] -1 sent the message to 4.
[2024-05-28 21:56:00,877][TCP][DEBUG] Sent message size: 52
[2024-05-28 21:56:00,877][PeerSampler][DEBUG] Received Request from 1
[2024-05-28 21:56:00,879][TCP][DEBUG] -1 sent the message to 1.
[2024-05-28 21:56:00,879][TCP][DEBUG] Sent message size: 52
[2024-05-28 21:56:00,980][Node][DEBUG] Received some message from 10 with CHANNEL: SERVER_REQUEST
[2024-05-28 21:56:00,980][PeerSampler][DEBUG] Received Request from 10
[2024-05-28 21:56:00,980][PeerSamplerDynamic][DEBUG] iteration, self.iteration: 1, 0
[2024-05-28 21:56:00,987][TCP][DEBUG] -1 sent the message to 10.
[2024-05-28 21:56:00,988][TCP][DEBUG] Sent message size: 48
[2024-05-28 21:56:00,989][Node][DEBUG] Received some message from 0 with CHANNEL: SERVER_REQUEST
[2024-05-28 21:56:00,989][PeerSampler][DEBUG] Received Request from 0
[2024-05-28 21:56:00,990][TCP][DEBUG] -1 sent the message to 0.
[2024-05-28 21:56:00,991][TCP][DEBUG] Sent message size: 52
[2024-05-28 21:56:00,991][Node][DEBUG] Received some message from 2 with CHANNEL: SERVER_REQUEST
[2024-05-28 21:56:00,991][PeerSampler][DEBUG] Received Request from 2
[2024-05-28 21:56:01,006][TCP][DEBUG] -1 sent the message to 2.
[2024-05-28 21:56:01,006][TCP][DEBUG] Sent message size: 52
[2024-05-28 21:56:01,006][Node][DEBUG] Received some message from 6 with CHANNEL: SERVER_REQUEST
[2024-05-28 21:56:01,006][PeerSampler][DEBUG] Received Request from 6
[2024-05-28 21:56:01,009][TCP][DEBUG] -1 sent the message to 6.
[2024-05-28 21:56:01,009][TCP][DEBUG] Sent message size: 52
[2024-05-28 21:56:01,009][Node][DEBUG] Received some message from 9 with CHANNEL: SERVER_REQUEST
[2024-05-28 21:56:01,009][PeerSampler][DEBUG] Received Request from 9
[2024-05-28 21:56:01,022][TCP][DEBUG] -1 sent the message to 9.
[2024-05-28 21:56:01,023][TCP][DEBUG] Sent message size: 52
[2024-05-28 21:56:01,024][Node][DEBUG] Received some message from 8 with CHANNEL: SERVER_REQUEST
[2024-05-28 21:56:01,024][PeerSampler][DEBUG] Received Request from 8
[2024-05-28 21:56:01,034][TCP][DEBUG] -1 sent the message to 8.
[2024-05-28 21:56:01,035][TCP][DEBUG] Sent message size: 48
[2024-05-28 21:56:01,035][Node][DEBUG] Received some message from 7 with CHANNEL: SERVER_REQUEST
[2024-05-28 21:56:01,035][PeerSampler][DEBUG] Received Request from 7
[2024-05-28 21:56:01,039][TCP][DEBUG] -1 sent the message to 7.
[2024-05-28 21:56:01,039][TCP][DEBUG] Sent message size: 52
[2024-05-28 21:56:01,040][Node][DEBUG] Received some message from 5 with CHANNEL: SERVER_REQUEST
[2024-05-28 21:56:01,040][PeerSampler][DEBUG] Received Request from 5
[2024-05-28 21:56:01,047][TCP][DEBUG] -1 sent the message to 5.
[2024-05-28 21:56:01,047][TCP][DEBUG] Sent message size: 48
[2024-05-28 21:56:01,047][Node][DEBUG] Received some message from 3 with CHANNEL: SERVER_REQUEST
[2024-05-28 21:56:01,047][PeerSampler][DEBUG] Received Request from 3
[2024-05-28 21:56:01,071][TCP][DEBUG] -1 sent the message to 3.
[2024-05-28 21:56:01,072][TCP][DEBUG] Sent message size: 48
[2024-05-28 21:56:01,079][Node][DEBUG] Received some message from 10 with CHANNEL: SERVER_REQUEST
[2024-05-28 21:56:01,080][PeerSampler][DEBUG] Received Request from 10
[2024-05-28 21:56:01,080][PeerSamplerDynamic][DEBUG] iteration, self.iteration: 2, 1
[2024-05-28 21:56:01,097][TCP][DEBUG] -1 sent the message to 10.
[2024-05-28 21:56:01,103][TCP][DEBUG] Sent message size: 56
[2024-05-28 21:56:01,107][Node][DEBUG] Received some message from 11 with CHANNEL: SERVER_REQUEST
[2024-05-28 21:56:01,107][PeerSampler][DEBUG] Received Request from 11
[2024-05-28 21:56:01,111][TCP][DEBUG] -1 sent the message to 11.
[2024-05-28 21:56:01,111][TCP][DEBUG] Sent message size: 52
[2024-05-28 21:56:01,114][Node][DEBUG] Received some message from 2 with CHANNEL: SERVER_REQUEST
[2024-05-28 21:56:01,114][PeerSampler][DEBUG] Received Request from 2
[2024-05-28 21:56:01,125][TCP][DEBUG] -1 sent the message to 2.
[2024-05-28 21:56:01,126][TCP][DEBUG] Sent message size: 56
[2024-05-28 21:56:01,126][Node][DEBUG] Received some message from 9 with CHANNEL: SERVER_REQUEST
[2024-05-28 21:56:01,126][PeerSampler][DEBUG] Received Request from 9
[2024-05-28 21:56:01,131][TCP][DEBUG] -1 sent the message to 9.
[2024-05-28 21:56:01,132][TCP][DEBUG] Sent message size: 56
[2024-05-28 21:56:01,133][Node][DEBUG] Received some message from 0 with CHANNEL: SERVER_REQUEST
[2024-05-28 21:56:01,133][PeerSampler][DEBUG] Received Request from 0
[2024-05-28 21:56:01,137][TCP][DEBUG] -1 sent the message to 0.
[2024-05-28 21:56:01,137][TCP][DEBUG] Sent message size: 48
[2024-05-28 21:56:01,138][Node][DEBUG] Received some message from 4 with CHANNEL: SERVER_REQUEST
[2024-05-28 21:56:01,138][PeerSampler][DEBUG] Received Request from 4
[2024-05-28 21:56:01,144][TCP][DEBUG] -1 sent the message to 4.
[2024-05-28 21:56:01,145][TCP][DEBUG] Sent message size: 48
[2024-05-28 21:56:01,147][Node][DEBUG] Received some message from 6 with CHANNEL: SERVER_REQUEST
[2024-05-28 21:56:01,147][PeerSampler][DEBUG] Received Request from 6
[2024-05-28 21:56:01,161][TCP][DEBUG] -1 sent the message to 6.
[2024-05-28 21:56:01,161][TCP][DEBUG] Sent message size: 48
[2024-05-28 21:56:01,185][Node][DEBUG] Received some message from 8 with CHANNEL: SERVER_REQUEST
[2024-05-28 21:56:01,185][PeerSampler][DEBUG] Received Request from 8
[2024-05-28 21:56:01,187][TCP][DEBUG] -1 sent the message to 8.
[2024-05-28 21:56:01,187][TCP][DEBUG] Sent message size: 48
[2024-05-28 21:56:01,188][Node][DEBUG] Received some message from 5 with CHANNEL: SERVER_REQUEST
[2024-05-28 21:56:01,188][PeerSampler][DEBUG] Received Request from 5
[2024-05-28 21:56:01,197][TCP][DEBUG] -1 sent the message to 5.
[2024-05-28 21:56:01,197][TCP][DEBUG] Sent message size: 48
[2024-05-28 21:56:01,203][Node][DEBUG] Received some message from 7 with CHANNEL: SERVER_REQUEST
[2024-05-28 21:56:01,204][PeerSampler][DEBUG] Received Request from 7
[2024-05-28 21:56:01,212][TCP][DEBUG] -1 sent the message to 7.
[2024-05-28 21:56:01,212][TCP][DEBUG] Sent message size: 48
[2024-05-28 21:56:01,212][Node][DEBUG] Received some message from 3 with CHANNEL: SERVER_REQUEST
[2024-05-28 21:56:01,213][PeerSampler][DEBUG] Received Request from 3
[2024-05-28 21:56:01,215][TCP][DEBUG] -1 sent the message to 3.
[2024-05-28 21:56:01,215][TCP][DEBUG] Sent message size: 48
[2024-05-28 21:56:01,220][Node][DEBUG] Received some message from 0 with CHANNEL: SERVER_REQUEST
[2024-05-28 21:56:01,220][PeerSampler][DEBUG] Received Request from 0
[2024-05-28 21:56:01,220][PeerSamplerDynamic][DEBUG] iteration, self.iteration: 3, 2
[2024-05-28 21:56:01,228][TCP][DEBUG] -1 sent the message to 0.
[2024-05-28 21:56:01,228][TCP][DEBUG] Sent message size: 48
[2024-05-28 21:56:01,241][Node][DEBUG] Received some message from 11 with CHANNEL: SERVER_REQUEST
[2024-05-28 21:56:01,241][PeerSampler][DEBUG] Received Request from 11
[2024-05-28 21:56:01,246][TCP][DEBUG] -1 sent the message to 11.
[2024-05-28 21:56:01,246][TCP][DEBUG] Sent message size: 48
[2024-05-28 21:56:01,264][Node][DEBUG] Received some message from 1 with CHANNEL: SERVER_REQUEST
[2024-05-28 21:56:01,264][PeerSampler][DEBUG] Received Request from 1
[2024-05-28 21:56:01,272][TCP][DEBUG] -1 sent the message to 1.
[2024-05-28 21:56:01,272][TCP][DEBUG] Sent message size: 48
[2024-05-28 21:56:01,272][Node][DEBUG] Received some message from 6 with CHANNEL: SERVER_REQUEST
[2024-05-28 21:56:01,272][PeerSampler][DEBUG] Received Request from 6
[2024-05-28 21:56:01,276][TCP][DEBUG] -1 sent the message to 6.
[2024-05-28 21:56:01,277][TCP][DEBUG] Sent message size: 56
[2024-05-28 21:56:01,286][Node][DEBUG] Received some message from 4 with CHANNEL: SERVER_REQUEST
[2024-05-28 21:56:01,286][PeerSampler][DEBUG] Received Request from 4
[2024-05-28 21:56:01,292][TCP][DEBUG] -1 sent the message to 4.
[2024-05-28 21:56:01,292][TCP][DEBUG] Sent message size: 48
[2024-05-28 21:56:01,292][Node][DEBUG] Received some message from 5 with CHANNEL: SERVER_REQUEST
[2024-05-28 21:56:01,292][PeerSampler][DEBUG] Received Request from 5
[2024-05-28 21:56:01,301][TCP][DEBUG] -1 sent the message to 5.
[2024-05-28 21:56:01,301][TCP][DEBUG] Sent message size: 48
[2024-05-28 21:56:01,303][Node][DEBUG] Received some message from 0 with CHANNEL: SERVER_REQUEST
[2024-05-28 21:56:01,303][PeerSampler][DEBUG] Received Request from 0
[2024-05-28 21:56:01,303][PeerSamplerDynamic][DEBUG] iteration, self.iteration: 4, 3
[2024-05-28 21:56:01,310][TCP][DEBUG] -1 sent the message to 0.
[2024-05-28 21:56:01,310][TCP][DEBUG] Sent message size: 48
[2024-05-28 21:56:01,311][Node][DEBUG] Received some message from 3 with CHANNEL: SERVER_REQUEST
[2024-05-28 21:56:01,311][PeerSampler][DEBUG] Received Request from 3
[2024-05-28 21:56:01,321][TCP][DEBUG] -1 sent the message to 3.
[2024-05-28 21:56:01,321][TCP][DEBUG] Sent message size: 54
[2024-05-28 21:56:01,335][Node][DEBUG] Received some message from 8 with CHANNEL: SERVER_REQUEST
[2024-05-28 21:56:01,335][PeerSampler][DEBUG] Received Request from 8
[2024-05-28 21:56:01,343][TCP][DEBUG] -1 sent the message to 8.
[2024-05-28 21:56:01,344][TCP][DEBUG] Sent message size: 48
[2024-05-28 21:56:01,358][Node][DEBUG] Received some message from 7 with CHANNEL: SERVER_REQUEST
[2024-05-28 21:56:01,359][PeerSampler][DEBUG] Received Request from 7
[2024-05-28 21:56:01,368][TCP][DEBUG] -1 sent the message to 7.
[2024-05-28 21:56:01,368][TCP][DEBUG] Sent message size: 52
[2024-05-28 21:56:01,382][Node][DEBUG] Received some message from 1 with CHANNEL: SERVER_REQUEST
[2024-05-28 21:56:01,383][PeerSampler][DEBUG] Received Request from 1
[2024-05-28 21:56:01,389][TCP][DEBUG] -1 sent the message to 1.
[2024-05-28 21:56:01,389][TCP][DEBUG] Sent message size: 48
[2024-05-28 21:56:01,390][Node][DEBUG] Received some message from 9 with CHANNEL: SERVER_REQUEST
[2024-05-28 21:56:01,390][PeerSampler][DEBUG] Received Request from 9
[2024-05-28 21:56:01,400][TCP][DEBUG] -1 sent the message to 9.
[2024-05-28 21:56:01,400][TCP][DEBUG] Sent message size: 54
[2024-05-28 21:56:01,400][Node][DEBUG] Received some message from 2 with CHANNEL: SERVER_REQUEST
[2024-05-28 21:56:01,400][PeerSampler][DEBUG] Received Request from 2
[2024-05-28 21:56:01,403][TCP][DEBUG] -1 sent the message to 2.
[2024-05-28 21:56:01,403][TCP][DEBUG] Sent message size: 54
[2024-05-28 21:56:01,403][Node][DEBUG] Received some message from 11 with CHANNEL: SERVER_REQUEST
[2024-05-28 21:56:01,403][PeerSampler][DEBUG] Received Request from 11
[2024-05-28 21:56:01,406][TCP][DEBUG] -1 sent the message to 11.
[2024-05-28 21:56:01,406][TCP][DEBUG] Sent message size: 48
[2024-05-28 21:56:01,406][Node][DEBUG] Received some message from 10 with CHANNEL: SERVER_REQUEST
[2024-05-28 21:56:01,406][PeerSampler][DEBUG] Received Request from 10
[2024-05-28 21:56:01,408][TCP][DEBUG] -1 sent the message to 10.
[2024-05-28 21:56:01,409][TCP][DEBUG] Sent message size: 52
[2024-05-28 21:56:01,409][Node][DEBUG] Received some message from 0 with CHANNEL: SERVER_REQUEST
[2024-05-28 21:56:01,409][PeerSampler][DEBUG] Received Request from 0
[2024-05-28 21:56:01,409][PeerSamplerDynamic][DEBUG] iteration, self.iteration: 5, 4
[2024-05-28 21:56:01,411][TCP][DEBUG] -1 sent the message to 0.
[2024-05-28 21:56:01,411][TCP][DEBUG] Sent message size: 48
[2024-05-28 21:56:01,411][Node][DEBUG] Received some message from 4 with CHANNEL: SERVER_REQUEST
[2024-05-28 21:56:01,411][PeerSampler][DEBUG] Received Request from 4
[2024-05-28 21:56:01,413][TCP][DEBUG] -1 sent the message to 4.
[2024-05-28 21:56:01,413][TCP][DEBUG] Sent message size: 48
[2024-05-28 21:56:01,413][Node][DEBUG] Received some message from 6 with CHANNEL: SERVER_REQUEST
[2024-05-28 21:56:01,414][PeerSampler][DEBUG] Received Request from 6
[2024-05-28 21:56:01,499][TCP][DEBUG] -1 sent the message to 6.
[2024-05-28 21:56:01,499][TCP][DEBUG] Sent message size: 54
[2024-05-28 21:56:01,499][Node][DEBUG] Received some message from 4 with CHANNEL: SERVER_REQUEST
[2024-05-28 21:56:01,499][PeerSampler][DEBUG] Received Request from 4
[2024-05-28 21:56:01,510][TCP][DEBUG] -1 sent the message to 4.
[2024-05-28 21:56:01,511][TCP][DEBUG] Sent message size: 48
[2024-05-28 21:56:01,511][Node][DEBUG] Received some message from 0 with CHANNEL: SERVER_REQUEST
[2024-05-28 21:56:01,511][PeerSampler][DEBUG] Received Request from 0
[2024-05-28 21:56:01,511][PeerSamplerDynamic][DEBUG] iteration, self.iteration: 6, 5
[2024-05-28 21:56:01,516][TCP][DEBUG] -1 sent the message to 0.
[2024-05-28 21:56:01,516][TCP][DEBUG] Sent message size: 52
[2024-05-28 21:56:01,516][Node][DEBUG] Received some message from 5 with CHANNEL: SERVER_REQUEST
[2024-05-28 21:56:01,516][PeerSampler][DEBUG] Received Request from 5
[2024-05-28 21:56:01,518][TCP][DEBUG] -1 sent the message to 5.
[2024-05-28 21:56:01,518][TCP][DEBUG] Sent message size: 48
[2024-05-28 21:56:01,518][Node][DEBUG] Received some message from 8 with CHANNEL: SERVER_REQUEST
[2024-05-28 21:56:01,518][PeerSampler][DEBUG] Received Request from 8
[2024-05-28 21:56:01,521][TCP][DEBUG] -1 sent the message to 8.
[2024-05-28 21:56:01,521][TCP][DEBUG] Sent message size: 48
[2024-05-28 21:56:01,521][Node][DEBUG] Received some message from 11 with CHANNEL: SERVER_REQUEST
[2024-05-28 21:56:01,521][PeerSampler][DEBUG] Received Request from 11
[2024-05-28 21:56:01,523][TCP][DEBUG] -1 sent the message to 11.
[2024-05-28 21:56:01,523][TCP][DEBUG] Sent message size: 52
[2024-05-28 21:56:01,523][Node][DEBUG] Received some message from 1 with CHANNEL: SERVER_REQUEST
[2024-05-28 21:56:01,523][PeerSampler][DEBUG] Received Request from 1
[2024-05-28 21:56:01,530][TCP][DEBUG] -1 sent the message to 1.
[2024-05-28 21:56:01,530][TCP][DEBUG] Sent message size: 52
[2024-05-28 21:56:01,609][Node][DEBUG] Received some message from 2 with CHANNEL: SERVER_REQUEST
[2024-05-28 21:56:01,609][PeerSampler][DEBUG] Received Request from 2
[2024-05-28 21:56:01,617][TCP][DEBUG] -1 sent the message to 2.
[2024-05-28 21:56:01,617][TCP][DEBUG] Sent message size: 56
[2024-05-28 21:56:01,617][Node][DEBUG] Received some message from 9 with CHANNEL: SERVER_REQUEST
[2024-05-28 21:56:01,617][PeerSampler][DEBUG] Received Request from 9
[2024-05-28 21:56:01,623][TCP][DEBUG] -1 sent the message to 9.
[2024-05-28 21:56:01,624][TCP][DEBUG] Sent message size: 52
[2024-05-28 21:56:01,624][Node][DEBUG] Received some message from 6 with CHANNEL: SERVER_REQUEST
[2024-05-28 21:56:01,624][PeerSampler][DEBUG] Received Request from 6
[2024-05-28 21:56:01,630][TCP][DEBUG] -1 sent the message to 6.
[2024-05-28 21:56:01,630][TCP][DEBUG] Sent message size: 52
[2024-05-28 21:56:01,630][Node][DEBUG] Received some message from 10 with CHANNEL: SERVER_REQUEST
[2024-05-28 21:56:01,630][PeerSampler][DEBUG] Received Request from 10
[2024-05-28 21:56:01,638][TCP][DEBUG] -1 sent the message to 10.
[2024-05-28 21:56:01,639][TCP][DEBUG] Sent message size: 48
[2024-05-28 21:56:01,639][Node][DEBUG] Received some message from 8 with CHANNEL: SERVER_REQUEST
[2024-05-28 21:56:01,639][PeerSampler][DEBUG] Received Request from 8
[2024-05-28 21:56:01,642][TCP][DEBUG] -1 sent the message to 8.
[2024-05-28 21:56:01,642][TCP][DEBUG] Sent message size: 48
[2024-05-28 21:56:01,642][Node][DEBUG] Received some message from 5 with CHANNEL: SERVER_REQUEST
[2024-05-28 21:56:01,642][PeerSampler][DEBUG] Received Request from 5
[2024-05-28 21:56:01,643][TCP][DEBUG] -1 sent the message to 5.
[2024-05-28 21:56:01,644][TCP][DEBUG] Sent message size: 48
[2024-05-28 21:56:01,644][Node][DEBUG] Received some message from 3 with CHANNEL: SERVER_REQUEST
[2024-05-28 21:56:01,644][PeerSampler][DEBUG] Received Request from 3
[2024-05-28 21:56:01,646][TCP][DEBUG] -1 sent the message to 3.
[2024-05-28 21:56:01,646][TCP][DEBUG] Sent message size: 52
[2024-05-28 21:56:01,646][Node][DEBUG] Received some message from 7 with CHANNEL: SERVER_REQUEST
[2024-05-28 21:56:01,646][PeerSampler][DEBUG] Received Request from 7
[2024-05-28 21:56:01,657][TCP][DEBUG] -1 sent the message to 7.
[2024-05-28 21:56:01,660][TCP][DEBUG] Sent message size: 48
[2024-05-28 21:56:01,660][Node][DEBUG] Received some message from 11 with CHANNEL: SERVER_REQUEST
[2024-05-28 21:56:01,660][PeerSampler][DEBUG] Received Request from 11
[2024-05-28 21:56:01,681][TCP][DEBUG] -1 sent the message to 11.
[2024-05-28 21:56:01,681][TCP][DEBUG] Sent message size: 48
[2024-05-28 21:56:01,681][Node][DEBUG] Received some message from 4 with CHANNEL: SERVER_REQUEST
[2024-05-28 21:56:01,681][PeerSampler][DEBUG] Received Request from 4
[2024-05-28 21:56:01,690][TCP][DEBUG] -1 sent the message to 4.
[2024-05-28 21:56:01,690][TCP][DEBUG] Sent message size: 52
[2024-05-28 21:56:01,708][Node][DEBUG] Received some message from 1 with CHANNEL: SERVER_REQUEST
[2024-05-28 21:56:01,709][PeerSampler][DEBUG] Received Request from 1
[2024-05-28 21:56:01,715][TCP][DEBUG] -1 sent the message to 1.
[2024-05-28 21:56:01,715][TCP][DEBUG] Sent message size: 48
[2024-05-28 21:56:01,723][Node][DEBUG] Received some message from 10 with CHANNEL: SERVER_REQUEST
[2024-05-28 21:56:01,724][PeerSampler][DEBUG] Received Request from 10
[2024-05-28 21:56:01,728][TCP][DEBUG] -1 sent the message to 10.
[2024-05-28 21:56:01,728][TCP][DEBUG] Sent message size: 56
[2024-05-28 21:56:01,744][Node][DEBUG] Received some message from 2 with CHANNEL: SERVER_REQUEST
[2024-05-28 21:56:01,744][PeerSampler][DEBUG] Received Request from 2
[2024-05-28 21:56:01,747][TCP][DEBUG] -1 sent the message to 2.
[2024-05-28 21:56:01,747][TCP][DEBUG] Sent message size: 58
[2024-05-28 21:56:01,747][Node][DEBUG] Received some message from 9 with CHANNEL: SERVER_REQUEST
[2024-05-28 21:56:01,747][PeerSampler][DEBUG] Received Request from 9
[2024-05-28 21:56:01,748][TCP][DEBUG] -1 sent the message to 9.
[2024-05-28 21:56:01,748][TCP][DEBUG] Sent message size: 58
[2024-05-28 21:56:01,748][Node][DEBUG] Received some message from 8 with CHANNEL: SERVER_REQUEST
[2024-05-28 21:56:01,748][PeerSampler][DEBUG] Received Request from 8
[2024-05-28 21:56:01,753][TCP][DEBUG] -1 sent the message to 8.
[2024-05-28 21:56:01,754][TCP][DEBUG] Sent message size: 48
[2024-05-28 21:56:01,754][Node][DEBUG] Received some message from 5 with CHANNEL: SERVER_REQUEST
[2024-05-28 21:56:01,754][PeerSampler][DEBUG] Received Request from 5
[2024-05-28 21:56:01,761][TCP][DEBUG] -1 sent the message to 5.
[2024-05-28 21:56:01,761][TCP][DEBUG] Sent message size: 54
[2024-05-28 21:56:01,762][Node][DEBUG] Received some message from 3 with CHANNEL: SERVER_REQUEST
[2024-05-28 21:56:01,762][PeerSampler][DEBUG] Received Request from 3
[2024-05-28 21:56:01,771][TCP][DEBUG] -1 sent the message to 3.
[2024-05-28 21:56:01,771][TCP][DEBUG] Sent message size: 56
[2024-05-28 21:56:01,772][Node][DEBUG] Received some message from 7 with CHANNEL: SERVER_REQUEST
[2024-05-28 21:56:01,772][PeerSampler][DEBUG] Received Request from 7
[2024-05-28 21:56:01,779][TCP][DEBUG] -1 sent the message to 7.
[2024-05-28 21:56:01,779][TCP][DEBUG] Sent message size: 48
[2024-05-28 21:56:01,779][Node][DEBUG] Received some message from 6 with CHANNEL: SERVER_REQUEST
[2024-05-28 21:56:01,779][PeerSampler][DEBUG] Received Request from 6
[2024-05-28 21:56:01,783][TCP][DEBUG] -1 sent the message to 6.
[2024-05-28 21:56:01,783][TCP][DEBUG] Sent message size: 54
[2024-05-28 21:56:01,783][Node][DEBUG] Received some message from 11 with CHANNEL: SERVER_REQUEST
[2024-05-28 21:56:01,783][PeerSampler][DEBUG] Received Request from 11
[2024-05-28 21:56:01,787][TCP][DEBUG] -1 sent the message to 11.
[2024-05-28 21:56:01,787][TCP][DEBUG] Sent message size: 48
[2024-05-28 21:56:01,804][Node][DEBUG] Received some message from 1 with CHANNEL: SERVER_REQUEST
[2024-05-28 21:56:01,805][PeerSampler][DEBUG] Received Request from 1
[2024-05-28 21:56:01,812][TCP][DEBUG] -1 sent the message to 1.
[2024-05-28 21:56:01,813][TCP][DEBUG] Sent message size: 52
[2024-05-28 21:56:01,836][Node][DEBUG] Received some message from 8 with CHANNEL: SERVER_REQUEST
[2024-05-28 21:56:01,836][PeerSampler][DEBUG] Received Request from 8
[2024-05-28 21:56:01,836][PeerSamplerDynamic][DEBUG] iteration, self.iteration: 7, 6
[2024-05-28 21:56:01,841][TCP][DEBUG] -1 sent the message to 8.
[2024-05-28 21:56:01,841][TCP][DEBUG] Sent message size: 48
[2024-05-28 21:56:01,863][Node][DEBUG] Received some message from 9 with CHANNEL: SERVER_REQUEST
[2024-05-28 21:56:01,863][PeerSampler][DEBUG] Received Request from 9
[2024-05-28 21:56:01,868][TCP][DEBUG] -1 sent the message to 9.
[2024-05-28 21:56:01,868][TCP][DEBUG] Sent message size: 54
[2024-05-28 21:56:01,868][Node][DEBUG] Received some message from 2 with CHANNEL: SERVER_REQUEST
[2024-05-28 21:56:01,868][PeerSampler][DEBUG] Received Request from 2
[2024-05-28 21:56:01,876][TCP][DEBUG] -1 sent the message to 2.
[2024-05-28 21:56:01,876][TCP][DEBUG] Sent message size: 54
[2024-05-28 21:56:01,876][Node][DEBUG] Received some message from 10 with CHANNEL: SERVER_REQUEST
[2024-05-28 21:56:01,876][PeerSampler][DEBUG] Received Request from 10
[2024-05-28 21:56:01,879][TCP][DEBUG] -1 sent the message to 10.
[2024-05-28 21:56:01,879][TCP][DEBUG] Sent message size: 54
[2024-05-28 21:56:01,879][Node][DEBUG] Received some message from 6 with CHANNEL: SERVER_REQUEST
[2024-05-28 21:56:01,879][PeerSampler][DEBUG] Received Request from 6
[2024-05-28 21:56:01,881][TCP][DEBUG] -1 sent the message to 6.
[2024-05-28 21:56:01,881][TCP][DEBUG] Sent message size: 48
[2024-05-28 21:56:01,881][Node][DEBUG] Received some message from 11 with CHANNEL: SERVER_REQUEST
[2024-05-28 21:56:01,881][PeerSampler][DEBUG] Received Request from 11
[2024-05-28 21:56:01,884][TCP][DEBUG] -1 sent the message to 11.
[2024-05-28 21:56:01,884][TCP][DEBUG] Sent message size: 48
[2024-05-28 21:56:01,884][Node][DEBUG] Received some message from 3 with CHANNEL: SERVER_REQUEST
[2024-05-28 21:56:01,884][PeerSampler][DEBUG] Received Request from 3
[2024-05-28 21:56:01,887][TCP][DEBUG] -1 sent the message to 3.
[2024-05-28 21:56:01,887][TCP][DEBUG] Sent message size: 48
[2024-05-28 21:56:01,887][Node][DEBUG] Received some message from 7 with CHANNEL: SERVER_REQUEST
[2024-05-28 21:56:01,887][PeerSampler][DEBUG] Received Request from 7
[2024-05-28 21:56:01,896][TCP][DEBUG] -1 sent the message to 7.
[2024-05-28 21:56:01,896][TCP][DEBUG] Sent message size: 52
[2024-05-28 21:56:01,929][Node][DEBUG] Received some message from 8 with CHANNEL: SERVER_REQUEST
[2024-05-28 21:56:01,929][PeerSampler][DEBUG] Received Request from 8
[2024-05-28 21:56:01,930][PeerSamplerDynamic][DEBUG] iteration, self.iteration: 8, 7
[2024-05-28 21:56:01,942][TCP][DEBUG] -1 sent the message to 8.
[2024-05-28 21:56:01,942][TCP][DEBUG] Sent message size: 52
[2024-05-28 21:56:01,950][Node][DEBUG] Received some message from 9 with CHANNEL: SERVER_REQUEST
[2024-05-28 21:56:01,950][PeerSampler][DEBUG] Received Request from 9
[2024-05-28 21:56:01,954][TCP][DEBUG] -1 sent the message to 9.
[2024-05-28 21:56:01,954][TCP][DEBUG] Sent message size: 54
[2024-05-28 21:56:01,960][Node][DEBUG] Received some message from 2 with CHANNEL: SERVER_REQUEST
[2024-05-28 21:56:01,960][PeerSampler][DEBUG] Received Request from 2
[2024-05-28 21:56:01,965][TCP][DEBUG] -1 sent the message to 2.
[2024-05-28 21:56:01,965][TCP][DEBUG] Sent message size: 52
[2024-05-28 21:56:01,970][Node][DEBUG] Received some message from 1 with CHANNEL: SERVER_REQUEST
[2024-05-28 21:56:01,970][PeerSampler][DEBUG] Received Request from 1
[2024-05-28 21:56:01,977][TCP][DEBUG] -1 sent the message to 1.
[2024-05-28 21:56:01,977][TCP][DEBUG] Sent message size: 52
[2024-05-28 21:56:01,986][Node][DEBUG] Received some message from 6 with CHANNEL: SERVER_REQUEST
[2024-05-28 21:56:01,986][PeerSampler][DEBUG] Received Request from 6
[2024-05-28 21:56:01,989][TCP][DEBUG] -1 sent the message to 6.
[2024-05-28 21:56:01,989][TCP][DEBUG] Sent message size: 52
[2024-05-28 21:56:01,991][Node][DEBUG] Received some message from 0 with CHANNEL: SERVER_REQUEST
[2024-05-28 21:56:01,991][PeerSampler][DEBUG] Received Request from 0
[2024-05-28 21:56:01,993][TCP][DEBUG] -1 sent the message to 0.
[2024-05-28 21:56:01,993][TCP][DEBUG] Sent message size: 52
[2024-05-28 21:56:01,994][Node][DEBUG] Received some message from 3 with CHANNEL: SERVER_REQUEST
[2024-05-28 21:56:01,994][PeerSampler][DEBUG] Received Request from 3
[2024-05-28 21:56:01,995][TCP][DEBUG] -1 sent the message to 3.
[2024-05-28 21:56:01,995][TCP][DEBUG] Sent message size: 48
[2024-05-28 21:56:01,995][Node][DEBUG] Received some message from 11 with CHANNEL: SERVER_REQUEST
[2024-05-28 21:56:01,995][PeerSampler][DEBUG] Received Request from 11
[2024-05-28 21:56:01,998][TCP][DEBUG] -1 sent the message to 11.
[2024-05-28 21:56:01,998][TCP][DEBUG] Sent message size: 52
[2024-05-28 21:56:01,998][Node][DEBUG] Received some message from 4 with CHANNEL: SERVER_REQUEST
[2024-05-28 21:56:01,998][PeerSampler][DEBUG] Received Request from 4
[2024-05-28 21:56:02,005][TCP][DEBUG] -1 sent the message to 4.
[2024-05-28 21:56:02,005][TCP][DEBUG] Sent message size: 52
[2024-05-28 21:56:02,005][Node][DEBUG] Received some message from 5 with CHANNEL: SERVER_REQUEST
[2024-05-28 21:56:02,005][PeerSampler][DEBUG] Received Request from 5
[2024-05-28 21:56:02,012][TCP][DEBUG] -1 sent the message to 5.
[2024-05-28 21:56:02,012][TCP][DEBUG] Sent message size: 52
[2024-05-28 21:56:02,012][Node][DEBUG] Received some message from 7 with CHANNEL: SERVER_REQUEST
[2024-05-28 21:56:02,012][PeerSampler][DEBUG] Received Request from 7
