[2024-05-28 22:00:19,921][DPSGDNode][DEBUG] Rank: 0
[2024-05-28 22:00:19,925][DPSGDNode][DEBUG] type(graph): <class 'int'>
[2024-05-28 22:00:19,925][DPSGDNode][DEBUG] type(mapping): <class 'decentralizepy.mappings.Linear.Linear'>
[2024-05-28 22:00:29,468][CIFAR10][INFO] Loading training set.
[2024-05-28 22:00:31,061][CIFAR10][DEBUG] Size fractions: [0.08332, 0.08332, 0.08332, 0.08332, 0.08332, 0.08332, 0.08332, 0.08332, 0.08332, 0.08332, 0.08332, 0.08347999999999994]
[2024-05-28 22:00:31,090][CIFAR10][INFO] Loading testing set.
[2024-05-28 22:00:31,889][CIFAR10][INFO] Extracting the validation set from the test set.
[2024-05-28 22:00:31,890][Node][INFO] Dataset instantiation complete.
[2024-05-28 22:00:31,927][DPSGDWithPeerSampler][INFO] Each proc uses 2 threads out of 32.
[2024-05-28 22:00:31,927][Node][DEBUG] Sending connection request to -1
[2024-05-28 22:00:31,927][TCP][DEBUG] Connecting to my neighbour: -1
[2024-05-28 22:00:31,928][TCP][DEBUG] 0 sent the message to -1.
[2024-05-28 22:00:31,928][TCP][DEBUG] Sent message size: 46
[2024-05-28 22:00:31,928][Node][DEBUG] Waiting HELLO from -1
[2024-05-28 22:00:32,032][Node][DEBUG] Received some message from -1 with CHANNEL: CONNECT
[2024-05-28 22:00:32,032][Node][DEBUG] Received HELLO from -1
[2024-05-28 22:00:32,033][DPSGDNode][INFO] Starting training iteration: 0
[2024-05-28 22:00:32,484][Training][DEBUG] Round: 1 loss: 2.5068938732147217
[2024-05-28 22:00:32,495][Training][DEBUG] Round: 2 loss: 2.5084184408187866
[2024-05-28 22:00:32,505][Training][DEBUG] Round: 3 loss: 2.5191571712493896
[2024-05-28 22:00:32,505][DPSGDWithPeerSampler][DEBUG] Requesting neighbors from the peer sampler.
[2024-05-28 22:00:32,505][TCP][DEBUG] 0 sent the message to -1.
[2024-05-28 22:00:32,505][TCP][DEBUG] Sent message size: 79
[2024-05-28 22:00:32,514][Node][DEBUG] Received some message from -1 with CHANNEL: PEERS
[2024-05-28 22:00:32,514][DPSGDWithPeerSampler][DEBUG] Neighbors this round: set()
[2024-05-28 22:00:32,514][DPSGDNode][DEBUG] Connected to all neighbors
[2024-05-28 22:00:32,515][Sharing][DEBUG] Model sending this round: [-0.07372975  0.05238217 -0.03166332 ... -0.00380573  0.00648273
 -0.0103545 ]
[2024-05-28 22:00:32,515][DPSGDNode][DEBUG] Sent to all neighbors
[2024-05-28 22:00:32,515][DPSGDNode][DEBUG] Received from all
[2024-05-28 22:00:32,515][DPSGDNode][DEBUG] Averaging
[2024-05-28 22:00:32,516][DPSGDNode][DEBUG] Finished averaging
[2024-05-28 22:00:32,516][DPSGDNode][DEBUG] resetting optimizer
[2024-05-28 22:00:32,516][DPSGDNode][DEBUG] Finished resetting optimizer
[2024-05-28 22:00:32,517][DPSGDNode][INFO] Starting training iteration: 1
[2024-05-28 22:00:32,527][Training][DEBUG] Round: 1 loss: 2.238173007965088
[2024-05-28 22:00:32,537][Training][DEBUG] Round: 2 loss: 2.893899917602539
[2024-05-28 22:00:32,547][Training][DEBUG] Round: 3 loss: 2.85936705271403
[2024-05-28 22:00:32,547][DPSGDWithPeerSampler][DEBUG] Requesting neighbors from the peer sampler.
[2024-05-28 22:00:32,548][TCP][DEBUG] 0 sent the message to -1.
[2024-05-28 22:00:32,548][TCP][DEBUG] Sent message size: 79
[2024-05-28 22:00:32,548][Node][DEBUG] Received some message from -1 with CHANNEL: PEERS
[2024-05-28 22:00:32,548][DPSGDWithPeerSampler][DEBUG] Neighbors this round: set()
[2024-05-28 22:00:32,549][DPSGDNode][DEBUG] Connected to all neighbors
[2024-05-28 22:00:32,549][Sharing][DEBUG] Model sending this round: [-0.07349595  0.05281258 -0.03116226 ... -0.00537309  0.00928874
 -0.01275686]
[2024-05-28 22:00:32,550][DPSGDNode][DEBUG] Sent to all neighbors
[2024-05-28 22:00:32,550][DPSGDNode][DEBUG] Received from all
[2024-05-28 22:00:32,550][DPSGDNode][DEBUG] Averaging
[2024-05-28 22:00:32,550][DPSGDNode][DEBUG] Finished averaging
[2024-05-28 22:00:32,550][DPSGDNode][DEBUG] resetting optimizer
[2024-05-28 22:00:32,551][DPSGDNode][DEBUG] Finished resetting optimizer
[2024-05-28 22:00:32,552][DPSGDNode][INFO] Starting training iteration: 2
[2024-05-28 22:00:32,562][Training][DEBUG] Round: 1 loss: 2.1713833808898926
[2024-05-28 22:00:32,571][Training][DEBUG] Round: 2 loss: 2.487704873085022
[2024-05-28 22:00:32,581][Training][DEBUG] Round: 3 loss: 2.699189821879069
[2024-05-28 22:00:32,581][DPSGDWithPeerSampler][DEBUG] Requesting neighbors from the peer sampler.
[2024-05-28 22:00:32,582][TCP][DEBUG] 0 sent the message to -1.
[2024-05-28 22:00:32,582][TCP][DEBUG] Sent message size: 79
[2024-05-28 22:00:32,582][Node][DEBUG] Received some message from -1 with CHANNEL: PEERS
[2024-05-28 22:00:32,582][DPSGDWithPeerSampler][DEBUG] Neighbors this round: {1}
[2024-05-28 22:00:32,583][Node][DEBUG] Sending connection request to 1
[2024-05-28 22:00:32,583][TCP][DEBUG] Connecting to my neighbour: 1
[2024-05-28 22:00:32,583][TCP][DEBUG] 0 sent the message to 1.
[2024-05-28 22:00:32,583][TCP][DEBUG] Sent message size: 46
[2024-05-28 22:00:32,583][Node][DEBUG] Waiting HELLO from 1
[2024-05-28 22:00:32,596][Node][DEBUG] Received some message from 1 with CHANNEL: CONNECT
[2024-05-28 22:00:32,596][Node][DEBUG] Received HELLO from 1
[2024-05-28 22:00:32,597][DPSGDNode][DEBUG] Connected to all neighbors
[2024-05-28 22:00:32,597][Sharing][DEBUG] Model sending this round: [-0.07347961  0.0528259  -0.03113239 ... -0.00446552  0.00635486
 -0.01236499]
[2024-05-28 22:00:32,598][TCP][DEBUG] 0 sent the message to 1.
[2024-05-28 22:00:32,598][TCP][DEBUG] Sent message size: 359554
[2024-05-28 22:00:32,598][DPSGDNode][DEBUG] Sent to all neighbors
[2024-05-28 22:00:32,598][Node][DEBUG] Received some message from 1 with CHANNEL: DPSGD
[2024-05-28 22:00:32,599][DPSGDNode][DEBUG] Received Model from 1 of iteration 2
[2024-05-28 22:00:32,599][DPSGDNode][DEBUG] Received from all
[2024-05-28 22:00:32,599][DPSGDNode][DEBUG] Averaging
[2024-05-28 22:00:32,599][Sharing][DEBUG] Averaging model from neighbor 1 of iteration 2
[2024-05-28 22:00:32,600][DPSGDNode][DEBUG] Finished averaging
[2024-05-28 22:00:32,600][DPSGDNode][DEBUG] resetting optimizer
[2024-05-28 22:00:32,600][DPSGDNode][DEBUG] Finished resetting optimizer
[2024-05-28 22:00:32,602][DPSGDNode][INFO] Starting training iteration: 3
[2024-05-28 22:00:32,612][Training][DEBUG] Round: 1 loss: 2.217787981033325
[2024-05-28 22:00:32,622][Training][DEBUG] Round: 2 loss: 2.1907458305358887
[2024-05-28 22:00:32,632][Training][DEBUG] Round: 3 loss: 2.335153500239054
[2024-05-28 22:00:32,632][DPSGDWithPeerSampler][DEBUG] Requesting neighbors from the peer sampler.
[2024-05-28 22:00:32,632][TCP][DEBUG] 0 sent the message to -1.
[2024-05-28 22:00:32,632][TCP][DEBUG] Sent message size: 79
[2024-05-28 22:00:32,636][Node][DEBUG] Received some message from -1 with CHANNEL: PEERS
[2024-05-28 22:00:32,636][DPSGDWithPeerSampler][DEBUG] Neighbors this round: set()
[2024-05-28 22:00:32,636][DPSGDNode][DEBUG] Connected to all neighbors
[2024-05-28 22:00:32,637][Sharing][DEBUG] Model sending this round: [-0.0732704   0.05256802 -0.03117233 ... -0.00443688  0.01000967
 -0.012426  ]
[2024-05-28 22:00:32,637][DPSGDNode][DEBUG] Sent to all neighbors
[2024-05-28 22:00:32,637][DPSGDNode][DEBUG] Received from all
[2024-05-28 22:00:32,637][DPSGDNode][DEBUG] Averaging
[2024-05-28 22:00:32,638][DPSGDNode][DEBUG] Finished averaging
[2024-05-28 22:00:32,638][DPSGDNode][DEBUG] resetting optimizer
[2024-05-28 22:00:32,638][DPSGDNode][DEBUG] Finished resetting optimizer
[2024-05-28 22:00:32,646][DPSGDNode][INFO] Starting training iteration: 4
[2024-05-28 22:00:32,657][Training][DEBUG] Round: 1 loss: 2.9076125621795654
[2024-05-28 22:00:32,666][Training][DEBUG] Round: 2 loss: 2.7379390001296997
[2024-05-28 22:00:32,676][Training][DEBUG] Round: 3 loss: 2.701500097910563
[2024-05-28 22:00:32,676][DPSGDWithPeerSampler][DEBUG] Requesting neighbors from the peer sampler.
[2024-05-28 22:00:32,676][TCP][DEBUG] 0 sent the message to -1.
[2024-05-28 22:00:32,676][TCP][DEBUG] Sent message size: 79
[2024-05-28 22:00:32,677][Node][DEBUG] Received some message from 4 with CHANNEL: CONNECT
[2024-05-28 22:00:32,677][Node][DEBUG] Received some message from -1 with CHANNEL: PEERS
[2024-05-28 22:00:32,677][DPSGDWithPeerSampler][DEBUG] Neighbors this round: {4}
[2024-05-28 22:00:32,677][Node][DEBUG] Sending connection request to 4
[2024-05-28 22:00:32,677][TCP][DEBUG] Connecting to my neighbour: 4
[2024-05-28 22:00:32,678][TCP][DEBUG] 0 sent the message to 4.
[2024-05-28 22:00:32,678][TCP][DEBUG] Sent message size: 46
[2024-05-28 22:00:32,678][Node][DEBUG] Waiting HELLO from 4
[2024-05-28 22:00:32,678][Node][DEBUG] Received HELLO from 4
[2024-05-28 22:00:32,678][DPSGDNode][DEBUG] Connected to all neighbors
[2024-05-28 22:00:32,679][Sharing][DEBUG] Model sending this round: [-0.07357502  0.0523145  -0.03139533 ... -0.00482197  0.00605347
 -0.01256426]
[2024-05-28 22:00:32,679][TCP][DEBUG] 0 sent the message to 4.
[2024-05-28 22:00:32,679][TCP][DEBUG] Sent message size: 359554
[2024-05-28 22:00:32,680][DPSGDNode][DEBUG] Sent to all neighbors
[2024-05-28 22:00:32,680][Node][DEBUG] Received some message from 4 with CHANNEL: DPSGD
[2024-05-28 22:00:32,680][DPSGDNode][DEBUG] Received Model from 4 of iteration 4
[2024-05-28 22:00:32,680][DPSGDNode][DEBUG] Received from all
[2024-05-28 22:00:32,680][DPSGDNode][DEBUG] Averaging
[2024-05-28 22:00:32,680][Sharing][DEBUG] Averaging model from neighbor 4 of iteration 4
[2024-05-28 22:00:32,681][DPSGDNode][DEBUG] Finished averaging
[2024-05-28 22:00:32,682][DPSGDNode][DEBUG] resetting optimizer
[2024-05-28 22:00:32,682][DPSGDNode][DEBUG] Finished resetting optimizer
[2024-05-28 22:00:32,683][DPSGDNode][INFO] Starting training iteration: 5
[2024-05-28 22:00:32,693][Training][DEBUG] Round: 1 loss: 2.4897260665893555
[2024-05-28 22:00:32,702][Training][DEBUG] Round: 2 loss: 2.4644676446914673
[2024-05-28 22:00:32,711][Training][DEBUG] Round: 3 loss: 2.3355819384256997
[2024-05-28 22:00:32,711][DPSGDWithPeerSampler][DEBUG] Requesting neighbors from the peer sampler.
[2024-05-28 22:00:32,712][TCP][DEBUG] 0 sent the message to -1.
[2024-05-28 22:00:32,712][TCP][DEBUG] Sent message size: 79
[2024-05-28 22:00:32,712][Node][DEBUG] Received some message from 3 with CHANNEL: CONNECT
[2024-05-28 22:00:32,713][Node][DEBUG] Received some message from -1 with CHANNEL: PEERS
[2024-05-28 22:00:32,713][DPSGDWithPeerSampler][DEBUG] Neighbors this round: {3}
[2024-05-28 22:00:32,714][Node][DEBUG] Sending connection request to 3
[2024-05-28 22:00:32,714][TCP][DEBUG] Connecting to my neighbour: 3
[2024-05-28 22:00:32,714][TCP][DEBUG] 0 sent the message to 3.
[2024-05-28 22:00:32,714][TCP][DEBUG] Sent message size: 46
[2024-05-28 22:00:32,714][Node][DEBUG] Waiting HELLO from 3
[2024-05-28 22:00:32,714][Node][DEBUG] Received HELLO from 3
[2024-05-28 22:00:32,714][DPSGDNode][DEBUG] Connected to all neighbors
[2024-05-28 22:00:32,715][Sharing][DEBUG] Model sending this round: [-0.07337974  0.05246663 -0.03112879 ... -0.00510774  0.00750668
 -0.01320925]
[2024-05-28 22:00:32,716][TCP][DEBUG] 0 sent the message to 3.
[2024-05-28 22:00:32,716][TCP][DEBUG] Sent message size: 359554
[2024-05-28 22:00:32,716][DPSGDNode][DEBUG] Sent to all neighbors
[2024-05-28 22:00:32,716][Node][DEBUG] Received some message from 3 with CHANNEL: DPSGD
[2024-05-28 22:00:32,716][DPSGDNode][DEBUG] Received Model from 3 of iteration 5
[2024-05-28 22:00:32,716][DPSGDNode][DEBUG] Received from all
[2024-05-28 22:00:32,717][DPSGDNode][DEBUG] Averaging
[2024-05-28 22:00:32,717][Sharing][DEBUG] Averaging model from neighbor 3 of iteration 5
[2024-05-28 22:00:32,718][DPSGDNode][DEBUG] Finished averaging
[2024-05-28 22:00:32,718][DPSGDNode][DEBUG] resetting optimizer
[2024-05-28 22:00:32,718][DPSGDNode][DEBUG] Finished resetting optimizer
[2024-05-28 22:00:32,719][DPSGDNode][INFO] Starting training iteration: 6
[2024-05-28 22:00:32,729][Training][DEBUG] Round: 1 loss: 2.099738597869873
[2024-05-28 22:00:32,738][Training][DEBUG] Round: 2 loss: 2.4111838340759277
[2024-05-28 22:00:32,748][Training][DEBUG] Round: 3 loss: 2.37380051612854
[2024-05-28 22:00:32,748][DPSGDWithPeerSampler][DEBUG] Requesting neighbors from the peer sampler.
[2024-05-28 22:00:32,748][TCP][DEBUG] 0 sent the message to -1.
[2024-05-28 22:00:32,748][TCP][DEBUG] Sent message size: 79
[2024-05-28 22:00:32,749][Node][DEBUG] Received some message from -1 with CHANNEL: PEERS
[2024-05-28 22:00:32,749][DPSGDWithPeerSampler][DEBUG] Neighbors this round: set()
[2024-05-28 22:00:32,749][DPSGDNode][DEBUG] Connected to all neighbors
[2024-05-28 22:00:32,750][Sharing][DEBUG] Model sending this round: [-0.07306137  0.05306733 -0.03063784 ... -0.00510783  0.00770555
 -0.01168218]
[2024-05-28 22:00:32,750][DPSGDNode][DEBUG] Sent to all neighbors
[2024-05-28 22:00:32,750][DPSGDNode][DEBUG] Received from all
[2024-05-28 22:00:32,750][DPSGDNode][DEBUG] Averaging
[2024-05-28 22:00:32,751][DPSGDNode][DEBUG] Finished averaging
[2024-05-28 22:00:32,751][DPSGDNode][DEBUG] resetting optimizer
[2024-05-28 22:00:32,751][DPSGDNode][DEBUG] Finished resetting optimizer
[2024-05-28 22:00:32,752][DPSGDNode][INFO] Starting training iteration: 7
[2024-05-28 22:00:32,762][Training][DEBUG] Round: 1 loss: 2.211669683456421
[2024-05-28 22:00:32,772][Training][DEBUG] Round: 2 loss: 2.4738683700561523
[2024-05-28 22:00:32,781][Training][DEBUG] Round: 3 loss: 2.5068158308664956
[2024-05-28 22:00:32,782][DPSGDWithPeerSampler][DEBUG] Requesting neighbors from the peer sampler.
[2024-05-28 22:00:32,782][TCP][DEBUG] 0 sent the message to -1.
[2024-05-28 22:00:32,782][TCP][DEBUG] Sent message size: 79
[2024-05-28 22:00:32,785][Node][DEBUG] Received some message from -1 with CHANNEL: PEERS
[2024-05-28 22:00:32,786][DPSGDWithPeerSampler][DEBUG] Neighbors this round: set()
[2024-05-28 22:00:32,786][DPSGDNode][DEBUG] Connected to all neighbors
[2024-05-28 22:00:32,786][Sharing][DEBUG] Model sending this round: [-0.073502    0.05257282 -0.03117123 ... -0.00691105  0.00639639
 -0.01135402]
[2024-05-28 22:00:32,787][DPSGDNode][DEBUG] Sent to all neighbors
[2024-05-28 22:00:32,787][DPSGDNode][DEBUG] Received from all
[2024-05-28 22:00:32,787][DPSGDNode][DEBUG] Averaging
[2024-05-28 22:00:32,787][DPSGDNode][DEBUG] Finished averaging
[2024-05-28 22:00:32,788][DPSGDNode][DEBUG] resetting optimizer
[2024-05-28 22:00:32,788][DPSGDNode][DEBUG] Finished resetting optimizer
[2024-05-28 22:00:32,793][DPSGDNode][INFO] Starting training iteration: 8
[2024-05-28 22:00:32,803][Training][DEBUG] Round: 1 loss: 2.4483163356781006
[2024-05-28 22:00:32,813][Training][DEBUG] Round: 2 loss: 2.5495548248291016
[2024-05-28 22:00:32,822][Training][DEBUG] Round: 3 loss: 2.6447180906931558
[2024-05-28 22:00:32,822][DPSGDWithPeerSampler][DEBUG] Requesting neighbors from the peer sampler.
[2024-05-28 22:00:32,823][TCP][DEBUG] 0 sent the message to -1.
[2024-05-28 22:00:32,823][TCP][DEBUG] Sent message size: 79
[2024-05-28 22:00:32,824][Node][DEBUG] Received some message from -1 with CHANNEL: PEERS
[2024-05-28 22:00:32,824][DPSGDWithPeerSampler][DEBUG] Neighbors this round: set()
[2024-05-28 22:00:32,824][DPSGDNode][DEBUG] Connected to all neighbors
[2024-05-28 22:00:32,825][Sharing][DEBUG] Model sending this round: [-0.07365176  0.05264866 -0.03093814 ... -0.00517828  0.00691367
 -0.01214647]
[2024-05-28 22:00:32,825][DPSGDNode][DEBUG] Sent to all neighbors
[2024-05-28 22:00:32,825][DPSGDNode][DEBUG] Received from all
[2024-05-28 22:00:32,826][DPSGDNode][DEBUG] Averaging
[2024-05-28 22:00:32,826][DPSGDNode][DEBUG] Finished averaging
[2024-05-28 22:00:32,826][DPSGDNode][DEBUG] resetting optimizer
[2024-05-28 22:00:32,826][DPSGDNode][DEBUG] Finished resetting optimizer
[2024-05-28 22:00:32,828][DPSGDNode][INFO] Starting training iteration: 9
[2024-05-28 22:00:32,838][Training][DEBUG] Round: 1 loss: 2.224522829055786
[2024-05-28 22:00:32,847][Training][DEBUG] Round: 2 loss: 2.258474588394165
[2024-05-28 22:00:32,857][Training][DEBUG] Round: 3 loss: 2.306131362915039
[2024-05-28 22:00:32,857][DPSGDWithPeerSampler][DEBUG] Requesting neighbors from the peer sampler.
[2024-05-28 22:00:32,858][TCP][DEBUG] 0 sent the message to -1.
[2024-05-28 22:00:32,858][TCP][DEBUG] Sent message size: 79
[2024-05-28 22:00:32,861][Node][DEBUG] Received some message from -1 with CHANNEL: PEERS
[2024-05-28 22:00:32,861][DPSGDWithPeerSampler][DEBUG] Neighbors this round: {5}
[2024-05-28 22:00:32,861][Node][DEBUG] Sending connection request to 5
[2024-05-28 22:00:32,861][TCP][DEBUG] Connecting to my neighbour: 5
[2024-05-28 22:00:32,862][TCP][DEBUG] 0 sent the message to 5.
[2024-05-28 22:00:32,862][TCP][DEBUG] Sent message size: 46
[2024-05-28 22:00:32,862][Node][DEBUG] Waiting HELLO from 5
[2024-05-28 22:00:32,870][Node][DEBUG] Received some message from 5 with CHANNEL: CONNECT
[2024-05-28 22:00:32,870][Node][DEBUG] Received HELLO from 5
[2024-05-28 22:00:32,870][DPSGDNode][DEBUG] Connected to all neighbors
[2024-05-28 22:00:32,871][Sharing][DEBUG] Model sending this round: [-0.07350311  0.05278184 -0.03086847 ... -0.00580432  0.00663281
 -0.01308599]
[2024-05-28 22:00:32,872][TCP][DEBUG] 0 sent the message to 5.
[2024-05-28 22:00:32,872][TCP][DEBUG] Sent message size: 359554
[2024-05-28 22:00:32,872][DPSGDNode][DEBUG] Sent to all neighbors
[2024-05-28 22:00:32,873][Node][DEBUG] Received some message from 5 with CHANNEL: DPSGD
[2024-05-28 22:00:32,873][DPSGDNode][DEBUG] Received Model from 5 of iteration 9
[2024-05-28 22:00:32,873][DPSGDNode][DEBUG] Received from all
[2024-05-28 22:00:32,873][DPSGDNode][DEBUG] Averaging
[2024-05-28 22:00:32,873][Sharing][DEBUG] Averaging model from neighbor 5 of iteration 9
[2024-05-28 22:00:32,875][DPSGDNode][DEBUG] Finished averaging
[2024-05-28 22:00:32,875][DPSGDNode][DEBUG] resetting optimizer
[2024-05-28 22:00:32,875][DPSGDNode][DEBUG] Finished resetting optimizer
[2024-05-28 22:00:32,884][DPSGDNode][INFO] Starting training iteration: 10
[2024-05-28 22:00:32,895][Training][DEBUG] Round: 1 loss: 1.9942280054092407
[2024-05-28 22:00:32,905][Training][DEBUG] Round: 2 loss: 2.1394705176353455
[2024-05-28 22:00:32,914][Training][DEBUG] Round: 3 loss: 2.064229726791382
[2024-05-28 22:00:32,915][DPSGDWithPeerSampler][DEBUG] Requesting neighbors from the peer sampler.
[2024-05-28 22:00:32,915][TCP][DEBUG] 0 sent the message to -1.
[2024-05-28 22:00:32,915][TCP][DEBUG] Sent message size: 79
[2024-05-28 22:00:32,916][Node][DEBUG] Received some message from -1 with CHANNEL: PEERS
[2024-05-28 22:00:32,916][DPSGDWithPeerSampler][DEBUG] Neighbors this round: set()
[2024-05-28 22:00:32,916][DPSGDNode][DEBUG] Connected to all neighbors
[2024-05-28 22:00:32,917][Sharing][DEBUG] Model sending this round: [-0.07336526  0.05277142 -0.03099487 ... -0.0062943   0.00493879
 -0.01411456]
[2024-05-28 22:00:32,917][DPSGDNode][DEBUG] Sent to all neighbors
[2024-05-28 22:00:32,917][DPSGDNode][DEBUG] Received from all
[2024-05-28 22:00:32,917][DPSGDNode][DEBUG] Averaging
[2024-05-28 22:00:32,918][DPSGDNode][DEBUG] Finished averaging
[2024-05-28 22:00:32,918][DPSGDNode][DEBUG] resetting optimizer
[2024-05-28 22:00:32,918][DPSGDNode][DEBUG] Finished resetting optimizer
[2024-05-28 22:00:32,927][DPSGDNode][INFO] Starting training iteration: 11
[2024-05-28 22:00:32,938][Training][DEBUG] Round: 1 loss: 2.1396875381469727
[2024-05-28 22:00:32,948][Training][DEBUG] Round: 2 loss: 2.3183518648147583
[2024-05-28 22:00:32,958][Training][DEBUG] Round: 3 loss: 2.25154980023702
[2024-05-28 22:00:32,958][DPSGDWithPeerSampler][DEBUG] Requesting neighbors from the peer sampler.
[2024-05-28 22:00:32,958][TCP][DEBUG] 0 sent the message to -1.
[2024-05-28 22:00:32,959][TCP][DEBUG] Sent message size: 79
[2024-05-28 22:00:32,959][Node][DEBUG] Received some message from -1 with CHANNEL: PEERS
[2024-05-28 22:00:32,959][DPSGDWithPeerSampler][DEBUG] Neighbors this round: {8, 7}
[2024-05-28 22:00:32,960][Node][DEBUG] Sending connection request to 8
[2024-05-28 22:00:32,960][TCP][DEBUG] Connecting to my neighbour: 8
[2024-05-28 22:00:32,960][TCP][DEBUG] 0 sent the message to 8.
[2024-05-28 22:00:32,960][TCP][DEBUG] Sent message size: 46
[2024-05-28 22:00:32,960][Node][DEBUG] Sending connection request to 7
[2024-05-28 22:00:32,960][TCP][DEBUG] Connecting to my neighbour: 7
[2024-05-28 22:00:32,961][TCP][DEBUG] 0 sent the message to 7.
[2024-05-28 22:00:32,961][TCP][DEBUG] Sent message size: 46
[2024-05-28 22:00:32,961][Node][DEBUG] Waiting HELLO from 8
[2024-05-28 22:00:32,961][Node][DEBUG] Received some message from 8 with CHANNEL: CONNECT
[2024-05-28 22:00:32,961][Node][DEBUG] Received HELLO from 8
[2024-05-28 22:00:32,961][Node][DEBUG] Waiting HELLO from 7
[2024-05-28 22:00:32,982][Node][DEBUG] Received some message from 7 with CHANNEL: CONNECT
[2024-05-28 22:00:32,983][Node][DEBUG] Received HELLO from 7
[2024-05-28 22:00:32,983][DPSGDNode][DEBUG] Connected to all neighbors
[2024-05-28 22:00:32,984][Sharing][DEBUG] Model sending this round: [-0.07351557  0.0528572  -0.03081819 ... -0.00668734  0.0065968
 -0.01158265]
[2024-05-28 22:00:32,984][TCP][DEBUG] 0 sent the message to 8.
[2024-05-28 22:00:32,984][TCP][DEBUG] Sent message size: 359554
[2024-05-28 22:00:32,984][TCP][DEBUG] 0 sent the message to 7.
[2024-05-28 22:00:32,985][TCP][DEBUG] Sent message size: 359554
[2024-05-28 22:00:32,985][DPSGDNode][DEBUG] Sent to all neighbors
[2024-05-28 22:00:32,985][Node][DEBUG] Received some message from 7 with CHANNEL: DPSGD
[2024-05-28 22:00:32,985][DPSGDNode][DEBUG] Received Model from 7 of iteration 11
[2024-05-28 22:00:32,985][Node][DEBUG] Received some message from 8 with CHANNEL: DPSGD
[2024-05-28 22:00:32,985][DPSGDNode][DEBUG] Received Model from 8 of iteration 11
[2024-05-28 22:00:32,985][DPSGDNode][DEBUG] Received from all
[2024-05-28 22:00:32,986][DPSGDNode][DEBUG] Averaging
[2024-05-28 22:00:32,986][Sharing][DEBUG] Averaging model from neighbor 8 of iteration 11
[2024-05-28 22:00:32,986][Sharing][DEBUG] Averaging model from neighbor 7 of iteration 11
[2024-05-28 22:00:32,987][DPSGDNode][DEBUG] Finished averaging
[2024-05-28 22:00:32,988][DPSGDNode][DEBUG] resetting optimizer
[2024-05-28 22:00:32,988][DPSGDNode][DEBUG] Finished resetting optimizer
[2024-05-28 22:00:32,989][DPSGDNode][INFO] Starting training iteration: 12
[2024-05-28 22:00:32,999][Training][DEBUG] Round: 1 loss: 2.265125274658203
[2024-05-28 22:00:33,008][Training][DEBUG] Round: 2 loss: 2.288371205329895
[2024-05-28 22:00:33,017][Training][DEBUG] Round: 3 loss: 2.215943972269694
[2024-05-28 22:00:33,017][DPSGDWithPeerSampler][DEBUG] Requesting neighbors from the peer sampler.
[2024-05-28 22:00:33,018][TCP][DEBUG] 0 sent the message to -1.
[2024-05-28 22:00:33,018][TCP][DEBUG] Sent message size: 79
[2024-05-28 22:00:33,018][Node][DEBUG] Received some message from 2 with CHANNEL: CONNECT
[2024-05-28 22:00:33,020][Node][DEBUG] Received some message from -1 with CHANNEL: PEERS
[2024-05-28 22:00:33,021][DPSGDWithPeerSampler][DEBUG] Neighbors this round: {2}
[2024-05-28 22:00:33,021][Node][DEBUG] Sending connection request to 2
[2024-05-28 22:00:33,021][TCP][DEBUG] Connecting to my neighbour: 2
[2024-05-28 22:00:33,021][TCP][DEBUG] 0 sent the message to 2.
[2024-05-28 22:00:33,021][TCP][DEBUG] Sent message size: 46
[2024-05-28 22:00:33,021][Node][DEBUG] Waiting HELLO from 2
[2024-05-28 22:00:33,021][Node][DEBUG] Received HELLO from 2
[2024-05-28 22:00:33,022][DPSGDNode][DEBUG] Connected to all neighbors
[2024-05-28 22:00:33,022][Sharing][DEBUG] Model sending this round: [-0.07305258  0.05309199 -0.03082963 ... -0.00240447  0.00692455
 -0.01194604]
[2024-05-28 22:00:33,023][TCP][DEBUG] 0 sent the message to 2.
[2024-05-28 22:00:33,023][TCP][DEBUG] Sent message size: 359554
[2024-05-28 22:00:33,023][DPSGDNode][DEBUG] Sent to all neighbors
[2024-05-28 22:00:33,024][Node][DEBUG] Received some message from 2 with CHANNEL: DPSGD
[2024-05-28 22:00:33,024][DPSGDNode][DEBUG] Received Model from 2 of iteration 12
[2024-05-28 22:00:33,024][DPSGDNode][DEBUG] Received from all
[2024-05-28 22:00:33,024][DPSGDNode][DEBUG] Averaging
[2024-05-28 22:00:33,025][Sharing][DEBUG] Averaging model from neighbor 2 of iteration 12
[2024-05-28 22:00:33,026][DPSGDNode][DEBUG] Finished averaging
[2024-05-28 22:00:33,026][DPSGDNode][DEBUG] resetting optimizer
[2024-05-28 22:00:33,026][DPSGDNode][DEBUG] Finished resetting optimizer
[2024-05-28 22:00:33,027][DPSGDNode][INFO] Starting training iteration: 13
[2024-05-28 22:00:33,037][Training][DEBUG] Round: 1 loss: 1.9303340911865234
[2024-05-28 22:00:33,046][Training][DEBUG] Round: 2 loss: 2.0496803522109985
[2024-05-28 22:00:33,055][Training][DEBUG] Round: 3 loss: 1.9043548504511516
[2024-05-28 22:00:33,056][DPSGDWithPeerSampler][DEBUG] Requesting neighbors from the peer sampler.
[2024-05-28 22:00:33,056][TCP][DEBUG] 0 sent the message to -1.
[2024-05-28 22:00:33,056][TCP][DEBUG] Sent message size: 79
[2024-05-28 22:00:33,057][Node][DEBUG] Received some message from 9 with CHANNEL: CONNECT
[2024-05-28 22:00:33,059][Node][DEBUG] Received some message from 1 with CHANNEL: DPSGD
[2024-05-28 22:00:33,060][Node][DEBUG] Received some message from -1 with CHANNEL: PEERS
[2024-05-28 22:00:33,060][DPSGDWithPeerSampler][DEBUG] Neighbors this round: {1, 9}
[2024-05-28 22:00:33,060][Node][DEBUG] Sending connection request to 9
[2024-05-28 22:00:33,061][TCP][DEBUG] Connecting to my neighbour: 9
[2024-05-28 22:00:33,061][TCP][DEBUG] 0 sent the message to 9.
[2024-05-28 22:00:33,061][TCP][DEBUG] Sent message size: 46
[2024-05-28 22:00:33,061][Node][DEBUG] Waiting HELLO from 9
[2024-05-28 22:00:33,061][Node][DEBUG] Received HELLO from 9
[2024-05-28 22:00:33,061][DPSGDNode][DEBUG] Connected to all neighbors
[2024-05-28 22:00:33,062][Sharing][DEBUG] Model sending this round: [-0.07173963  0.0543622  -0.02965263 ... -0.00306524  0.00787285
 -0.00948109]
[2024-05-28 22:00:33,062][TCP][DEBUG] 0 sent the message to 1.
[2024-05-28 22:00:33,063][TCP][DEBUG] Sent message size: 359554
[2024-05-28 22:00:33,063][TCP][DEBUG] 0 sent the message to 9.
[2024-05-28 22:00:33,063][TCP][DEBUG] Sent message size: 359554
[2024-05-28 22:00:33,063][DPSGDNode][DEBUG] Sent to all neighbors
[2024-05-28 22:00:33,063][DPSGDNode][DEBUG] Received Model from 1 of iteration 13
[2024-05-28 22:00:33,064][Node][DEBUG] Received some message from 9 with CHANNEL: DPSGD
[2024-05-28 22:00:33,064][DPSGDNode][DEBUG] Received Model from 9 of iteration 13
[2024-05-28 22:00:33,064][DPSGDNode][DEBUG] Received from all
[2024-05-28 22:00:33,064][DPSGDNode][DEBUG] Averaging
[2024-05-28 22:00:33,064][Sharing][DEBUG] Averaging model from neighbor 1 of iteration 13
[2024-05-28 22:00:33,064][Sharing][DEBUG] Averaging model from neighbor 9 of iteration 13
[2024-05-28 22:00:33,066][DPSGDNode][DEBUG] Finished averaging
[2024-05-28 22:00:33,066][DPSGDNode][DEBUG] resetting optimizer
[2024-05-28 22:00:33,066][DPSGDNode][DEBUG] Finished resetting optimizer
[2024-05-28 22:00:33,067][DPSGDNode][INFO] Starting training iteration: 14
[2024-05-28 22:00:33,077][Training][DEBUG] Round: 1 loss: 2.355581283569336
[2024-05-28 22:00:33,087][Training][DEBUG] Round: 2 loss: 2.315828561782837
[2024-05-28 22:00:33,096][Training][DEBUG] Round: 3 loss: 2.2163604895273843
[2024-05-28 22:00:33,097][DPSGDWithPeerSampler][DEBUG] Requesting neighbors from the peer sampler.
[2024-05-28 22:00:33,097][TCP][DEBUG] 0 sent the message to -1.
[2024-05-28 22:00:33,097][TCP][DEBUG] Sent message size: 79
[2024-05-28 22:00:33,097][Node][DEBUG] Received some message from 11 with CHANNEL: CONNECT
[2024-05-28 22:00:33,100][Node][DEBUG] Received some message from -1 with CHANNEL: PEERS
[2024-05-28 22:00:33,100][DPSGDWithPeerSampler][DEBUG] Neighbors this round: {8, 1}
[2024-05-28 22:00:33,100][DPSGDNode][DEBUG] Connected to all neighbors
[2024-05-28 22:00:33,101][Sharing][DEBUG] Model sending this round: [-0.07203187  0.05409452 -0.0294859  ... -0.00366002  0.00505587
 -0.01340096]
[2024-05-28 22:00:33,101][TCP][DEBUG] 0 sent the message to 8.
[2024-05-28 22:00:33,101][TCP][DEBUG] Sent message size: 359554
[2024-05-28 22:00:33,102][TCP][DEBUG] 0 sent the message to 1.
[2024-05-28 22:00:33,102][TCP][DEBUG] Sent message size: 359554
[2024-05-28 22:00:33,102][DPSGDNode][DEBUG] Sent to all neighbors
[2024-05-28 22:00:33,102][Node][DEBUG] Received some message from 8 with CHANNEL: DPSGD
[2024-05-28 22:00:33,102][DPSGDNode][DEBUG] Received Model from 8 of iteration 14
[2024-05-28 22:00:33,102][Node][DEBUG] Received some message from 1 with CHANNEL: DPSGD
[2024-05-28 22:00:33,103][DPSGDNode][DEBUG] Received Model from 1 of iteration 14
[2024-05-28 22:00:33,103][DPSGDNode][DEBUG] Received from all
[2024-05-28 22:00:33,103][DPSGDNode][DEBUG] Averaging
[2024-05-28 22:00:33,103][Sharing][DEBUG] Averaging model from neighbor 8 of iteration 14
[2024-05-28 22:00:33,104][Sharing][DEBUG] Averaging model from neighbor 1 of iteration 14
[2024-05-28 22:00:33,105][DPSGDNode][DEBUG] Finished averaging
[2024-05-28 22:00:33,105][DPSGDNode][DEBUG] resetting optimizer
[2024-05-28 22:00:33,105][DPSGDNode][DEBUG] Finished resetting optimizer
[2024-05-28 22:00:33,106][DPSGDNode][INFO] Starting training iteration: 15
[2024-05-28 22:00:33,116][Training][DEBUG] Round: 1 loss: 2.082263469696045
[2024-05-28 22:00:33,126][Training][DEBUG] Round: 2 loss: 2.1361182928085327
[2024-05-28 22:00:33,136][Training][DEBUG] Round: 3 loss: 2.1552019913991294
[2024-05-28 22:00:33,136][DPSGDWithPeerSampler][DEBUG] Requesting neighbors from the peer sampler.
[2024-05-28 22:00:33,137][TCP][DEBUG] 0 sent the message to -1.
[2024-05-28 22:00:33,137][TCP][DEBUG] Sent message size: 79
[2024-05-28 22:00:33,137][Node][DEBUG] Received some message from 2 with CHANNEL: DPSGD
[2024-05-28 22:00:33,137][Node][DEBUG] Received some message from -1 with CHANNEL: PEERS
[2024-05-28 22:00:33,138][DPSGDWithPeerSampler][DEBUG] Neighbors this round: {2, 11}
[2024-05-28 22:00:33,138][Node][DEBUG] Sending connection request to 11
[2024-05-28 22:00:33,138][TCP][DEBUG] Connecting to my neighbour: 11
[2024-05-28 22:00:33,138][TCP][DEBUG] 0 sent the message to 11.
[2024-05-28 22:00:33,138][TCP][DEBUG] Sent message size: 46
[2024-05-28 22:00:33,138][Node][DEBUG] Waiting HELLO from 11
[2024-05-28 22:00:33,138][Node][DEBUG] Received HELLO from 11
[2024-05-28 22:00:33,139][DPSGDNode][DEBUG] Connected to all neighbors
[2024-05-28 22:00:33,139][Sharing][DEBUG] Model sending this round: [-0.07212581  0.05417008 -0.0293863  ... -0.00513522  0.00685143
 -0.01342065]
[2024-05-28 22:00:33,140][TCP][DEBUG] 0 sent the message to 2.
[2024-05-28 22:00:33,140][TCP][DEBUG] Sent message size: 359554
[2024-05-28 22:00:33,140][TCP][DEBUG] 0 sent the message to 11.
[2024-05-28 22:00:33,140][TCP][DEBUG] Sent message size: 359554
[2024-05-28 22:00:33,140][DPSGDNode][DEBUG] Sent to all neighbors
[2024-05-28 22:00:33,140][DPSGDNode][DEBUG] Received Model from 2 of iteration 15
[2024-05-28 22:00:33,141][Node][DEBUG] Received some message from 11 with CHANNEL: DPSGD
[2024-05-28 22:00:33,141][DPSGDNode][DEBUG] Received Model from 11 of iteration 15
[2024-05-28 22:00:33,141][DPSGDNode][DEBUG] Received from all
[2024-05-28 22:00:33,141][DPSGDNode][DEBUG] Averaging
[2024-05-28 22:00:33,141][Sharing][DEBUG] Averaging model from neighbor 2 of iteration 15
[2024-05-28 22:00:33,142][Sharing][DEBUG] Averaging model from neighbor 11 of iteration 15
[2024-05-28 22:00:33,143][DPSGDNode][DEBUG] Finished averaging
[2024-05-28 22:00:33,143][DPSGDNode][DEBUG] resetting optimizer
[2024-05-28 22:00:33,143][DPSGDNode][DEBUG] Finished resetting optimizer
[2024-05-28 22:00:33,144][DPSGDNode][INFO] Starting training iteration: 16
[2024-05-28 22:00:33,154][Training][DEBUG] Round: 1 loss: 2.4099364280700684
[2024-05-28 22:00:33,164][Training][DEBUG] Round: 2 loss: 2.265028715133667
[2024-05-28 22:00:33,178][Training][DEBUG] Round: 3 loss: 2.2575310866038003
[2024-05-28 22:00:33,178][DPSGDWithPeerSampler][DEBUG] Requesting neighbors from the peer sampler.
[2024-05-28 22:00:33,178][TCP][DEBUG] 0 sent the message to -1.
[2024-05-28 22:00:33,178][TCP][DEBUG] Sent message size: 79
[2024-05-28 22:00:33,179][Node][DEBUG] Received some message from 6 with CHANNEL: CONNECT
[2024-05-28 22:00:33,181][Node][DEBUG] Received some message from -1 with CHANNEL: PEERS
[2024-05-28 22:00:33,182][DPSGDWithPeerSampler][DEBUG] Neighbors this round: {2, 6}
[2024-05-28 22:00:33,182][Node][DEBUG] Sending connection request to 6
[2024-05-28 22:00:33,183][TCP][DEBUG] Connecting to my neighbour: 6
[2024-05-28 22:00:33,183][TCP][DEBUG] 0 sent the message to 6.
[2024-05-28 22:00:33,183][TCP][DEBUG] Sent message size: 46
[2024-05-28 22:00:33,183][Node][DEBUG] Waiting HELLO from 6
[2024-05-28 22:00:33,183][Node][DEBUG] Received HELLO from 6
[2024-05-28 22:00:33,183][DPSGDNode][DEBUG] Connected to all neighbors
[2024-05-28 22:00:33,186][Sharing][DEBUG] Model sending this round: [-0.07200059  0.05400968 -0.03005357 ... -0.00443374  0.00532756
 -0.01126866]
[2024-05-28 22:00:33,186][TCP][DEBUG] 0 sent the message to 2.
[2024-05-28 22:00:33,186][TCP][DEBUG] Sent message size: 359554
[2024-05-28 22:00:33,187][TCP][DEBUG] 0 sent the message to 6.
[2024-05-28 22:00:33,189][TCP][DEBUG] Sent message size: 359554
[2024-05-28 22:00:33,189][DPSGDNode][DEBUG] Sent to all neighbors
[2024-05-28 22:00:33,190][Node][DEBUG] Received some message from 2 with CHANNEL: DPSGD
[2024-05-28 22:00:33,190][DPSGDNode][DEBUG] Received Model from 2 of iteration 16
[2024-05-28 22:00:33,193][Node][DEBUG] Received some message from 6 with CHANNEL: DPSGD
[2024-05-28 22:00:33,194][DPSGDNode][DEBUG] Received Model from 6 of iteration 16
[2024-05-28 22:00:33,196][DPSGDNode][DEBUG] Received from all
[2024-05-28 22:00:33,197][DPSGDNode][DEBUG] Averaging
[2024-05-28 22:00:33,197][Sharing][DEBUG] Averaging model from neighbor 2 of iteration 16
[2024-05-28 22:00:33,197][Sharing][DEBUG] Averaging model from neighbor 6 of iteration 16
[2024-05-28 22:00:33,198][DPSGDNode][DEBUG] Finished averaging
[2024-05-28 22:00:33,199][DPSGDNode][DEBUG] resetting optimizer
[2024-05-28 22:00:33,199][DPSGDNode][DEBUG] Finished resetting optimizer
[2024-05-28 22:00:33,206][DPSGDNode][INFO] Starting training iteration: 17
[2024-05-28 22:00:33,221][Training][DEBUG] Round: 1 loss: 1.9750412702560425
[2024-05-28 22:00:33,233][Training][DEBUG] Round: 2 loss: 1.976272463798523
[2024-05-28 22:00:33,243][Training][DEBUG] Round: 3 loss: 2.0171926816304526
[2024-05-28 22:00:33,247][DPSGDWithPeerSampler][DEBUG] Requesting neighbors from the peer sampler.
[2024-05-28 22:00:33,247][TCP][DEBUG] 0 sent the message to -1.
[2024-05-28 22:00:33,247][TCP][DEBUG] Sent message size: 79
[2024-05-28 22:00:33,247][Node][DEBUG] Received some message from 2 with CHANNEL: DPSGD
[2024-05-28 22:00:33,248][Node][DEBUG] Received some message from -1 with CHANNEL: PEERS
[2024-05-28 22:00:33,248][DPSGDWithPeerSampler][DEBUG] Neighbors this round: {2}
[2024-05-28 22:00:33,248][DPSGDNode][DEBUG] Connected to all neighbors
[2024-05-28 22:00:33,249][Sharing][DEBUG] Model sending this round: [-0.0721586   0.05404738 -0.02981364 ... -0.00751375  0.00793745
 -0.01370739]
[2024-05-28 22:00:33,249][TCP][DEBUG] 0 sent the message to 2.
[2024-05-28 22:00:33,249][TCP][DEBUG] Sent message size: 359554
[2024-05-28 22:00:33,249][DPSGDNode][DEBUG] Sent to all neighbors
[2024-05-28 22:00:33,250][DPSGDNode][DEBUG] Received Model from 2 of iteration 17
[2024-05-28 22:00:33,250][DPSGDNode][DEBUG] Received from all
[2024-05-28 22:00:33,250][DPSGDNode][DEBUG] Averaging
[2024-05-28 22:00:33,250][Sharing][DEBUG] Averaging model from neighbor 2 of iteration 17
[2024-05-28 22:00:33,251][DPSGDNode][DEBUG] Finished averaging
[2024-05-28 22:00:33,251][DPSGDNode][DEBUG] resetting optimizer
[2024-05-28 22:00:33,251][DPSGDNode][DEBUG] Finished resetting optimizer
[2024-05-28 22:00:33,253][DPSGDNode][INFO] Starting training iteration: 18
[2024-05-28 22:00:33,263][Training][DEBUG] Round: 1 loss: 1.7077165842056274
[2024-05-28 22:00:33,272][Training][DEBUG] Round: 2 loss: 2.1135231852531433
[2024-05-28 22:00:33,282][Training][DEBUG] Round: 3 loss: 2.1281500260035195
[2024-05-28 22:00:33,282][DPSGDWithPeerSampler][DEBUG] Requesting neighbors from the peer sampler.
[2024-05-28 22:00:33,283][TCP][DEBUG] 0 sent the message to -1.
[2024-05-28 22:00:33,283][TCP][DEBUG] Sent message size: 79
[2024-05-28 22:00:33,284][Node][DEBUG] Received some message from -1 with CHANNEL: PEERS
[2024-05-28 22:00:33,284][DPSGDWithPeerSampler][DEBUG] Neighbors this round: {9, 2}
[2024-05-28 22:00:33,284][DPSGDNode][DEBUG] Connected to all neighbors
[2024-05-28 22:00:33,285][Sharing][DEBUG] Model sending this round: [-0.0720558   0.05426843 -0.02972738 ... -0.0042027   0.0074973
 -0.012686  ]
[2024-05-28 22:00:33,285][TCP][DEBUG] 0 sent the message to 9.
[2024-05-28 22:00:33,285][TCP][DEBUG] Sent message size: 359554
[2024-05-28 22:00:33,286][TCP][DEBUG] 0 sent the message to 2.
[2024-05-28 22:00:33,286][TCP][DEBUG] Sent message size: 359554
[2024-05-28 22:00:33,287][DPSGDNode][DEBUG] Sent to all neighbors
[2024-05-28 22:00:33,287][Node][DEBUG] Received some message from 9 with CHANNEL: DPSGD
[2024-05-28 22:00:33,288][DPSGDNode][DEBUG] Received Model from 9 of iteration 18
[2024-05-28 22:00:33,314][Node][DEBUG] Received some message from 2 with CHANNEL: DPSGD
[2024-05-28 22:00:33,314][DPSGDNode][DEBUG] Received Model from 2 of iteration 18
[2024-05-28 22:00:33,314][DPSGDNode][DEBUG] Received from all
[2024-05-28 22:00:33,314][DPSGDNode][DEBUG] Averaging
[2024-05-28 22:00:33,314][Sharing][DEBUG] Averaging model from neighbor 9 of iteration 18
[2024-05-28 22:00:33,315][Sharing][DEBUG] Averaging model from neighbor 2 of iteration 18
[2024-05-28 22:00:33,316][DPSGDNode][DEBUG] Finished averaging
[2024-05-28 22:00:33,316][DPSGDNode][DEBUG] resetting optimizer
[2024-05-28 22:00:33,316][DPSGDNode][DEBUG] Finished resetting optimizer
[2024-05-28 22:00:33,318][DPSGDNode][INFO] Starting training iteration: 19
[2024-05-28 22:00:33,328][Training][DEBUG] Round: 1 loss: 2.345770835876465
[2024-05-28 22:00:33,337][Training][DEBUG] Round: 2 loss: 2.290473222732544
[2024-05-28 22:00:33,346][Training][DEBUG] Round: 3 loss: 2.1918155749638877
[2024-05-28 22:00:33,346][DPSGDWithPeerSampler][DEBUG] Requesting neighbors from the peer sampler.
[2024-05-28 22:00:33,346][TCP][DEBUG] 0 sent the message to -1.
[2024-05-28 22:00:33,346][TCP][DEBUG] Sent message size: 79
[2024-05-28 22:00:33,347][Node][DEBUG] Received some message from 8 with CHANNEL: DPSGD
[2024-05-28 22:00:33,347][Node][DEBUG] Received some message from 7 with CHANNEL: DPSGD
[2024-05-28 22:00:33,347][Node][DEBUG] Received some message from -1 with CHANNEL: PEERS
[2024-05-28 22:00:33,348][DPSGDWithPeerSampler][DEBUG] Neighbors this round: {8, 7}
[2024-05-28 22:00:33,348][DPSGDNode][DEBUG] Connected to all neighbors
[2024-05-28 22:00:33,348][Sharing][DEBUG] Model sending this round: [-0.07172927  0.05456144 -0.02911129 ... -0.00408431  0.00617491
 -0.01350311]
[2024-05-28 22:00:33,349][TCP][DEBUG] 0 sent the message to 8.
[2024-05-28 22:00:33,349][TCP][DEBUG] Sent message size: 359554
[2024-05-28 22:00:33,349][TCP][DEBUG] 0 sent the message to 7.
[2024-05-28 22:00:33,349][TCP][DEBUG] Sent message size: 359554
[2024-05-28 22:00:33,349][DPSGDNode][DEBUG] Sent to all neighbors
[2024-05-28 22:00:33,350][DPSGDNode][DEBUG] Received Model from 8 of iteration 19
[2024-05-28 22:00:33,350][DPSGDNode][DEBUG] Received Model from 7 of iteration 19
[2024-05-28 22:00:33,350][DPSGDNode][DEBUG] Received from all
[2024-05-28 22:00:33,350][DPSGDNode][DEBUG] Averaging
[2024-05-28 22:00:33,350][Sharing][DEBUG] Averaging model from neighbor 8 of iteration 19
[2024-05-28 22:00:33,350][Sharing][DEBUG] Averaging model from neighbor 7 of iteration 19
[2024-05-28 22:00:33,351][DPSGDNode][DEBUG] Finished averaging
[2024-05-28 22:00:33,352][DPSGDNode][DEBUG] resetting optimizer
[2024-05-28 22:00:33,352][DPSGDNode][DEBUG] Finished resetting optimizer
[2024-05-28 22:00:33,352][DPSGDNode][INFO] Evaluating on train set.
