[2024-05-28 22:00:19,908][DPSGDNode][DEBUG] Rank: 1
[2024-05-28 22:00:19,910][DPSGDNode][DEBUG] type(graph): <class 'int'>
[2024-05-28 22:00:19,910][DPSGDNode][DEBUG] type(mapping): <class 'decentralizepy.mappings.Linear.Linear'>
[2024-05-28 22:00:29,468][CIFAR10][INFO] Loading training set.
[2024-05-28 22:00:31,090][CIFAR10][DEBUG] Size fractions: [0.08332, 0.08332, 0.08332, 0.08332, 0.08332, 0.08332, 0.08332, 0.08332, 0.08332, 0.08332, 0.08332, 0.08347999999999994]
[2024-05-28 22:00:31,119][CIFAR10][INFO] Loading testing set.
[2024-05-28 22:00:31,926][CIFAR10][INFO] Extracting the validation set from the test set.
[2024-05-28 22:00:31,928][Node][INFO] Dataset instantiation complete.
[2024-05-28 22:00:31,970][Node][DEBUG] Sending connection request to 2
[2024-05-28 22:00:31,970][TCP][DEBUG] Connecting to my neighbour: 2
[2024-05-28 22:00:31,970][TCP][DEBUG] 1 sent the message to 2.
[2024-05-28 22:00:31,970][TCP][DEBUG] Sent message size: 46
[2024-05-28 22:00:31,971][Node][DEBUG] Waiting HELLO from 2
[2024-05-28 22:00:32,022][Node][DEBUG] Received some message from -1 with CHANNEL: CONNECT
[2024-05-28 22:00:32,023][Node][DEBUG] Received HELLO from -1
[2024-05-28 22:00:32,023][Node][DEBUG] Waiting HELLO from 2
[2024-05-28 22:00:32,049][Node][DEBUG] Received some message from 2 with CHANNEL: CONNECT
[2024-05-28 22:00:32,049][Node][DEBUG] Received HELLO from 2
[2024-05-28 22:00:32,049][DPSGDWithPeerSampler][INFO] Each proc uses 2 threads out of 32.
[2024-05-28 22:00:32,050][Node][DEBUG] Sending connection request to -1
[2024-05-28 22:00:32,050][TCP][DEBUG] Connecting to my neighbour: -1
[2024-05-28 22:00:32,050][TCP][DEBUG] 1 sent the message to -1.
[2024-05-28 22:00:32,050][TCP][DEBUG] Sent message size: 46
[2024-05-28 22:00:32,050][DPSGDNode][INFO] Starting training iteration: 0
[2024-05-28 22:00:32,484][Training][DEBUG] Round: 1 loss: 2.394990921020508
[2024-05-28 22:00:32,495][Training][DEBUG] Round: 2 loss: 3.2675395011901855
[2024-05-28 22:00:32,505][Training][DEBUG] Round: 3 loss: 3.1814185778299966
[2024-05-28 22:00:32,506][DPSGDWithPeerSampler][DEBUG] Requesting neighbors from the peer sampler.
[2024-05-28 22:00:32,506][TCP][DEBUG] 1 sent the message to -1.
[2024-05-28 22:00:32,506][TCP][DEBUG] Sent message size: 79
[2024-05-28 22:00:32,515][Node][DEBUG] Received some message from 2 with CHANNEL: DPSGD
[2024-05-28 22:00:32,516][Node][DEBUG] Received some message from -1 with CHANNEL: PEERS
[2024-05-28 22:00:32,516][DPSGDWithPeerSampler][DEBUG] Neighbors this round: {2}
[2024-05-28 22:00:32,516][DPSGDNode][DEBUG] Connected to all neighbors
[2024-05-28 22:00:32,517][Sharing][DEBUG] Model sending this round: [-0.07351513  0.0527498  -0.03060719 ... -0.00504945  0.00827257
 -0.01087687]
[2024-05-28 22:00:32,517][TCP][DEBUG] 1 sent the message to 2.
[2024-05-28 22:00:32,518][TCP][DEBUG] Sent message size: 359554
[2024-05-28 22:00:32,518][DPSGDNode][DEBUG] Sent to all neighbors
[2024-05-28 22:00:32,518][DPSGDNode][DEBUG] Received Model from 2 of iteration 0
[2024-05-28 22:00:32,518][DPSGDNode][DEBUG] Received from all
[2024-05-28 22:00:32,518][DPSGDNode][DEBUG] Averaging
[2024-05-28 22:00:32,518][Sharing][DEBUG] Averaging model from neighbor 2 of iteration 0
[2024-05-28 22:00:32,520][DPSGDNode][DEBUG] Finished averaging
[2024-05-28 22:00:32,520][DPSGDNode][DEBUG] resetting optimizer
[2024-05-28 22:00:32,520][DPSGDNode][DEBUG] Finished resetting optimizer
[2024-05-28 22:00:32,521][DPSGDNode][INFO] Starting training iteration: 1
[2024-05-28 22:00:32,532][Training][DEBUG] Round: 1 loss: 2.179818868637085
[2024-05-28 22:00:32,542][Training][DEBUG] Round: 2 loss: 2.8371013402938843
[2024-05-28 22:00:32,552][Training][DEBUG] Round: 3 loss: 2.8246258894602456
[2024-05-28 22:00:32,552][DPSGDWithPeerSampler][DEBUG] Requesting neighbors from the peer sampler.
[2024-05-28 22:00:32,552][TCP][DEBUG] 1 sent the message to -1.
[2024-05-28 22:00:32,552][TCP][DEBUG] Sent message size: 79
[2024-05-28 22:00:32,554][Node][DEBUG] Received some message from -1 with CHANNEL: PEERS
[2024-05-28 22:00:32,554][DPSGDWithPeerSampler][DEBUG] Neighbors this round: {5}
[2024-05-28 22:00:32,555][Node][DEBUG] Sending connection request to 5
[2024-05-28 22:00:32,555][TCP][DEBUG] Connecting to my neighbour: 5
[2024-05-28 22:00:32,555][TCP][DEBUG] 1 sent the message to 5.
[2024-05-28 22:00:32,555][TCP][DEBUG] Sent message size: 46
[2024-05-28 22:00:32,555][Node][DEBUG] Waiting HELLO from 5
[2024-05-28 22:00:32,556][Node][DEBUG] Received some message from 5 with CHANNEL: CONNECT
[2024-05-28 22:00:32,556][Node][DEBUG] Received HELLO from 5
[2024-05-28 22:00:32,556][DPSGDNode][DEBUG] Connected to all neighbors
[2024-05-28 22:00:32,557][Sharing][DEBUG] Model sending this round: [-0.07320164  0.05287593 -0.0307899  ... -0.00460688  0.00695456
 -0.01200291]
[2024-05-28 22:00:32,558][TCP][DEBUG] 1 sent the message to 5.
[2024-05-28 22:00:32,558][TCP][DEBUG] Sent message size: 359554
[2024-05-28 22:00:32,558][DPSGDNode][DEBUG] Sent to all neighbors
[2024-05-28 22:00:32,558][Node][DEBUG] Received some message from 5 with CHANNEL: DPSGD
[2024-05-28 22:00:32,558][DPSGDNode][DEBUG] Received Model from 5 of iteration 1
[2024-05-28 22:00:32,558][DPSGDNode][DEBUG] Received from all
[2024-05-28 22:00:32,559][DPSGDNode][DEBUG] Averaging
[2024-05-28 22:00:32,559][Sharing][DEBUG] Averaging model from neighbor 5 of iteration 1
[2024-05-28 22:00:32,560][DPSGDNode][DEBUG] Finished averaging
[2024-05-28 22:00:32,560][DPSGDNode][DEBUG] resetting optimizer
[2024-05-28 22:00:32,560][DPSGDNode][DEBUG] Finished resetting optimizer
[2024-05-28 22:00:32,561][DPSGDNode][INFO] Starting training iteration: 2
[2024-05-28 22:00:32,572][Training][DEBUG] Round: 1 loss: 2.680023670196533
[2024-05-28 22:00:32,583][Training][DEBUG] Round: 2 loss: 2.4568395614624023
[2024-05-28 22:00:32,594][Training][DEBUG] Round: 3 loss: 2.4394371509552
[2024-05-28 22:00:32,594][DPSGDWithPeerSampler][DEBUG] Requesting neighbors from the peer sampler.
[2024-05-28 22:00:32,594][TCP][DEBUG] 1 sent the message to -1.
[2024-05-28 22:00:32,595][TCP][DEBUG] Sent message size: 79
[2024-05-28 22:00:32,595][Node][DEBUG] Received some message from 0 with CHANNEL: CONNECT
[2024-05-28 22:00:32,595][Node][DEBUG] Received some message from -1 with CHANNEL: PEERS
[2024-05-28 22:00:32,595][DPSGDWithPeerSampler][DEBUG] Neighbors this round: {0}
[2024-05-28 22:00:32,595][Node][DEBUG] Sending connection request to 0
[2024-05-28 22:00:32,596][TCP][DEBUG] Connecting to my neighbour: 0
[2024-05-28 22:00:32,596][TCP][DEBUG] 1 sent the message to 0.
[2024-05-28 22:00:32,596][TCP][DEBUG] Sent message size: 46
[2024-05-28 22:00:32,596][Node][DEBUG] Waiting HELLO from 0
[2024-05-28 22:00:32,596][Node][DEBUG] Received HELLO from 0
[2024-05-28 22:00:32,596][DPSGDNode][DEBUG] Connected to all neighbors
[2024-05-28 22:00:32,597][Sharing][DEBUG] Model sending this round: [-0.07345813  0.05201172 -0.03146978 ... -0.00657574  0.00965176
 -0.01274173]
[2024-05-28 22:00:32,598][TCP][DEBUG] 1 sent the message to 0.
[2024-05-28 22:00:32,598][TCP][DEBUG] Sent message size: 359554
[2024-05-28 22:00:32,598][DPSGDNode][DEBUG] Sent to all neighbors
[2024-05-28 22:00:32,598][Node][DEBUG] Received some message from 0 with CHANNEL: DPSGD
[2024-05-28 22:00:32,598][DPSGDNode][DEBUG] Received Model from 0 of iteration 2
[2024-05-28 22:00:32,599][DPSGDNode][DEBUG] Received from all
[2024-05-28 22:00:32,599][DPSGDNode][DEBUG] Averaging
[2024-05-28 22:00:32,599][Sharing][DEBUG] Averaging model from neighbor 0 of iteration 2
[2024-05-28 22:00:32,600][DPSGDNode][DEBUG] Finished averaging
[2024-05-28 22:00:32,600][DPSGDNode][DEBUG] resetting optimizer
[2024-05-28 22:00:32,600][DPSGDNode][DEBUG] Finished resetting optimizer
[2024-05-28 22:00:32,602][DPSGDNode][INFO] Starting training iteration: 3
[2024-05-28 22:00:32,612][Training][DEBUG] Round: 1 loss: 2.3385496139526367
[2024-05-28 22:00:32,623][Training][DEBUG] Round: 2 loss: 2.4753068685531616
[2024-05-28 22:00:32,633][Training][DEBUG] Round: 3 loss: 2.6320382754007974
[2024-05-28 22:00:32,633][DPSGDWithPeerSampler][DEBUG] Requesting neighbors from the peer sampler.
[2024-05-28 22:00:32,634][TCP][DEBUG] 1 sent the message to -1.
[2024-05-28 22:00:32,634][TCP][DEBUG] Sent message size: 79
[2024-05-28 22:00:32,634][Node][DEBUG] Received some message from 5 with CHANNEL: DPSGD
[2024-05-28 22:00:32,634][Node][DEBUG] Received some message from -1 with CHANNEL: PEERS
[2024-05-28 22:00:32,634][DPSGDWithPeerSampler][DEBUG] Neighbors this round: {5}
[2024-05-28 22:00:32,635][DPSGDNode][DEBUG] Connected to all neighbors
[2024-05-28 22:00:32,635][Sharing][DEBUG] Model sending this round: [-0.07369644  0.05209159 -0.03165089 ... -0.00556434  0.00650185
 -0.00893668]
[2024-05-28 22:00:32,636][TCP][DEBUG] 1 sent the message to 5.
[2024-05-28 22:00:32,636][TCP][DEBUG] Sent message size: 359554
[2024-05-28 22:00:32,636][DPSGDNode][DEBUG] Sent to all neighbors
[2024-05-28 22:00:32,636][DPSGDNode][DEBUG] Received Model from 5 of iteration 3
[2024-05-28 22:00:32,636][DPSGDNode][DEBUG] Received from all
[2024-05-28 22:00:32,636][DPSGDNode][DEBUG] Averaging
[2024-05-28 22:00:32,637][Sharing][DEBUG] Averaging model from neighbor 5 of iteration 3
[2024-05-28 22:00:32,638][DPSGDNode][DEBUG] Finished averaging
[2024-05-28 22:00:32,638][DPSGDNode][DEBUG] resetting optimizer
[2024-05-28 22:00:32,638][DPSGDNode][DEBUG] Finished resetting optimizer
[2024-05-28 22:00:32,639][DPSGDNode][INFO] Starting training iteration: 4
[2024-05-28 22:00:32,649][Training][DEBUG] Round: 1 loss: 2.4665331840515137
[2024-05-28 22:00:32,660][Training][DEBUG] Round: 2 loss: 2.306894302368164
[2024-05-28 22:00:32,670][Training][DEBUG] Round: 3 loss: 2.4095777670542398
[2024-05-28 22:00:32,670][DPSGDWithPeerSampler][DEBUG] Requesting neighbors from the peer sampler.
[2024-05-28 22:00:32,670][TCP][DEBUG] 1 sent the message to -1.
[2024-05-28 22:00:32,670][TCP][DEBUG] Sent message size: 79
[2024-05-28 22:00:32,671][Node][DEBUG] Received some message from -1 with CHANNEL: PEERS
[2024-05-28 22:00:32,671][DPSGDWithPeerSampler][DEBUG] Neighbors this round: set()
[2024-05-28 22:00:32,671][DPSGDNode][DEBUG] Connected to all neighbors
[2024-05-28 22:00:32,672][Sharing][DEBUG] Model sending this round: [-0.07316168  0.05256248 -0.03065501 ... -0.0057827   0.0066002
 -0.01382677]
[2024-05-28 22:00:32,672][DPSGDNode][DEBUG] Sent to all neighbors
[2024-05-28 22:00:32,672][DPSGDNode][DEBUG] Received from all
[2024-05-28 22:00:32,673][DPSGDNode][DEBUG] Averaging
[2024-05-28 22:00:32,673][DPSGDNode][DEBUG] Finished averaging
[2024-05-28 22:00:32,673][DPSGDNode][DEBUG] resetting optimizer
[2024-05-28 22:00:32,673][DPSGDNode][DEBUG] Finished resetting optimizer
[2024-05-28 22:00:32,685][DPSGDNode][INFO] Starting training iteration: 5
[2024-05-28 22:00:32,696][Training][DEBUG] Round: 1 loss: 2.7706716060638428
[2024-05-28 22:00:32,705][Training][DEBUG] Round: 2 loss: 2.688753604888916
[2024-05-28 22:00:32,715][Training][DEBUG] Round: 3 loss: 2.752345323562622
[2024-05-28 22:00:32,715][DPSGDWithPeerSampler][DEBUG] Requesting neighbors from the peer sampler.
[2024-05-28 22:00:32,715][TCP][DEBUG] 1 sent the message to -1.
[2024-05-28 22:00:32,715][TCP][DEBUG] Sent message size: 79
[2024-05-28 22:00:32,716][Node][DEBUG] Received some message from -1 with CHANNEL: PEERS
[2024-05-28 22:00:32,716][DPSGDWithPeerSampler][DEBUG] Neighbors this round: set()
[2024-05-28 22:00:32,716][DPSGDNode][DEBUG] Connected to all neighbors
[2024-05-28 22:00:32,717][Sharing][DEBUG] Model sending this round: [-0.07301655  0.05292472 -0.03037182 ... -0.00498402  0.00591736
 -0.01223014]
[2024-05-28 22:00:32,717][DPSGDNode][DEBUG] Sent to all neighbors
[2024-05-28 22:00:32,717][DPSGDNode][DEBUG] Received from all
[2024-05-28 22:00:32,717][DPSGDNode][DEBUG] Averaging
[2024-05-28 22:00:32,718][DPSGDNode][DEBUG] Finished averaging
[2024-05-28 22:00:32,718][DPSGDNode][DEBUG] resetting optimizer
[2024-05-28 22:00:32,718][DPSGDNode][DEBUG] Finished resetting optimizer
[2024-05-28 22:00:32,719][DPSGDNode][INFO] Starting training iteration: 6
[2024-05-28 22:00:32,729][Training][DEBUG] Round: 1 loss: 2.469857692718506
[2024-05-28 22:00:32,739][Training][DEBUG] Round: 2 loss: 2.4688366651535034
[2024-05-28 22:00:32,749][Training][DEBUG] Round: 3 loss: 2.446830987930298
[2024-05-28 22:00:32,749][DPSGDWithPeerSampler][DEBUG] Requesting neighbors from the peer sampler.
[2024-05-28 22:00:32,749][TCP][DEBUG] 1 sent the message to -1.
[2024-05-28 22:00:32,749][TCP][DEBUG] Sent message size: 79
[2024-05-28 22:00:32,751][Node][DEBUG] Received some message from -1 with CHANNEL: PEERS
[2024-05-28 22:00:32,751][DPSGDWithPeerSampler][DEBUG] Neighbors this round: set()
[2024-05-28 22:00:32,751][DPSGDNode][DEBUG] Connected to all neighbors
[2024-05-28 22:00:32,752][Sharing][DEBUG] Model sending this round: [-0.07288164  0.05311282 -0.03029286 ... -0.0040568   0.0049089
 -0.01201718]
[2024-05-28 22:00:32,752][DPSGDNode][DEBUG] Sent to all neighbors
[2024-05-28 22:00:32,752][DPSGDNode][DEBUG] Received from all
[2024-05-28 22:00:32,752][DPSGDNode][DEBUG] Averaging
[2024-05-28 22:00:32,753][DPSGDNode][DEBUG] Finished averaging
[2024-05-28 22:00:32,753][DPSGDNode][DEBUG] resetting optimizer
[2024-05-28 22:00:32,753][DPSGDNode][DEBUG] Finished resetting optimizer
[2024-05-28 22:00:32,754][DPSGDNode][INFO] Starting training iteration: 7
[2024-05-28 22:00:32,765][Training][DEBUG] Round: 1 loss: 2.0351054668426514
[2024-05-28 22:00:32,775][Training][DEBUG] Round: 2 loss: 2.1163883209228516
[2024-05-28 22:00:32,785][Training][DEBUG] Round: 3 loss: 2.146544853846232
[2024-05-28 22:00:32,785][DPSGDWithPeerSampler][DEBUG] Requesting neighbors from the peer sampler.
[2024-05-28 22:00:32,785][TCP][DEBUG] 1 sent the message to -1.
[2024-05-28 22:00:32,785][TCP][DEBUG] Sent message size: 79
[2024-05-28 22:00:32,788][Node][DEBUG] Received some message from -1 with CHANNEL: PEERS
[2024-05-28 22:00:32,788][DPSGDWithPeerSampler][DEBUG] Neighbors this round: set()
[2024-05-28 22:00:32,788][DPSGDNode][DEBUG] Connected to all neighbors
[2024-05-28 22:00:32,789][Sharing][DEBUG] Model sending this round: [-0.07307865  0.05297725 -0.03021296 ... -0.00486985  0.00419589
 -0.01376658]
[2024-05-28 22:00:32,789][DPSGDNode][DEBUG] Sent to all neighbors
[2024-05-28 22:00:32,789][DPSGDNode][DEBUG] Received from all
[2024-05-28 22:00:32,789][DPSGDNode][DEBUG] Averaging
[2024-05-28 22:00:32,790][DPSGDNode][DEBUG] Finished averaging
[2024-05-28 22:00:32,790][DPSGDNode][DEBUG] resetting optimizer
[2024-05-28 22:00:32,790][DPSGDNode][DEBUG] Finished resetting optimizer
[2024-05-28 22:00:32,791][DPSGDNode][INFO] Starting training iteration: 8
[2024-05-28 22:00:32,802][Training][DEBUG] Round: 1 loss: 2.510446786880493
[2024-05-28 22:00:32,812][Training][DEBUG] Round: 2 loss: 2.4612271785736084
[2024-05-28 22:00:32,822][Training][DEBUG] Round: 3 loss: 2.395099401473999
[2024-05-28 22:00:32,822][DPSGDWithPeerSampler][DEBUG] Requesting neighbors from the peer sampler.
[2024-05-28 22:00:32,822][TCP][DEBUG] 1 sent the message to -1.
[2024-05-28 22:00:32,822][TCP][DEBUG] Sent message size: 79
[2024-05-28 22:00:32,823][Node][DEBUG] Received some message from -1 with CHANNEL: PEERS
[2024-05-28 22:00:32,823][DPSGDWithPeerSampler][DEBUG] Neighbors this round: {8}
[2024-05-28 22:00:32,824][Node][DEBUG] Sending connection request to 8
[2024-05-28 22:00:32,824][TCP][DEBUG] Connecting to my neighbour: 8
[2024-05-28 22:00:32,824][TCP][DEBUG] 1 sent the message to 8.
[2024-05-28 22:00:32,824][TCP][DEBUG] Sent message size: 46
[2024-05-28 22:00:32,824][Node][DEBUG] Waiting HELLO from 8
[2024-05-28 22:00:32,846][Node][DEBUG] Received some message from 8 with CHANNEL: CONNECT
[2024-05-28 22:00:32,846][Node][DEBUG] Received HELLO from 8
[2024-05-28 22:00:32,846][DPSGDNode][DEBUG] Connected to all neighbors
[2024-05-28 22:00:32,847][Sharing][DEBUG] Model sending this round: [-0.07305802  0.05300708 -0.03010289 ... -0.00491359  0.00530575
 -0.0135348 ]
[2024-05-28 22:00:32,848][TCP][DEBUG] 1 sent the message to 8.
[2024-05-28 22:00:32,848][TCP][DEBUG] Sent message size: 359554
[2024-05-28 22:00:32,848][DPSGDNode][DEBUG] Sent to all neighbors
[2024-05-28 22:00:32,848][Node][DEBUG] Received some message from 8 with CHANNEL: DPSGD
[2024-05-28 22:00:32,848][DPSGDNode][DEBUG] Received Model from 8 of iteration 8
[2024-05-28 22:00:32,849][DPSGDNode][DEBUG] Received from all
[2024-05-28 22:00:32,849][DPSGDNode][DEBUG] Averaging
[2024-05-28 22:00:32,849][Sharing][DEBUG] Averaging model from neighbor 8 of iteration 8
[2024-05-28 22:00:32,850][DPSGDNode][DEBUG] Finished averaging
[2024-05-28 22:00:32,850][DPSGDNode][DEBUG] resetting optimizer
[2024-05-28 22:00:32,850][DPSGDNode][DEBUG] Finished resetting optimizer
[2024-05-28 22:00:32,852][DPSGDNode][INFO] Starting training iteration: 9
[2024-05-28 22:00:32,862][Training][DEBUG] Round: 1 loss: 2.1781206130981445
[2024-05-28 22:00:32,872][Training][DEBUG] Round: 2 loss: 2.433320999145508
[2024-05-28 22:00:32,883][Training][DEBUG] Round: 3 loss: 2.360438823699951
[2024-05-28 22:00:32,883][DPSGDWithPeerSampler][DEBUG] Requesting neighbors from the peer sampler.
[2024-05-28 22:00:32,883][TCP][DEBUG] 1 sent the message to -1.
[2024-05-28 22:00:32,883][TCP][DEBUG] Sent message size: 79
[2024-05-28 22:00:32,883][Node][DEBUG] Received some message from 9 with CHANNEL: CONNECT
[2024-05-28 22:00:32,884][Node][DEBUG] Received some message from -1 with CHANNEL: PEERS
[2024-05-28 22:00:32,884][DPSGDWithPeerSampler][DEBUG] Neighbors this round: {9}
[2024-05-28 22:00:32,884][Node][DEBUG] Sending connection request to 9
[2024-05-28 22:00:32,884][TCP][DEBUG] Connecting to my neighbour: 9
[2024-05-28 22:00:32,885][TCP][DEBUG] 1 sent the message to 9.
[2024-05-28 22:00:32,885][TCP][DEBUG] Sent message size: 46
[2024-05-28 22:00:32,885][Node][DEBUG] Waiting HELLO from 9
[2024-05-28 22:00:32,885][Node][DEBUG] Received HELLO from 9
[2024-05-28 22:00:32,885][DPSGDNode][DEBUG] Connected to all neighbors
[2024-05-28 22:00:32,886][Sharing][DEBUG] Model sending this round: [-0.0735333   0.05218048 -0.03124691 ... -0.00564684  0.00590546
 -0.01378627]
[2024-05-28 22:00:32,886][TCP][DEBUG] 1 sent the message to 9.
[2024-05-28 22:00:32,886][TCP][DEBUG] Sent message size: 359554
[2024-05-28 22:00:32,887][DPSGDNode][DEBUG] Sent to all neighbors
[2024-05-28 22:00:32,887][Node][DEBUG] Received some message from 9 with CHANNEL: DPSGD
[2024-05-28 22:00:32,887][DPSGDNode][DEBUG] Received Model from 9 of iteration 9
[2024-05-28 22:00:32,887][DPSGDNode][DEBUG] Received from all
[2024-05-28 22:00:32,887][DPSGDNode][DEBUG] Averaging
[2024-05-28 22:00:32,887][Sharing][DEBUG] Averaging model from neighbor 9 of iteration 9
[2024-05-28 22:00:32,888][DPSGDNode][DEBUG] Finished averaging
[2024-05-28 22:00:32,889][DPSGDNode][DEBUG] resetting optimizer
[2024-05-28 22:00:32,889][DPSGDNode][DEBUG] Finished resetting optimizer
[2024-05-28 22:00:32,890][DPSGDNode][INFO] Starting training iteration: 10
[2024-05-28 22:00:32,901][Training][DEBUG] Round: 1 loss: 1.9255378246307373
[2024-05-28 22:00:32,911][Training][DEBUG] Round: 2 loss: 2.11297869682312
[2024-05-28 22:00:32,921][Training][DEBUG] Round: 3 loss: 2.126673142115275
[2024-05-28 22:00:32,922][DPSGDWithPeerSampler][DEBUG] Requesting neighbors from the peer sampler.
[2024-05-28 22:00:32,922][TCP][DEBUG] 1 sent the message to -1.
[2024-05-28 22:00:32,922][TCP][DEBUG] Sent message size: 79
[2024-05-28 22:00:32,922][Node][DEBUG] Received some message from 8 with CHANNEL: DPSGD
[2024-05-28 22:00:32,923][Node][DEBUG] Received some message from -1 with CHANNEL: PEERS
[2024-05-28 22:00:32,923][DPSGDWithPeerSampler][DEBUG] Neighbors this round: {8}
[2024-05-28 22:00:32,923][DPSGDNode][DEBUG] Connected to all neighbors
[2024-05-28 22:00:32,924][Sharing][DEBUG] Model sending this round: [-0.07319146  0.05280163 -0.03096498 ... -0.00762141  0.00693467
 -0.0132333 ]
[2024-05-28 22:00:32,924][TCP][DEBUG] 1 sent the message to 8.
[2024-05-28 22:00:32,924][TCP][DEBUG] Sent message size: 359554
[2024-05-28 22:00:32,924][DPSGDNode][DEBUG] Sent to all neighbors
[2024-05-28 22:00:32,924][DPSGDNode][DEBUG] Received Model from 8 of iteration 10
[2024-05-28 22:00:32,925][DPSGDNode][DEBUG] Received from all
[2024-05-28 22:00:32,925][DPSGDNode][DEBUG] Averaging
[2024-05-28 22:00:32,925][Sharing][DEBUG] Averaging model from neighbor 8 of iteration 10
[2024-05-28 22:00:32,926][DPSGDNode][DEBUG] Finished averaging
[2024-05-28 22:00:32,926][DPSGDNode][DEBUG] resetting optimizer
[2024-05-28 22:00:32,926][DPSGDNode][DEBUG] Finished resetting optimizer
[2024-05-28 22:00:32,927][DPSGDNode][INFO] Starting training iteration: 11
[2024-05-28 22:00:32,938][Training][DEBUG] Round: 1 loss: 1.8381338119506836
[2024-05-28 22:00:32,948][Training][DEBUG] Round: 2 loss: 1.8872811794281006
[2024-05-28 22:00:32,958][Training][DEBUG] Round: 3 loss: 2.09145450592041
[2024-05-28 22:00:32,958][DPSGDWithPeerSampler][DEBUG] Requesting neighbors from the peer sampler.
[2024-05-28 22:00:32,959][TCP][DEBUG] 1 sent the message to -1.
[2024-05-28 22:00:32,959][TCP][DEBUG] Sent message size: 79
[2024-05-28 22:00:32,961][Node][DEBUG] Received some message from -1 with CHANNEL: PEERS
[2024-05-28 22:00:32,961][DPSGDWithPeerSampler][DEBUG] Neighbors this round: set()
[2024-05-28 22:00:32,961][DPSGDNode][DEBUG] Connected to all neighbors
[2024-05-28 22:00:32,962][Sharing][DEBUG] Model sending this round: [-0.0735184   0.05242481 -0.03122251 ... -0.00417198  0.00612763
 -0.01452107]
[2024-05-28 22:00:32,962][DPSGDNode][DEBUG] Sent to all neighbors
[2024-05-28 22:00:32,962][DPSGDNode][DEBUG] Received from all
[2024-05-28 22:00:32,962][DPSGDNode][DEBUG] Averaging
[2024-05-28 22:00:32,963][DPSGDNode][DEBUG] Finished averaging
[2024-05-28 22:00:32,963][DPSGDNode][DEBUG] resetting optimizer
[2024-05-28 22:00:32,963][DPSGDNode][DEBUG] Finished resetting optimizer
[2024-05-28 22:00:32,964][DPSGDNode][INFO] Starting training iteration: 12
[2024-05-28 22:00:32,974][Training][DEBUG] Round: 1 loss: 2.557664632797241
[2024-05-28 22:00:32,984][Training][DEBUG] Round: 2 loss: 2.4519333839416504
[2024-05-28 22:00:32,994][Training][DEBUG] Round: 3 loss: 2.533352851867676
[2024-05-28 22:00:32,994][DPSGDWithPeerSampler][DEBUG] Requesting neighbors from the peer sampler.
[2024-05-28 22:00:32,994][TCP][DEBUG] 1 sent the message to -1.
[2024-05-28 22:00:32,995][TCP][DEBUG] Sent message size: 79
[2024-05-28 22:00:32,995][Node][DEBUG] Received some message from -1 with CHANNEL: PEERS
[2024-05-28 22:00:32,995][DPSGDWithPeerSampler][DEBUG] Neighbors this round: {8}
[2024-05-28 22:00:32,995][DPSGDNode][DEBUG] Connected to all neighbors
[2024-05-28 22:00:32,996][Sharing][DEBUG] Model sending this round: [-0.07397529  0.05217816 -0.03140967 ... -0.00495292  0.00518473
 -0.00863591]
[2024-05-28 22:00:32,997][TCP][DEBUG] 1 sent the message to 8.
[2024-05-28 22:00:32,997][TCP][DEBUG] Sent message size: 359554
[2024-05-28 22:00:32,997][DPSGDNode][DEBUG] Sent to all neighbors
[2024-05-28 22:00:33,021][Node][DEBUG] Received some message from 8 with CHANNEL: DPSGD
[2024-05-28 22:00:33,022][DPSGDNode][DEBUG] Received Model from 8 of iteration 12
[2024-05-28 22:00:33,022][DPSGDNode][DEBUG] Received from all
[2024-05-28 22:00:33,022][DPSGDNode][DEBUG] Averaging
[2024-05-28 22:00:33,022][Sharing][DEBUG] Averaging model from neighbor 8 of iteration 12
[2024-05-28 22:00:33,023][DPSGDNode][DEBUG] Finished averaging
[2024-05-28 22:00:33,024][DPSGDNode][DEBUG] resetting optimizer
[2024-05-28 22:00:33,024][DPSGDNode][DEBUG] Finished resetting optimizer
[2024-05-28 22:00:33,025][DPSGDNode][INFO] Starting training iteration: 13
[2024-05-28 22:00:33,035][Training][DEBUG] Round: 1 loss: 1.8725171089172363
[2024-05-28 22:00:33,045][Training][DEBUG] Round: 2 loss: 2.0108115673065186
[2024-05-28 22:00:33,055][Training][DEBUG] Round: 3 loss: 1.9499411185582478
[2024-05-28 22:00:33,055][DPSGDWithPeerSampler][DEBUG] Requesting neighbors from the peer sampler.
[2024-05-28 22:00:33,055][TCP][DEBUG] 1 sent the message to -1.
[2024-05-28 22:00:33,056][TCP][DEBUG] Sent message size: 79
[2024-05-28 22:00:33,057][Node][DEBUG] Received some message from -1 with CHANNEL: PEERS
[2024-05-28 22:00:33,057][DPSGDWithPeerSampler][DEBUG] Neighbors this round: {0, 9}
[2024-05-28 22:00:33,057][DPSGDNode][DEBUG] Connected to all neighbors
[2024-05-28 22:00:33,058][Sharing][DEBUG] Model sending this round: [-0.07374249  0.05232876 -0.03119116 ... -0.0036603   0.00694066
 -0.0113399 ]
[2024-05-28 22:00:33,058][TCP][DEBUG] 1 sent the message to 0.
[2024-05-28 22:00:33,059][TCP][DEBUG] Sent message size: 359554
[2024-05-28 22:00:33,059][TCP][DEBUG] 1 sent the message to 9.
[2024-05-28 22:00:33,059][TCP][DEBUG] Sent message size: 359554
[2024-05-28 22:00:33,059][DPSGDNode][DEBUG] Sent to all neighbors
[2024-05-28 22:00:33,063][Node][DEBUG] Received some message from 0 with CHANNEL: DPSGD
[2024-05-28 22:00:33,063][DPSGDNode][DEBUG] Received Model from 0 of iteration 13
[2024-05-28 22:00:33,063][Node][DEBUG] Received some message from 9 with CHANNEL: DPSGD
[2024-05-28 22:00:33,063][DPSGDNode][DEBUG] Received Model from 9 of iteration 13
[2024-05-28 22:00:33,063][DPSGDNode][DEBUG] Received from all
[2024-05-28 22:00:33,064][DPSGDNode][DEBUG] Averaging
[2024-05-28 22:00:33,064][Sharing][DEBUG] Averaging model from neighbor 0 of iteration 13
[2024-05-28 22:00:33,064][Sharing][DEBUG] Averaging model from neighbor 9 of iteration 13
[2024-05-28 22:00:33,066][DPSGDNode][DEBUG] Finished averaging
[2024-05-28 22:00:33,066][DPSGDNode][DEBUG] resetting optimizer
[2024-05-28 22:00:33,066][DPSGDNode][DEBUG] Finished resetting optimizer
[2024-05-28 22:00:33,067][DPSGDNode][INFO] Starting training iteration: 14
[2024-05-28 22:00:33,078][Training][DEBUG] Round: 1 loss: 2.220391035079956
[2024-05-28 22:00:33,088][Training][DEBUG] Round: 2 loss: 2.586041808128357
[2024-05-28 22:00:33,098][Training][DEBUG] Round: 3 loss: 2.609464248021444
[2024-05-28 22:00:33,098][DPSGDWithPeerSampler][DEBUG] Requesting neighbors from the peer sampler.
[2024-05-28 22:00:33,098][TCP][DEBUG] 1 sent the message to -1.
[2024-05-28 22:00:33,098][TCP][DEBUG] Sent message size: 79
[2024-05-28 22:00:33,101][Node][DEBUG] Received some message from 8 with CHANNEL: DPSGD
[2024-05-28 22:00:33,101][Node][DEBUG] Received some message from -1 with CHANNEL: PEERS
[2024-05-28 22:00:33,101][DPSGDWithPeerSampler][DEBUG] Neighbors this round: {0, 8}
[2024-05-28 22:00:33,101][DPSGDNode][DEBUG] Connected to all neighbors
[2024-05-28 22:00:33,102][Sharing][DEBUG] Model sending this round: [-0.07224567  0.05384308 -0.03003826 ... -0.00396469  0.00735669
 -0.01348108]
[2024-05-28 22:00:33,102][TCP][DEBUG] 1 sent the message to 0.
[2024-05-28 22:00:33,102][TCP][DEBUG] Sent message size: 359554
[2024-05-28 22:00:33,103][TCP][DEBUG] 1 sent the message to 8.
[2024-05-28 22:00:33,103][TCP][DEBUG] Sent message size: 359554
[2024-05-28 22:00:33,103][DPSGDNode][DEBUG] Sent to all neighbors
[2024-05-28 22:00:33,103][DPSGDNode][DEBUG] Received Model from 8 of iteration 14
[2024-05-28 22:00:33,103][Node][DEBUG] Received some message from 0 with CHANNEL: DPSGD
[2024-05-28 22:00:33,103][DPSGDNode][DEBUG] Received Model from 0 of iteration 14
[2024-05-28 22:00:33,103][DPSGDNode][DEBUG] Received from all
[2024-05-28 22:00:33,104][DPSGDNode][DEBUG] Averaging
[2024-05-28 22:00:33,104][Sharing][DEBUG] Averaging model from neighbor 0 of iteration 14
[2024-05-28 22:00:33,104][Sharing][DEBUG] Averaging model from neighbor 8 of iteration 14
[2024-05-28 22:00:33,105][DPSGDNode][DEBUG] Finished averaging
[2024-05-28 22:00:33,106][DPSGDNode][DEBUG] resetting optimizer
[2024-05-28 22:00:33,106][DPSGDNode][DEBUG] Finished resetting optimizer
[2024-05-28 22:00:33,107][DPSGDNode][INFO] Starting training iteration: 15
[2024-05-28 22:00:33,118][Training][DEBUG] Round: 1 loss: 2.08671236038208
[2024-05-28 22:00:33,128][Training][DEBUG] Round: 2 loss: 2.178330183029175
[2024-05-28 22:00:33,138][Training][DEBUG] Round: 3 loss: 2.0973113377889
[2024-05-28 22:00:33,138][DPSGDWithPeerSampler][DEBUG] Requesting neighbors from the peer sampler.
[2024-05-28 22:00:33,138][TCP][DEBUG] 1 sent the message to -1.
[2024-05-28 22:00:33,138][TCP][DEBUG] Sent message size: 79
[2024-05-28 22:00:33,139][Node][DEBUG] Received some message from -1 with CHANNEL: PEERS
[2024-05-28 22:00:33,139][DPSGDWithPeerSampler][DEBUG] Neighbors this round: set()
[2024-05-28 22:00:33,139][DPSGDNode][DEBUG] Connected to all neighbors
[2024-05-28 22:00:33,140][Sharing][DEBUG] Model sending this round: [-0.07223427  0.05368299 -0.03012959 ... -0.00273464  0.00646122
 -0.01312251]
[2024-05-28 22:00:33,140][DPSGDNode][DEBUG] Sent to all neighbors
[2024-05-28 22:00:33,140][DPSGDNode][DEBUG] Received from all
[2024-05-28 22:00:33,140][DPSGDNode][DEBUG] Averaging
[2024-05-28 22:00:33,141][DPSGDNode][DEBUG] Finished averaging
[2024-05-28 22:00:33,141][DPSGDNode][DEBUG] resetting optimizer
[2024-05-28 22:00:33,141][DPSGDNode][DEBUG] Finished resetting optimizer
[2024-05-28 22:00:33,142][DPSGDNode][INFO] Starting training iteration: 16
[2024-05-28 22:00:33,153][Training][DEBUG] Round: 1 loss: 2.731870651245117
[2024-05-28 22:00:33,163][Training][DEBUG] Round: 2 loss: 2.367702007293701
[2024-05-28 22:00:33,178][Training][DEBUG] Round: 3 loss: 2.5759757359822593
[2024-05-28 22:00:33,178][DPSGDWithPeerSampler][DEBUG] Requesting neighbors from the peer sampler.
[2024-05-28 22:00:33,178][TCP][DEBUG] 1 sent the message to -1.
[2024-05-28 22:00:33,179][TCP][DEBUG] Sent message size: 79
[2024-05-28 22:00:33,182][Node][DEBUG] Received some message from -1 with CHANNEL: PEERS
[2024-05-28 22:00:33,182][DPSGDWithPeerSampler][DEBUG] Neighbors this round: set()
[2024-05-28 22:00:33,183][DPSGDNode][DEBUG] Connected to all neighbors
[2024-05-28 22:00:33,184][Sharing][DEBUG] Model sending this round: [-0.07249152  0.05351052 -0.03013343 ... -0.00653166  0.00609414
 -0.01216205]
[2024-05-28 22:00:33,184][DPSGDNode][DEBUG] Sent to all neighbors
[2024-05-28 22:00:33,184][DPSGDNode][DEBUG] Received from all
[2024-05-28 22:00:33,184][DPSGDNode][DEBUG] Averaging
[2024-05-28 22:00:33,185][DPSGDNode][DEBUG] Finished averaging
[2024-05-28 22:00:33,185][DPSGDNode][DEBUG] resetting optimizer
[2024-05-28 22:00:33,185][DPSGDNode][DEBUG] Finished resetting optimizer
[2024-05-28 22:00:33,206][DPSGDNode][INFO] Starting training iteration: 17
[2024-05-28 22:00:33,219][Training][DEBUG] Round: 1 loss: 2.096632957458496
[2024-05-28 22:00:33,229][Training][DEBUG] Round: 2 loss: 2.1369274854660034
[2024-05-28 22:00:33,239][Training][DEBUG] Round: 3 loss: 2.1549832820892334
[2024-05-28 22:00:33,239][DPSGDWithPeerSampler][DEBUG] Requesting neighbors from the peer sampler.
[2024-05-28 22:00:33,239][TCP][DEBUG] 1 sent the message to -1.
[2024-05-28 22:00:33,240][TCP][DEBUG] Sent message size: 79
[2024-05-28 22:00:33,240][Node][DEBUG] Received some message from -1 with CHANNEL: PEERS
[2024-05-28 22:00:33,240][DPSGDWithPeerSampler][DEBUG] Neighbors this round: {10, 4}
[2024-05-28 22:00:33,241][Node][DEBUG] Sending connection request to 10
[2024-05-28 22:00:33,241][TCP][DEBUG] Connecting to my neighbour: 10
[2024-05-28 22:00:33,241][TCP][DEBUG] 1 sent the message to 10.
[2024-05-28 22:00:33,242][TCP][DEBUG] Sent message size: 46
[2024-05-28 22:00:33,242][Node][DEBUG] Sending connection request to 4
[2024-05-28 22:00:33,242][TCP][DEBUG] Connecting to my neighbour: 4
[2024-05-28 22:00:33,242][TCP][DEBUG] 1 sent the message to 4.
[2024-05-28 22:00:33,242][TCP][DEBUG] Sent message size: 46
[2024-05-28 22:00:33,243][Node][DEBUG] Waiting HELLO from 10
[2024-05-28 22:00:33,244][Node][DEBUG] Received some message from 10 with CHANNEL: CONNECT
[2024-05-28 22:00:33,244][Node][DEBUG] Received HELLO from 10
[2024-05-28 22:00:33,245][Node][DEBUG] Waiting HELLO from 4
[2024-05-28 22:00:33,246][Node][DEBUG] Received some message from 10 with CHANNEL: DPSGD
[2024-05-28 22:00:33,250][Node][DEBUG] Received some message from 4 with CHANNEL: CONNECT
[2024-05-28 22:00:33,251][Node][DEBUG] Received HELLO from 4
[2024-05-28 22:00:33,251][DPSGDNode][DEBUG] Connected to all neighbors
[2024-05-28 22:00:33,251][Sharing][DEBUG] Model sending this round: [-0.07255688  0.05343975 -0.03010761 ... -0.00434515  0.00777768
 -0.01235419]
[2024-05-28 22:00:33,252][TCP][DEBUG] 1 sent the message to 10.
[2024-05-28 22:00:33,252][TCP][DEBUG] Sent message size: 359554
[2024-05-28 22:00:33,253][TCP][DEBUG] 1 sent the message to 4.
[2024-05-28 22:00:33,253][TCP][DEBUG] Sent message size: 359554
[2024-05-28 22:00:33,253][DPSGDNode][DEBUG] Sent to all neighbors
[2024-05-28 22:00:33,253][DPSGDNode][DEBUG] Received Model from 10 of iteration 17
[2024-05-28 22:00:33,262][Node][DEBUG] Received some message from 4 with CHANNEL: DPSGD
[2024-05-28 22:00:33,262][DPSGDNode][DEBUG] Received Model from 4 of iteration 17
[2024-05-28 22:00:33,263][DPSGDNode][DEBUG] Received from all
[2024-05-28 22:00:33,263][DPSGDNode][DEBUG] Averaging
[2024-05-28 22:00:33,263][Sharing][DEBUG] Averaging model from neighbor 10 of iteration 17
[2024-05-28 22:00:33,264][Sharing][DEBUG] Averaging model from neighbor 4 of iteration 17
[2024-05-28 22:00:33,265][DPSGDNode][DEBUG] Finished averaging
[2024-05-28 22:00:33,265][DPSGDNode][DEBUG] resetting optimizer
[2024-05-28 22:00:33,266][DPSGDNode][DEBUG] Finished resetting optimizer
[2024-05-28 22:00:33,267][DPSGDNode][INFO] Starting training iteration: 18
[2024-05-28 22:00:33,289][Training][DEBUG] Round: 1 loss: 2.331150770187378
[2024-05-28 22:00:33,309][Training][DEBUG] Round: 2 loss: 2.199195146560669
[2024-05-28 22:00:33,320][Training][DEBUG] Round: 3 loss: 2.3087356885274253
[2024-05-28 22:00:33,320][DPSGDWithPeerSampler][DEBUG] Requesting neighbors from the peer sampler.
[2024-05-28 22:00:33,320][TCP][DEBUG] 1 sent the message to -1.
[2024-05-28 22:00:33,320][TCP][DEBUG] Sent message size: 79
[2024-05-28 22:00:33,321][Node][DEBUG] Received some message from 5 with CHANNEL: DPSGD
[2024-05-28 22:00:33,321][Node][DEBUG] Received some message from -1 with CHANNEL: PEERS
[2024-05-28 22:00:33,321][DPSGDWithPeerSampler][DEBUG] Neighbors this round: {5}
[2024-05-28 22:00:33,321][DPSGDNode][DEBUG] Connected to all neighbors
[2024-05-28 22:00:33,322][Sharing][DEBUG] Model sending this round: [-0.07240364  0.05375027 -0.03003567 ... -0.00680801  0.00630918
 -0.01201769]
[2024-05-28 22:00:33,322][TCP][DEBUG] 1 sent the message to 5.
[2024-05-28 22:00:33,323][TCP][DEBUG] Sent message size: 359554
[2024-05-28 22:00:33,323][DPSGDNode][DEBUG] Sent to all neighbors
[2024-05-28 22:00:33,323][DPSGDNode][DEBUG] Received Model from 5 of iteration 18
[2024-05-28 22:00:33,323][DPSGDNode][DEBUG] Received from all
[2024-05-28 22:00:33,323][DPSGDNode][DEBUG] Averaging
[2024-05-28 22:00:33,323][Sharing][DEBUG] Averaging model from neighbor 5 of iteration 18
[2024-05-28 22:00:33,324][DPSGDNode][DEBUG] Finished averaging
[2024-05-28 22:00:33,325][DPSGDNode][DEBUG] resetting optimizer
[2024-05-28 22:00:33,325][DPSGDNode][DEBUG] Finished resetting optimizer
[2024-05-28 22:00:33,326][DPSGDNode][INFO] Starting training iteration: 19
[2024-05-28 22:00:33,337][Training][DEBUG] Round: 1 loss: 2.1235575675964355
[2024-05-28 22:00:33,347][Training][DEBUG] Round: 2 loss: 2.2580186128616333
[2024-05-28 22:00:33,358][Training][DEBUG] Round: 3 loss: 2.220682064692179
[2024-05-28 22:00:33,358][DPSGDWithPeerSampler][DEBUG] Requesting neighbors from the peer sampler.
[2024-05-28 22:00:33,358][TCP][DEBUG] 1 sent the message to -1.
[2024-05-28 22:00:33,358][TCP][DEBUG] Sent message size: 79
[2024-05-28 22:00:33,360][Node][DEBUG] Received some message from -1 with CHANNEL: PEERS
[2024-05-28 22:00:33,360][DPSGDWithPeerSampler][DEBUG] Neighbors this round: set()
[2024-05-28 22:00:33,360][DPSGDNode][DEBUG] Connected to all neighbors
[2024-05-28 22:00:33,361][Sharing][DEBUG] Model sending this round: [-0.07137521  0.05485667 -0.02915265 ... -0.00440901  0.00809177
 -0.01274366]
[2024-05-28 22:00:33,361][DPSGDNode][DEBUG] Sent to all neighbors
[2024-05-28 22:00:33,361][DPSGDNode][DEBUG] Received from all
[2024-05-28 22:00:33,362][DPSGDNode][DEBUG] Averaging
[2024-05-28 22:00:33,362][DPSGDNode][DEBUG] Finished averaging
[2024-05-28 22:00:33,362][DPSGDNode][DEBUG] resetting optimizer
[2024-05-28 22:00:33,362][DPSGDNode][DEBUG] Finished resetting optimizer
[2024-05-28 22:00:33,363][DPSGDNode][INFO] Evaluating on train set.
