[2024-05-28 22:00:19,926][DPSGDNode][DEBUG] Rank: 10
[2024-05-28 22:00:19,928][DPSGDNode][DEBUG] type(graph): <class 'int'>
[2024-05-28 22:00:19,928][DPSGDNode][DEBUG] type(mapping): <class 'decentralizepy.mappings.Linear.Linear'>
[2024-05-28 22:00:29,468][CIFAR10][INFO] Loading training set.
[2024-05-28 22:00:31,048][CIFAR10][DEBUG] Size fractions: [0.08332, 0.08332, 0.08332, 0.08332, 0.08332, 0.08332, 0.08332, 0.08332, 0.08332, 0.08332, 0.08332, 0.08347999999999994]
[2024-05-28 22:00:31,078][CIFAR10][INFO] Loading testing set.
[2024-05-28 22:00:31,889][CIFAR10][INFO] Extracting the validation set from the test set.
[2024-05-28 22:00:31,890][Node][INFO] Dataset instantiation complete.
[2024-05-28 22:00:31,927][DPSGDWithPeerSampler][INFO] Each proc uses 2 threads out of 32.
[2024-05-28 22:00:31,927][Node][DEBUG] Sending connection request to -1
[2024-05-28 22:00:31,927][TCP][DEBUG] Connecting to my neighbour: -1
[2024-05-28 22:00:31,927][TCP][DEBUG] 10 sent the message to -1.
[2024-05-28 22:00:31,928][TCP][DEBUG] Sent message size: 46
[2024-05-28 22:00:31,928][Node][DEBUG] Waiting HELLO from -1
[2024-05-28 22:00:32,031][Node][DEBUG] Received some message from -1 with CHANNEL: CONNECT
[2024-05-28 22:00:32,031][Node][DEBUG] Received HELLO from -1
[2024-05-28 22:00:32,031][DPSGDNode][INFO] Starting training iteration: 0
[2024-05-28 22:00:32,484][Training][DEBUG] Round: 1 loss: 2.182302951812744
[2024-05-28 22:00:32,498][Training][DEBUG] Round: 2 loss: 2.4543317556381226
[2024-05-28 22:00:32,510][Training][DEBUG] Round: 3 loss: 2.6510818799336753
[2024-05-28 22:00:32,510][DPSGDWithPeerSampler][DEBUG] Requesting neighbors from the peer sampler.
[2024-05-28 22:00:32,511][TCP][DEBUG] 10 sent the message to -1.
[2024-05-28 22:00:32,511][TCP][DEBUG] Sent message size: 79
[2024-05-28 22:00:32,517][Node][DEBUG] Received some message from -1 with CHANNEL: PEERS
[2024-05-28 22:00:32,517][DPSGDWithPeerSampler][DEBUG] Neighbors this round: set()
[2024-05-28 22:00:32,517][DPSGDNode][DEBUG] Connected to all neighbors
[2024-05-28 22:00:32,518][Sharing][DEBUG] Model sending this round: [-0.07355221  0.05291959 -0.03023026 ... -0.0050442   0.00908014
 -0.01330711]
[2024-05-28 22:00:32,519][DPSGDNode][DEBUG] Sent to all neighbors
[2024-05-28 22:00:32,519][DPSGDNode][DEBUG] Received from all
[2024-05-28 22:00:32,519][DPSGDNode][DEBUG] Averaging
[2024-05-28 22:00:32,520][DPSGDNode][DEBUG] Finished averaging
[2024-05-28 22:00:32,520][DPSGDNode][DEBUG] resetting optimizer
[2024-05-28 22:00:32,520][DPSGDNode][DEBUG] Finished resetting optimizer
[2024-05-28 22:00:32,520][DPSGDNode][INFO] Starting training iteration: 1
[2024-05-28 22:00:32,532][Training][DEBUG] Round: 1 loss: 2.1243107318878174
[2024-05-28 22:00:32,543][Training][DEBUG] Round: 2 loss: 2.964701294898987
[2024-05-28 22:00:32,553][Training][DEBUG] Round: 3 loss: 2.9286270141601562
[2024-05-28 22:00:32,554][DPSGDWithPeerSampler][DEBUG] Requesting neighbors from the peer sampler.
[2024-05-28 22:00:32,554][TCP][DEBUG] 10 sent the message to -1.
[2024-05-28 22:00:32,554][TCP][DEBUG] Sent message size: 79
[2024-05-28 22:00:32,556][Node][DEBUG] Received some message from -1 with CHANNEL: PEERS
[2024-05-28 22:00:32,556][DPSGDWithPeerSampler][DEBUG] Neighbors this round: set()
[2024-05-28 22:00:32,556][DPSGDNode][DEBUG] Connected to all neighbors
[2024-05-28 22:00:32,557][Sharing][DEBUG] Model sending this round: [-0.07302003  0.05327401 -0.02977075 ... -0.00496471  0.00491711
 -0.00953572]
[2024-05-28 22:00:32,557][DPSGDNode][DEBUG] Sent to all neighbors
[2024-05-28 22:00:32,557][DPSGDNode][DEBUG] Received from all
[2024-05-28 22:00:32,557][DPSGDNode][DEBUG] Averaging
[2024-05-28 22:00:32,558][DPSGDNode][DEBUG] Finished averaging
[2024-05-28 22:00:32,558][DPSGDNode][DEBUG] resetting optimizer
[2024-05-28 22:00:32,558][DPSGDNode][DEBUG] Finished resetting optimizer
[2024-05-28 22:00:32,560][DPSGDNode][INFO] Starting training iteration: 2
[2024-05-28 22:00:32,570][Training][DEBUG] Round: 1 loss: 2.6985511779785156
[2024-05-28 22:00:32,580][Training][DEBUG] Round: 2 loss: 2.759182929992676
[2024-05-28 22:00:32,590][Training][DEBUG] Round: 3 loss: 2.61620299021403
[2024-05-28 22:00:32,590][DPSGDWithPeerSampler][DEBUG] Requesting neighbors from the peer sampler.
[2024-05-28 22:00:32,591][TCP][DEBUG] 10 sent the message to -1.
[2024-05-28 22:00:32,591][TCP][DEBUG] Sent message size: 79
[2024-05-28 22:00:32,592][Node][DEBUG] Received some message from -1 with CHANNEL: PEERS
[2024-05-28 22:00:32,592][DPSGDWithPeerSampler][DEBUG] Neighbors this round: set()
[2024-05-28 22:00:32,592][DPSGDNode][DEBUG] Connected to all neighbors
[2024-05-28 22:00:32,593][Sharing][DEBUG] Model sending this round: [-0.07288079  0.05320361 -0.03002852 ... -0.00572447  0.00805115
 -0.01304649]
[2024-05-28 22:00:32,593][DPSGDNode][DEBUG] Sent to all neighbors
[2024-05-28 22:00:32,593][DPSGDNode][DEBUG] Received from all
[2024-05-28 22:00:32,594][DPSGDNode][DEBUG] Averaging
[2024-05-28 22:00:32,594][DPSGDNode][DEBUG] Finished averaging
[2024-05-28 22:00:32,594][DPSGDNode][DEBUG] resetting optimizer
[2024-05-28 22:00:32,594][DPSGDNode][DEBUG] Finished resetting optimizer
[2024-05-28 22:00:32,595][DPSGDNode][INFO] Starting training iteration: 3
[2024-05-28 22:00:32,605][Training][DEBUG] Round: 1 loss: 2.744417190551758
[2024-05-28 22:00:32,615][Training][DEBUG] Round: 2 loss: 2.7043691873550415
[2024-05-28 22:00:32,625][Training][DEBUG] Round: 3 loss: 2.6890459060668945
[2024-05-28 22:00:32,625][DPSGDWithPeerSampler][DEBUG] Requesting neighbors from the peer sampler.
[2024-05-28 22:00:32,626][TCP][DEBUG] 10 sent the message to -1.
[2024-05-28 22:00:32,626][TCP][DEBUG] Sent message size: 79
[2024-05-28 22:00:32,628][Node][DEBUG] Received some message from -1 with CHANNEL: PEERS
[2024-05-28 22:00:32,628][DPSGDWithPeerSampler][DEBUG] Neighbors this round: set()
[2024-05-28 22:00:32,628][DPSGDNode][DEBUG] Connected to all neighbors
[2024-05-28 22:00:32,628][Sharing][DEBUG] Model sending this round: [-0.07303134  0.05304984 -0.03058434 ... -0.0057443   0.00657353
 -0.01024721]
[2024-05-28 22:00:32,629][DPSGDNode][DEBUG] Sent to all neighbors
[2024-05-28 22:00:32,629][DPSGDNode][DEBUG] Received from all
[2024-05-28 22:00:32,629][DPSGDNode][DEBUG] Averaging
[2024-05-28 22:00:32,629][DPSGDNode][DEBUG] Finished averaging
[2024-05-28 22:00:32,630][DPSGDNode][DEBUG] resetting optimizer
[2024-05-28 22:00:32,630][DPSGDNode][DEBUG] Finished resetting optimizer
[2024-05-28 22:00:32,631][DPSGDNode][INFO] Starting training iteration: 4
[2024-05-28 22:00:32,641][Training][DEBUG] Round: 1 loss: 2.658592462539673
[2024-05-28 22:00:32,651][Training][DEBUG] Round: 2 loss: 2.6522523164749146
[2024-05-28 22:00:32,661][Training][DEBUG] Round: 3 loss: 2.6558879216512046
[2024-05-28 22:00:32,661][DPSGDWithPeerSampler][DEBUG] Requesting neighbors from the peer sampler.
[2024-05-28 22:00:32,661][TCP][DEBUG] 10 sent the message to -1.
[2024-05-28 22:00:32,661][TCP][DEBUG] Sent message size: 79
[2024-05-28 22:00:32,662][Node][DEBUG] Received some message from -1 with CHANNEL: PEERS
[2024-05-28 22:00:32,663][DPSGDWithPeerSampler][DEBUG] Neighbors this round: set()
[2024-05-28 22:00:32,663][DPSGDNode][DEBUG] Connected to all neighbors
[2024-05-28 22:00:32,663][Sharing][DEBUG] Model sending this round: [-0.07292414  0.05301605 -0.03078814 ... -0.00518004  0.00846895
 -0.01195342]
[2024-05-28 22:00:32,664][DPSGDNode][DEBUG] Sent to all neighbors
[2024-05-28 22:00:32,664][DPSGDNode][DEBUG] Received from all
[2024-05-28 22:00:32,664][DPSGDNode][DEBUG] Averaging
[2024-05-28 22:00:32,664][DPSGDNode][DEBUG] Finished averaging
[2024-05-28 22:00:32,664][DPSGDNode][DEBUG] resetting optimizer
[2024-05-28 22:00:32,664][DPSGDNode][DEBUG] Finished resetting optimizer
[2024-05-28 22:00:32,666][DPSGDNode][INFO] Starting training iteration: 5
[2024-05-28 22:00:32,676][Training][DEBUG] Round: 1 loss: 2.721508026123047
[2024-05-28 22:00:32,685][Training][DEBUG] Round: 2 loss: 2.5871434211730957
[2024-05-28 22:00:32,695][Training][DEBUG] Round: 3 loss: 2.4335320790608725
[2024-05-28 22:00:32,695][DPSGDWithPeerSampler][DEBUG] Requesting neighbors from the peer sampler.
[2024-05-28 22:00:32,695][TCP][DEBUG] 10 sent the message to -1.
[2024-05-28 22:00:32,695][TCP][DEBUG] Sent message size: 79
[2024-05-28 22:00:32,697][Node][DEBUG] Received some message from -1 with CHANNEL: PEERS
[2024-05-28 22:00:32,697][DPSGDWithPeerSampler][DEBUG] Neighbors this round: {11, 4}
[2024-05-28 22:00:32,697][Node][DEBUG] Sending connection request to 11
[2024-05-28 22:00:32,697][TCP][DEBUG] Connecting to my neighbour: 11
[2024-05-28 22:00:32,698][TCP][DEBUG] 10 sent the message to 11.
[2024-05-28 22:00:32,698][TCP][DEBUG] Sent message size: 46
[2024-05-28 22:00:32,698][Node][DEBUG] Sending connection request to 4
[2024-05-28 22:00:32,698][TCP][DEBUG] Connecting to my neighbour: 4
[2024-05-28 22:00:32,698][TCP][DEBUG] 10 sent the message to 4.
[2024-05-28 22:00:32,698][TCP][DEBUG] Sent message size: 46
[2024-05-28 22:00:32,698][Node][DEBUG] Waiting HELLO from 11
[2024-05-28 22:00:32,723][Node][DEBUG] Received some message from 11 with CHANNEL: CONNECT
[2024-05-28 22:00:32,723][Node][DEBUG] Received HELLO from 11
[2024-05-28 22:00:32,723][Node][DEBUG] Waiting HELLO from 4
[2024-05-28 22:00:32,724][Node][DEBUG] Received some message from 4 with CHANNEL: CONNECT
[2024-05-28 22:00:32,724][Node][DEBUG] Received HELLO from 4
[2024-05-28 22:00:32,724][DPSGDNode][DEBUG] Connected to all neighbors
[2024-05-28 22:00:32,725][Sharing][DEBUG] Model sending this round: [-0.07291574  0.05293449 -0.03091184 ... -0.00431487  0.00802826
 -0.01389016]
[2024-05-28 22:00:32,725][TCP][DEBUG] 10 sent the message to 11.
[2024-05-28 22:00:32,726][TCP][DEBUG] Sent message size: 359554
[2024-05-28 22:00:32,726][TCP][DEBUG] 10 sent the message to 4.
[2024-05-28 22:00:32,726][TCP][DEBUG] Sent message size: 359554
[2024-05-28 22:00:32,726][DPSGDNode][DEBUG] Sent to all neighbors
[2024-05-28 22:00:32,726][Node][DEBUG] Received some message from 4 with CHANNEL: DPSGD
[2024-05-28 22:00:32,726][DPSGDNode][DEBUG] Received Model from 4 of iteration 5
[2024-05-28 22:00:32,727][Node][DEBUG] Received some message from 11 with CHANNEL: DPSGD
[2024-05-28 22:00:32,727][DPSGDNode][DEBUG] Received Model from 11 of iteration 5
[2024-05-28 22:00:32,727][DPSGDNode][DEBUG] Received from all
[2024-05-28 22:00:32,727][DPSGDNode][DEBUG] Averaging
[2024-05-28 22:00:32,727][Sharing][DEBUG] Averaging model from neighbor 11 of iteration 5
[2024-05-28 22:00:32,728][Sharing][DEBUG] Averaging model from neighbor 4 of iteration 5
[2024-05-28 22:00:32,729][DPSGDNode][DEBUG] Finished averaging
[2024-05-28 22:00:32,729][DPSGDNode][DEBUG] resetting optimizer
[2024-05-28 22:00:32,729][DPSGDNode][DEBUG] Finished resetting optimizer
[2024-05-28 22:00:32,730][DPSGDNode][INFO] Starting training iteration: 6
[2024-05-28 22:00:32,741][Training][DEBUG] Round: 1 loss: 2.3169314861297607
[2024-05-28 22:00:32,750][Training][DEBUG] Round: 2 loss: 2.348040461540222
[2024-05-28 22:00:32,759][Training][DEBUG] Round: 3 loss: 2.384139060974121
[2024-05-28 22:00:32,760][DPSGDWithPeerSampler][DEBUG] Requesting neighbors from the peer sampler.
[2024-05-28 22:00:32,760][TCP][DEBUG] 10 sent the message to -1.
[2024-05-28 22:00:32,760][TCP][DEBUG] Sent message size: 79
[2024-05-28 22:00:32,761][Node][DEBUG] Received some message from -1 with CHANNEL: PEERS
[2024-05-28 22:00:32,761][DPSGDWithPeerSampler][DEBUG] Neighbors this round: set()
[2024-05-28 22:00:32,761][DPSGDNode][DEBUG] Connected to all neighbors
[2024-05-28 22:00:32,762][Sharing][DEBUG] Model sending this round: [-0.07299591  0.05312766 -0.03057623 ... -0.00687063  0.00621356
 -0.01099994]
[2024-05-28 22:00:32,762][DPSGDNode][DEBUG] Sent to all neighbors
[2024-05-28 22:00:32,762][DPSGDNode][DEBUG] Received from all
[2024-05-28 22:00:32,762][DPSGDNode][DEBUG] Averaging
[2024-05-28 22:00:32,763][DPSGDNode][DEBUG] Finished averaging
[2024-05-28 22:00:32,763][DPSGDNode][DEBUG] resetting optimizer
[2024-05-28 22:00:32,763][DPSGDNode][DEBUG] Finished resetting optimizer
[2024-05-28 22:00:32,773][DPSGDNode][INFO] Starting training iteration: 7
[2024-05-28 22:00:32,784][Training][DEBUG] Round: 1 loss: 2.171290397644043
[2024-05-28 22:00:32,793][Training][DEBUG] Round: 2 loss: 2.2772351503372192
[2024-05-28 22:00:32,803][Training][DEBUG] Round: 3 loss: 2.2343862056732178
[2024-05-28 22:00:32,804][DPSGDWithPeerSampler][DEBUG] Requesting neighbors from the peer sampler.
[2024-05-28 22:00:32,804][TCP][DEBUG] 10 sent the message to -1.
[2024-05-28 22:00:32,804][TCP][DEBUG] Sent message size: 79
[2024-05-28 22:00:32,805][Node][DEBUG] Received some message from -1 with CHANNEL: PEERS
[2024-05-28 22:00:32,805][DPSGDWithPeerSampler][DEBUG] Neighbors this round: set()
[2024-05-28 22:00:32,805][DPSGDNode][DEBUG] Connected to all neighbors
[2024-05-28 22:00:32,806][Sharing][DEBUG] Model sending this round: [-0.07307927  0.05314202 -0.03041233 ... -0.004264    0.0095155
 -0.01130082]
[2024-05-28 22:00:32,806][DPSGDNode][DEBUG] Sent to all neighbors
[2024-05-28 22:00:32,806][DPSGDNode][DEBUG] Received from all
[2024-05-28 22:00:32,806][DPSGDNode][DEBUG] Averaging
[2024-05-28 22:00:32,807][DPSGDNode][DEBUG] Finished averaging
[2024-05-28 22:00:32,807][DPSGDNode][DEBUG] resetting optimizer
[2024-05-28 22:00:32,807][DPSGDNode][DEBUG] Finished resetting optimizer
[2024-05-28 22:00:32,837][DPSGDNode][INFO] Starting training iteration: 8
[2024-05-28 22:00:32,848][Training][DEBUG] Round: 1 loss: 2.4151699542999268
[2024-05-28 22:00:32,857][Training][DEBUG] Round: 2 loss: 2.641465663909912
[2024-05-28 22:00:32,867][Training][DEBUG] Round: 3 loss: 2.667227109273275
[2024-05-28 22:00:32,868][DPSGDWithPeerSampler][DEBUG] Requesting neighbors from the peer sampler.
[2024-05-28 22:00:32,868][TCP][DEBUG] 10 sent the message to -1.
[2024-05-28 22:00:32,868][TCP][DEBUG] Sent message size: 79
[2024-05-28 22:00:32,871][Node][DEBUG] Received some message from -1 with CHANNEL: PEERS
[2024-05-28 22:00:32,871][DPSGDWithPeerSampler][DEBUG] Neighbors this round: set()
[2024-05-28 22:00:32,871][DPSGDNode][DEBUG] Connected to all neighbors
[2024-05-28 22:00:32,872][Sharing][DEBUG] Model sending this round: [-0.07300876  0.05317333 -0.0305182  ... -0.00519831  0.00789718
 -0.01251696]
[2024-05-28 22:00:32,872][DPSGDNode][DEBUG] Sent to all neighbors
[2024-05-28 22:00:32,872][DPSGDNode][DEBUG] Received from all
[2024-05-28 22:00:32,872][DPSGDNode][DEBUG] Averaging
[2024-05-28 22:00:32,873][DPSGDNode][DEBUG] Finished averaging
[2024-05-28 22:00:32,873][DPSGDNode][DEBUG] resetting optimizer
[2024-05-28 22:00:32,873][DPSGDNode][DEBUG] Finished resetting optimizer
[2024-05-28 22:00:32,874][DPSGDNode][INFO] Starting training iteration: 9
[2024-05-28 22:00:32,884][Training][DEBUG] Round: 1 loss: 2.266820192337036
[2024-05-28 22:00:32,894][Training][DEBUG] Round: 2 loss: 2.202978014945984
[2024-05-28 22:00:32,904][Training][DEBUG] Round: 3 loss: 2.1691782474517822
[2024-05-28 22:00:32,904][DPSGDWithPeerSampler][DEBUG] Requesting neighbors from the peer sampler.
[2024-05-28 22:00:32,905][TCP][DEBUG] 10 sent the message to -1.
[2024-05-28 22:00:32,905][TCP][DEBUG] Sent message size: 79
[2024-05-28 22:00:32,906][Node][DEBUG] Received some message from -1 with CHANNEL: PEERS
[2024-05-28 22:00:32,906][DPSGDWithPeerSampler][DEBUG] Neighbors this round: set()
[2024-05-28 22:00:32,906][DPSGDNode][DEBUG] Connected to all neighbors
[2024-05-28 22:00:32,907][Sharing][DEBUG] Model sending this round: [-0.0732802   0.05298052 -0.03066352 ... -0.00631451  0.00707551
 -0.01380011]
[2024-05-28 22:00:32,907][DPSGDNode][DEBUG] Sent to all neighbors
[2024-05-28 22:00:32,907][DPSGDNode][DEBUG] Received from all
[2024-05-28 22:00:32,907][DPSGDNode][DEBUG] Averaging
[2024-05-28 22:00:32,908][DPSGDNode][DEBUG] Finished averaging
[2024-05-28 22:00:32,908][DPSGDNode][DEBUG] resetting optimizer
[2024-05-28 22:00:32,908][DPSGDNode][DEBUG] Finished resetting optimizer
[2024-05-28 22:00:32,909][DPSGDNode][INFO] Starting training iteration: 10
[2024-05-28 22:00:32,919][Training][DEBUG] Round: 1 loss: 2.452227830886841
[2024-05-28 22:00:32,929][Training][DEBUG] Round: 2 loss: 2.3663761615753174
[2024-05-28 22:00:32,939][Training][DEBUG] Round: 3 loss: 2.1740716695785522
[2024-05-28 22:00:32,939][DPSGDWithPeerSampler][DEBUG] Requesting neighbors from the peer sampler.
[2024-05-28 22:00:32,939][TCP][DEBUG] 10 sent the message to -1.
[2024-05-28 22:00:32,939][TCP][DEBUG] Sent message size: 79
[2024-05-28 22:00:32,939][Node][DEBUG] Received some message from 7 with CHANNEL: CONNECT
[2024-05-28 22:00:32,940][Node][DEBUG] Received some message from -1 with CHANNEL: PEERS
[2024-05-28 22:00:32,940][DPSGDWithPeerSampler][DEBUG] Neighbors this round: {7}
[2024-05-28 22:00:32,940][Node][DEBUG] Sending connection request to 7
[2024-05-28 22:00:32,940][TCP][DEBUG] Connecting to my neighbour: 7
[2024-05-28 22:00:32,940][TCP][DEBUG] 10 sent the message to 7.
[2024-05-28 22:00:32,941][TCP][DEBUG] Sent message size: 46
[2024-05-28 22:00:32,941][Node][DEBUG] Waiting HELLO from 7
[2024-05-28 22:00:32,941][Node][DEBUG] Received HELLO from 7
[2024-05-28 22:00:32,941][DPSGDNode][DEBUG] Connected to all neighbors
[2024-05-28 22:00:32,942][Sharing][DEBUG] Model sending this round: [-0.0733761   0.05304402 -0.03033354 ... -0.0053039   0.00946428
 -0.01354493]
[2024-05-28 22:00:32,942][TCP][DEBUG] 10 sent the message to 7.
[2024-05-28 22:00:32,942][TCP][DEBUG] Sent message size: 359554
[2024-05-28 22:00:32,942][DPSGDNode][DEBUG] Sent to all neighbors
[2024-05-28 22:00:32,943][Node][DEBUG] Received some message from 7 with CHANNEL: DPSGD
[2024-05-28 22:00:32,943][DPSGDNode][DEBUG] Received Model from 7 of iteration 10
[2024-05-28 22:00:32,943][DPSGDNode][DEBUG] Received from all
[2024-05-28 22:00:32,943][DPSGDNode][DEBUG] Averaging
[2024-05-28 22:00:32,943][Sharing][DEBUG] Averaging model from neighbor 7 of iteration 10
[2024-05-28 22:00:32,944][DPSGDNode][DEBUG] Finished averaging
[2024-05-28 22:00:32,945][DPSGDNode][DEBUG] resetting optimizer
[2024-05-28 22:00:32,945][DPSGDNode][DEBUG] Finished resetting optimizer
[2024-05-28 22:00:32,946][DPSGDNode][INFO] Starting training iteration: 11
[2024-05-28 22:00:32,956][Training][DEBUG] Round: 1 loss: 2.08559513092041
[2024-05-28 22:00:32,966][Training][DEBUG] Round: 2 loss: 2.194472551345825
[2024-05-28 22:00:32,976][Training][DEBUG] Round: 3 loss: 2.2639334996541343
[2024-05-28 22:00:32,976][DPSGDWithPeerSampler][DEBUG] Requesting neighbors from the peer sampler.
[2024-05-28 22:00:32,976][TCP][DEBUG] 10 sent the message to -1.
[2024-05-28 22:00:32,976][TCP][DEBUG] Sent message size: 79
[2024-05-28 22:00:32,977][Node][DEBUG] Received some message from -1 with CHANNEL: PEERS
[2024-05-28 22:00:32,977][DPSGDWithPeerSampler][DEBUG] Neighbors this round: set()
[2024-05-28 22:00:32,977][DPSGDNode][DEBUG] Connected to all neighbors
[2024-05-28 22:00:32,978][Sharing][DEBUG] Model sending this round: [-0.07252336  0.05376662 -0.02985709 ... -0.00684397  0.00679901
 -0.01173712]
[2024-05-28 22:00:32,978][DPSGDNode][DEBUG] Sent to all neighbors
[2024-05-28 22:00:32,978][DPSGDNode][DEBUG] Received from all
[2024-05-28 22:00:32,978][DPSGDNode][DEBUG] Averaging
[2024-05-28 22:00:32,979][DPSGDNode][DEBUG] Finished averaging
[2024-05-28 22:00:32,979][DPSGDNode][DEBUG] resetting optimizer
[2024-05-28 22:00:32,979][DPSGDNode][DEBUG] Finished resetting optimizer
[2024-05-28 22:00:32,991][DPSGDNode][INFO] Starting training iteration: 12
[2024-05-28 22:00:33,001][Training][DEBUG] Round: 1 loss: 2.196056604385376
[2024-05-28 22:00:33,011][Training][DEBUG] Round: 2 loss: 2.1644939184188843
[2024-05-28 22:00:33,020][Training][DEBUG] Round: 3 loss: 2.3016159534454346
[2024-05-28 22:00:33,020][DPSGDWithPeerSampler][DEBUG] Requesting neighbors from the peer sampler.
[2024-05-28 22:00:33,020][TCP][DEBUG] 10 sent the message to -1.
[2024-05-28 22:00:33,020][TCP][DEBUG] Sent message size: 79
[2024-05-28 22:00:33,024][Node][DEBUG] Received some message from -1 with CHANNEL: PEERS
[2024-05-28 22:00:33,025][DPSGDWithPeerSampler][DEBUG] Neighbors this round: set()
[2024-05-28 22:00:33,025][DPSGDNode][DEBUG] Connected to all neighbors
[2024-05-28 22:00:33,025][Sharing][DEBUG] Model sending this round: [-0.07275272  0.05360136 -0.0299292  ... -0.0029143   0.00598337
 -0.0138894 ]
[2024-05-28 22:00:33,026][DPSGDNode][DEBUG] Sent to all neighbors
[2024-05-28 22:00:33,026][DPSGDNode][DEBUG] Received from all
[2024-05-28 22:00:33,026][DPSGDNode][DEBUG] Averaging
[2024-05-28 22:00:33,026][DPSGDNode][DEBUG] Finished averaging
[2024-05-28 22:00:33,026][DPSGDNode][DEBUG] resetting optimizer
[2024-05-28 22:00:33,026][DPSGDNode][DEBUG] Finished resetting optimizer
[2024-05-28 22:00:33,051][DPSGDNode][INFO] Starting training iteration: 13
[2024-05-28 22:00:33,061][Training][DEBUG] Round: 1 loss: 2.6534676551818848
[2024-05-28 22:00:33,070][Training][DEBUG] Round: 2 loss: 2.368614077568054
[2024-05-28 22:00:33,080][Training][DEBUG] Round: 3 loss: 2.4480424722035727
[2024-05-28 22:00:33,080][DPSGDWithPeerSampler][DEBUG] Requesting neighbors from the peer sampler.
[2024-05-28 22:00:33,081][TCP][DEBUG] 10 sent the message to -1.
[2024-05-28 22:00:33,081][TCP][DEBUG] Sent message size: 79
[2024-05-28 22:00:33,081][Node][DEBUG] Received some message from -1 with CHANNEL: PEERS
[2024-05-28 22:00:33,082][DPSGDWithPeerSampler][DEBUG] Neighbors this round: set()
[2024-05-28 22:00:33,082][DPSGDNode][DEBUG] Connected to all neighbors
[2024-05-28 22:00:33,082][Sharing][DEBUG] Model sending this round: [-0.07275383  0.05332019 -0.03042518 ... -0.00486896  0.00675457
 -0.01176867]
[2024-05-28 22:00:33,083][DPSGDNode][DEBUG] Sent to all neighbors
[2024-05-28 22:00:33,083][DPSGDNode][DEBUG] Received from all
[2024-05-28 22:00:33,083][DPSGDNode][DEBUG] Averaging
[2024-05-28 22:00:33,083][DPSGDNode][DEBUG] Finished averaging
[2024-05-28 22:00:33,083][DPSGDNode][DEBUG] resetting optimizer
[2024-05-28 22:00:33,084][DPSGDNode][DEBUG] Finished resetting optimizer
[2024-05-28 22:00:33,085][DPSGDNode][INFO] Starting training iteration: 14
[2024-05-28 22:00:33,095][Training][DEBUG] Round: 1 loss: 1.9750070571899414
[2024-05-28 22:00:33,105][Training][DEBUG] Round: 2 loss: 2.00039279460907
[2024-05-28 22:00:33,115][Training][DEBUG] Round: 3 loss: 2.0484675566355386
[2024-05-28 22:00:33,116][DPSGDWithPeerSampler][DEBUG] Requesting neighbors from the peer sampler.
[2024-05-28 22:00:33,116][TCP][DEBUG] 10 sent the message to -1.
[2024-05-28 22:00:33,116][TCP][DEBUG] Sent message size: 79
[2024-05-28 22:00:33,117][Node][DEBUG] Received some message from -1 with CHANNEL: PEERS
[2024-05-28 22:00:33,117][DPSGDWithPeerSampler][DEBUG] Neighbors this round: set()
[2024-05-28 22:00:33,117][DPSGDNode][DEBUG] Connected to all neighbors
[2024-05-28 22:00:33,118][Sharing][DEBUG] Model sending this round: [-0.07278059  0.05327326 -0.03046941 ... -0.00608714  0.00759428
 -0.01325539]
[2024-05-28 22:00:33,118][DPSGDNode][DEBUG] Sent to all neighbors
[2024-05-28 22:00:33,118][DPSGDNode][DEBUG] Received from all
[2024-05-28 22:00:33,118][DPSGDNode][DEBUG] Averaging
[2024-05-28 22:00:33,119][DPSGDNode][DEBUG] Finished averaging
[2024-05-28 22:00:33,119][DPSGDNode][DEBUG] resetting optimizer
[2024-05-28 22:00:33,119][DPSGDNode][DEBUG] Finished resetting optimizer
[2024-05-28 22:00:33,120][DPSGDNode][INFO] Starting training iteration: 15
[2024-05-28 22:00:33,130][Training][DEBUG] Round: 1 loss: 1.9325255155563354
[2024-05-28 22:00:33,140][Training][DEBUG] Round: 2 loss: 1.7919830679893494
[2024-05-28 22:00:33,150][Training][DEBUG] Round: 3 loss: 2.1581701834996543
[2024-05-28 22:00:33,150][DPSGDWithPeerSampler][DEBUG] Requesting neighbors from the peer sampler.
[2024-05-28 22:00:33,150][TCP][DEBUG] 10 sent the message to -1.
[2024-05-28 22:00:33,150][TCP][DEBUG] Sent message size: 79
[2024-05-28 22:00:33,151][Node][DEBUG] Received some message from -1 with CHANNEL: PEERS
[2024-05-28 22:00:33,151][DPSGDWithPeerSampler][DEBUG] Neighbors this round: set()
[2024-05-28 22:00:33,151][DPSGDNode][DEBUG] Connected to all neighbors
[2024-05-28 22:00:33,152][Sharing][DEBUG] Model sending this round: [-0.07283802  0.05334732 -0.03039188 ... -0.00356914  0.00677536
 -0.0107406 ]
[2024-05-28 22:00:33,152][DPSGDNode][DEBUG] Sent to all neighbors
[2024-05-28 22:00:33,152][DPSGDNode][DEBUG] Received from all
[2024-05-28 22:00:33,152][DPSGDNode][DEBUG] Averaging
[2024-05-28 22:00:33,153][DPSGDNode][DEBUG] Finished averaging
[2024-05-28 22:00:33,153][DPSGDNode][DEBUG] resetting optimizer
[2024-05-28 22:00:33,153][DPSGDNode][DEBUG] Finished resetting optimizer
[2024-05-28 22:00:33,154][DPSGDNode][INFO] Starting training iteration: 16
[2024-05-28 22:00:33,165][Training][DEBUG] Round: 1 loss: 2.199606418609619
[2024-05-28 22:00:33,179][Training][DEBUG] Round: 2 loss: 2.2041990756988525
[2024-05-28 22:00:33,189][Training][DEBUG] Round: 3 loss: 2.322101275126139
[2024-05-28 22:00:33,190][DPSGDWithPeerSampler][DEBUG] Requesting neighbors from the peer sampler.
[2024-05-28 22:00:33,190][TCP][DEBUG] 10 sent the message to -1.
[2024-05-28 22:00:33,190][TCP][DEBUG] Sent message size: 79
[2024-05-28 22:00:33,208][Node][DEBUG] Received some message from -1 with CHANNEL: PEERS
[2024-05-28 22:00:33,208][DPSGDWithPeerSampler][DEBUG] Neighbors this round: set()
[2024-05-28 22:00:33,208][DPSGDNode][DEBUG] Connected to all neighbors
[2024-05-28 22:00:33,209][Sharing][DEBUG] Model sending this round: [-0.07315889  0.05302782 -0.03047169 ... -0.00643482  0.00764145
 -0.01102481]
[2024-05-28 22:00:33,209][DPSGDNode][DEBUG] Sent to all neighbors
[2024-05-28 22:00:33,210][DPSGDNode][DEBUG] Received from all
[2024-05-28 22:00:33,210][DPSGDNode][DEBUG] Averaging
[2024-05-28 22:00:33,210][DPSGDNode][DEBUG] Finished averaging
[2024-05-28 22:00:33,210][DPSGDNode][DEBUG] resetting optimizer
[2024-05-28 22:00:33,211][DPSGDNode][DEBUG] Finished resetting optimizer
[2024-05-28 22:00:33,212][DPSGDNode][INFO] Starting training iteration: 17
[2024-05-28 22:00:33,222][Training][DEBUG] Round: 1 loss: 2.347839117050171
[2024-05-28 22:00:33,233][Training][DEBUG] Round: 2 loss: 2.376236319541931
[2024-05-28 22:00:33,242][Training][DEBUG] Round: 3 loss: 2.2970590591430664
[2024-05-28 22:00:33,242][DPSGDWithPeerSampler][DEBUG] Requesting neighbors from the peer sampler.
[2024-05-28 22:00:33,243][TCP][DEBUG] 10 sent the message to -1.
[2024-05-28 22:00:33,243][TCP][DEBUG] Sent message size: 79
[2024-05-28 22:00:33,243][Node][DEBUG] Received some message from 1 with CHANNEL: CONNECT
[2024-05-28 22:00:33,243][Node][DEBUG] Received some message from -1 with CHANNEL: PEERS
[2024-05-28 22:00:33,244][DPSGDWithPeerSampler][DEBUG] Neighbors this round: {1}
[2024-05-28 22:00:33,244][Node][DEBUG] Sending connection request to 1
[2024-05-28 22:00:33,244][TCP][DEBUG] Connecting to my neighbour: 1
[2024-05-28 22:00:33,244][TCP][DEBUG] 10 sent the message to 1.
[2024-05-28 22:00:33,244][TCP][DEBUG] Sent message size: 46
[2024-05-28 22:00:33,244][Node][DEBUG] Waiting HELLO from 1
[2024-05-28 22:00:33,244][Node][DEBUG] Received HELLO from 1
[2024-05-28 22:00:33,245][DPSGDNode][DEBUG] Connected to all neighbors
[2024-05-28 22:00:33,245][Sharing][DEBUG] Model sending this round: [-0.07333314  0.05275306 -0.03066238 ... -0.0067596   0.00790205
 -0.0126184 ]
[2024-05-28 22:00:33,246][TCP][DEBUG] 10 sent the message to 1.
[2024-05-28 22:00:33,246][TCP][DEBUG] Sent message size: 359554
[2024-05-28 22:00:33,246][DPSGDNode][DEBUG] Sent to all neighbors
[2024-05-28 22:00:33,252][Node][DEBUG] Received some message from 1 with CHANNEL: DPSGD
[2024-05-28 22:00:33,253][DPSGDNode][DEBUG] Received Model from 1 of iteration 17
[2024-05-28 22:00:33,253][DPSGDNode][DEBUG] Received from all
[2024-05-28 22:00:33,253][DPSGDNode][DEBUG] Averaging
[2024-05-28 22:00:33,253][Sharing][DEBUG] Averaging model from neighbor 1 of iteration 17
[2024-05-28 22:00:33,254][DPSGDNode][DEBUG] Finished averaging
[2024-05-28 22:00:33,254][DPSGDNode][DEBUG] resetting optimizer
[2024-05-28 22:00:33,254][DPSGDNode][DEBUG] Finished resetting optimizer
[2024-05-28 22:00:33,268][DPSGDNode][INFO] Starting training iteration: 18
[2024-05-28 22:00:33,279][Training][DEBUG] Round: 1 loss: 2.189265251159668
[2024-05-28 22:00:33,292][Training][DEBUG] Round: 2 loss: 2.25094473361969
[2024-05-28 22:00:33,301][Training][DEBUG] Round: 3 loss: 2.194099187850952
[2024-05-28 22:00:33,301][DPSGDWithPeerSampler][DEBUG] Requesting neighbors from the peer sampler.
[2024-05-28 22:00:33,301][TCP][DEBUG] 10 sent the message to -1.
[2024-05-28 22:00:33,301][TCP][DEBUG] Sent message size: 79
[2024-05-28 22:00:33,302][Node][DEBUG] Received some message from 11 with CHANNEL: DPSGD
[2024-05-28 22:00:33,302][Node][DEBUG] Received some message from -1 with CHANNEL: PEERS
[2024-05-28 22:00:33,302][DPSGDWithPeerSampler][DEBUG] Neighbors this round: {11}
[2024-05-28 22:00:33,302][DPSGDNode][DEBUG] Connected to all neighbors
[2024-05-28 22:00:33,303][Sharing][DEBUG] Model sending this round: [-0.07320493  0.05299747 -0.03043167 ... -0.00672968  0.00675846
 -0.01355209]
[2024-05-28 22:00:33,304][TCP][DEBUG] 10 sent the message to 11.
[2024-05-28 22:00:33,304][TCP][DEBUG] Sent message size: 359554
[2024-05-28 22:00:33,304][DPSGDNode][DEBUG] Sent to all neighbors
[2024-05-28 22:00:33,304][DPSGDNode][DEBUG] Received Model from 11 of iteration 18
[2024-05-28 22:00:33,304][DPSGDNode][DEBUG] Received from all
[2024-05-28 22:00:33,304][DPSGDNode][DEBUG] Averaging
[2024-05-28 22:00:33,304][Sharing][DEBUG] Averaging model from neighbor 11 of iteration 18
[2024-05-28 22:00:33,305][DPSGDNode][DEBUG] Finished averaging
[2024-05-28 22:00:33,306][DPSGDNode][DEBUG] resetting optimizer
[2024-05-28 22:00:33,306][DPSGDNode][DEBUG] Finished resetting optimizer
[2024-05-28 22:00:33,307][DPSGDNode][INFO] Starting training iteration: 19
[2024-05-28 22:00:33,317][Training][DEBUG] Round: 1 loss: 2.1908369064331055
[2024-05-28 22:00:33,326][Training][DEBUG] Round: 2 loss: 2.2349859476089478
[2024-05-28 22:00:33,335][Training][DEBUG] Round: 3 loss: 2.0646689335505166
[2024-05-28 22:00:33,335][DPSGDWithPeerSampler][DEBUG] Requesting neighbors from the peer sampler.
[2024-05-28 22:00:33,336][TCP][DEBUG] 10 sent the message to -1.
[2024-05-28 22:00:33,336][TCP][DEBUG] Sent message size: 79
[2024-05-28 22:00:33,337][Node][DEBUG] Received some message from -1 with CHANNEL: PEERS
[2024-05-28 22:00:33,337][DPSGDWithPeerSampler][DEBUG] Neighbors this round: set()
[2024-05-28 22:00:33,337][DPSGDNode][DEBUG] Connected to all neighbors
[2024-05-28 22:00:33,338][Sharing][DEBUG] Model sending this round: [-0.07202723  0.0540689  -0.02951431 ... -0.0076376   0.0063921
 -0.01270377]
[2024-05-28 22:00:33,338][DPSGDNode][DEBUG] Sent to all neighbors
[2024-05-28 22:00:33,338][DPSGDNode][DEBUG] Received from all
[2024-05-28 22:00:33,338][DPSGDNode][DEBUG] Averaging
[2024-05-28 22:00:33,339][DPSGDNode][DEBUG] Finished averaging
[2024-05-28 22:00:33,339][DPSGDNode][DEBUG] resetting optimizer
[2024-05-28 22:00:33,339][DPSGDNode][DEBUG] Finished resetting optimizer
[2024-05-28 22:00:33,339][DPSGDNode][INFO] Evaluating on train set.
