[2024-05-28 22:00:19,927][DPSGDNode][DEBUG] Rank: 11
[2024-05-28 22:00:19,928][DPSGDNode][DEBUG] type(graph): <class 'int'>
[2024-05-28 22:00:19,929][DPSGDNode][DEBUG] type(mapping): <class 'decentralizepy.mappings.Linear.Linear'>
[2024-05-28 22:00:29,468][CIFAR10][INFO] Loading training set.
[2024-05-28 22:00:31,016][CIFAR10][DEBUG] Size fractions: [0.08332, 0.08332, 0.08332, 0.08332, 0.08332, 0.08332, 0.08332, 0.08332, 0.08332, 0.08332, 0.08332, 0.08347999999999994]
[2024-05-28 22:00:31,045][CIFAR10][INFO] Loading testing set.
[2024-05-28 22:00:31,775][CIFAR10][INFO] Extracting the validation set from the test set.
[2024-05-28 22:00:31,789][Node][INFO] Dataset instantiation complete.
[2024-05-28 22:00:31,923][Node][DEBUG] Sending connection request to 6
[2024-05-28 22:00:31,923][TCP][DEBUG] Connecting to my neighbour: 6
[2024-05-28 22:00:31,923][TCP][DEBUG] 11 sent the message to 6.
[2024-05-28 22:00:31,923][TCP][DEBUG] Sent message size: 46
[2024-05-28 22:00:31,924][Node][DEBUG] Waiting HELLO from 6
[2024-05-28 22:00:31,976][Node][DEBUG] Received some message from 6 with CHANNEL: CONNECT
[2024-05-28 22:00:31,976][Node][DEBUG] Received HELLO from 6
[2024-05-28 22:00:31,976][DPSGDWithPeerSampler][INFO] Each proc uses 2 threads out of 32.
[2024-05-28 22:00:31,976][Node][DEBUG] Sending connection request to -1
[2024-05-28 22:00:31,977][TCP][DEBUG] Connecting to my neighbour: -1
[2024-05-28 22:00:31,977][TCP][DEBUG] 11 sent the message to -1.
[2024-05-28 22:00:31,977][TCP][DEBUG] Sent message size: 46
[2024-05-28 22:00:31,977][Node][DEBUG] Waiting HELLO from -1
[2024-05-28 22:00:32,007][Node][DEBUG] Received some message from -1 with CHANNEL: CONNECT
[2024-05-28 22:00:32,007][Node][DEBUG] Received HELLO from -1
[2024-05-28 22:00:32,007][DPSGDNode][INFO] Starting training iteration: 0
[2024-05-28 22:00:32,485][Training][DEBUG] Round: 1 loss: 2.1692428588867188
[2024-05-28 22:00:32,496][Training][DEBUG] Round: 2 loss: 2.1952658891677856
[2024-05-28 22:00:32,506][Training][DEBUG] Round: 3 loss: 2.6412176291147866
[2024-05-28 22:00:32,506][DPSGDWithPeerSampler][DEBUG] Requesting neighbors from the peer sampler.
[2024-05-28 22:00:32,506][TCP][DEBUG] 11 sent the message to -1.
[2024-05-28 22:00:32,506][TCP][DEBUG] Sent message size: 79
[2024-05-28 22:00:32,515][Node][DEBUG] Received some message from 6 with CHANNEL: DPSGD
[2024-05-28 22:00:32,516][Node][DEBUG] Received some message from -1 with CHANNEL: PEERS
[2024-05-28 22:00:32,516][DPSGDWithPeerSampler][DEBUG] Neighbors this round: {6}
[2024-05-28 22:00:32,516][DPSGDNode][DEBUG] Connected to all neighbors
[2024-05-28 22:00:32,517][Sharing][DEBUG] Model sending this round: [-0.07396898  0.05273782 -0.03041399 ... -0.00564826  0.00585693
 -0.01085395]
[2024-05-28 22:00:32,518][TCP][DEBUG] 11 sent the message to 6.
[2024-05-28 22:00:32,518][TCP][DEBUG] Sent message size: 359554
[2024-05-28 22:00:32,518][DPSGDNode][DEBUG] Sent to all neighbors
[2024-05-28 22:00:32,518][DPSGDNode][DEBUG] Received Model from 6 of iteration 0
[2024-05-28 22:00:32,518][DPSGDNode][DEBUG] Received from all
[2024-05-28 22:00:32,518][DPSGDNode][DEBUG] Averaging
[2024-05-28 22:00:32,518][Sharing][DEBUG] Averaging model from neighbor 6 of iteration 0
[2024-05-28 22:00:32,520][DPSGDNode][DEBUG] Finished averaging
[2024-05-28 22:00:32,520][DPSGDNode][DEBUG] resetting optimizer
[2024-05-28 22:00:32,520][DPSGDNode][DEBUG] Finished resetting optimizer
[2024-05-28 22:00:32,521][DPSGDNode][INFO] Starting training iteration: 1
[2024-05-28 22:00:32,531][Training][DEBUG] Round: 1 loss: 2.9454848766326904
[2024-05-28 22:00:32,540][Training][DEBUG] Round: 2 loss: 3.264802098274231
[2024-05-28 22:00:32,550][Training][DEBUG] Round: 3 loss: 3.215234359105428
[2024-05-28 22:00:32,550][DPSGDWithPeerSampler][DEBUG] Requesting neighbors from the peer sampler.
[2024-05-28 22:00:32,550][TCP][DEBUG] 11 sent the message to -1.
[2024-05-28 22:00:32,550][TCP][DEBUG] Sent message size: 79
[2024-05-28 22:00:32,551][Node][DEBUG] Received some message from 4 with CHANNEL: CONNECT
[2024-05-28 22:00:32,552][Node][DEBUG] Received some message from -1 with CHANNEL: PEERS
[2024-05-28 22:00:32,552][DPSGDWithPeerSampler][DEBUG] Neighbors this round: {4, 6}
[2024-05-28 22:00:32,552][Node][DEBUG] Sending connection request to 4
[2024-05-28 22:00:32,552][TCP][DEBUG] Connecting to my neighbour: 4
[2024-05-28 22:00:32,553][TCP][DEBUG] 11 sent the message to 4.
[2024-05-28 22:00:32,553][TCP][DEBUG] Sent message size: 46
[2024-05-28 22:00:32,553][Node][DEBUG] Waiting HELLO from 4
[2024-05-28 22:00:32,553][Node][DEBUG] Received HELLO from 4
[2024-05-28 22:00:32,553][DPSGDNode][DEBUG] Connected to all neighbors
[2024-05-28 22:00:32,554][Sharing][DEBUG] Model sending this round: [-0.07288456  0.05350888 -0.03000745 ... -0.00612151  0.00665542
 -0.0126437 ]
[2024-05-28 22:00:32,554][TCP][DEBUG] 11 sent the message to 4.
[2024-05-28 22:00:32,554][TCP][DEBUG] Sent message size: 359554
[2024-05-28 22:00:32,554][TCP][DEBUG] 11 sent the message to 6.
[2024-05-28 22:00:32,555][TCP][DEBUG] Sent message size: 359554
[2024-05-28 22:00:32,555][DPSGDNode][DEBUG] Sent to all neighbors
[2024-05-28 22:00:32,555][Node][DEBUG] Received some message from 6 with CHANNEL: DPSGD
[2024-05-28 22:00:32,555][DPSGDNode][DEBUG] Received Model from 6 of iteration 1
[2024-05-28 22:00:32,555][Node][DEBUG] Received some message from 4 with CHANNEL: DPSGD
[2024-05-28 22:00:32,555][DPSGDNode][DEBUG] Received Model from 4 of iteration 1
[2024-05-28 22:00:32,556][DPSGDNode][DEBUG] Received from all
[2024-05-28 22:00:32,556][DPSGDNode][DEBUG] Averaging
[2024-05-28 22:00:32,556][Sharing][DEBUG] Averaging model from neighbor 4 of iteration 1
[2024-05-28 22:00:32,556][Sharing][DEBUG] Averaging model from neighbor 6 of iteration 1
[2024-05-28 22:00:32,558][DPSGDNode][DEBUG] Finished averaging
[2024-05-28 22:00:32,558][DPSGDNode][DEBUG] resetting optimizer
[2024-05-28 22:00:32,558][DPSGDNode][DEBUG] Finished resetting optimizer
[2024-05-28 22:00:32,559][DPSGDNode][INFO] Starting training iteration: 2
[2024-05-28 22:00:32,569][Training][DEBUG] Round: 1 loss: 2.2978665828704834
[2024-05-28 22:00:32,579][Training][DEBUG] Round: 2 loss: 2.798011898994446
[2024-05-28 22:00:32,588][Training][DEBUG] Round: 3 loss: 2.7440534432729087
[2024-05-28 22:00:32,589][DPSGDWithPeerSampler][DEBUG] Requesting neighbors from the peer sampler.
[2024-05-28 22:00:32,589][TCP][DEBUG] 11 sent the message to -1.
[2024-05-28 22:00:32,589][TCP][DEBUG] Sent message size: 79
[2024-05-28 22:00:32,590][Node][DEBUG] Received some message from -1 with CHANNEL: PEERS
[2024-05-28 22:00:32,590][DPSGDWithPeerSampler][DEBUG] Neighbors this round: set()
[2024-05-28 22:00:32,590][DPSGDNode][DEBUG] Connected to all neighbors
[2024-05-28 22:00:32,590][Sharing][DEBUG] Model sending this round: [-0.07286666  0.05341881 -0.03037439 ... -0.00478661  0.00877757
 -0.01280711]
[2024-05-28 22:00:32,591][DPSGDNode][DEBUG] Sent to all neighbors
[2024-05-28 22:00:32,591][DPSGDNode][DEBUG] Received from all
[2024-05-28 22:00:32,591][DPSGDNode][DEBUG] Averaging
[2024-05-28 22:00:32,591][DPSGDNode][DEBUG] Finished averaging
[2024-05-28 22:00:32,591][DPSGDNode][DEBUG] resetting optimizer
[2024-05-28 22:00:32,592][DPSGDNode][DEBUG] Finished resetting optimizer
[2024-05-28 22:00:32,593][DPSGDNode][INFO] Starting training iteration: 3
[2024-05-28 22:00:32,603][Training][DEBUG] Round: 1 loss: 2.537783622741699
[2024-05-28 22:00:32,613][Training][DEBUG] Round: 2 loss: 2.336652398109436
[2024-05-28 22:00:32,622][Training][DEBUG] Round: 3 loss: 2.490121761957804
[2024-05-28 22:00:32,623][DPSGDWithPeerSampler][DEBUG] Requesting neighbors from the peer sampler.
[2024-05-28 22:00:32,623][TCP][DEBUG] 11 sent the message to -1.
[2024-05-28 22:00:32,623][TCP][DEBUG] Sent message size: 79
[2024-05-28 22:00:32,624][Node][DEBUG] Received some message from -1 with CHANNEL: PEERS
[2024-05-28 22:00:32,624][DPSGDWithPeerSampler][DEBUG] Neighbors this round: {4}
[2024-05-28 22:00:32,624][DPSGDNode][DEBUG] Connected to all neighbors
[2024-05-28 22:00:32,625][Sharing][DEBUG] Model sending this round: [-0.07224791  0.05412492 -0.0293169  ... -0.00674932  0.0071337
 -0.01190205]
[2024-05-28 22:00:32,625][TCP][DEBUG] 11 sent the message to 4.
[2024-05-28 22:00:32,625][TCP][DEBUG] Sent message size: 359554
[2024-05-28 22:00:32,625][DPSGDNode][DEBUG] Sent to all neighbors
[2024-05-28 22:00:32,641][Node][DEBUG] Received some message from 4 with CHANNEL: DPSGD
[2024-05-28 22:00:32,641][DPSGDNode][DEBUG] Received Model from 4 of iteration 3
[2024-05-28 22:00:32,642][DPSGDNode][DEBUG] Received from all
[2024-05-28 22:00:32,642][DPSGDNode][DEBUG] Averaging
[2024-05-28 22:00:32,642][Sharing][DEBUG] Averaging model from neighbor 4 of iteration 3
[2024-05-28 22:00:32,643][DPSGDNode][DEBUG] Finished averaging
[2024-05-28 22:00:32,643][DPSGDNode][DEBUG] resetting optimizer
[2024-05-28 22:00:32,643][DPSGDNode][DEBUG] Finished resetting optimizer
[2024-05-28 22:00:32,653][DPSGDNode][INFO] Starting training iteration: 4
[2024-05-28 22:00:32,663][Training][DEBUG] Round: 1 loss: 2.448901653289795
[2024-05-28 22:00:32,672][Training][DEBUG] Round: 2 loss: 2.1147273778915405
[2024-05-28 22:00:32,682][Training][DEBUG] Round: 3 loss: 2.447896401087443
[2024-05-28 22:00:32,682][DPSGDWithPeerSampler][DEBUG] Requesting neighbors from the peer sampler.
[2024-05-28 22:00:32,682][TCP][DEBUG] 11 sent the message to -1.
[2024-05-28 22:00:32,682][TCP][DEBUG] Sent message size: 79
[2024-05-28 22:00:32,683][Node][DEBUG] Received some message from 4 with CHANNEL: DPSGD
[2024-05-28 22:00:32,683][Node][DEBUG] Received some message from 2 with CHANNEL: CONNECT
[2024-05-28 22:00:32,683][Node][DEBUG] Received some message from -1 with CHANNEL: PEERS
[2024-05-28 22:00:32,683][DPSGDWithPeerSampler][DEBUG] Neighbors this round: {2, 4}
[2024-05-28 22:00:32,683][Node][DEBUG] Sending connection request to 2
[2024-05-28 22:00:32,683][TCP][DEBUG] Connecting to my neighbour: 2
[2024-05-28 22:00:32,684][TCP][DEBUG] 11 sent the message to 2.
[2024-05-28 22:00:32,684][TCP][DEBUG] Sent message size: 46
[2024-05-28 22:00:32,684][Node][DEBUG] Waiting HELLO from 2
[2024-05-28 22:00:32,684][Node][DEBUG] Received HELLO from 2
[2024-05-28 22:00:32,684][DPSGDNode][DEBUG] Connected to all neighbors
[2024-05-28 22:00:32,685][Sharing][DEBUG] Model sending this round: [-0.07250199  0.05381367 -0.03002618 ... -0.00247746  0.00742158
 -0.01183486]
[2024-05-28 22:00:32,685][TCP][DEBUG] 11 sent the message to 2.
[2024-05-28 22:00:32,685][TCP][DEBUG] Sent message size: 359554
[2024-05-28 22:00:32,685][TCP][DEBUG] 11 sent the message to 4.
[2024-05-28 22:00:32,686][TCP][DEBUG] Sent message size: 359554
[2024-05-28 22:00:32,686][DPSGDNode][DEBUG] Sent to all neighbors
[2024-05-28 22:00:32,686][DPSGDNode][DEBUG] Received Model from 4 of iteration 4
[2024-05-28 22:00:32,686][Node][DEBUG] Received some message from 2 with CHANNEL: DPSGD
[2024-05-28 22:00:32,686][DPSGDNode][DEBUG] Received Model from 2 of iteration 4
[2024-05-28 22:00:32,687][DPSGDNode][DEBUG] Received from all
[2024-05-28 22:00:32,687][DPSGDNode][DEBUG] Averaging
[2024-05-28 22:00:32,687][Sharing][DEBUG] Averaging model from neighbor 2 of iteration 4
[2024-05-28 22:00:32,687][Sharing][DEBUG] Averaging model from neighbor 4 of iteration 4
[2024-05-28 22:00:32,688][DPSGDNode][DEBUG] Finished averaging
[2024-05-28 22:00:32,689][DPSGDNode][DEBUG] resetting optimizer
[2024-05-28 22:00:32,689][DPSGDNode][DEBUG] Finished resetting optimizer
[2024-05-28 22:00:32,690][DPSGDNode][INFO] Starting training iteration: 5
[2024-05-28 22:00:32,700][Training][DEBUG] Round: 1 loss: 2.3199925422668457
[2024-05-28 22:00:32,709][Training][DEBUG] Round: 2 loss: 2.3056256771087646
[2024-05-28 22:00:32,719][Training][DEBUG] Round: 3 loss: 2.407227039337158
[2024-05-28 22:00:32,719][DPSGDWithPeerSampler][DEBUG] Requesting neighbors from the peer sampler.
[2024-05-28 22:00:32,720][TCP][DEBUG] 11 sent the message to -1.
[2024-05-28 22:00:32,720][TCP][DEBUG] Sent message size: 79
[2024-05-28 22:00:32,720][Node][DEBUG] Received some message from 10 with CHANNEL: CONNECT
[2024-05-28 22:00:32,721][Node][DEBUG] Received some message from 9 with CHANNEL: CONNECT
[2024-05-28 22:00:32,722][Node][DEBUG] Received some message from -1 with CHANNEL: PEERS
[2024-05-28 22:00:32,722][DPSGDWithPeerSampler][DEBUG] Neighbors this round: {9, 10, 4}
[2024-05-28 22:00:32,722][Node][DEBUG] Sending connection request to 9
[2024-05-28 22:00:32,722][TCP][DEBUG] Connecting to my neighbour: 9
[2024-05-28 22:00:32,722][TCP][DEBUG] 11 sent the message to 9.
[2024-05-28 22:00:32,722][TCP][DEBUG] Sent message size: 46
[2024-05-28 22:00:32,722][Node][DEBUG] Sending connection request to 10
[2024-05-28 22:00:32,723][TCP][DEBUG] Connecting to my neighbour: 10
[2024-05-28 22:00:32,723][TCP][DEBUG] 11 sent the message to 10.
[2024-05-28 22:00:32,723][TCP][DEBUG] Sent message size: 46
[2024-05-28 22:00:32,723][Node][DEBUG] Waiting HELLO from 9
[2024-05-28 22:00:32,723][Node][DEBUG] Received HELLO from 10
[2024-05-28 22:00:32,723][Node][DEBUG] Waiting HELLO from 9
[2024-05-28 22:00:32,723][Node][DEBUG] Received HELLO from 9
[2024-05-28 22:00:32,723][DPSGDNode][DEBUG] Connected to all neighbors
[2024-05-28 22:00:32,724][Sharing][DEBUG] Model sending this round: [-0.07297821  0.05331705 -0.03034211 ... -0.00608559  0.00776082
 -0.0126336 ]
[2024-05-28 22:00:32,724][TCP][DEBUG] 11 sent the message to 9.
[2024-05-28 22:00:32,725][TCP][DEBUG] Sent message size: 359554
[2024-05-28 22:00:32,725][TCP][DEBUG] 11 sent the message to 10.
[2024-05-28 22:00:32,725][TCP][DEBUG] Sent message size: 359554
[2024-05-28 22:00:32,725][TCP][DEBUG] 11 sent the message to 4.
[2024-05-28 22:00:32,725][TCP][DEBUG] Sent message size: 359554
[2024-05-28 22:00:32,726][DPSGDNode][DEBUG] Sent to all neighbors
[2024-05-28 22:00:32,726][Node][DEBUG] Received some message from 9 with CHANNEL: DPSGD
[2024-05-28 22:00:32,726][DPSGDNode][DEBUG] Received Model from 9 of iteration 5
[2024-05-28 22:00:32,726][Node][DEBUG] Received some message from 10 with CHANNEL: DPSGD
[2024-05-28 22:00:32,726][DPSGDNode][DEBUG] Received Model from 10 of iteration 5
[2024-05-28 22:00:32,727][Node][DEBUG] Received some message from 4 with CHANNEL: DPSGD
[2024-05-28 22:00:32,727][DPSGDNode][DEBUG] Received Model from 4 of iteration 5
[2024-05-28 22:00:32,727][DPSGDNode][DEBUG] Received from all
[2024-05-28 22:00:32,727][DPSGDNode][DEBUG] Averaging
[2024-05-28 22:00:32,727][Sharing][DEBUG] Averaging model from neighbor 9 of iteration 5
[2024-05-28 22:00:32,728][Sharing][DEBUG] Averaging model from neighbor 10 of iteration 5
[2024-05-28 22:00:32,728][Sharing][DEBUG] Averaging model from neighbor 4 of iteration 5
[2024-05-28 22:00:32,729][DPSGDNode][DEBUG] Finished averaging
[2024-05-28 22:00:32,729][DPSGDNode][DEBUG] resetting optimizer
[2024-05-28 22:00:32,729][DPSGDNode][DEBUG] Finished resetting optimizer
[2024-05-28 22:00:32,731][DPSGDNode][INFO] Starting training iteration: 6
[2024-05-28 22:00:32,741][Training][DEBUG] Round: 1 loss: 2.3779094219207764
[2024-05-28 22:00:32,750][Training][DEBUG] Round: 2 loss: 2.359342098236084
[2024-05-28 22:00:32,760][Training][DEBUG] Round: 3 loss: 2.369598150253296
[2024-05-28 22:00:32,760][DPSGDWithPeerSampler][DEBUG] Requesting neighbors from the peer sampler.
[2024-05-28 22:00:32,760][TCP][DEBUG] 11 sent the message to -1.
[2024-05-28 22:00:32,760][TCP][DEBUG] Sent message size: 79
[2024-05-28 22:00:32,762][Node][DEBUG] Received some message from -1 with CHANNEL: PEERS
[2024-05-28 22:00:32,763][DPSGDWithPeerSampler][DEBUG] Neighbors this round: set()
[2024-05-28 22:00:32,763][DPSGDNode][DEBUG] Connected to all neighbors
[2024-05-28 22:00:32,764][Sharing][DEBUG] Model sending this round: [-0.07287785  0.05318558 -0.03058443 ... -0.00564521  0.00976948
 -0.01189175]
[2024-05-28 22:00:32,765][DPSGDNode][DEBUG] Sent to all neighbors
[2024-05-28 22:00:32,765][DPSGDNode][DEBUG] Received from all
[2024-05-28 22:00:32,765][DPSGDNode][DEBUG] Averaging
[2024-05-28 22:00:32,765][DPSGDNode][DEBUG] Finished averaging
[2024-05-28 22:00:32,765][DPSGDNode][DEBUG] resetting optimizer
[2024-05-28 22:00:32,766][DPSGDNode][DEBUG] Finished resetting optimizer
[2024-05-28 22:00:32,767][DPSGDNode][INFO] Starting training iteration: 7
[2024-05-28 22:00:32,778][Training][DEBUG] Round: 1 loss: 2.5148227214813232
[2024-05-28 22:00:32,789][Training][DEBUG] Round: 2 loss: 2.215004086494446
[2024-05-28 22:00:32,798][Training][DEBUG] Round: 3 loss: 2.1716803709665933
[2024-05-28 22:00:32,799][DPSGDWithPeerSampler][DEBUG] Requesting neighbors from the peer sampler.
[2024-05-28 22:00:32,799][TCP][DEBUG] 11 sent the message to -1.
[2024-05-28 22:00:32,799][TCP][DEBUG] Sent message size: 79
[2024-05-28 22:00:32,801][Node][DEBUG] Received some message from -1 with CHANNEL: PEERS
[2024-05-28 22:00:32,801][DPSGDWithPeerSampler][DEBUG] Neighbors this round: set()
[2024-05-28 22:00:32,801][DPSGDNode][DEBUG] Connected to all neighbors
[2024-05-28 22:00:32,802][Sharing][DEBUG] Model sending this round: [-0.07270834  0.05328093 -0.03053821 ... -0.00426985  0.00753142
 -0.01181683]
[2024-05-28 22:00:32,802][DPSGDNode][DEBUG] Sent to all neighbors
[2024-05-28 22:00:32,802][DPSGDNode][DEBUG] Received from all
[2024-05-28 22:00:32,802][DPSGDNode][DEBUG] Averaging
[2024-05-28 22:00:32,803][DPSGDNode][DEBUG] Finished averaging
[2024-05-28 22:00:32,803][DPSGDNode][DEBUG] resetting optimizer
[2024-05-28 22:00:32,803][DPSGDNode][DEBUG] Finished resetting optimizer
[2024-05-28 22:00:32,804][DPSGDNode][INFO] Starting training iteration: 8
[2024-05-28 22:00:32,814][Training][DEBUG] Round: 1 loss: 2.0629940032958984
[2024-05-28 22:00:32,824][Training][DEBUG] Round: 2 loss: 2.36968457698822
[2024-05-28 22:00:32,833][Training][DEBUG] Round: 3 loss: 2.4359474182128906
[2024-05-28 22:00:32,834][DPSGDWithPeerSampler][DEBUG] Requesting neighbors from the peer sampler.
[2024-05-28 22:00:32,834][TCP][DEBUG] 11 sent the message to -1.
[2024-05-28 22:00:32,834][TCP][DEBUG] Sent message size: 79
[2024-05-28 22:00:32,835][Node][DEBUG] Received some message from -1 with CHANNEL: PEERS
[2024-05-28 22:00:32,835][DPSGDWithPeerSampler][DEBUG] Neighbors this round: set()
[2024-05-28 22:00:32,835][DPSGDNode][DEBUG] Connected to all neighbors
[2024-05-28 22:00:32,836][Sharing][DEBUG] Model sending this round: [-0.07250469  0.05319471 -0.0307212  ... -0.00530789  0.00720533
 -0.01313104]
[2024-05-28 22:00:32,836][DPSGDNode][DEBUG] Sent to all neighbors
[2024-05-28 22:00:32,836][DPSGDNode][DEBUG] Received from all
[2024-05-28 22:00:32,836][DPSGDNode][DEBUG] Averaging
[2024-05-28 22:00:32,837][DPSGDNode][DEBUG] Finished averaging
[2024-05-28 22:00:32,837][DPSGDNode][DEBUG] resetting optimizer
[2024-05-28 22:00:32,837][DPSGDNode][DEBUG] Finished resetting optimizer
[2024-05-28 22:00:32,839][DPSGDNode][INFO] Starting training iteration: 9
[2024-05-28 22:00:32,848][Training][DEBUG] Round: 1 loss: 2.046128273010254
[2024-05-28 22:00:32,858][Training][DEBUG] Round: 2 loss: 2.1602855920791626
[2024-05-28 22:00:32,867][Training][DEBUG] Round: 3 loss: 2.4006617863972983
[2024-05-28 22:00:32,868][DPSGDWithPeerSampler][DEBUG] Requesting neighbors from the peer sampler.
[2024-05-28 22:00:32,868][TCP][DEBUG] 11 sent the message to -1.
[2024-05-28 22:00:32,868][TCP][DEBUG] Sent message size: 79
[2024-05-28 22:00:32,870][Node][DEBUG] Received some message from -1 with CHANNEL: PEERS
[2024-05-28 22:00:32,870][DPSGDWithPeerSampler][DEBUG] Neighbors this round: {5}
[2024-05-28 22:00:32,870][Node][DEBUG] Sending connection request to 5
[2024-05-28 22:00:32,870][TCP][DEBUG] Connecting to my neighbour: 5
[2024-05-28 22:00:32,871][TCP][DEBUG] 11 sent the message to 5.
[2024-05-28 22:00:32,871][TCP][DEBUG] Sent message size: 46
[2024-05-28 22:00:32,871][Node][DEBUG] Waiting HELLO from 5
[2024-05-28 22:00:32,871][Node][DEBUG] Received some message from 5 with CHANNEL: CONNECT
[2024-05-28 22:00:32,871][Node][DEBUG] Received HELLO from 5
[2024-05-28 22:00:32,871][DPSGDNode][DEBUG] Connected to all neighbors
[2024-05-28 22:00:32,872][Sharing][DEBUG] Model sending this round: [-0.07220338  0.05361921 -0.03065455 ... -0.00315556  0.00825784
 -0.01191416]
[2024-05-28 22:00:32,872][TCP][DEBUG] 11 sent the message to 5.
[2024-05-28 22:00:32,872][TCP][DEBUG] Sent message size: 359554
[2024-05-28 22:00:32,873][DPSGDNode][DEBUG] Sent to all neighbors
[2024-05-28 22:00:32,873][Node][DEBUG] Received some message from 5 with CHANNEL: DPSGD
[2024-05-28 22:00:32,874][DPSGDNode][DEBUG] Received Model from 5 of iteration 9
[2024-05-28 22:00:32,874][DPSGDNode][DEBUG] Received from all
[2024-05-28 22:00:32,874][DPSGDNode][DEBUG] Averaging
[2024-05-28 22:00:32,874][Sharing][DEBUG] Averaging model from neighbor 5 of iteration 9
[2024-05-28 22:00:32,875][DPSGDNode][DEBUG] Finished averaging
[2024-05-28 22:00:32,875][DPSGDNode][DEBUG] resetting optimizer
[2024-05-28 22:00:32,875][DPSGDNode][DEBUG] Finished resetting optimizer
[2024-05-28 22:00:32,876][DPSGDNode][INFO] Starting training iteration: 10
[2024-05-28 22:00:32,886][Training][DEBUG] Round: 1 loss: 1.9281375408172607
[2024-05-28 22:00:32,896][Training][DEBUG] Round: 2 loss: 2.008284568786621
[2024-05-28 22:00:32,906][Training][DEBUG] Round: 3 loss: 2.1453915437062583
[2024-05-28 22:00:32,906][DPSGDWithPeerSampler][DEBUG] Requesting neighbors from the peer sampler.
[2024-05-28 22:00:32,906][TCP][DEBUG] 11 sent the message to -1.
[2024-05-28 22:00:32,906][TCP][DEBUG] Sent message size: 79
[2024-05-28 22:00:32,907][Node][DEBUG] Received some message from -1 with CHANNEL: PEERS
[2024-05-28 22:00:32,907][DPSGDWithPeerSampler][DEBUG] Neighbors this round: set()
[2024-05-28 22:00:32,907][DPSGDNode][DEBUG] Connected to all neighbors
[2024-05-28 22:00:32,908][Sharing][DEBUG] Model sending this round: [-0.07284221  0.05328102 -0.03071952 ... -0.0046196   0.00654856
 -0.01257663]
[2024-05-28 22:00:32,908][DPSGDNode][DEBUG] Sent to all neighbors
[2024-05-28 22:00:32,908][DPSGDNode][DEBUG] Received from all
[2024-05-28 22:00:32,908][DPSGDNode][DEBUG] Averaging
[2024-05-28 22:00:32,908][DPSGDNode][DEBUG] Finished averaging
[2024-05-28 22:00:32,908][DPSGDNode][DEBUG] resetting optimizer
[2024-05-28 22:00:32,909][DPSGDNode][DEBUG] Finished resetting optimizer
[2024-05-28 22:00:32,910][DPSGDNode][INFO] Starting training iteration: 11
[2024-05-28 22:00:32,919][Training][DEBUG] Round: 1 loss: 2.2199203968048096
[2024-05-28 22:00:32,929][Training][DEBUG] Round: 2 loss: 2.0873087644577026
[2024-05-28 22:00:32,939][Training][DEBUG] Round: 3 loss: 2.180540084838867
[2024-05-28 22:00:32,939][DPSGDWithPeerSampler][DEBUG] Requesting neighbors from the peer sampler.
[2024-05-28 22:00:32,939][TCP][DEBUG] 11 sent the message to -1.
[2024-05-28 22:00:32,939][TCP][DEBUG] Sent message size: 79
[2024-05-28 22:00:32,942][Node][DEBUG] Received some message from -1 with CHANNEL: PEERS
[2024-05-28 22:00:32,942][DPSGDWithPeerSampler][DEBUG] Neighbors this round: set()
[2024-05-28 22:00:32,943][DPSGDNode][DEBUG] Connected to all neighbors
[2024-05-28 22:00:32,943][Sharing][DEBUG] Model sending this round: [-0.07265837  0.05349758 -0.03040226 ... -0.00593415  0.00896353
 -0.01090503]
[2024-05-28 22:00:32,943][DPSGDNode][DEBUG] Sent to all neighbors
[2024-05-28 22:00:32,944][DPSGDNode][DEBUG] Received from all
[2024-05-28 22:00:32,944][DPSGDNode][DEBUG] Averaging
[2024-05-28 22:00:32,944][DPSGDNode][DEBUG] Finished averaging
[2024-05-28 22:00:32,944][DPSGDNode][DEBUG] resetting optimizer
[2024-05-28 22:00:32,944][DPSGDNode][DEBUG] Finished resetting optimizer
[2024-05-28 22:00:32,952][DPSGDNode][INFO] Starting training iteration: 12
[2024-05-28 22:00:32,962][Training][DEBUG] Round: 1 loss: 1.7950563430786133
[2024-05-28 22:00:32,972][Training][DEBUG] Round: 2 loss: 2.1134719848632812
[2024-05-28 22:00:32,982][Training][DEBUG] Round: 3 loss: 2.1822503407796225
[2024-05-28 22:00:32,982][DPSGDWithPeerSampler][DEBUG] Requesting neighbors from the peer sampler.
[2024-05-28 22:00:32,982][TCP][DEBUG] 11 sent the message to -1.
[2024-05-28 22:00:32,983][TCP][DEBUG] Sent message size: 79
[2024-05-28 22:00:32,983][Node][DEBUG] Received some message from 5 with CHANNEL: DPSGD
[2024-05-28 22:00:32,984][Node][DEBUG] Received some message from -1 with CHANNEL: PEERS
[2024-05-28 22:00:32,984][DPSGDWithPeerSampler][DEBUG] Neighbors this round: {5}
[2024-05-28 22:00:32,984][DPSGDNode][DEBUG] Connected to all neighbors
[2024-05-28 22:00:32,985][Sharing][DEBUG] Model sending this round: [-0.07281253  0.05320945 -0.03072752 ... -0.00727115  0.00724326
 -0.01244072]
[2024-05-28 22:00:32,985][TCP][DEBUG] 11 sent the message to 5.
[2024-05-28 22:00:32,985][TCP][DEBUG] Sent message size: 359554
[2024-05-28 22:00:32,985][DPSGDNode][DEBUG] Sent to all neighbors
[2024-05-28 22:00:32,985][DPSGDNode][DEBUG] Received Model from 5 of iteration 12
[2024-05-28 22:00:32,985][DPSGDNode][DEBUG] Received from all
[2024-05-28 22:00:32,986][DPSGDNode][DEBUG] Averaging
[2024-05-28 22:00:32,986][Sharing][DEBUG] Averaging model from neighbor 5 of iteration 12
[2024-05-28 22:00:32,987][DPSGDNode][DEBUG] Finished averaging
[2024-05-28 22:00:32,987][DPSGDNode][DEBUG] resetting optimizer
[2024-05-28 22:00:32,987][DPSGDNode][DEBUG] Finished resetting optimizer
[2024-05-28 22:00:32,988][DPSGDNode][INFO] Starting training iteration: 13
[2024-05-28 22:00:32,998][Training][DEBUG] Round: 1 loss: 2.127926826477051
[2024-05-28 22:00:33,008][Training][DEBUG] Round: 2 loss: 2.0829110145568848
[2024-05-28 22:00:33,017][Training][DEBUG] Round: 3 loss: 2.24888277053833
[2024-05-28 22:00:33,018][DPSGDWithPeerSampler][DEBUG] Requesting neighbors from the peer sampler.
[2024-05-28 22:00:33,018][TCP][DEBUG] 11 sent the message to -1.
[2024-05-28 22:00:33,018][TCP][DEBUG] Sent message size: 79
[2024-05-28 22:00:33,021][Node][DEBUG] Received some message from -1 with CHANNEL: PEERS
[2024-05-28 22:00:33,021][DPSGDWithPeerSampler][DEBUG] Neighbors this round: set()
[2024-05-28 22:00:33,021][DPSGDNode][DEBUG] Connected to all neighbors
[2024-05-28 22:00:33,022][Sharing][DEBUG] Model sending this round: [-0.07262032  0.05353213 -0.03030314 ... -0.00632423  0.00764827
 -0.01171728]
[2024-05-28 22:00:33,022][DPSGDNode][DEBUG] Sent to all neighbors
[2024-05-28 22:00:33,022][DPSGDNode][DEBUG] Received from all
[2024-05-28 22:00:33,022][DPSGDNode][DEBUG] Averaging
[2024-05-28 22:00:33,023][DPSGDNode][DEBUG] Finished averaging
[2024-05-28 22:00:33,023][DPSGDNode][DEBUG] resetting optimizer
[2024-05-28 22:00:33,023][DPSGDNode][DEBUG] Finished resetting optimizer
[2024-05-28 22:00:33,026][DPSGDNode][INFO] Starting training iteration: 14
[2024-05-28 22:00:33,036][Training][DEBUG] Round: 1 loss: 2.064241886138916
[2024-05-28 22:00:33,045][Training][DEBUG] Round: 2 loss: 2.0564920902252197
[2024-05-28 22:00:33,055][Training][DEBUG] Round: 3 loss: 2.072080691655477
[2024-05-28 22:00:33,055][DPSGDWithPeerSampler][DEBUG] Requesting neighbors from the peer sampler.
[2024-05-28 22:00:33,055][TCP][DEBUG] 11 sent the message to -1.
[2024-05-28 22:00:33,056][TCP][DEBUG] Sent message size: 79
[2024-05-28 22:00:33,059][Node][DEBUG] Received some message from -1 with CHANNEL: PEERS
[2024-05-28 22:00:33,059][DPSGDWithPeerSampler][DEBUG] Neighbors this round: set()
[2024-05-28 22:00:33,060][DPSGDNode][DEBUG] Connected to all neighbors
[2024-05-28 22:00:33,060][Sharing][DEBUG] Model sending this round: [-0.07223095  0.05387763 -0.0300883  ... -0.00479322  0.0073252
 -0.01092857]
[2024-05-28 22:00:33,060][DPSGDNode][DEBUG] Sent to all neighbors
[2024-05-28 22:00:33,060][DPSGDNode][DEBUG] Received from all
[2024-05-28 22:00:33,061][DPSGDNode][DEBUG] Averaging
[2024-05-28 22:00:33,061][DPSGDNode][DEBUG] Finished averaging
[2024-05-28 22:00:33,061][DPSGDNode][DEBUG] resetting optimizer
[2024-05-28 22:00:33,061][DPSGDNode][DEBUG] Finished resetting optimizer
[2024-05-28 22:00:33,062][DPSGDNode][INFO] Starting training iteration: 15
[2024-05-28 22:00:33,072][Training][DEBUG] Round: 1 loss: 2.2651588916778564
[2024-05-28 22:00:33,081][Training][DEBUG] Round: 2 loss: 2.0274713039398193
[2024-05-28 22:00:33,091][Training][DEBUG] Round: 3 loss: 2.3675460815429688
[2024-05-28 22:00:33,091][DPSGDWithPeerSampler][DEBUG] Requesting neighbors from the peer sampler.
[2024-05-28 22:00:33,091][TCP][DEBUG] 11 sent the message to -1.
[2024-05-28 22:00:33,092][TCP][DEBUG] Sent message size: 79
[2024-05-28 22:00:33,094][Node][DEBUG] Received some message from -1 with CHANNEL: PEERS
[2024-05-28 22:00:33,094][DPSGDWithPeerSampler][DEBUG] Neighbors this round: {0, 2}
[2024-05-28 22:00:33,094][Node][DEBUG] Sending connection request to 0
[2024-05-28 22:00:33,094][TCP][DEBUG] Connecting to my neighbour: 0
[2024-05-28 22:00:33,095][TCP][DEBUG] 11 sent the message to 0.
[2024-05-28 22:00:33,095][TCP][DEBUG] Sent message size: 46
[2024-05-28 22:00:33,095][Node][DEBUG] Waiting HELLO from 0
[2024-05-28 22:00:33,136][Node][DEBUG] Received some message from 2 with CHANNEL: DPSGD
[2024-05-28 22:00:33,138][Node][DEBUG] Received some message from 0 with CHANNEL: CONNECT
[2024-05-28 22:00:33,139][Node][DEBUG] Received HELLO from 0
[2024-05-28 22:00:33,139][DPSGDNode][DEBUG] Connected to all neighbors
[2024-05-28 22:00:33,139][Sharing][DEBUG] Model sending this round: [-0.07241768  0.05374892 -0.03019867 ... -0.0045758   0.00579537
 -0.01223138]
[2024-05-28 22:00:33,140][TCP][DEBUG] 11 sent the message to 0.
[2024-05-28 22:00:33,140][TCP][DEBUG] Sent message size: 359554
[2024-05-28 22:00:33,140][TCP][DEBUG] 11 sent the message to 2.
[2024-05-28 22:00:33,140][TCP][DEBUG] Sent message size: 359554
[2024-05-28 22:00:33,141][DPSGDNode][DEBUG] Sent to all neighbors
[2024-05-28 22:00:33,141][DPSGDNode][DEBUG] Received Model from 2 of iteration 15
[2024-05-28 22:00:33,141][Node][DEBUG] Received some message from 0 with CHANNEL: DPSGD
[2024-05-28 22:00:33,141][DPSGDNode][DEBUG] Received Model from 0 of iteration 15
[2024-05-28 22:00:33,141][DPSGDNode][DEBUG] Received from all
[2024-05-28 22:00:33,141][DPSGDNode][DEBUG] Averaging
[2024-05-28 22:00:33,141][Sharing][DEBUG] Averaging model from neighbor 0 of iteration 15
[2024-05-28 22:00:33,142][Sharing][DEBUG] Averaging model from neighbor 2 of iteration 15
[2024-05-28 22:00:33,143][DPSGDNode][DEBUG] Finished averaging
[2024-05-28 22:00:33,143][DPSGDNode][DEBUG] resetting optimizer
[2024-05-28 22:00:33,143][DPSGDNode][DEBUG] Finished resetting optimizer
[2024-05-28 22:00:33,158][DPSGDNode][INFO] Starting training iteration: 16
[2024-05-28 22:00:33,168][Training][DEBUG] Round: 1 loss: 2.1454358100891113
[2024-05-28 22:00:33,187][Training][DEBUG] Round: 2 loss: 2.0779812335968018
[2024-05-28 22:00:33,196][Training][DEBUG] Round: 3 loss: 2.2992769877115884
[2024-05-28 22:00:33,197][DPSGDWithPeerSampler][DEBUG] Requesting neighbors from the peer sampler.
[2024-05-28 22:00:33,197][TCP][DEBUG] 11 sent the message to -1.
[2024-05-28 22:00:33,197][TCP][DEBUG] Sent message size: 79
[2024-05-28 22:00:33,212][Node][DEBUG] Received some message from -1 with CHANNEL: PEERS
[2024-05-28 22:00:33,212][DPSGDWithPeerSampler][DEBUG] Neighbors this round: set()
[2024-05-28 22:00:33,212][DPSGDNode][DEBUG] Connected to all neighbors
[2024-05-28 22:00:33,213][Sharing][DEBUG] Model sending this round: [-0.07212037  0.05424481 -0.0297259  ... -0.00715757  0.00655619
 -0.01318325]
[2024-05-28 22:00:33,213][DPSGDNode][DEBUG] Sent to all neighbors
[2024-05-28 22:00:33,213][DPSGDNode][DEBUG] Received from all
[2024-05-28 22:00:33,213][DPSGDNode][DEBUG] Averaging
[2024-05-28 22:00:33,223][DPSGDNode][DEBUG] Finished averaging
[2024-05-28 22:00:33,226][DPSGDNode][DEBUG] resetting optimizer
[2024-05-28 22:00:33,226][DPSGDNode][DEBUG] Finished resetting optimizer
[2024-05-28 22:00:33,228][DPSGDNode][INFO] Starting training iteration: 17
[2024-05-28 22:00:33,240][Training][DEBUG] Round: 1 loss: 1.719251275062561
[2024-05-28 22:00:33,250][Training][DEBUG] Round: 2 loss: 1.7975041270256042
[2024-05-28 22:00:33,260][Training][DEBUG] Round: 3 loss: 1.686579982439677
[2024-05-28 22:00:33,260][DPSGDWithPeerSampler][DEBUG] Requesting neighbors from the peer sampler.
[2024-05-28 22:00:33,260][TCP][DEBUG] 11 sent the message to -1.
[2024-05-28 22:00:33,260][TCP][DEBUG] Sent message size: 79
[2024-05-28 22:00:33,261][Node][DEBUG] Received some message from -1 with CHANNEL: PEERS
[2024-05-28 22:00:33,261][DPSGDWithPeerSampler][DEBUG] Neighbors this round: set()
[2024-05-28 22:00:33,262][DPSGDNode][DEBUG] Connected to all neighbors
[2024-05-28 22:00:33,262][Sharing][DEBUG] Model sending this round: [-0.07194797  0.05439984 -0.02956733 ... -0.00420897  0.00715137
 -0.01376977]
[2024-05-28 22:00:33,263][DPSGDNode][DEBUG] Sent to all neighbors
[2024-05-28 22:00:33,263][DPSGDNode][DEBUG] Received from all
[2024-05-28 22:00:33,263][DPSGDNode][DEBUG] Averaging
[2024-05-28 22:00:33,263][DPSGDNode][DEBUG] Finished averaging
[2024-05-28 22:00:33,263][DPSGDNode][DEBUG] resetting optimizer
[2024-05-28 22:00:33,263][DPSGDNode][DEBUG] Finished resetting optimizer
[2024-05-28 22:00:33,266][DPSGDNode][INFO] Starting training iteration: 18
[2024-05-28 22:00:33,276][Training][DEBUG] Round: 1 loss: 2.4315876960754395
[2024-05-28 22:00:33,286][Training][DEBUG] Round: 2 loss: 2.323511242866516
[2024-05-28 22:00:33,295][Training][DEBUG] Round: 3 loss: 2.1295210917790732
[2024-05-28 22:00:33,295][DPSGDWithPeerSampler][DEBUG] Requesting neighbors from the peer sampler.
[2024-05-28 22:00:33,296][TCP][DEBUG] 11 sent the message to -1.
[2024-05-28 22:00:33,296][TCP][DEBUG] Sent message size: 79
[2024-05-28 22:00:33,298][Node][DEBUG] Received some message from -1 with CHANNEL: PEERS
[2024-05-28 22:00:33,298][DPSGDWithPeerSampler][DEBUG] Neighbors this round: {10}
[2024-05-28 22:00:33,298][DPSGDNode][DEBUG] Connected to all neighbors
[2024-05-28 22:00:33,299][Sharing][DEBUG] Model sending this round: [-0.0716163   0.0545558  -0.02933253 ... -0.00583127  0.00771906
 -0.01067964]
[2024-05-28 22:00:33,299][TCP][DEBUG] 11 sent the message to 10.
[2024-05-28 22:00:33,300][TCP][DEBUG] Sent message size: 359554
[2024-05-28 22:00:33,300][DPSGDNode][DEBUG] Sent to all neighbors
[2024-05-28 22:00:33,304][Node][DEBUG] Received some message from 10 with CHANNEL: DPSGD
[2024-05-28 22:00:33,304][DPSGDNode][DEBUG] Received Model from 10 of iteration 18
[2024-05-28 22:00:33,304][DPSGDNode][DEBUG] Received from all
[2024-05-28 22:00:33,304][DPSGDNode][DEBUG] Averaging
[2024-05-28 22:00:33,304][Sharing][DEBUG] Averaging model from neighbor 10 of iteration 18
[2024-05-28 22:00:33,306][DPSGDNode][DEBUG] Finished averaging
[2024-05-28 22:00:33,306][DPSGDNode][DEBUG] resetting optimizer
[2024-05-28 22:00:33,306][DPSGDNode][DEBUG] Finished resetting optimizer
[2024-05-28 22:00:33,307][DPSGDNode][INFO] Starting training iteration: 19
[2024-05-28 22:00:33,317][Training][DEBUG] Round: 1 loss: 2.346907138824463
[2024-05-28 22:00:33,327][Training][DEBUG] Round: 2 loss: 2.5049628019332886
[2024-05-28 22:00:33,336][Training][DEBUG] Round: 3 loss: 2.3220383326212564
[2024-05-28 22:00:33,337][DPSGDWithPeerSampler][DEBUG] Requesting neighbors from the peer sampler.
[2024-05-28 22:00:33,337][TCP][DEBUG] 11 sent the message to -1.
[2024-05-28 22:00:33,337][TCP][DEBUG] Sent message size: 79
[2024-05-28 22:00:33,338][Node][DEBUG] Received some message from -1 with CHANNEL: PEERS
[2024-05-28 22:00:33,338][DPSGDWithPeerSampler][DEBUG] Neighbors this round: set()
[2024-05-28 22:00:33,338][DPSGDNode][DEBUG] Connected to all neighbors
[2024-05-28 22:00:33,339][Sharing][DEBUG] Model sending this round: [-0.07220101  0.05398335 -0.02972308 ... -0.00548366  0.00804797
 -0.00943612]
[2024-05-28 22:00:33,339][DPSGDNode][DEBUG] Sent to all neighbors
[2024-05-28 22:00:33,339][DPSGDNode][DEBUG] Received from all
[2024-05-28 22:00:33,339][DPSGDNode][DEBUG] Averaging
[2024-05-28 22:00:33,339][DPSGDNode][DEBUG] Finished averaging
[2024-05-28 22:00:33,340][DPSGDNode][DEBUG] resetting optimizer
[2024-05-28 22:00:33,340][DPSGDNode][DEBUG] Finished resetting optimizer
[2024-05-28 22:00:33,340][DPSGDNode][INFO] Evaluating on train set.
