[2024-05-28 22:00:19,910][DPSGDNode][DEBUG] Rank: 2
[2024-05-28 22:00:19,911][DPSGDNode][DEBUG] type(graph): <class 'int'>
[2024-05-28 22:00:19,911][DPSGDNode][DEBUG] type(mapping): <class 'decentralizepy.mappings.Linear.Linear'>
[2024-05-28 22:00:29,467][CIFAR10][INFO] Loading training set.
[2024-05-28 22:00:31,000][CIFAR10][DEBUG] Size fractions: [0.08332, 0.08332, 0.08332, 0.08332, 0.08332, 0.08332, 0.08332, 0.08332, 0.08332, 0.08332, 0.08332, 0.08347999999999994]
[2024-05-28 22:00:31,032][CIFAR10][INFO] Loading testing set.
[2024-05-28 22:00:31,803][CIFAR10][INFO] Extracting the validation set from the test set.
[2024-05-28 22:00:31,804][Node][INFO] Dataset instantiation complete.
[2024-05-28 22:00:31,923][Node][DEBUG] Sending connection request to 1
[2024-05-28 22:00:31,923][TCP][DEBUG] Connecting to my neighbour: 1
[2024-05-28 22:00:31,923][TCP][DEBUG] 2 sent the message to 1.
[2024-05-28 22:00:31,923][TCP][DEBUG] Sent message size: 46
[2024-05-28 22:00:31,924][Node][DEBUG] Waiting HELLO from 1
[2024-05-28 22:00:31,971][Node][DEBUG] Received some message from 1 with CHANNEL: CONNECT
[2024-05-28 22:00:31,971][Node][DEBUG] Received HELLO from 1
[2024-05-28 22:00:31,971][DPSGDWithPeerSampler][INFO] Each proc uses 2 threads out of 32.
[2024-05-28 22:00:31,971][Node][DEBUG] Sending connection request to -1
[2024-05-28 22:00:31,971][TCP][DEBUG] Connecting to my neighbour: -1
[2024-05-28 22:00:31,972][TCP][DEBUG] 2 sent the message to -1.
[2024-05-28 22:00:31,972][TCP][DEBUG] Sent message size: 46
[2024-05-28 22:00:31,972][Node][DEBUG] Waiting HELLO from -1
[2024-05-28 22:00:32,005][Node][DEBUG] Received some message from -1 with CHANNEL: CONNECT
[2024-05-28 22:00:32,006][Node][DEBUG] Received HELLO from -1
[2024-05-28 22:00:32,006][DPSGDNode][INFO] Starting training iteration: 0
[2024-05-28 22:00:32,484][Training][DEBUG] Round: 1 loss: 2.3638951778411865
[2024-05-28 22:00:32,495][Training][DEBUG] Round: 2 loss: 2.4216530323028564
[2024-05-28 22:00:32,505][Training][DEBUG] Round: 3 loss: 2.3550986448923745
[2024-05-28 22:00:32,505][DPSGDWithPeerSampler][DEBUG] Requesting neighbors from the peer sampler.
[2024-05-28 22:00:32,505][TCP][DEBUG] 2 sent the message to -1.
[2024-05-28 22:00:32,506][TCP][DEBUG] Sent message size: 79
[2024-05-28 22:00:32,513][Node][DEBUG] Received some message from -1 with CHANNEL: PEERS
[2024-05-28 22:00:32,513][DPSGDWithPeerSampler][DEBUG] Neighbors this round: {1}
[2024-05-28 22:00:32,513][DPSGDNode][DEBUG] Connected to all neighbors
[2024-05-28 22:00:32,514][Sharing][DEBUG] Model sending this round: [-0.07312412  0.05301122 -0.03073438 ... -0.00617136  0.00810183
 -0.01224005]
[2024-05-28 22:00:32,515][TCP][DEBUG] 2 sent the message to 1.
[2024-05-28 22:00:32,515][TCP][DEBUG] Sent message size: 359554
[2024-05-28 22:00:32,515][DPSGDNode][DEBUG] Sent to all neighbors
[2024-05-28 22:00:32,518][Node][DEBUG] Received some message from 1 with CHANNEL: DPSGD
[2024-05-28 22:00:32,518][DPSGDNode][DEBUG] Received Model from 1 of iteration 0
[2024-05-28 22:00:32,518][DPSGDNode][DEBUG] Received from all
[2024-05-28 22:00:32,518][DPSGDNode][DEBUG] Averaging
[2024-05-28 22:00:32,518][Sharing][DEBUG] Averaging model from neighbor 1 of iteration 0
[2024-05-28 22:00:32,520][DPSGDNode][DEBUG] Finished averaging
[2024-05-28 22:00:32,520][DPSGDNode][DEBUG] resetting optimizer
[2024-05-28 22:00:32,520][DPSGDNode][DEBUG] Finished resetting optimizer
[2024-05-28 22:00:32,521][DPSGDNode][INFO] Starting training iteration: 1
[2024-05-28 22:00:32,531][Training][DEBUG] Round: 1 loss: 2.7191715240478516
[2024-05-28 22:00:32,541][Training][DEBUG] Round: 2 loss: 2.927400231361389
[2024-05-28 22:00:32,551][Training][DEBUG] Round: 3 loss: 2.7528022925059
[2024-05-28 22:00:32,551][DPSGDWithPeerSampler][DEBUG] Requesting neighbors from the peer sampler.
[2024-05-28 22:00:32,552][TCP][DEBUG] 2 sent the message to -1.
[2024-05-28 22:00:32,552][TCP][DEBUG] Sent message size: 79
[2024-05-28 22:00:32,553][Node][DEBUG] Received some message from -1 with CHANNEL: PEERS
[2024-05-28 22:00:32,554][DPSGDWithPeerSampler][DEBUG] Neighbors this round: set()
[2024-05-28 22:00:32,554][DPSGDNode][DEBUG] Connected to all neighbors
[2024-05-28 22:00:32,554][Sharing][DEBUG] Model sending this round: [-0.07355022  0.05263623 -0.03096167 ... -0.00643583  0.0064059
 -0.00967202]
[2024-05-28 22:00:32,555][DPSGDNode][DEBUG] Sent to all neighbors
[2024-05-28 22:00:32,555][DPSGDNode][DEBUG] Received from all
[2024-05-28 22:00:32,555][DPSGDNode][DEBUG] Averaging
[2024-05-28 22:00:32,555][DPSGDNode][DEBUG] Finished averaging
[2024-05-28 22:00:32,555][DPSGDNode][DEBUG] resetting optimizer
[2024-05-28 22:00:32,556][DPSGDNode][DEBUG] Finished resetting optimizer
[2024-05-28 22:00:32,557][DPSGDNode][INFO] Starting training iteration: 2
[2024-05-28 22:00:32,567][Training][DEBUG] Round: 1 loss: 2.9650461673736572
[2024-05-28 22:00:32,576][Training][DEBUG] Round: 2 loss: 2.7201987504959106
[2024-05-28 22:00:32,586][Training][DEBUG] Round: 3 loss: 2.9689772923787436
[2024-05-28 22:00:32,587][DPSGDWithPeerSampler][DEBUG] Requesting neighbors from the peer sampler.
[2024-05-28 22:00:32,587][TCP][DEBUG] 2 sent the message to -1.
[2024-05-28 22:00:32,587][TCP][DEBUG] Sent message size: 79
[2024-05-28 22:00:32,587][Node][DEBUG] Received some message from 9 with CHANNEL: CONNECT
[2024-05-28 22:00:32,587][Node][DEBUG] Received some message from -1 with CHANNEL: PEERS
[2024-05-28 22:00:32,588][DPSGDWithPeerSampler][DEBUG] Neighbors this round: {9}
[2024-05-28 22:00:32,588][Node][DEBUG] Sending connection request to 9
[2024-05-28 22:00:32,588][TCP][DEBUG] Connecting to my neighbour: 9
[2024-05-28 22:00:32,588][TCP][DEBUG] 2 sent the message to 9.
[2024-05-28 22:00:32,588][TCP][DEBUG] Sent message size: 46
[2024-05-28 22:00:32,588][Node][DEBUG] Waiting HELLO from 9
[2024-05-28 22:00:32,589][Node][DEBUG] Received HELLO from 9
[2024-05-28 22:00:32,589][DPSGDNode][DEBUG] Connected to all neighbors
[2024-05-28 22:00:32,589][Sharing][DEBUG] Model sending this round: [-0.0735515   0.05268579 -0.0307744  ... -0.00797942  0.00818465
 -0.01023317]
[2024-05-28 22:00:32,590][TCP][DEBUG] 2 sent the message to 9.
[2024-05-28 22:00:32,590][TCP][DEBUG] Sent message size: 359554
[2024-05-28 22:00:32,590][DPSGDNode][DEBUG] Sent to all neighbors
[2024-05-28 22:00:32,590][Node][DEBUG] Received some message from 9 with CHANNEL: DPSGD
[2024-05-28 22:00:32,591][DPSGDNode][DEBUG] Received Model from 9 of iteration 2
[2024-05-28 22:00:32,591][DPSGDNode][DEBUG] Received from all
[2024-05-28 22:00:32,591][DPSGDNode][DEBUG] Averaging
[2024-05-28 22:00:32,591][Sharing][DEBUG] Averaging model from neighbor 9 of iteration 2
[2024-05-28 22:00:32,592][DPSGDNode][DEBUG] Finished averaging
[2024-05-28 22:00:32,592][DPSGDNode][DEBUG] resetting optimizer
[2024-05-28 22:00:32,592][DPSGDNode][DEBUG] Finished resetting optimizer
[2024-05-28 22:00:32,593][DPSGDNode][INFO] Starting training iteration: 3
[2024-05-28 22:00:32,603][Training][DEBUG] Round: 1 loss: 2.5895237922668457
[2024-05-28 22:00:32,613][Training][DEBUG] Round: 2 loss: 2.4229832887649536
[2024-05-28 22:00:32,623][Training][DEBUG] Round: 3 loss: 2.4887479146321616
[2024-05-28 22:00:32,624][DPSGDWithPeerSampler][DEBUG] Requesting neighbors from the peer sampler.
[2024-05-28 22:00:32,624][TCP][DEBUG] 2 sent the message to -1.
[2024-05-28 22:00:32,624][TCP][DEBUG] Sent message size: 79
[2024-05-28 22:00:32,625][Node][DEBUG] Received some message from -1 with CHANNEL: PEERS
[2024-05-28 22:00:32,626][DPSGDWithPeerSampler][DEBUG] Neighbors this round: set()
[2024-05-28 22:00:32,626][DPSGDNode][DEBUG] Connected to all neighbors
[2024-05-28 22:00:32,626][Sharing][DEBUG] Model sending this round: [-0.07335413  0.05282426 -0.03094269 ... -0.00656037  0.00673759
 -0.01158338]
[2024-05-28 22:00:32,627][DPSGDNode][DEBUG] Sent to all neighbors
[2024-05-28 22:00:32,627][DPSGDNode][DEBUG] Received from all
[2024-05-28 22:00:32,627][DPSGDNode][DEBUG] Averaging
[2024-05-28 22:00:32,627][DPSGDNode][DEBUG] Finished averaging
[2024-05-28 22:00:32,627][DPSGDNode][DEBUG] resetting optimizer
[2024-05-28 22:00:32,628][DPSGDNode][DEBUG] Finished resetting optimizer
[2024-05-28 22:00:32,629][DPSGDNode][INFO] Starting training iteration: 4
[2024-05-28 22:00:32,639][Training][DEBUG] Round: 1 loss: 2.6314713954925537
[2024-05-28 22:00:32,648][Training][DEBUG] Round: 2 loss: 2.4542156457901
[2024-05-28 22:00:32,658][Training][DEBUG] Round: 3 loss: 2.5332698027292886
[2024-05-28 22:00:32,658][DPSGDWithPeerSampler][DEBUG] Requesting neighbors from the peer sampler.
[2024-05-28 22:00:32,658][TCP][DEBUG] 2 sent the message to -1.
[2024-05-28 22:00:32,659][TCP][DEBUG] Sent message size: 79
[2024-05-28 22:00:32,662][Node][DEBUG] Received some message from -1 with CHANNEL: PEERS
[2024-05-28 22:00:32,662][DPSGDWithPeerSampler][DEBUG] Neighbors this round: {9, 11, 4}
[2024-05-28 22:00:32,662][Node][DEBUG] Sending connection request to 11
[2024-05-28 22:00:32,662][TCP][DEBUG] Connecting to my neighbour: 11
[2024-05-28 22:00:32,662][TCP][DEBUG] 2 sent the message to 11.
[2024-05-28 22:00:32,663][TCP][DEBUG] Sent message size: 46
[2024-05-28 22:00:32,663][Node][DEBUG] Sending connection request to 4
[2024-05-28 22:00:32,663][TCP][DEBUG] Connecting to my neighbour: 4
[2024-05-28 22:00:32,663][TCP][DEBUG] 2 sent the message to 4.
[2024-05-28 22:00:32,663][TCP][DEBUG] Sent message size: 46
[2024-05-28 22:00:32,663][Node][DEBUG] Waiting HELLO from 11
[2024-05-28 22:00:32,664][Node][DEBUG] Received some message from 9 with CHANNEL: DPSGD
[2024-05-28 22:00:32,676][Node][DEBUG] Received some message from 4 with CHANNEL: CONNECT
[2024-05-28 22:00:32,676][Node][DEBUG] Received HELLO from 4
[2024-05-28 22:00:32,676][Node][DEBUG] Waiting HELLO from 11
[2024-05-28 22:00:32,680][Node][DEBUG] Received some message from 4 with CHANNEL: DPSGD
[2024-05-28 22:00:32,684][Node][DEBUG] Received some message from 11 with CHANNEL: CONNECT
[2024-05-28 22:00:32,684][Node][DEBUG] Received HELLO from 11
[2024-05-28 22:00:32,684][DPSGDNode][DEBUG] Connected to all neighbors
[2024-05-28 22:00:32,685][Sharing][DEBUG] Model sending this round: [-0.07309052  0.05320909 -0.03055438 ... -0.00464542  0.00938259
 -0.01255422]
[2024-05-28 22:00:32,686][TCP][DEBUG] 2 sent the message to 9.
[2024-05-28 22:00:32,686][TCP][DEBUG] Sent message size: 359554
[2024-05-28 22:00:32,686][TCP][DEBUG] 2 sent the message to 11.
[2024-05-28 22:00:32,686][TCP][DEBUG] Sent message size: 359554
[2024-05-28 22:00:32,686][TCP][DEBUG] 2 sent the message to 4.
[2024-05-28 22:00:32,687][TCP][DEBUG] Sent message size: 359554
[2024-05-28 22:00:32,687][DPSGDNode][DEBUG] Sent to all neighbors
[2024-05-28 22:00:32,687][DPSGDNode][DEBUG] Received Model from 9 of iteration 4
[2024-05-28 22:00:32,687][DPSGDNode][DEBUG] Received Model from 4 of iteration 4
[2024-05-28 22:00:32,687][Node][DEBUG] Received some message from 11 with CHANNEL: DPSGD
[2024-05-28 22:00:32,687][DPSGDNode][DEBUG] Received Model from 11 of iteration 4
[2024-05-28 22:00:32,687][DPSGDNode][DEBUG] Received from all
[2024-05-28 22:00:32,688][DPSGDNode][DEBUG] Averaging
[2024-05-28 22:00:32,688][Sharing][DEBUG] Averaging model from neighbor 9 of iteration 4
[2024-05-28 22:00:32,688][Sharing][DEBUG] Averaging model from neighbor 11 of iteration 4
[2024-05-28 22:00:32,689][Sharing][DEBUG] Averaging model from neighbor 4 of iteration 4
[2024-05-28 22:00:32,690][DPSGDNode][DEBUG] Finished averaging
[2024-05-28 22:00:32,690][DPSGDNode][DEBUG] resetting optimizer
[2024-05-28 22:00:32,690][DPSGDNode][DEBUG] Finished resetting optimizer
[2024-05-28 22:00:32,691][DPSGDNode][INFO] Starting training iteration: 5
[2024-05-28 22:00:32,702][Training][DEBUG] Round: 1 loss: 2.128872871398926
[2024-05-28 22:00:32,711][Training][DEBUG] Round: 2 loss: 2.086709141731262
[2024-05-28 22:00:32,720][Training][DEBUG] Round: 3 loss: 2.20286234219869
[2024-05-28 22:00:32,720][DPSGDWithPeerSampler][DEBUG] Requesting neighbors from the peer sampler.
[2024-05-28 22:00:32,720][TCP][DEBUG] 2 sent the message to -1.
[2024-05-28 22:00:32,721][TCP][DEBUG] Sent message size: 79
[2024-05-28 22:00:32,721][Node][DEBUG] Received some message from 6 with CHANNEL: CONNECT
[2024-05-28 22:00:32,722][Node][DEBUG] Received some message from -1 with CHANNEL: PEERS
[2024-05-28 22:00:32,722][DPSGDWithPeerSampler][DEBUG] Neighbors this round: {6}
[2024-05-28 22:00:32,723][Node][DEBUG] Sending connection request to 6
[2024-05-28 22:00:32,723][TCP][DEBUG] Connecting to my neighbour: 6
[2024-05-28 22:00:32,723][TCP][DEBUG] 2 sent the message to 6.
[2024-05-28 22:00:32,723][TCP][DEBUG] Sent message size: 46
[2024-05-28 22:00:32,723][Node][DEBUG] Waiting HELLO from 6
[2024-05-28 22:00:32,723][Node][DEBUG] Received HELLO from 6
[2024-05-28 22:00:32,723][DPSGDNode][DEBUG] Connected to all neighbors
[2024-05-28 22:00:32,724][Sharing][DEBUG] Model sending this round: [-0.07284064  0.05323141 -0.03072946 ... -0.00443307  0.00711004
 -0.01183412]
[2024-05-28 22:00:32,725][TCP][DEBUG] 2 sent the message to 6.
[2024-05-28 22:00:32,725][TCP][DEBUG] Sent message size: 359554
[2024-05-28 22:00:32,725][DPSGDNode][DEBUG] Sent to all neighbors
[2024-05-28 22:00:32,725][Node][DEBUG] Received some message from 6 with CHANNEL: DPSGD
[2024-05-28 22:00:32,725][DPSGDNode][DEBUG] Received Model from 6 of iteration 5
[2024-05-28 22:00:32,725][DPSGDNode][DEBUG] Received from all
[2024-05-28 22:00:32,725][DPSGDNode][DEBUG] Averaging
[2024-05-28 22:00:32,726][Sharing][DEBUG] Averaging model from neighbor 6 of iteration 5
[2024-05-28 22:00:32,727][DPSGDNode][DEBUG] Finished averaging
[2024-05-28 22:00:32,727][DPSGDNode][DEBUG] resetting optimizer
[2024-05-28 22:00:32,727][DPSGDNode][DEBUG] Finished resetting optimizer
[2024-05-28 22:00:32,728][DPSGDNode][INFO] Starting training iteration: 6
[2024-05-28 22:00:32,738][Training][DEBUG] Round: 1 loss: 2.1428744792938232
[2024-05-28 22:00:32,748][Training][DEBUG] Round: 2 loss: 2.292125105857849
[2024-05-28 22:00:32,757][Training][DEBUG] Round: 3 loss: 2.405444542566935
[2024-05-28 22:00:32,758][DPSGDWithPeerSampler][DEBUG] Requesting neighbors from the peer sampler.
[2024-05-28 22:00:32,758][TCP][DEBUG] 2 sent the message to -1.
[2024-05-28 22:00:32,758][TCP][DEBUG] Sent message size: 79
[2024-05-28 22:00:32,760][Node][DEBUG] Received some message from -1 with CHANNEL: PEERS
[2024-05-28 22:00:32,760][DPSGDWithPeerSampler][DEBUG] Neighbors this round: {9, 4}
[2024-05-28 22:00:32,760][DPSGDNode][DEBUG] Connected to all neighbors
[2024-05-28 22:00:32,761][Sharing][DEBUG] Model sending this round: [-0.07326717  0.05300342 -0.03124509 ... -0.0049989   0.00639386
 -0.01155065]
[2024-05-28 22:00:32,761][TCP][DEBUG] 2 sent the message to 9.
[2024-05-28 22:00:32,762][TCP][DEBUG] Sent message size: 359554
[2024-05-28 22:00:32,762][TCP][DEBUG] 2 sent the message to 4.
[2024-05-28 22:00:32,762][TCP][DEBUG] Sent message size: 359554
[2024-05-28 22:00:32,762][DPSGDNode][DEBUG] Sent to all neighbors
[2024-05-28 22:00:32,764][Node][DEBUG] Received some message from 9 with CHANNEL: DPSGD
[2024-05-28 22:00:32,764][DPSGDNode][DEBUG] Received Model from 9 of iteration 6
[2024-05-28 22:00:32,765][Node][DEBUG] Received some message from 4 with CHANNEL: DPSGD
[2024-05-28 22:00:32,765][DPSGDNode][DEBUG] Received Model from 4 of iteration 6
[2024-05-28 22:00:32,765][DPSGDNode][DEBUG] Received from all
[2024-05-28 22:00:32,765][DPSGDNode][DEBUG] Averaging
[2024-05-28 22:00:32,765][Sharing][DEBUG] Averaging model from neighbor 9 of iteration 6
[2024-05-28 22:00:32,766][Sharing][DEBUG] Averaging model from neighbor 4 of iteration 6
[2024-05-28 22:00:32,767][DPSGDNode][DEBUG] Finished averaging
[2024-05-28 22:00:32,767][DPSGDNode][DEBUG] resetting optimizer
[2024-05-28 22:00:32,767][DPSGDNode][DEBUG] Finished resetting optimizer
[2024-05-28 22:00:32,768][DPSGDNode][INFO] Starting training iteration: 7
[2024-05-28 22:00:32,779][Training][DEBUG] Round: 1 loss: 2.163274049758911
[2024-05-28 22:00:32,788][Training][DEBUG] Round: 2 loss: 2.255998134613037
[2024-05-28 22:00:32,798][Training][DEBUG] Round: 3 loss: 2.1548494497934976
[2024-05-28 22:00:32,798][DPSGDWithPeerSampler][DEBUG] Requesting neighbors from the peer sampler.
[2024-05-28 22:00:32,799][TCP][DEBUG] 2 sent the message to -1.
[2024-05-28 22:00:32,799][TCP][DEBUG] Sent message size: 79
[2024-05-28 22:00:32,799][Node][DEBUG] Received some message from 6 with CHANNEL: DPSGD
[2024-05-28 22:00:32,800][Node][DEBUG] Received some message from -1 with CHANNEL: PEERS
[2024-05-28 22:00:32,800][DPSGDWithPeerSampler][DEBUG] Neighbors this round: {6}
[2024-05-28 22:00:32,800][DPSGDNode][DEBUG] Connected to all neighbors
[2024-05-28 22:00:32,801][Sharing][DEBUG] Model sending this round: [-0.07307445  0.0530655  -0.03085764 ... -0.00635816  0.00695267
 -0.01201823]
[2024-05-28 22:00:32,802][TCP][DEBUG] 2 sent the message to 6.
[2024-05-28 22:00:32,802][TCP][DEBUG] Sent message size: 359554
[2024-05-28 22:00:32,802][DPSGDNode][DEBUG] Sent to all neighbors
[2024-05-28 22:00:32,802][DPSGDNode][DEBUG] Received Model from 6 of iteration 7
[2024-05-28 22:00:32,802][DPSGDNode][DEBUG] Received from all
[2024-05-28 22:00:32,802][DPSGDNode][DEBUG] Averaging
[2024-05-28 22:00:32,802][Sharing][DEBUG] Averaging model from neighbor 6 of iteration 7
[2024-05-28 22:00:32,804][DPSGDNode][DEBUG] Finished averaging
[2024-05-28 22:00:32,804][DPSGDNode][DEBUG] resetting optimizer
[2024-05-28 22:00:32,804][DPSGDNode][DEBUG] Finished resetting optimizer
[2024-05-28 22:00:32,805][DPSGDNode][INFO] Starting training iteration: 8
[2024-05-28 22:00:32,815][Training][DEBUG] Round: 1 loss: 2.4864189624786377
[2024-05-28 22:00:32,824][Training][DEBUG] Round: 2 loss: 2.4109981060028076
[2024-05-28 22:00:32,834][Training][DEBUG] Round: 3 loss: 2.315976619720459
[2024-05-28 22:00:32,834][DPSGDWithPeerSampler][DEBUG] Requesting neighbors from the peer sampler.
[2024-05-28 22:00:32,834][TCP][DEBUG] 2 sent the message to -1.
[2024-05-28 22:00:32,835][TCP][DEBUG] Sent message size: 79
[2024-05-28 22:00:32,836][Node][DEBUG] Received some message from -1 with CHANNEL: PEERS
[2024-05-28 22:00:32,836][DPSGDWithPeerSampler][DEBUG] Neighbors this round: {4}
[2024-05-28 22:00:32,836][DPSGDNode][DEBUG] Connected to all neighbors
[2024-05-28 22:00:32,837][Sharing][DEBUG] Model sending this round: [-0.07289582  0.05342242 -0.03032997 ... -0.00574289  0.00704164
 -0.01359451]
[2024-05-28 22:00:32,837][TCP][DEBUG] 2 sent the message to 4.
[2024-05-28 22:00:32,837][TCP][DEBUG] Sent message size: 359554
[2024-05-28 22:00:32,837][DPSGDNode][DEBUG] Sent to all neighbors
[2024-05-28 22:00:32,839][Node][DEBUG] Received some message from 4 with CHANNEL: DPSGD
[2024-05-28 22:00:32,839][DPSGDNode][DEBUG] Received Model from 4 of iteration 8
[2024-05-28 22:00:32,839][DPSGDNode][DEBUG] Received from all
[2024-05-28 22:00:32,840][DPSGDNode][DEBUG] Averaging
[2024-05-28 22:00:32,840][Sharing][DEBUG] Averaging model from neighbor 4 of iteration 8
[2024-05-28 22:00:32,841][DPSGDNode][DEBUG] Finished averaging
[2024-05-28 22:00:32,841][DPSGDNode][DEBUG] resetting optimizer
[2024-05-28 22:00:32,841][DPSGDNode][DEBUG] Finished resetting optimizer
[2024-05-28 22:00:32,842][DPSGDNode][INFO] Starting training iteration: 9
[2024-05-28 22:00:32,853][Training][DEBUG] Round: 1 loss: 2.4380624294281006
[2024-05-28 22:00:32,862][Training][DEBUG] Round: 2 loss: 2.6009448766708374
[2024-05-28 22:00:32,872][Training][DEBUG] Round: 3 loss: 2.48549214998881
[2024-05-28 22:00:32,873][DPSGDWithPeerSampler][DEBUG] Requesting neighbors from the peer sampler.
[2024-05-28 22:00:32,873][TCP][DEBUG] 2 sent the message to -1.
[2024-05-28 22:00:32,873][TCP][DEBUG] Sent message size: 79
[2024-05-28 22:00:32,873][Node][DEBUG] Received some message from -1 with CHANNEL: PEERS
[2024-05-28 22:00:32,874][DPSGDWithPeerSampler][DEBUG] Neighbors this round: {6}
[2024-05-28 22:00:32,874][DPSGDNode][DEBUG] Connected to all neighbors
[2024-05-28 22:00:32,874][Sharing][DEBUG] Model sending this round: [-0.07251448  0.05391295 -0.03014357 ... -0.00603666  0.00594285
 -0.01296568]
[2024-05-28 22:00:32,875][TCP][DEBUG] 2 sent the message to 6.
[2024-05-28 22:00:32,875][TCP][DEBUG] Sent message size: 359554
[2024-05-28 22:00:32,875][DPSGDNode][DEBUG] Sent to all neighbors
[2024-05-28 22:00:32,881][Node][DEBUG] Received some message from 6 with CHANNEL: DPSGD
[2024-05-28 22:00:32,882][DPSGDNode][DEBUG] Received Model from 6 of iteration 9
[2024-05-28 22:00:32,882][DPSGDNode][DEBUG] Received from all
[2024-05-28 22:00:32,882][DPSGDNode][DEBUG] Averaging
[2024-05-28 22:00:32,882][Sharing][DEBUG] Averaging model from neighbor 6 of iteration 9
[2024-05-28 22:00:32,884][DPSGDNode][DEBUG] Finished averaging
[2024-05-28 22:00:32,884][DPSGDNode][DEBUG] resetting optimizer
[2024-05-28 22:00:32,884][DPSGDNode][DEBUG] Finished resetting optimizer
[2024-05-28 22:00:32,885][DPSGDNode][INFO] Starting training iteration: 10
[2024-05-28 22:00:32,895][Training][DEBUG] Round: 1 loss: 2.109043598175049
[2024-05-28 22:00:32,905][Training][DEBUG] Round: 2 loss: 2.3103504180908203
[2024-05-28 22:00:32,915][Training][DEBUG] Round: 3 loss: 2.268463134765625
[2024-05-28 22:00:32,915][DPSGDWithPeerSampler][DEBUG] Requesting neighbors from the peer sampler.
[2024-05-28 22:00:32,915][TCP][DEBUG] 2 sent the message to -1.
[2024-05-28 22:00:32,915][TCP][DEBUG] Sent message size: 79
[2024-05-28 22:00:32,917][Node][DEBUG] Received some message from -1 with CHANNEL: PEERS
[2024-05-28 22:00:32,917][DPSGDWithPeerSampler][DEBUG] Neighbors this round: set()
[2024-05-28 22:00:32,917][DPSGDNode][DEBUG] Connected to all neighbors
[2024-05-28 22:00:32,918][Sharing][DEBUG] Model sending this round: [-0.0723101   0.05401126 -0.03014856 ... -0.00553185  0.00511062
 -0.01237654]
[2024-05-28 22:00:32,918][DPSGDNode][DEBUG] Sent to all neighbors
[2024-05-28 22:00:32,918][DPSGDNode][DEBUG] Received from all
[2024-05-28 22:00:32,918][DPSGDNode][DEBUG] Averaging
[2024-05-28 22:00:32,919][DPSGDNode][DEBUG] Finished averaging
[2024-05-28 22:00:32,919][DPSGDNode][DEBUG] resetting optimizer
[2024-05-28 22:00:32,919][DPSGDNode][DEBUG] Finished resetting optimizer
[2024-05-28 22:00:32,920][DPSGDNode][INFO] Starting training iteration: 11
[2024-05-28 22:00:32,930][Training][DEBUG] Round: 1 loss: 2.4575841426849365
[2024-05-28 22:00:32,939][Training][DEBUG] Round: 2 loss: 2.333698034286499
[2024-05-28 22:00:32,949][Training][DEBUG] Round: 3 loss: 2.3338732719421387
[2024-05-28 22:00:32,949][DPSGDWithPeerSampler][DEBUG] Requesting neighbors from the peer sampler.
[2024-05-28 22:00:32,949][TCP][DEBUG] 2 sent the message to -1.
[2024-05-28 22:00:32,950][TCP][DEBUG] Sent message size: 79
[2024-05-28 22:00:32,950][Node][DEBUG] Received some message from -1 with CHANNEL: PEERS
[2024-05-28 22:00:32,950][DPSGDWithPeerSampler][DEBUG] Neighbors this round: set()
[2024-05-28 22:00:32,950][DPSGDNode][DEBUG] Connected to all neighbors
[2024-05-28 22:00:32,951][Sharing][DEBUG] Model sending this round: [-0.07220381  0.05406494 -0.03002381 ... -0.00511877  0.00501196
 -0.01323017]
[2024-05-28 22:00:32,951][DPSGDNode][DEBUG] Sent to all neighbors
[2024-05-28 22:00:32,951][DPSGDNode][DEBUG] Received from all
[2024-05-28 22:00:32,951][DPSGDNode][DEBUG] Averaging
[2024-05-28 22:00:32,952][DPSGDNode][DEBUG] Finished averaging
[2024-05-28 22:00:32,952][DPSGDNode][DEBUG] resetting optimizer
[2024-05-28 22:00:32,952][DPSGDNode][DEBUG] Finished resetting optimizer
[2024-05-28 22:00:32,953][DPSGDNode][INFO] Starting training iteration: 12
[2024-05-28 22:00:32,963][Training][DEBUG] Round: 1 loss: 3.034536838531494
[2024-05-28 22:00:32,973][Training][DEBUG] Round: 2 loss: 2.727928400039673
[2024-05-28 22:00:32,989][Training][DEBUG] Round: 3 loss: 2.5831549167633057
[2024-05-28 22:00:32,990][DPSGDWithPeerSampler][DEBUG] Requesting neighbors from the peer sampler.
[2024-05-28 22:00:32,991][TCP][DEBUG] 2 sent the message to -1.
[2024-05-28 22:00:32,991][TCP][DEBUG] Sent message size: 79
[2024-05-28 22:00:32,992][Node][DEBUG] Received some message from -1 with CHANNEL: PEERS
[2024-05-28 22:00:32,992][DPSGDWithPeerSampler][DEBUG] Neighbors this round: {0}
[2024-05-28 22:00:32,992][Node][DEBUG] Sending connection request to 0
[2024-05-28 22:00:32,992][TCP][DEBUG] Connecting to my neighbour: 0
[2024-05-28 22:00:32,993][TCP][DEBUG] 2 sent the message to 0.
[2024-05-28 22:00:32,993][TCP][DEBUG] Sent message size: 46
[2024-05-28 22:00:32,993][Node][DEBUG] Waiting HELLO from 0
[2024-05-28 22:00:33,021][Node][DEBUG] Received some message from 0 with CHANNEL: CONNECT
[2024-05-28 22:00:33,022][Node][DEBUG] Received HELLO from 0
[2024-05-28 22:00:33,022][DPSGDNode][DEBUG] Connected to all neighbors
[2024-05-28 22:00:33,023][Sharing][DEBUG] Model sending this round: [-0.07211978  0.05420378 -0.02969553 ... -0.00567209  0.00675334
 -0.01204703]
[2024-05-28 22:00:33,024][TCP][DEBUG] 2 sent the message to 0.
[2024-05-28 22:00:33,024][TCP][DEBUG] Sent message size: 359554
[2024-05-28 22:00:33,024][DPSGDNode][DEBUG] Sent to all neighbors
[2024-05-28 22:00:33,024][Node][DEBUG] Received some message from 0 with CHANNEL: DPSGD
[2024-05-28 22:00:33,025][DPSGDNode][DEBUG] Received Model from 0 of iteration 12
[2024-05-28 22:00:33,025][DPSGDNode][DEBUG] Received from all
[2024-05-28 22:00:33,025][DPSGDNode][DEBUG] Averaging
[2024-05-28 22:00:33,025][Sharing][DEBUG] Averaging model from neighbor 0 of iteration 12
[2024-05-28 22:00:33,026][DPSGDNode][DEBUG] Finished averaging
[2024-05-28 22:00:33,027][DPSGDNode][DEBUG] resetting optimizer
[2024-05-28 22:00:33,027][DPSGDNode][DEBUG] Finished resetting optimizer
[2024-05-28 22:00:33,028][DPSGDNode][INFO] Starting training iteration: 13
[2024-05-28 22:00:33,039][Training][DEBUG] Round: 1 loss: 2.18137526512146
[2024-05-28 22:00:33,048][Training][DEBUG] Round: 2 loss: 2.3429516553878784
[2024-05-28 22:00:33,058][Training][DEBUG] Round: 3 loss: 2.303809483846029
[2024-05-28 22:00:33,058][DPSGDWithPeerSampler][DEBUG] Requesting neighbors from the peer sampler.
[2024-05-28 22:00:33,058][TCP][DEBUG] 2 sent the message to -1.
[2024-05-28 22:00:33,058][TCP][DEBUG] Sent message size: 79
[2024-05-28 22:00:33,062][Node][DEBUG] Received some message from -1 with CHANNEL: PEERS
[2024-05-28 22:00:33,062][DPSGDWithPeerSampler][DEBUG] Neighbors this round: set()
[2024-05-28 22:00:33,063][DPSGDNode][DEBUG] Connected to all neighbors
[2024-05-28 22:00:33,063][Sharing][DEBUG] Model sending this round: [-0.07252947  0.05349645 -0.030424   ... -0.00376616  0.00630979
 -0.01310466]
[2024-05-28 22:00:33,063][DPSGDNode][DEBUG] Sent to all neighbors
[2024-05-28 22:00:33,064][DPSGDNode][DEBUG] Received from all
[2024-05-28 22:00:33,064][DPSGDNode][DEBUG] Averaging
[2024-05-28 22:00:33,064][DPSGDNode][DEBUG] Finished averaging
[2024-05-28 22:00:33,064][DPSGDNode][DEBUG] resetting optimizer
[2024-05-28 22:00:33,064][DPSGDNode][DEBUG] Finished resetting optimizer
[2024-05-28 22:00:33,065][DPSGDNode][INFO] Starting training iteration: 14
[2024-05-28 22:00:33,076][Training][DEBUG] Round: 1 loss: 2.2484285831451416
[2024-05-28 22:00:33,086][Training][DEBUG] Round: 2 loss: 2.1996480226516724
[2024-05-28 22:00:33,096][Training][DEBUG] Round: 3 loss: 2.163564364115397
[2024-05-28 22:00:33,096][DPSGDWithPeerSampler][DEBUG] Requesting neighbors from the peer sampler.
[2024-05-28 22:00:33,097][TCP][DEBUG] 2 sent the message to -1.
[2024-05-28 22:00:33,097][TCP][DEBUG] Sent message size: 79
[2024-05-28 22:00:33,099][Node][DEBUG] Received some message from -1 with CHANNEL: PEERS
[2024-05-28 22:00:33,099][DPSGDWithPeerSampler][DEBUG] Neighbors this round: set()
[2024-05-28 22:00:33,099][DPSGDNode][DEBUG] Connected to all neighbors
[2024-05-28 22:00:33,100][Sharing][DEBUG] Model sending this round: [-0.07231463  0.05387719 -0.03012184 ... -0.0059896   0.00815663
 -0.01287014]
[2024-05-28 22:00:33,100][DPSGDNode][DEBUG] Sent to all neighbors
[2024-05-28 22:00:33,100][DPSGDNode][DEBUG] Received from all
[2024-05-28 22:00:33,100][DPSGDNode][DEBUG] Averaging
[2024-05-28 22:00:33,101][DPSGDNode][DEBUG] Finished averaging
[2024-05-28 22:00:33,101][DPSGDNode][DEBUG] resetting optimizer
[2024-05-28 22:00:33,101][DPSGDNode][DEBUG] Finished resetting optimizer
[2024-05-28 22:00:33,102][DPSGDNode][INFO] Starting training iteration: 15
[2024-05-28 22:00:33,112][Training][DEBUG] Round: 1 loss: 2.3077399730682373
[2024-05-28 22:00:33,122][Training][DEBUG] Round: 2 loss: 2.045887589454651
[2024-05-28 22:00:33,132][Training][DEBUG] Round: 3 loss: 2.1904258728027344
[2024-05-28 22:00:33,133][DPSGDWithPeerSampler][DEBUG] Requesting neighbors from the peer sampler.
[2024-05-28 22:00:33,133][TCP][DEBUG] 2 sent the message to -1.
[2024-05-28 22:00:33,133][TCP][DEBUG] Sent message size: 79
[2024-05-28 22:00:33,134][Node][DEBUG] Received some message from -1 with CHANNEL: PEERS
[2024-05-28 22:00:33,134][DPSGDWithPeerSampler][DEBUG] Neighbors this round: {0, 11}
[2024-05-28 22:00:33,134][DPSGDNode][DEBUG] Connected to all neighbors
[2024-05-28 22:00:33,134][Sharing][DEBUG] Model sending this round: [-0.07207534  0.05410817 -0.03022294 ... -0.0064097   0.00913152
 -0.01307129]
[2024-05-28 22:00:33,135][TCP][DEBUG] 2 sent the message to 0.
[2024-05-28 22:00:33,135][TCP][DEBUG] Sent message size: 359554
[2024-05-28 22:00:33,136][TCP][DEBUG] 2 sent the message to 11.
[2024-05-28 22:00:33,136][TCP][DEBUG] Sent message size: 359554
[2024-05-28 22:00:33,136][DPSGDNode][DEBUG] Sent to all neighbors
[2024-05-28 22:00:33,140][Node][DEBUG] Received some message from 0 with CHANNEL: DPSGD
[2024-05-28 22:00:33,140][DPSGDNode][DEBUG] Received Model from 0 of iteration 15
[2024-05-28 22:00:33,141][Node][DEBUG] Received some message from 11 with CHANNEL: DPSGD
[2024-05-28 22:00:33,141][DPSGDNode][DEBUG] Received Model from 11 of iteration 15
[2024-05-28 22:00:33,141][DPSGDNode][DEBUG] Received from all
[2024-05-28 22:00:33,141][DPSGDNode][DEBUG] Averaging
[2024-05-28 22:00:33,141][Sharing][DEBUG] Averaging model from neighbor 0 of iteration 15
[2024-05-28 22:00:33,142][Sharing][DEBUG] Averaging model from neighbor 11 of iteration 15
[2024-05-28 22:00:33,143][DPSGDNode][DEBUG] Finished averaging
[2024-05-28 22:00:33,143][DPSGDNode][DEBUG] resetting optimizer
[2024-05-28 22:00:33,143][DPSGDNode][DEBUG] Finished resetting optimizer
[2024-05-28 22:00:33,144][DPSGDNode][INFO] Starting training iteration: 16
[2024-05-28 22:00:33,155][Training][DEBUG] Round: 1 loss: 2.0229086875915527
[2024-05-28 22:00:33,164][Training][DEBUG] Round: 2 loss: 2.0931183099746704
[2024-05-28 22:00:33,174][Training][DEBUG] Round: 3 loss: 2.031456470489502
[2024-05-28 22:00:33,174][DPSGDWithPeerSampler][DEBUG] Requesting neighbors from the peer sampler.
[2024-05-28 22:00:33,175][TCP][DEBUG] 2 sent the message to -1.
[2024-05-28 22:00:33,175][TCP][DEBUG] Sent message size: 79
[2024-05-28 22:00:33,180][Node][DEBUG] Received some message from -1 with CHANNEL: PEERS
[2024-05-28 22:00:33,181][DPSGDWithPeerSampler][DEBUG] Neighbors this round: {0}
[2024-05-28 22:00:33,181][DPSGDNode][DEBUG] Connected to all neighbors
[2024-05-28 22:00:33,181][Sharing][DEBUG] Model sending this round: [-0.07208274  0.05420715 -0.0297826  ... -0.00650568  0.00779159
 -0.01133334]
[2024-05-28 22:00:33,182][TCP][DEBUG] 2 sent the message to 0.
[2024-05-28 22:00:33,182][TCP][DEBUG] Sent message size: 359554
[2024-05-28 22:00:33,182][DPSGDNode][DEBUG] Sent to all neighbors
[2024-05-28 22:00:33,187][Node][DEBUG] Received some message from 0 with CHANNEL: DPSGD
[2024-05-28 22:00:33,187][DPSGDNode][DEBUG] Received Model from 0 of iteration 16
[2024-05-28 22:00:33,187][DPSGDNode][DEBUG] Received from all
[2024-05-28 22:00:33,187][DPSGDNode][DEBUG] Averaging
[2024-05-28 22:00:33,187][Sharing][DEBUG] Averaging model from neighbor 0 of iteration 16
[2024-05-28 22:00:33,189][DPSGDNode][DEBUG] Finished averaging
[2024-05-28 22:00:33,189][DPSGDNode][DEBUG] resetting optimizer
[2024-05-28 22:00:33,189][DPSGDNode][DEBUG] Finished resetting optimizer
[2024-05-28 22:00:33,190][DPSGDNode][INFO] Starting training iteration: 17
[2024-05-28 22:00:33,200][Training][DEBUG] Round: 1 loss: 2.037537097930908
[2024-05-28 22:00:33,210][Training][DEBUG] Round: 2 loss: 2.2729958295822144
[2024-05-28 22:00:33,219][Training][DEBUG] Round: 3 loss: 2.3597917556762695
[2024-05-28 22:00:33,220][DPSGDWithPeerSampler][DEBUG] Requesting neighbors from the peer sampler.
[2024-05-28 22:00:33,220][TCP][DEBUG] 2 sent the message to -1.
[2024-05-28 22:00:33,220][TCP][DEBUG] Sent message size: 79
[2024-05-28 22:00:33,224][Node][DEBUG] Received some message from -1 with CHANNEL: PEERS
[2024-05-28 22:00:33,226][DPSGDWithPeerSampler][DEBUG] Neighbors this round: {0}
[2024-05-28 22:00:33,227][DPSGDNode][DEBUG] Connected to all neighbors
[2024-05-28 22:00:33,228][Sharing][DEBUG] Model sending this round: [-0.07181422  0.05408957 -0.02989124 ... -0.00631138  0.00605368
 -0.01244693]
[2024-05-28 22:00:33,229][TCP][DEBUG] 2 sent the message to 0.
[2024-05-28 22:00:33,229][TCP][DEBUG] Sent message size: 359554
[2024-05-28 22:00:33,229][DPSGDNode][DEBUG] Sent to all neighbors
[2024-05-28 22:00:33,250][Node][DEBUG] Received some message from 0 with CHANNEL: DPSGD
[2024-05-28 22:00:33,250][DPSGDNode][DEBUG] Received Model from 0 of iteration 17
[2024-05-28 22:00:33,250][DPSGDNode][DEBUG] Received from all
[2024-05-28 22:00:33,250][DPSGDNode][DEBUG] Averaging
[2024-05-28 22:00:33,250][Sharing][DEBUG] Averaging model from neighbor 0 of iteration 17
[2024-05-28 22:00:33,252][DPSGDNode][DEBUG] Finished averaging
[2024-05-28 22:00:33,252][DPSGDNode][DEBUG] resetting optimizer
[2024-05-28 22:00:33,252][DPSGDNode][DEBUG] Finished resetting optimizer
[2024-05-28 22:00:33,259][DPSGDNode][INFO] Starting training iteration: 18
[2024-05-28 22:00:33,281][Training][DEBUG] Round: 1 loss: 1.9803146123886108
[2024-05-28 22:00:33,298][Training][DEBUG] Round: 2 loss: 2.1586667895317078
[2024-05-28 22:00:33,309][Training][DEBUG] Round: 3 loss: 2.0762030680974326
[2024-05-28 22:00:33,310][DPSGDWithPeerSampler][DEBUG] Requesting neighbors from the peer sampler.
[2024-05-28 22:00:33,310][TCP][DEBUG] 2 sent the message to -1.
[2024-05-28 22:00:33,310][TCP][DEBUG] Sent message size: 79
[2024-05-28 22:00:33,310][Node][DEBUG] Received some message from 0 with CHANNEL: DPSGD
[2024-05-28 22:00:33,311][Node][DEBUG] Received some message from 9 with CHANNEL: DPSGD
[2024-05-28 22:00:33,311][Node][DEBUG] Received some message from 3 with CHANNEL: CONNECT
[2024-05-28 22:00:33,312][Node][DEBUG] Received some message from -1 with CHANNEL: PEERS
[2024-05-28 22:00:33,312][DPSGDWithPeerSampler][DEBUG] Neighbors this round: {0, 9}
[2024-05-28 22:00:33,312][DPSGDNode][DEBUG] Connected to all neighbors
[2024-05-28 22:00:33,313][Sharing][DEBUG] Model sending this round: [-0.07160597  0.05428934 -0.0295398  ... -0.00591139  0.00703943
 -0.01375378]
[2024-05-28 22:00:33,313][TCP][DEBUG] 2 sent the message to 0.
[2024-05-28 22:00:33,313][TCP][DEBUG] Sent message size: 359554
[2024-05-28 22:00:33,314][TCP][DEBUG] 2 sent the message to 9.
[2024-05-28 22:00:33,314][TCP][DEBUG] Sent message size: 359554
[2024-05-28 22:00:33,314][DPSGDNode][DEBUG] Sent to all neighbors
[2024-05-28 22:00:33,314][DPSGDNode][DEBUG] Received Model from 0 of iteration 18
[2024-05-28 22:00:33,314][DPSGDNode][DEBUG] Received Model from 9 of iteration 18
[2024-05-28 22:00:33,314][DPSGDNode][DEBUG] Received from all
[2024-05-28 22:00:33,314][DPSGDNode][DEBUG] Averaging
[2024-05-28 22:00:33,314][Sharing][DEBUG] Averaging model from neighbor 0 of iteration 18
[2024-05-28 22:00:33,315][Sharing][DEBUG] Averaging model from neighbor 9 of iteration 18
[2024-05-28 22:00:33,316][DPSGDNode][DEBUG] Finished averaging
[2024-05-28 22:00:33,316][DPSGDNode][DEBUG] resetting optimizer
[2024-05-28 22:00:33,317][DPSGDNode][DEBUG] Finished resetting optimizer
[2024-05-28 22:00:33,347][DPSGDNode][INFO] Starting training iteration: 19
[2024-05-28 22:00:33,360][Training][DEBUG] Round: 1 loss: 2.1804444789886475
[2024-05-28 22:00:33,371][Training][DEBUG] Round: 2 loss: 2.1836721897125244
[2024-05-28 22:00:33,382][Training][DEBUG] Round: 3 loss: 2.1508805751800537
[2024-05-28 22:00:33,383][DPSGDWithPeerSampler][DEBUG] Requesting neighbors from the peer sampler.
[2024-05-28 22:00:33,383][TCP][DEBUG] 2 sent the message to -1.
[2024-05-28 22:00:33,383][TCP][DEBUG] Sent message size: 79
[2024-05-28 22:00:33,384][Node][DEBUG] Received some message from -1 with CHANNEL: PEERS
[2024-05-28 22:00:33,384][DPSGDWithPeerSampler][DEBUG] Neighbors this round: {3}
[2024-05-28 22:00:33,384][Node][DEBUG] Sending connection request to 3
[2024-05-28 22:00:33,385][TCP][DEBUG] Connecting to my neighbour: 3
[2024-05-28 22:00:33,385][TCP][DEBUG] 2 sent the message to 3.
[2024-05-28 22:00:33,385][TCP][DEBUG] Sent message size: 46
[2024-05-28 22:00:33,385][Node][DEBUG] Waiting HELLO from 3
[2024-05-28 22:00:33,385][Node][DEBUG] Received HELLO from 3
[2024-05-28 22:00:33,386][DPSGDNode][DEBUG] Connected to all neighbors
[2024-05-28 22:00:33,386][Sharing][DEBUG] Model sending this round: [-0.07152323  0.05458771 -0.02891905 ... -0.00360561  0.0065737
 -0.01442186]
[2024-05-28 22:00:33,387][TCP][DEBUG] 2 sent the message to 3.
[2024-05-28 22:00:33,387][TCP][DEBUG] Sent message size: 359554
[2024-05-28 22:00:33,387][DPSGDNode][DEBUG] Sent to all neighbors
[2024-05-28 22:00:33,388][Node][DEBUG] Received some message from 3 with CHANNEL: DPSGD
[2024-05-28 22:00:33,388][DPSGDNode][DEBUG] Received Model from 3 of iteration 19
[2024-05-28 22:00:33,388][DPSGDNode][DEBUG] Received from all
[2024-05-28 22:00:33,388][DPSGDNode][DEBUG] Averaging
[2024-05-28 22:00:33,388][Sharing][DEBUG] Averaging model from neighbor 3 of iteration 19
[2024-05-28 22:00:33,390][DPSGDNode][DEBUG] Finished averaging
[2024-05-28 22:00:33,390][DPSGDNode][DEBUG] resetting optimizer
[2024-05-28 22:00:33,390][DPSGDNode][DEBUG] Finished resetting optimizer
[2024-05-28 22:00:33,391][DPSGDNode][INFO] Evaluating on train set.
