[2024-05-28 22:00:19,924][DPSGDNode][DEBUG] Rank: 3
[2024-05-28 22:00:19,925][DPSGDNode][DEBUG] type(graph): <class 'int'>
[2024-05-28 22:00:19,926][DPSGDNode][DEBUG] type(mapping): <class 'decentralizepy.mappings.Linear.Linear'>
[2024-05-28 22:00:29,468][CIFAR10][INFO] Loading training set.
[2024-05-28 22:00:31,099][CIFAR10][DEBUG] Size fractions: [0.08332, 0.08332, 0.08332, 0.08332, 0.08332, 0.08332, 0.08332, 0.08332, 0.08332, 0.08332, 0.08332, 0.08347999999999994]
[2024-05-28 22:00:31,128][CIFAR10][INFO] Loading testing set.
[2024-05-28 22:00:31,925][CIFAR10][INFO] Extracting the validation set from the test set.
[2024-05-28 22:00:31,926][Node][INFO] Dataset instantiation complete.
[2024-05-28 22:00:31,960][DPSGDWithPeerSampler][INFO] Each proc uses 2 threads out of 32.
[2024-05-28 22:00:31,961][Node][DEBUG] Sending connection request to -1
[2024-05-28 22:00:31,961][TCP][DEBUG] Connecting to my neighbour: -1
[2024-05-28 22:00:31,961][TCP][DEBUG] 3 sent the message to -1.
[2024-05-28 22:00:31,961][TCP][DEBUG] Sent message size: 46
[2024-05-28 22:00:31,961][Node][DEBUG] Waiting HELLO from -1
[2024-05-28 22:00:32,095][Node][DEBUG] Received some message from -1 with CHANNEL: CONNECT
[2024-05-28 22:00:32,095][Node][DEBUG] Received HELLO from -1
[2024-05-28 22:00:32,095][DPSGDNode][INFO] Starting training iteration: 0
[2024-05-28 22:00:32,484][Training][DEBUG] Round: 1 loss: 2.280458927154541
[2024-05-28 22:00:32,494][Training][DEBUG] Round: 2 loss: 2.778420329093933
[2024-05-28 22:00:32,504][Training][DEBUG] Round: 3 loss: 3.064515749613444
[2024-05-28 22:00:32,504][DPSGDWithPeerSampler][DEBUG] Requesting neighbors from the peer sampler.
[2024-05-28 22:00:32,504][TCP][DEBUG] 3 sent the message to -1.
[2024-05-28 22:00:32,504][TCP][DEBUG] Sent message size: 79
[2024-05-28 22:00:32,508][Node][DEBUG] Received some message from -1 with CHANNEL: PEERS
[2024-05-28 22:00:32,509][DPSGDWithPeerSampler][DEBUG] Neighbors this round: set()
[2024-05-28 22:00:32,509][DPSGDNode][DEBUG] Connected to all neighbors
[2024-05-28 22:00:32,510][Sharing][DEBUG] Model sending this round: [-0.07323341  0.05314969 -0.03029853 ... -0.00692556  0.00394471
 -0.0105946 ]
[2024-05-28 22:00:32,510][DPSGDNode][DEBUG] Sent to all neighbors
[2024-05-28 22:00:32,510][DPSGDNode][DEBUG] Received from all
[2024-05-28 22:00:32,510][DPSGDNode][DEBUG] Averaging
[2024-05-28 22:00:32,511][DPSGDNode][DEBUG] Finished averaging
[2024-05-28 22:00:32,511][DPSGDNode][DEBUG] resetting optimizer
[2024-05-28 22:00:32,511][DPSGDNode][DEBUG] Finished resetting optimizer
[2024-05-28 22:00:32,512][DPSGDNode][INFO] Starting training iteration: 1
[2024-05-28 22:00:32,522][Training][DEBUG] Round: 1 loss: 2.970869302749634
[2024-05-28 22:00:32,531][Training][DEBUG] Round: 2 loss: 2.979690432548523
[2024-05-28 22:00:32,540][Training][DEBUG] Round: 3 loss: 3.2187627951304116
[2024-05-28 22:00:32,541][DPSGDWithPeerSampler][DEBUG] Requesting neighbors from the peer sampler.
[2024-05-28 22:00:32,541][TCP][DEBUG] 3 sent the message to -1.
[2024-05-28 22:00:32,541][TCP][DEBUG] Sent message size: 79
[2024-05-28 22:00:32,544][Node][DEBUG] Received some message from -1 with CHANNEL: PEERS
[2024-05-28 22:00:32,544][DPSGDWithPeerSampler][DEBUG] Neighbors this round: set()
[2024-05-28 22:00:32,544][DPSGDNode][DEBUG] Connected to all neighbors
[2024-05-28 22:00:32,545][Sharing][DEBUG] Model sending this round: [-0.07278681  0.05335503 -0.02994247 ... -0.00480479  0.00876004
 -0.01241181]
[2024-05-28 22:00:32,545][DPSGDNode][DEBUG] Sent to all neighbors
[2024-05-28 22:00:32,545][DPSGDNode][DEBUG] Received from all
[2024-05-28 22:00:32,545][DPSGDNode][DEBUG] Averaging
[2024-05-28 22:00:32,546][DPSGDNode][DEBUG] Finished averaging
[2024-05-28 22:00:32,546][DPSGDNode][DEBUG] resetting optimizer
[2024-05-28 22:00:32,546][DPSGDNode][DEBUG] Finished resetting optimizer
[2024-05-28 22:00:32,547][DPSGDNode][INFO] Starting training iteration: 2
[2024-05-28 22:00:32,557][Training][DEBUG] Round: 1 loss: 2.4384701251983643
[2024-05-28 22:00:32,567][Training][DEBUG] Round: 2 loss: 2.3188105821609497
[2024-05-28 22:00:32,576][Training][DEBUG] Round: 3 loss: 2.2809555530548096
[2024-05-28 22:00:32,577][DPSGDWithPeerSampler][DEBUG] Requesting neighbors from the peer sampler.
[2024-05-28 22:00:32,577][TCP][DEBUG] 3 sent the message to -1.
[2024-05-28 22:00:32,577][TCP][DEBUG] Sent message size: 79
[2024-05-28 22:00:32,581][Node][DEBUG] Received some message from -1 with CHANNEL: PEERS
[2024-05-28 22:00:32,582][DPSGDWithPeerSampler][DEBUG] Neighbors this round: set()
[2024-05-28 22:00:32,582][DPSGDNode][DEBUG] Connected to all neighbors
[2024-05-28 22:00:32,583][Sharing][DEBUG] Model sending this round: [-0.07259942  0.05334669 -0.03022889 ... -0.00627205  0.00846565
 -0.01179921]
[2024-05-28 22:00:32,583][DPSGDNode][DEBUG] Sent to all neighbors
[2024-05-28 22:00:32,583][DPSGDNode][DEBUG] Received from all
[2024-05-28 22:00:32,583][DPSGDNode][DEBUG] Averaging
[2024-05-28 22:00:32,584][DPSGDNode][DEBUG] Finished averaging
[2024-05-28 22:00:32,584][DPSGDNode][DEBUG] resetting optimizer
[2024-05-28 22:00:32,584][DPSGDNode][DEBUG] Finished resetting optimizer
[2024-05-28 22:00:32,585][DPSGDNode][INFO] Starting training iteration: 3
[2024-05-28 22:00:32,595][Training][DEBUG] Round: 1 loss: 3.183441162109375
[2024-05-28 22:00:32,605][Training][DEBUG] Round: 2 loss: 2.7470595836639404
[2024-05-28 22:00:32,614][Training][DEBUG] Round: 3 loss: 2.6528037389119468
[2024-05-28 22:00:32,614][DPSGDWithPeerSampler][DEBUG] Requesting neighbors from the peer sampler.
[2024-05-28 22:00:32,614][TCP][DEBUG] 3 sent the message to -1.
[2024-05-28 22:00:32,615][TCP][DEBUG] Sent message size: 79
[2024-05-28 22:00:32,618][Node][DEBUG] Received some message from -1 with CHANNEL: PEERS
[2024-05-28 22:00:32,618][DPSGDWithPeerSampler][DEBUG] Neighbors this round: {7}
[2024-05-28 22:00:32,618][Node][DEBUG] Sending connection request to 7
[2024-05-28 22:00:32,618][TCP][DEBUG] Connecting to my neighbour: 7
[2024-05-28 22:00:32,619][TCP][DEBUG] 3 sent the message to 7.
[2024-05-28 22:00:32,619][TCP][DEBUG] Sent message size: 46
[2024-05-28 22:00:32,619][Node][DEBUG] Waiting HELLO from 7
[2024-05-28 22:00:32,627][Node][DEBUG] Received some message from 7 with CHANNEL: CONNECT
[2024-05-28 22:00:32,628][Node][DEBUG] Received HELLO from 7
[2024-05-28 22:00:32,628][DPSGDNode][DEBUG] Connected to all neighbors
[2024-05-28 22:00:32,628][Sharing][DEBUG] Model sending this round: [-0.07285683  0.05323815 -0.03036245 ... -0.00220736  0.00926929
 -0.01193677]
[2024-05-28 22:00:32,629][TCP][DEBUG] 3 sent the message to 7.
[2024-05-28 22:00:32,629][TCP][DEBUG] Sent message size: 359554
[2024-05-28 22:00:32,629][DPSGDNode][DEBUG] Sent to all neighbors
[2024-05-28 22:00:32,629][Node][DEBUG] Received some message from 7 with CHANNEL: DPSGD
[2024-05-28 22:00:32,629][DPSGDNode][DEBUG] Received Model from 7 of iteration 3
[2024-05-28 22:00:32,630][DPSGDNode][DEBUG] Received from all
[2024-05-28 22:00:32,630][DPSGDNode][DEBUG] Averaging
[2024-05-28 22:00:32,630][Sharing][DEBUG] Averaging model from neighbor 7 of iteration 3
[2024-05-28 22:00:32,631][DPSGDNode][DEBUG] Finished averaging
[2024-05-28 22:00:32,631][DPSGDNode][DEBUG] resetting optimizer
[2024-05-28 22:00:32,631][DPSGDNode][DEBUG] Finished resetting optimizer
[2024-05-28 22:00:32,632][DPSGDNode][INFO] Starting training iteration: 4
[2024-05-28 22:00:32,642][Training][DEBUG] Round: 1 loss: 1.9716167449951172
[2024-05-28 22:00:32,652][Training][DEBUG] Round: 2 loss: 2.391045928001404
[2024-05-28 22:00:32,662][Training][DEBUG] Round: 3 loss: 2.546377499898275
[2024-05-28 22:00:32,662][DPSGDWithPeerSampler][DEBUG] Requesting neighbors from the peer sampler.
[2024-05-28 22:00:32,662][TCP][DEBUG] 3 sent the message to -1.
[2024-05-28 22:00:32,663][TCP][DEBUG] Sent message size: 79
[2024-05-28 22:00:32,663][Node][DEBUG] Received some message from -1 with CHANNEL: PEERS
[2024-05-28 22:00:32,663][DPSGDWithPeerSampler][DEBUG] Neighbors this round: {7}
[2024-05-28 22:00:32,664][DPSGDNode][DEBUG] Connected to all neighbors
[2024-05-28 22:00:32,664][Sharing][DEBUG] Model sending this round: [-0.07275148  0.0534005  -0.03039026 ... -0.00409859  0.00653327
 -0.01235205]
[2024-05-28 22:00:32,665][TCP][DEBUG] 3 sent the message to 7.
[2024-05-28 22:00:32,665][TCP][DEBUG] Sent message size: 359554
[2024-05-28 22:00:32,665][DPSGDNode][DEBUG] Sent to all neighbors
[2024-05-28 22:00:32,666][Node][DEBUG] Received some message from 7 with CHANNEL: DPSGD
[2024-05-28 22:00:32,666][DPSGDNode][DEBUG] Received Model from 7 of iteration 4
[2024-05-28 22:00:32,666][DPSGDNode][DEBUG] Received from all
[2024-05-28 22:00:32,666][DPSGDNode][DEBUG] Averaging
[2024-05-28 22:00:32,666][Sharing][DEBUG] Averaging model from neighbor 7 of iteration 4
[2024-05-28 22:00:32,667][DPSGDNode][DEBUG] Finished averaging
[2024-05-28 22:00:32,668][DPSGDNode][DEBUG] resetting optimizer
[2024-05-28 22:00:32,668][DPSGDNode][DEBUG] Finished resetting optimizer
[2024-05-28 22:00:32,669][DPSGDNode][INFO] Starting training iteration: 5
[2024-05-28 22:00:32,679][Training][DEBUG] Round: 1 loss: 2.608006000518799
[2024-05-28 22:00:32,688][Training][DEBUG] Round: 2 loss: 2.5894837379455566
[2024-05-28 22:00:32,698][Training][DEBUG] Round: 3 loss: 2.5513811111450195
[2024-05-28 22:00:32,698][DPSGDWithPeerSampler][DEBUG] Requesting neighbors from the peer sampler.
[2024-05-28 22:00:32,698][TCP][DEBUG] 3 sent the message to -1.
[2024-05-28 22:00:32,699][TCP][DEBUG] Sent message size: 79
[2024-05-28 22:00:32,699][Node][DEBUG] Received some message from -1 with CHANNEL: PEERS
[2024-05-28 22:00:32,699][DPSGDWithPeerSampler][DEBUG] Neighbors this round: {0}
[2024-05-28 22:00:32,699][Node][DEBUG] Sending connection request to 0
[2024-05-28 22:00:32,700][TCP][DEBUG] Connecting to my neighbour: 0
[2024-05-28 22:00:32,700][TCP][DEBUG] 3 sent the message to 0.
[2024-05-28 22:00:32,700][TCP][DEBUG] Sent message size: 46
[2024-05-28 22:00:32,700][Node][DEBUG] Waiting HELLO from 0
[2024-05-28 22:00:32,714][Node][DEBUG] Received some message from 0 with CHANNEL: CONNECT
[2024-05-28 22:00:32,714][Node][DEBUG] Received HELLO from 0
[2024-05-28 22:00:32,715][DPSGDNode][DEBUG] Connected to all neighbors
[2024-05-28 22:00:32,715][Sharing][DEBUG] Model sending this round: [-0.07263681  0.0535938  -0.03028926 ... -0.00457823  0.00857677
 -0.01281176]
[2024-05-28 22:00:32,716][TCP][DEBUG] 3 sent the message to 0.
[2024-05-28 22:00:32,716][TCP][DEBUG] Sent message size: 359554
[2024-05-28 22:00:32,716][DPSGDNode][DEBUG] Sent to all neighbors
[2024-05-28 22:00:32,716][Node][DEBUG] Received some message from 0 with CHANNEL: DPSGD
[2024-05-28 22:00:32,716][DPSGDNode][DEBUG] Received Model from 0 of iteration 5
[2024-05-28 22:00:32,716][DPSGDNode][DEBUG] Received from all
[2024-05-28 22:00:32,717][DPSGDNode][DEBUG] Averaging
[2024-05-28 22:00:32,717][Sharing][DEBUG] Averaging model from neighbor 0 of iteration 5
[2024-05-28 22:00:32,718][DPSGDNode][DEBUG] Finished averaging
[2024-05-28 22:00:32,718][DPSGDNode][DEBUG] resetting optimizer
[2024-05-28 22:00:32,718][DPSGDNode][DEBUG] Finished resetting optimizer
[2024-05-28 22:00:32,719][DPSGDNode][INFO] Starting training iteration: 6
[2024-05-28 22:00:32,730][Training][DEBUG] Round: 1 loss: 2.3166332244873047
[2024-05-28 22:00:32,739][Training][DEBUG] Round: 2 loss: 2.3241742849349976
[2024-05-28 22:00:32,749][Training][DEBUG] Round: 3 loss: 2.316927512486776
[2024-05-28 22:00:32,749][DPSGDWithPeerSampler][DEBUG] Requesting neighbors from the peer sampler.
[2024-05-28 22:00:32,749][TCP][DEBUG] 3 sent the message to -1.
[2024-05-28 22:00:32,749][TCP][DEBUG] Sent message size: 79
[2024-05-28 22:00:32,750][Node][DEBUG] Received some message from 7 with CHANNEL: DPSGD
[2024-05-28 22:00:32,750][Node][DEBUG] Received some message from -1 with CHANNEL: PEERS
[2024-05-28 22:00:32,750][DPSGDWithPeerSampler][DEBUG] Neighbors this round: {7}
[2024-05-28 22:00:32,750][DPSGDNode][DEBUG] Connected to all neighbors
[2024-05-28 22:00:32,751][Sharing][DEBUG] Model sending this round: [-0.07289946  0.05284611 -0.03077273 ... -0.0045435   0.00746822
 -0.01053263]
[2024-05-28 22:00:32,751][TCP][DEBUG] 3 sent the message to 7.
[2024-05-28 22:00:32,751][TCP][DEBUG] Sent message size: 359554
[2024-05-28 22:00:32,752][DPSGDNode][DEBUG] Sent to all neighbors
[2024-05-28 22:00:32,752][DPSGDNode][DEBUG] Received Model from 7 of iteration 6
[2024-05-28 22:00:32,752][DPSGDNode][DEBUG] Received from all
[2024-05-28 22:00:32,752][DPSGDNode][DEBUG] Averaging
[2024-05-28 22:00:32,752][Sharing][DEBUG] Averaging model from neighbor 7 of iteration 6
[2024-05-28 22:00:32,753][DPSGDNode][DEBUG] Finished averaging
[2024-05-28 22:00:32,753][DPSGDNode][DEBUG] resetting optimizer
[2024-05-28 22:00:32,753][DPSGDNode][DEBUG] Finished resetting optimizer
[2024-05-28 22:00:32,754][DPSGDNode][INFO] Starting training iteration: 7
[2024-05-28 22:00:32,765][Training][DEBUG] Round: 1 loss: 2.2324516773223877
[2024-05-28 22:00:32,775][Training][DEBUG] Round: 2 loss: 2.2954341173171997
[2024-05-28 22:00:32,785][Training][DEBUG] Round: 3 loss: 2.2266293366750083
[2024-05-28 22:00:32,785][DPSGDWithPeerSampler][DEBUG] Requesting neighbors from the peer sampler.
[2024-05-28 22:00:32,785][TCP][DEBUG] 3 sent the message to -1.
[2024-05-28 22:00:32,785][TCP][DEBUG] Sent message size: 79
[2024-05-28 22:00:32,786][Node][DEBUG] Received some message from -1 with CHANNEL: PEERS
[2024-05-28 22:00:32,786][DPSGDWithPeerSampler][DEBUG] Neighbors this round: set()
[2024-05-28 22:00:32,786][DPSGDNode][DEBUG] Connected to all neighbors
[2024-05-28 22:00:32,787][Sharing][DEBUG] Model sending this round: [-0.07249723  0.05381265 -0.03013406 ... -0.00176521  0.00708528
 -0.01302976]
[2024-05-28 22:00:32,787][DPSGDNode][DEBUG] Sent to all neighbors
[2024-05-28 22:00:32,787][DPSGDNode][DEBUG] Received from all
[2024-05-28 22:00:32,787][DPSGDNode][DEBUG] Averaging
[2024-05-28 22:00:32,788][DPSGDNode][DEBUG] Finished averaging
[2024-05-28 22:00:32,788][DPSGDNode][DEBUG] resetting optimizer
[2024-05-28 22:00:32,788][DPSGDNode][DEBUG] Finished resetting optimizer
[2024-05-28 22:00:32,789][DPSGDNode][INFO] Starting training iteration: 8
[2024-05-28 22:00:32,799][Training][DEBUG] Round: 1 loss: 2.7526936531066895
[2024-05-28 22:00:32,809][Training][DEBUG] Round: 2 loss: 2.3530629873275757
[2024-05-28 22:00:32,819][Training][DEBUG] Round: 3 loss: 2.5018954277038574
[2024-05-28 22:00:32,819][DPSGDWithPeerSampler][DEBUG] Requesting neighbors from the peer sampler.
[2024-05-28 22:00:32,819][TCP][DEBUG] 3 sent the message to -1.
[2024-05-28 22:00:32,819][TCP][DEBUG] Sent message size: 79
[2024-05-28 22:00:32,822][Node][DEBUG] Received some message from -1 with CHANNEL: PEERS
[2024-05-28 22:00:32,822][DPSGDWithPeerSampler][DEBUG] Neighbors this round: {7}
[2024-05-28 22:00:32,822][DPSGDNode][DEBUG] Connected to all neighbors
[2024-05-28 22:00:32,823][Sharing][DEBUG] Model sending this round: [-0.07257402  0.05359326 -0.0302039  ... -0.0052834   0.00661272
 -0.01255471]
[2024-05-28 22:00:32,824][TCP][DEBUG] 3 sent the message to 7.
[2024-05-28 22:00:32,824][TCP][DEBUG] Sent message size: 359554
[2024-05-28 22:00:32,824][DPSGDNode][DEBUG] Sent to all neighbors
[2024-05-28 22:00:32,834][Node][DEBUG] Received some message from 7 with CHANNEL: DPSGD
[2024-05-28 22:00:32,834][DPSGDNode][DEBUG] Received Model from 7 of iteration 8
[2024-05-28 22:00:32,834][DPSGDNode][DEBUG] Received from all
[2024-05-28 22:00:32,834][DPSGDNode][DEBUG] Averaging
[2024-05-28 22:00:32,834][Sharing][DEBUG] Averaging model from neighbor 7 of iteration 8
[2024-05-28 22:00:32,835][DPSGDNode][DEBUG] Finished averaging
[2024-05-28 22:00:32,836][DPSGDNode][DEBUG] resetting optimizer
[2024-05-28 22:00:32,836][DPSGDNode][DEBUG] Finished resetting optimizer
[2024-05-28 22:00:32,837][DPSGDNode][INFO] Starting training iteration: 9
[2024-05-28 22:00:32,847][Training][DEBUG] Round: 1 loss: 2.4378108978271484
[2024-05-28 22:00:32,857][Training][DEBUG] Round: 2 loss: 2.409603238105774
[2024-05-28 22:00:32,867][Training][DEBUG] Round: 3 loss: 2.1736772457758584
[2024-05-28 22:00:32,867][DPSGDWithPeerSampler][DEBUG] Requesting neighbors from the peer sampler.
[2024-05-28 22:00:32,867][TCP][DEBUG] 3 sent the message to -1.
[2024-05-28 22:00:32,867][TCP][DEBUG] Sent message size: 79
[2024-05-28 22:00:32,868][Node][DEBUG] Received some message from -1 with CHANNEL: PEERS
[2024-05-28 22:00:32,868][DPSGDWithPeerSampler][DEBUG] Neighbors this round: set()
[2024-05-28 22:00:32,868][DPSGDNode][DEBUG] Connected to all neighbors
[2024-05-28 22:00:32,869][Sharing][DEBUG] Model sending this round: [-0.07244459  0.05351175 -0.03025363 ... -0.00304946  0.00715768
 -0.01338335]
[2024-05-28 22:00:32,869][DPSGDNode][DEBUG] Sent to all neighbors
[2024-05-28 22:00:32,870][DPSGDNode][DEBUG] Received from all
[2024-05-28 22:00:32,870][DPSGDNode][DEBUG] Averaging
[2024-05-28 22:00:32,870][DPSGDNode][DEBUG] Finished averaging
[2024-05-28 22:00:32,870][DPSGDNode][DEBUG] resetting optimizer
[2024-05-28 22:00:32,870][DPSGDNode][DEBUG] Finished resetting optimizer
[2024-05-28 22:00:32,872][DPSGDNode][INFO] Starting training iteration: 10
[2024-05-28 22:00:32,882][Training][DEBUG] Round: 1 loss: 2.473489761352539
[2024-05-28 22:00:32,892][Training][DEBUG] Round: 2 loss: 2.4364688396453857
[2024-05-28 22:00:32,901][Training][DEBUG] Round: 3 loss: 2.535590330759684
[2024-05-28 22:00:32,902][DPSGDWithPeerSampler][DEBUG] Requesting neighbors from the peer sampler.
[2024-05-28 22:00:32,902][TCP][DEBUG] 3 sent the message to -1.
[2024-05-28 22:00:32,902][TCP][DEBUG] Sent message size: 79
[2024-05-28 22:00:32,905][Node][DEBUG] Received some message from -1 with CHANNEL: PEERS
[2024-05-28 22:00:32,905][DPSGDWithPeerSampler][DEBUG] Neighbors this round: set()
[2024-05-28 22:00:32,905][DPSGDNode][DEBUG] Connected to all neighbors
[2024-05-28 22:00:32,906][Sharing][DEBUG] Model sending this round: [-0.07222103  0.05353077 -0.0302369  ... -0.00400034  0.00776686
 -0.01319504]
[2024-05-28 22:00:32,906][DPSGDNode][DEBUG] Sent to all neighbors
[2024-05-28 22:00:32,906][DPSGDNode][DEBUG] Received from all
[2024-05-28 22:00:32,906][DPSGDNode][DEBUG] Averaging
[2024-05-28 22:00:32,907][DPSGDNode][DEBUG] Finished averaging
[2024-05-28 22:00:32,907][DPSGDNode][DEBUG] resetting optimizer
[2024-05-28 22:00:32,907][DPSGDNode][DEBUG] Finished resetting optimizer
[2024-05-28 22:00:32,908][DPSGDNode][INFO] Starting training iteration: 11
[2024-05-28 22:00:32,920][Training][DEBUG] Round: 1 loss: 2.026792526245117
[2024-05-28 22:00:32,930][Training][DEBUG] Round: 2 loss: 2.1200778484344482
[2024-05-28 22:00:32,939][Training][DEBUG] Round: 3 loss: 2.131251573562622
[2024-05-28 22:00:32,939][DPSGDWithPeerSampler][DEBUG] Requesting neighbors from the peer sampler.
[2024-05-28 22:00:32,939][TCP][DEBUG] 3 sent the message to -1.
[2024-05-28 22:00:32,939][TCP][DEBUG] Sent message size: 79
[2024-05-28 22:00:32,943][Node][DEBUG] Received some message from -1 with CHANNEL: PEERS
[2024-05-28 22:00:32,943][DPSGDWithPeerSampler][DEBUG] Neighbors this round: set()
[2024-05-28 22:00:32,943][DPSGDNode][DEBUG] Connected to all neighbors
[2024-05-28 22:00:32,944][Sharing][DEBUG] Model sending this round: [-0.07239953  0.05341234 -0.03044958 ... -0.00413813  0.0073419
 -0.01315519]
[2024-05-28 22:00:32,944][DPSGDNode][DEBUG] Sent to all neighbors
[2024-05-28 22:00:32,944][DPSGDNode][DEBUG] Received from all
[2024-05-28 22:00:32,945][DPSGDNode][DEBUG] Averaging
[2024-05-28 22:00:32,945][DPSGDNode][DEBUG] Finished averaging
[2024-05-28 22:00:32,945][DPSGDNode][DEBUG] resetting optimizer
[2024-05-28 22:00:32,945][DPSGDNode][DEBUG] Finished resetting optimizer
[2024-05-28 22:00:32,953][DPSGDNode][INFO] Starting training iteration: 12
[2024-05-28 22:00:32,963][Training][DEBUG] Round: 1 loss: 1.9507235288619995
[2024-05-28 22:00:32,972][Training][DEBUG] Round: 2 loss: 2.080618441104889
[2024-05-28 22:00:32,982][Training][DEBUG] Round: 3 loss: 2.1563315788904824
[2024-05-28 22:00:32,982][DPSGDWithPeerSampler][DEBUG] Requesting neighbors from the peer sampler.
[2024-05-28 22:00:32,982][TCP][DEBUG] 3 sent the message to -1.
[2024-05-28 22:00:32,982][TCP][DEBUG] Sent message size: 79
[2024-05-28 22:00:32,983][Node][DEBUG] Received some message from -1 with CHANNEL: PEERS
[2024-05-28 22:00:32,983][DPSGDWithPeerSampler][DEBUG] Neighbors this round: set()
[2024-05-28 22:00:32,983][DPSGDNode][DEBUG] Connected to all neighbors
[2024-05-28 22:00:32,984][Sharing][DEBUG] Model sending this round: [-0.07265279  0.05318874 -0.03065274 ... -0.00575187  0.00801323
 -0.01320274]
[2024-05-28 22:00:32,984][DPSGDNode][DEBUG] Sent to all neighbors
[2024-05-28 22:00:32,984][DPSGDNode][DEBUG] Received from all
[2024-05-28 22:00:32,984][DPSGDNode][DEBUG] Averaging
[2024-05-28 22:00:32,985][DPSGDNode][DEBUG] Finished averaging
[2024-05-28 22:00:32,985][DPSGDNode][DEBUG] resetting optimizer
[2024-05-28 22:00:32,985][DPSGDNode][DEBUG] Finished resetting optimizer
[2024-05-28 22:00:32,986][DPSGDNode][INFO] Starting training iteration: 13
[2024-05-28 22:00:32,996][Training][DEBUG] Round: 1 loss: 2.5657012462615967
[2024-05-28 22:00:33,005][Training][DEBUG] Round: 2 loss: 2.2189642190933228
[2024-05-28 22:00:33,015][Training][DEBUG] Round: 3 loss: 2.250077724456787
[2024-05-28 22:00:33,016][DPSGDWithPeerSampler][DEBUG] Requesting neighbors from the peer sampler.
[2024-05-28 22:00:33,016][TCP][DEBUG] 3 sent the message to -1.
[2024-05-28 22:00:33,016][TCP][DEBUG] Sent message size: 79
[2024-05-28 22:00:33,019][Node][DEBUG] Received some message from -1 with CHANNEL: PEERS
[2024-05-28 22:00:33,019][DPSGDWithPeerSampler][DEBUG] Neighbors this round: set()
[2024-05-28 22:00:33,019][DPSGDNode][DEBUG] Connected to all neighbors
[2024-05-28 22:00:33,020][Sharing][DEBUG] Model sending this round: [-0.07288796  0.05299794 -0.03090634 ... -0.00426827  0.00560842
 -0.01090169]
[2024-05-28 22:00:33,020][DPSGDNode][DEBUG] Sent to all neighbors
[2024-05-28 22:00:33,020][DPSGDNode][DEBUG] Received from all
[2024-05-28 22:00:33,020][DPSGDNode][DEBUG] Averaging
[2024-05-28 22:00:33,021][DPSGDNode][DEBUG] Finished averaging
[2024-05-28 22:00:33,021][DPSGDNode][DEBUG] resetting optimizer
[2024-05-28 22:00:33,021][DPSGDNode][DEBUG] Finished resetting optimizer
[2024-05-28 22:00:33,028][DPSGDNode][INFO] Starting training iteration: 14
[2024-05-28 22:00:33,038][Training][DEBUG] Round: 1 loss: 2.2018394470214844
[2024-05-28 22:00:33,048][Training][DEBUG] Round: 2 loss: 2.0889554619789124
[2024-05-28 22:00:33,057][Training][DEBUG] Round: 3 loss: 2.2648414373397827
[2024-05-28 22:00:33,057][DPSGDWithPeerSampler][DEBUG] Requesting neighbors from the peer sampler.
[2024-05-28 22:00:33,058][TCP][DEBUG] 3 sent the message to -1.
[2024-05-28 22:00:33,058][TCP][DEBUG] Sent message size: 79
[2024-05-28 22:00:33,062][Node][DEBUG] Received some message from -1 with CHANNEL: PEERS
[2024-05-28 22:00:33,062][DPSGDWithPeerSampler][DEBUG] Neighbors this round: set()
[2024-05-28 22:00:33,062][DPSGDNode][DEBUG] Connected to all neighbors
[2024-05-28 22:00:33,063][Sharing][DEBUG] Model sending this round: [-0.07273346  0.05297568 -0.03099308 ... -0.00530701  0.00857836
 -0.01192337]
[2024-05-28 22:00:33,063][DPSGDNode][DEBUG] Sent to all neighbors
[2024-05-28 22:00:33,063][DPSGDNode][DEBUG] Received from all
[2024-05-28 22:00:33,063][DPSGDNode][DEBUG] Averaging
[2024-05-28 22:00:33,063][DPSGDNode][DEBUG] Finished averaging
[2024-05-28 22:00:33,064][DPSGDNode][DEBUG] resetting optimizer
[2024-05-28 22:00:33,064][DPSGDNode][DEBUG] Finished resetting optimizer
[2024-05-28 22:00:33,079][DPSGDNode][INFO] Starting training iteration: 15
[2024-05-28 22:00:33,090][Training][DEBUG] Round: 1 loss: 1.9902653694152832
[2024-05-28 22:00:33,100][Training][DEBUG] Round: 2 loss: 2.0344027280807495
[2024-05-28 22:00:33,109][Training][DEBUG] Round: 3 loss: 2.2783745924631753
[2024-05-28 22:00:33,109][DPSGDWithPeerSampler][DEBUG] Requesting neighbors from the peer sampler.
[2024-05-28 22:00:33,110][TCP][DEBUG] 3 sent the message to -1.
[2024-05-28 22:00:33,110][TCP][DEBUG] Sent message size: 79
[2024-05-28 22:00:33,111][Node][DEBUG] Received some message from -1 with CHANNEL: PEERS
[2024-05-28 22:00:33,111][DPSGDWithPeerSampler][DEBUG] Neighbors this round: set()
[2024-05-28 22:00:33,111][DPSGDNode][DEBUG] Connected to all neighbors
[2024-05-28 22:00:33,112][Sharing][DEBUG] Model sending this round: [-0.07315508  0.05266355 -0.03123568 ... -0.00484259  0.00761889
 -0.01381874]
[2024-05-28 22:00:33,112][DPSGDNode][DEBUG] Sent to all neighbors
[2024-05-28 22:00:33,112][DPSGDNode][DEBUG] Received from all
[2024-05-28 22:00:33,112][DPSGDNode][DEBUG] Averaging
[2024-05-28 22:00:33,112][DPSGDNode][DEBUG] Finished averaging
[2024-05-28 22:00:33,113][DPSGDNode][DEBUG] resetting optimizer
[2024-05-28 22:00:33,113][DPSGDNode][DEBUG] Finished resetting optimizer
[2024-05-28 22:00:33,114][DPSGDNode][INFO] Starting training iteration: 16
[2024-05-28 22:00:33,124][Training][DEBUG] Round: 1 loss: 2.5450260639190674
[2024-05-28 22:00:33,134][Training][DEBUG] Round: 2 loss: 2.4548017978668213
[2024-05-28 22:00:33,143][Training][DEBUG] Round: 3 loss: 2.416750351587931
[2024-05-28 22:00:33,143][DPSGDWithPeerSampler][DEBUG] Requesting neighbors from the peer sampler.
[2024-05-28 22:00:33,144][TCP][DEBUG] 3 sent the message to -1.
[2024-05-28 22:00:33,144][TCP][DEBUG] Sent message size: 79
[2024-05-28 22:00:33,146][Node][DEBUG] Received some message from -1 with CHANNEL: PEERS
[2024-05-28 22:00:33,146][DPSGDWithPeerSampler][DEBUG] Neighbors this round: set()
[2024-05-28 22:00:33,147][DPSGDNode][DEBUG] Connected to all neighbors
[2024-05-28 22:00:33,147][Sharing][DEBUG] Model sending this round: [-0.07291748  0.0528824  -0.03114483 ... -0.00455444  0.00743235
 -0.01257734]
[2024-05-28 22:00:33,147][DPSGDNode][DEBUG] Sent to all neighbors
[2024-05-28 22:00:33,147][DPSGDNode][DEBUG] Received from all
[2024-05-28 22:00:33,148][DPSGDNode][DEBUG] Averaging
[2024-05-28 22:00:33,148][DPSGDNode][DEBUG] Finished averaging
[2024-05-28 22:00:33,148][DPSGDNode][DEBUG] resetting optimizer
[2024-05-28 22:00:33,148][DPSGDNode][DEBUG] Finished resetting optimizer
[2024-05-28 22:00:33,149][DPSGDNode][INFO] Starting training iteration: 17
[2024-05-28 22:00:33,159][Training][DEBUG] Round: 1 loss: 2.1316094398498535
[2024-05-28 22:00:33,169][Training][DEBUG] Round: 2 loss: 2.2946786880493164
[2024-05-28 22:00:33,179][Training][DEBUG] Round: 3 loss: 2.3942270278930664
[2024-05-28 22:00:33,179][DPSGDWithPeerSampler][DEBUG] Requesting neighbors from the peer sampler.
[2024-05-28 22:00:33,179][TCP][DEBUG] 3 sent the message to -1.
[2024-05-28 22:00:33,179][TCP][DEBUG] Sent message size: 79
[2024-05-28 22:00:33,206][Node][DEBUG] Received some message from -1 with CHANNEL: PEERS
[2024-05-28 22:00:33,207][DPSGDWithPeerSampler][DEBUG] Neighbors this round: set()
[2024-05-28 22:00:33,207][DPSGDNode][DEBUG] Connected to all neighbors
[2024-05-28 22:00:33,207][Sharing][DEBUG] Model sending this round: [-0.07289745  0.05300929 -0.03096306 ... -0.005695    0.00616807
 -0.01120239]
[2024-05-28 22:00:33,208][DPSGDNode][DEBUG] Sent to all neighbors
[2024-05-28 22:00:33,208][DPSGDNode][DEBUG] Received from all
[2024-05-28 22:00:33,208][DPSGDNode][DEBUG] Averaging
[2024-05-28 22:00:33,208][DPSGDNode][DEBUG] Finished averaging
[2024-05-28 22:00:33,208][DPSGDNode][DEBUG] resetting optimizer
[2024-05-28 22:00:33,209][DPSGDNode][DEBUG] Finished resetting optimizer
[2024-05-28 22:00:33,210][DPSGDNode][INFO] Starting training iteration: 18
[2024-05-28 22:00:33,225][Training][DEBUG] Round: 1 loss: 2.207270622253418
[2024-05-28 22:00:33,234][Training][DEBUG] Round: 2 loss: 2.0798409581184387
[2024-05-28 22:00:33,256][Training][DEBUG] Round: 3 loss: 2.0728289683659873
[2024-05-28 22:00:33,257][DPSGDWithPeerSampler][DEBUG] Requesting neighbors from the peer sampler.
[2024-05-28 22:00:33,257][TCP][DEBUG] 3 sent the message to -1.
[2024-05-28 22:00:33,257][TCP][DEBUG] Sent message size: 79
[2024-05-28 22:00:33,258][Node][DEBUG] Received some message from -1 with CHANNEL: PEERS
[2024-05-28 22:00:33,258][DPSGDWithPeerSampler][DEBUG] Neighbors this round: set()
[2024-05-28 22:00:33,258][DPSGDNode][DEBUG] Connected to all neighbors
[2024-05-28 22:00:33,259][Sharing][DEBUG] Model sending this round: [-0.0729757   0.05307879 -0.03102042 ... -0.00617222  0.00798082
 -0.0110893 ]
[2024-05-28 22:00:33,259][DPSGDNode][DEBUG] Sent to all neighbors
[2024-05-28 22:00:33,259][DPSGDNode][DEBUG] Received from all
[2024-05-28 22:00:33,260][DPSGDNode][DEBUG] Averaging
[2024-05-28 22:00:33,260][DPSGDNode][DEBUG] Finished averaging
[2024-05-28 22:00:33,260][DPSGDNode][DEBUG] resetting optimizer
[2024-05-28 22:00:33,261][DPSGDNode][DEBUG] Finished resetting optimizer
[2024-05-28 22:00:33,262][DPSGDNode][INFO] Starting training iteration: 19
[2024-05-28 22:00:33,273][Training][DEBUG] Round: 1 loss: 1.9552044868469238
[2024-05-28 22:00:33,283][Training][DEBUG] Round: 2 loss: 2.1552066802978516
[2024-05-28 22:00:33,294][Training][DEBUG] Round: 3 loss: 2.225683053334554
[2024-05-28 22:00:33,294][DPSGDWithPeerSampler][DEBUG] Requesting neighbors from the peer sampler.
[2024-05-28 22:00:33,294][TCP][DEBUG] 3 sent the message to -1.
[2024-05-28 22:00:33,295][TCP][DEBUG] Sent message size: 79
[2024-05-28 22:00:33,297][Node][DEBUG] Received some message from -1 with CHANNEL: PEERS
[2024-05-28 22:00:33,298][DPSGDWithPeerSampler][DEBUG] Neighbors this round: {2}
[2024-05-28 22:00:33,298][Node][DEBUG] Sending connection request to 2
[2024-05-28 22:00:33,299][TCP][DEBUG] Connecting to my neighbour: 2
[2024-05-28 22:00:33,299][TCP][DEBUG] 3 sent the message to 2.
[2024-05-28 22:00:33,299][TCP][DEBUG] Sent message size: 46
[2024-05-28 22:00:33,299][Node][DEBUG] Waiting HELLO from 2
[2024-05-28 22:00:33,385][Node][DEBUG] Received some message from 2 with CHANNEL: CONNECT
[2024-05-28 22:00:33,385][Node][DEBUG] Received HELLO from 2
[2024-05-28 22:00:33,385][DPSGDNode][DEBUG] Connected to all neighbors
[2024-05-28 22:00:33,386][Sharing][DEBUG] Model sending this round: [-0.0727277   0.0533402  -0.03088094 ... -0.006201    0.00668552
 -0.01167743]
[2024-05-28 22:00:33,387][TCP][DEBUG] 3 sent the message to 2.
[2024-05-28 22:00:33,387][TCP][DEBUG] Sent message size: 359554
[2024-05-28 22:00:33,387][DPSGDNode][DEBUG] Sent to all neighbors
[2024-05-28 22:00:33,387][Node][DEBUG] Received some message from 2 with CHANNEL: DPSGD
[2024-05-28 22:00:33,388][DPSGDNode][DEBUG] Received Model from 2 of iteration 19
[2024-05-28 22:00:33,388][DPSGDNode][DEBUG] Received from all
[2024-05-28 22:00:33,388][DPSGDNode][DEBUG] Averaging
[2024-05-28 22:00:33,388][Sharing][DEBUG] Averaging model from neighbor 2 of iteration 19
[2024-05-28 22:00:33,389][DPSGDNode][DEBUG] Finished averaging
[2024-05-28 22:00:33,389][DPSGDNode][DEBUG] resetting optimizer
[2024-05-28 22:00:33,390][DPSGDNode][DEBUG] Finished resetting optimizer
[2024-05-28 22:00:33,390][DPSGDNode][INFO] Evaluating on train set.
