[2024-05-28 22:00:19,917][DPSGDNode][DEBUG] Rank: 4
[2024-05-28 22:00:19,918][DPSGDNode][DEBUG] type(graph): <class 'int'>
[2024-05-28 22:00:19,919][DPSGDNode][DEBUG] type(mapping): <class 'decentralizepy.mappings.Linear.Linear'>
[2024-05-28 22:00:29,467][CIFAR10][INFO] Loading training set.
[2024-05-28 22:00:31,017][CIFAR10][DEBUG] Size fractions: [0.08332, 0.08332, 0.08332, 0.08332, 0.08332, 0.08332, 0.08332, 0.08332, 0.08332, 0.08332, 0.08332, 0.08347999999999994]
[2024-05-28 22:00:31,045][CIFAR10][INFO] Loading testing set.
[2024-05-28 22:00:31,775][CIFAR10][INFO] Extracting the validation set from the test set.
[2024-05-28 22:00:31,789][Node][INFO] Dataset instantiation complete.
[2024-05-28 22:00:31,923][DPSGDWithPeerSampler][INFO] Each proc uses 2 threads out of 32.
[2024-05-28 22:00:31,923][Node][DEBUG] Sending connection request to -1
[2024-05-28 22:00:31,923][TCP][DEBUG] Connecting to my neighbour: -1
[2024-05-28 22:00:31,924][TCP][DEBUG] 4 sent the message to -1.
[2024-05-28 22:00:31,924][TCP][DEBUG] Sent message size: 46
[2024-05-28 22:00:31,924][Node][DEBUG] Waiting HELLO from -1
[2024-05-28 22:00:32,014][Node][DEBUG] Received some message from -1 with CHANNEL: CONNECT
[2024-05-28 22:00:32,014][Node][DEBUG] Received HELLO from -1
[2024-05-28 22:00:32,015][DPSGDNode][INFO] Starting training iteration: 0
[2024-05-28 22:00:32,484][Training][DEBUG] Round: 1 loss: 2.523714542388916
[2024-05-28 22:00:32,494][Training][DEBUG] Round: 2 loss: 2.926091432571411
[2024-05-28 22:00:32,504][Training][DEBUG] Round: 3 loss: 2.907165765762329
[2024-05-28 22:00:32,504][DPSGDWithPeerSampler][DEBUG] Requesting neighbors from the peer sampler.
[2024-05-28 22:00:32,505][TCP][DEBUG] 4 sent the message to -1.
[2024-05-28 22:00:32,505][TCP][DEBUG] Sent message size: 79
[2024-05-28 22:00:32,511][Node][DEBUG] Received some message from -1 with CHANNEL: PEERS
[2024-05-28 22:00:32,511][DPSGDWithPeerSampler][DEBUG] Neighbors this round: set()
[2024-05-28 22:00:32,512][DPSGDNode][DEBUG] Connected to all neighbors
[2024-05-28 22:00:32,513][Sharing][DEBUG] Model sending this round: [-0.07373591  0.05270962 -0.03058717 ... -0.00475578  0.00634999
 -0.01125546]
[2024-05-28 22:00:32,513][DPSGDNode][DEBUG] Sent to all neighbors
[2024-05-28 22:00:32,513][DPSGDNode][DEBUG] Received from all
[2024-05-28 22:00:32,513][DPSGDNode][DEBUG] Averaging
[2024-05-28 22:00:32,514][DPSGDNode][DEBUG] Finished averaging
[2024-05-28 22:00:32,514][DPSGDNode][DEBUG] resetting optimizer
[2024-05-28 22:00:32,514][DPSGDNode][DEBUG] Finished resetting optimizer
[2024-05-28 22:00:32,515][DPSGDNode][INFO] Starting training iteration: 1
[2024-05-28 22:00:32,525][Training][DEBUG] Round: 1 loss: 1.9640916585922241
[2024-05-28 22:00:32,534][Training][DEBUG] Round: 2 loss: 2.360606849193573
[2024-05-28 22:00:32,544][Training][DEBUG] Round: 3 loss: 2.4883360465367637
[2024-05-28 22:00:32,544][DPSGDWithPeerSampler][DEBUG] Requesting neighbors from the peer sampler.
[2024-05-28 22:00:32,545][TCP][DEBUG] 4 sent the message to -1.
[2024-05-28 22:00:32,545][TCP][DEBUG] Sent message size: 79
[2024-05-28 22:00:32,545][Node][DEBUG] Received some message from -1 with CHANNEL: PEERS
[2024-05-28 22:00:32,545][DPSGDWithPeerSampler][DEBUG] Neighbors this round: {11}
[2024-05-28 22:00:32,546][Node][DEBUG] Sending connection request to 11
[2024-05-28 22:00:32,546][TCP][DEBUG] Connecting to my neighbour: 11
[2024-05-28 22:00:32,546][TCP][DEBUG] 4 sent the message to 11.
[2024-05-28 22:00:32,546][TCP][DEBUG] Sent message size: 46
[2024-05-28 22:00:32,546][Node][DEBUG] Waiting HELLO from 11
[2024-05-28 22:00:32,553][Node][DEBUG] Received some message from 11 with CHANNEL: CONNECT
[2024-05-28 22:00:32,553][Node][DEBUG] Received HELLO from 11
[2024-05-28 22:00:32,553][DPSGDNode][DEBUG] Connected to all neighbors
[2024-05-28 22:00:32,554][Sharing][DEBUG] Model sending this round: [-0.07336121  0.0528659  -0.03074878 ... -0.00338568  0.00706249
 -0.0103596 ]
[2024-05-28 22:00:32,555][TCP][DEBUG] 4 sent the message to 11.
[2024-05-28 22:00:32,555][TCP][DEBUG] Sent message size: 359554
[2024-05-28 22:00:32,555][DPSGDNode][DEBUG] Sent to all neighbors
[2024-05-28 22:00:32,555][Node][DEBUG] Received some message from 11 with CHANNEL: DPSGD
[2024-05-28 22:00:32,555][DPSGDNode][DEBUG] Received Model from 11 of iteration 1
[2024-05-28 22:00:32,555][DPSGDNode][DEBUG] Received from all
[2024-05-28 22:00:32,555][DPSGDNode][DEBUG] Averaging
[2024-05-28 22:00:32,556][Sharing][DEBUG] Averaging model from neighbor 11 of iteration 1
[2024-05-28 22:00:32,557][DPSGDNode][DEBUG] Finished averaging
[2024-05-28 22:00:32,557][DPSGDNode][DEBUG] resetting optimizer
[2024-05-28 22:00:32,557][DPSGDNode][DEBUG] Finished resetting optimizer
[2024-05-28 22:00:32,559][DPSGDNode][INFO] Starting training iteration: 2
[2024-05-28 22:00:32,569][Training][DEBUG] Round: 1 loss: 2.691995620727539
[2024-05-28 22:00:32,579][Training][DEBUG] Round: 2 loss: 2.599504590034485
[2024-05-28 22:00:32,588][Training][DEBUG] Round: 3 loss: 2.606980562210083
[2024-05-28 22:00:32,589][DPSGDWithPeerSampler][DEBUG] Requesting neighbors from the peer sampler.
[2024-05-28 22:00:32,589][TCP][DEBUG] 4 sent the message to -1.
[2024-05-28 22:00:32,589][TCP][DEBUG] Sent message size: 79
[2024-05-28 22:00:32,590][Node][DEBUG] Received some message from -1 with CHANNEL: PEERS
[2024-05-28 22:00:32,590][DPSGDWithPeerSampler][DEBUG] Neighbors this round: set()
[2024-05-28 22:00:32,591][DPSGDNode][DEBUG] Connected to all neighbors
[2024-05-28 22:00:32,591][Sharing][DEBUG] Model sending this round: [-0.07312174  0.05336644 -0.03030825 ... -0.00658066  0.00899963
 -0.01266782]
[2024-05-28 22:00:32,591][DPSGDNode][DEBUG] Sent to all neighbors
[2024-05-28 22:00:32,592][DPSGDNode][DEBUG] Received from all
[2024-05-28 22:00:32,592][DPSGDNode][DEBUG] Averaging
[2024-05-28 22:00:32,592][DPSGDNode][DEBUG] Finished averaging
[2024-05-28 22:00:32,592][DPSGDNode][DEBUG] resetting optimizer
[2024-05-28 22:00:32,592][DPSGDNode][DEBUG] Finished resetting optimizer
[2024-05-28 22:00:32,609][DPSGDNode][INFO] Starting training iteration: 3
[2024-05-28 22:00:32,619][Training][DEBUG] Round: 1 loss: 2.2837772369384766
[2024-05-28 22:00:32,629][Training][DEBUG] Round: 2 loss: 2.0900083780288696
[2024-05-28 22:00:32,638][Training][DEBUG] Round: 3 loss: 2.4104820092519126
[2024-05-28 22:00:32,638][DPSGDWithPeerSampler][DEBUG] Requesting neighbors from the peer sampler.
[2024-05-28 22:00:32,639][TCP][DEBUG] 4 sent the message to -1.
[2024-05-28 22:00:32,639][TCP][DEBUG] Sent message size: 79
[2024-05-28 22:00:32,639][Node][DEBUG] Received some message from 11 with CHANNEL: DPSGD
[2024-05-28 22:00:32,640][Node][DEBUG] Received some message from -1 with CHANNEL: PEERS
[2024-05-28 22:00:32,640][DPSGDWithPeerSampler][DEBUG] Neighbors this round: {11}
[2024-05-28 22:00:32,640][DPSGDNode][DEBUG] Connected to all neighbors
[2024-05-28 22:00:32,640][Sharing][DEBUG] Model sending this round: [-0.07334997  0.05309837 -0.03066858 ... -0.0061387   0.00538
 -0.01275189]
[2024-05-28 22:00:32,641][TCP][DEBUG] 4 sent the message to 11.
[2024-05-28 22:00:32,641][TCP][DEBUG] Sent message size: 359554
[2024-05-28 22:00:32,641][DPSGDNode][DEBUG] Sent to all neighbors
[2024-05-28 22:00:32,641][DPSGDNode][DEBUG] Received Model from 11 of iteration 3
[2024-05-28 22:00:32,641][DPSGDNode][DEBUG] Received from all
[2024-05-28 22:00:32,641][DPSGDNode][DEBUG] Averaging
[2024-05-28 22:00:32,642][Sharing][DEBUG] Averaging model from neighbor 11 of iteration 3
[2024-05-28 22:00:32,643][DPSGDNode][DEBUG] Finished averaging
[2024-05-28 22:00:32,643][DPSGDNode][DEBUG] resetting optimizer
[2024-05-28 22:00:32,643][DPSGDNode][DEBUG] Finished resetting optimizer
[2024-05-28 22:00:32,644][DPSGDNode][INFO] Starting training iteration: 4
[2024-05-28 22:00:32,654][Training][DEBUG] Round: 1 loss: 2.5720245838165283
[2024-05-28 22:00:32,663][Training][DEBUG] Round: 2 loss: 2.623695969581604
[2024-05-28 22:00:32,673][Training][DEBUG] Round: 3 loss: 2.4480064709981284
[2024-05-28 22:00:32,673][DPSGDWithPeerSampler][DEBUG] Requesting neighbors from the peer sampler.
[2024-05-28 22:00:32,673][TCP][DEBUG] 4 sent the message to -1.
[2024-05-28 22:00:32,673][TCP][DEBUG] Sent message size: 79
[2024-05-28 22:00:32,674][Node][DEBUG] Received some message from 2 with CHANNEL: CONNECT
[2024-05-28 22:00:32,674][Node][DEBUG] Received some message from -1 with CHANNEL: PEERS
[2024-05-28 22:00:32,674][DPSGDWithPeerSampler][DEBUG] Neighbors this round: {0, 2, 11}
[2024-05-28 22:00:32,674][Node][DEBUG] Sending connection request to 0
[2024-05-28 22:00:32,674][TCP][DEBUG] Connecting to my neighbour: 0
[2024-05-28 22:00:32,675][TCP][DEBUG] 4 sent the message to 0.
[2024-05-28 22:00:32,675][TCP][DEBUG] Sent message size: 46
[2024-05-28 22:00:32,675][Node][DEBUG] Sending connection request to 2
[2024-05-28 22:00:32,675][TCP][DEBUG] Connecting to my neighbour: 2
[2024-05-28 22:00:32,675][TCP][DEBUG] 4 sent the message to 2.
[2024-05-28 22:00:32,675][TCP][DEBUG] Sent message size: 46
[2024-05-28 22:00:32,676][Node][DEBUG] Waiting HELLO from 0
[2024-05-28 22:00:32,676][Node][DEBUG] Received HELLO from 2
[2024-05-28 22:00:32,676][Node][DEBUG] Waiting HELLO from 0
[2024-05-28 22:00:32,678][Node][DEBUG] Received some message from 0 with CHANNEL: CONNECT
[2024-05-28 22:00:32,678][Node][DEBUG] Received HELLO from 0
[2024-05-28 22:00:32,678][DPSGDNode][DEBUG] Connected to all neighbors
[2024-05-28 22:00:32,679][Sharing][DEBUG] Model sending this round: [-0.07257805  0.05377542 -0.02968075 ... -0.00505653  0.00574452
 -0.01276025]
[2024-05-28 22:00:32,679][TCP][DEBUG] 4 sent the message to 0.
[2024-05-28 22:00:32,679][TCP][DEBUG] Sent message size: 359554
[2024-05-28 22:00:32,680][TCP][DEBUG] 4 sent the message to 2.
[2024-05-28 22:00:32,680][TCP][DEBUG] Sent message size: 359554
[2024-05-28 22:00:32,680][TCP][DEBUG] 4 sent the message to 11.
[2024-05-28 22:00:32,680][TCP][DEBUG] Sent message size: 359554
[2024-05-28 22:00:32,680][DPSGDNode][DEBUG] Sent to all neighbors
[2024-05-28 22:00:32,681][Node][DEBUG] Received some message from 0 with CHANNEL: DPSGD
[2024-05-28 22:00:32,681][DPSGDNode][DEBUG] Received Model from 0 of iteration 4
[2024-05-28 22:00:32,686][Node][DEBUG] Received some message from 11 with CHANNEL: DPSGD
[2024-05-28 22:00:32,686][DPSGDNode][DEBUG] Received Model from 11 of iteration 4
[2024-05-28 22:00:32,687][Node][DEBUG] Received some message from 2 with CHANNEL: DPSGD
[2024-05-28 22:00:32,687][DPSGDNode][DEBUG] Received Model from 2 of iteration 4
[2024-05-28 22:00:32,687][DPSGDNode][DEBUG] Received from all
[2024-05-28 22:00:32,687][DPSGDNode][DEBUG] Averaging
[2024-05-28 22:00:32,687][Sharing][DEBUG] Averaging model from neighbor 0 of iteration 4
[2024-05-28 22:00:32,688][Sharing][DEBUG] Averaging model from neighbor 2 of iteration 4
[2024-05-28 22:00:32,688][Sharing][DEBUG] Averaging model from neighbor 11 of iteration 4
[2024-05-28 22:00:32,690][DPSGDNode][DEBUG] Finished averaging
[2024-05-28 22:00:32,690][DPSGDNode][DEBUG] resetting optimizer
[2024-05-28 22:00:32,690][DPSGDNode][DEBUG] Finished resetting optimizer
[2024-05-28 22:00:32,691][DPSGDNode][INFO] Starting training iteration: 5
[2024-05-28 22:00:32,702][Training][DEBUG] Round: 1 loss: 1.9258174896240234
[2024-05-28 22:00:32,711][Training][DEBUG] Round: 2 loss: 2.1969634294509888
[2024-05-28 22:00:32,721][Training][DEBUG] Round: 3 loss: 2.2439445654551187
[2024-05-28 22:00:32,721][DPSGDWithPeerSampler][DEBUG] Requesting neighbors from the peer sampler.
[2024-05-28 22:00:32,721][TCP][DEBUG] 4 sent the message to -1.
[2024-05-28 22:00:32,721][TCP][DEBUG] Sent message size: 79
[2024-05-28 22:00:32,721][Node][DEBUG] Received some message from 10 with CHANNEL: CONNECT
[2024-05-28 22:00:32,723][Node][DEBUG] Received some message from -1 with CHANNEL: PEERS
[2024-05-28 22:00:32,723][DPSGDWithPeerSampler][DEBUG] Neighbors this round: {10, 11}
[2024-05-28 22:00:32,723][Node][DEBUG] Sending connection request to 10
[2024-05-28 22:00:32,723][TCP][DEBUG] Connecting to my neighbour: 10
[2024-05-28 22:00:32,724][TCP][DEBUG] 4 sent the message to 10.
[2024-05-28 22:00:32,724][TCP][DEBUG] Sent message size: 46
[2024-05-28 22:00:32,724][Node][DEBUG] Waiting HELLO from 10
[2024-05-28 22:00:32,724][Node][DEBUG] Received HELLO from 10
[2024-05-28 22:00:32,724][DPSGDNode][DEBUG] Connected to all neighbors
[2024-05-28 22:00:32,725][Sharing][DEBUG] Model sending this round: [-0.07271543  0.05351757 -0.03024535 ... -0.00522563  0.0065813
 -0.01214363]
[2024-05-28 22:00:32,725][TCP][DEBUG] 4 sent the message to 10.
[2024-05-28 22:00:32,725][TCP][DEBUG] Sent message size: 359554
[2024-05-28 22:00:32,726][TCP][DEBUG] 4 sent the message to 11.
[2024-05-28 22:00:32,726][TCP][DEBUG] Sent message size: 359554
[2024-05-28 22:00:32,726][DPSGDNode][DEBUG] Sent to all neighbors
[2024-05-28 22:00:32,726][Node][DEBUG] Received some message from 11 with CHANNEL: DPSGD
[2024-05-28 22:00:32,726][DPSGDNode][DEBUG] Received Model from 11 of iteration 5
[2024-05-28 22:00:32,727][Node][DEBUG] Received some message from 10 with CHANNEL: DPSGD
[2024-05-28 22:00:32,727][DPSGDNode][DEBUG] Received Model from 10 of iteration 5
[2024-05-28 22:00:32,727][DPSGDNode][DEBUG] Received from all
[2024-05-28 22:00:32,727][DPSGDNode][DEBUG] Averaging
[2024-05-28 22:00:32,727][Sharing][DEBUG] Averaging model from neighbor 10 of iteration 5
[2024-05-28 22:00:32,728][Sharing][DEBUG] Averaging model from neighbor 11 of iteration 5
[2024-05-28 22:00:32,729][DPSGDNode][DEBUG] Finished averaging
[2024-05-28 22:00:32,729][DPSGDNode][DEBUG] resetting optimizer
[2024-05-28 22:00:32,729][DPSGDNode][DEBUG] Finished resetting optimizer
[2024-05-28 22:00:32,730][DPSGDNode][INFO] Starting training iteration: 6
[2024-05-28 22:00:32,740][Training][DEBUG] Round: 1 loss: 2.2616360187530518
[2024-05-28 22:00:32,750][Training][DEBUG] Round: 2 loss: 2.574716806411743
[2024-05-28 22:00:32,760][Training][DEBUG] Round: 3 loss: 2.6998045444488525
[2024-05-28 22:00:32,760][DPSGDWithPeerSampler][DEBUG] Requesting neighbors from the peer sampler.
[2024-05-28 22:00:32,760][TCP][DEBUG] 4 sent the message to -1.
[2024-05-28 22:00:32,760][TCP][DEBUG] Sent message size: 79
[2024-05-28 22:00:32,760][Node][DEBUG] Received some message from 9 with CHANNEL: CONNECT
[2024-05-28 22:00:32,762][Node][DEBUG] Received some message from -1 with CHANNEL: PEERS
[2024-05-28 22:00:32,762][DPSGDWithPeerSampler][DEBUG] Neighbors this round: {9, 2}
[2024-05-28 22:00:32,762][Node][DEBUG] Sending connection request to 9
[2024-05-28 22:00:32,762][TCP][DEBUG] Connecting to my neighbour: 9
[2024-05-28 22:00:32,762][TCP][DEBUG] 4 sent the message to 9.
[2024-05-28 22:00:32,762][TCP][DEBUG] Sent message size: 46
[2024-05-28 22:00:32,762][Node][DEBUG] Waiting HELLO from 9
[2024-05-28 22:00:32,763][Node][DEBUG] Received HELLO from 9
[2024-05-28 22:00:32,763][DPSGDNode][DEBUG] Connected to all neighbors
[2024-05-28 22:00:32,763][Sharing][DEBUG] Model sending this round: [-0.07333583  0.05243318 -0.03131077 ... -0.00390588  0.00565779
 -0.01100085]
[2024-05-28 22:00:32,764][TCP][DEBUG] 4 sent the message to 9.
[2024-05-28 22:00:32,764][TCP][DEBUG] Sent message size: 359554
[2024-05-28 22:00:32,764][TCP][DEBUG] 4 sent the message to 2.
[2024-05-28 22:00:32,765][TCP][DEBUG] Sent message size: 359554
[2024-05-28 22:00:32,765][DPSGDNode][DEBUG] Sent to all neighbors
[2024-05-28 22:00:32,765][Node][DEBUG] Received some message from 2 with CHANNEL: DPSGD
[2024-05-28 22:00:32,765][DPSGDNode][DEBUG] Received Model from 2 of iteration 6
[2024-05-28 22:00:32,765][Node][DEBUG] Received some message from 9 with CHANNEL: DPSGD
[2024-05-28 22:00:32,765][DPSGDNode][DEBUG] Received Model from 9 of iteration 6
[2024-05-28 22:00:32,765][DPSGDNode][DEBUG] Received from all
[2024-05-28 22:00:32,766][DPSGDNode][DEBUG] Averaging
[2024-05-28 22:00:32,766][Sharing][DEBUG] Averaging model from neighbor 9 of iteration 6
[2024-05-28 22:00:32,766][Sharing][DEBUG] Averaging model from neighbor 2 of iteration 6
[2024-05-28 22:00:32,767][DPSGDNode][DEBUG] Finished averaging
[2024-05-28 22:00:32,767][DPSGDNode][DEBUG] resetting optimizer
[2024-05-28 22:00:32,768][DPSGDNode][DEBUG] Finished resetting optimizer
[2024-05-28 22:00:32,769][DPSGDNode][INFO] Starting training iteration: 7
[2024-05-28 22:00:32,779][Training][DEBUG] Round: 1 loss: 2.551459789276123
[2024-05-28 22:00:32,788][Training][DEBUG] Round: 2 loss: 2.499652862548828
[2024-05-28 22:00:32,798][Training][DEBUG] Round: 3 loss: 2.489128271738688
[2024-05-28 22:00:32,799][DPSGDWithPeerSampler][DEBUG] Requesting neighbors from the peer sampler.
[2024-05-28 22:00:32,799][TCP][DEBUG] 4 sent the message to -1.
[2024-05-28 22:00:32,799][TCP][DEBUG] Sent message size: 79
[2024-05-28 22:00:32,801][Node][DEBUG] Received some message from 9 with CHANNEL: DPSGD
[2024-05-28 22:00:32,802][Node][DEBUG] Received some message from -1 with CHANNEL: PEERS
[2024-05-28 22:00:32,802][DPSGDWithPeerSampler][DEBUG] Neighbors this round: {9}
[2024-05-28 22:00:32,802][DPSGDNode][DEBUG] Connected to all neighbors
[2024-05-28 22:00:32,803][Sharing][DEBUG] Model sending this round: [-0.07300297  0.05302641 -0.03113612 ... -0.00580354  0.00589718
 -0.01152074]
[2024-05-28 22:00:32,803][TCP][DEBUG] 4 sent the message to 9.
[2024-05-28 22:00:32,803][TCP][DEBUG] Sent message size: 359554
[2024-05-28 22:00:32,803][DPSGDNode][DEBUG] Sent to all neighbors
[2024-05-28 22:00:32,803][DPSGDNode][DEBUG] Received Model from 9 of iteration 7
[2024-05-28 22:00:32,803][DPSGDNode][DEBUG] Received from all
[2024-05-28 22:00:32,804][DPSGDNode][DEBUG] Averaging
[2024-05-28 22:00:32,804][Sharing][DEBUG] Averaging model from neighbor 9 of iteration 7
[2024-05-28 22:00:32,805][DPSGDNode][DEBUG] Finished averaging
[2024-05-28 22:00:32,805][DPSGDNode][DEBUG] resetting optimizer
[2024-05-28 22:00:32,805][DPSGDNode][DEBUG] Finished resetting optimizer
[2024-05-28 22:00:32,806][DPSGDNode][INFO] Starting training iteration: 8
[2024-05-28 22:00:32,816][Training][DEBUG] Round: 1 loss: 2.1701526641845703
[2024-05-28 22:00:32,826][Training][DEBUG] Round: 2 loss: 2.334383249282837
[2024-05-28 22:00:32,836][Training][DEBUG] Round: 3 loss: 2.330256462097168
[2024-05-28 22:00:32,836][DPSGDWithPeerSampler][DEBUG] Requesting neighbors from the peer sampler.
[2024-05-28 22:00:32,836][TCP][DEBUG] 4 sent the message to -1.
[2024-05-28 22:00:32,836][TCP][DEBUG] Sent message size: 79
[2024-05-28 22:00:32,837][Node][DEBUG] Received some message from 2 with CHANNEL: DPSGD
[2024-05-28 22:00:32,838][Node][DEBUG] Received some message from -1 with CHANNEL: PEERS
[2024-05-28 22:00:32,838][DPSGDWithPeerSampler][DEBUG] Neighbors this round: {2}
[2024-05-28 22:00:32,838][DPSGDNode][DEBUG] Connected to all neighbors
[2024-05-28 22:00:32,838][Sharing][DEBUG] Model sending this round: [-0.07277838  0.05326418 -0.03123253 ... -0.00484342  0.0066461
 -0.01053464]
[2024-05-28 22:00:32,839][TCP][DEBUG] 4 sent the message to 2.
[2024-05-28 22:00:32,839][TCP][DEBUG] Sent message size: 359554
[2024-05-28 22:00:32,839][DPSGDNode][DEBUG] Sent to all neighbors
[2024-05-28 22:00:32,839][DPSGDNode][DEBUG] Received Model from 2 of iteration 8
[2024-05-28 22:00:32,839][DPSGDNode][DEBUG] Received from all
[2024-05-28 22:00:32,839][DPSGDNode][DEBUG] Averaging
[2024-05-28 22:00:32,840][Sharing][DEBUG] Averaging model from neighbor 2 of iteration 8
[2024-05-28 22:00:32,841][DPSGDNode][DEBUG] Finished averaging
[2024-05-28 22:00:32,841][DPSGDNode][DEBUG] resetting optimizer
[2024-05-28 22:00:32,841][DPSGDNode][DEBUG] Finished resetting optimizer
[2024-05-28 22:00:32,871][DPSGDNode][INFO] Starting training iteration: 9
[2024-05-28 22:00:32,881][Training][DEBUG] Round: 1 loss: 2.477438449859619
[2024-05-28 22:00:32,891][Training][DEBUG] Round: 2 loss: 2.1344780325889587
[2024-05-28 22:00:32,901][Training][DEBUG] Round: 3 loss: 2.1023483673731485
[2024-05-28 22:00:32,901][DPSGDWithPeerSampler][DEBUG] Requesting neighbors from the peer sampler.
[2024-05-28 22:00:32,901][TCP][DEBUG] 4 sent the message to -1.
[2024-05-28 22:00:32,901][TCP][DEBUG] Sent message size: 79
[2024-05-28 22:00:32,902][Node][DEBUG] Received some message from -1 with CHANNEL: PEERS
[2024-05-28 22:00:32,902][DPSGDWithPeerSampler][DEBUG] Neighbors this round: set()
[2024-05-28 22:00:32,903][DPSGDNode][DEBUG] Connected to all neighbors
[2024-05-28 22:00:32,903][Sharing][DEBUG] Model sending this round: [-0.07275157  0.05369258 -0.03021424 ... -0.00398778  0.00659302
 -0.01135216]
[2024-05-28 22:00:32,903][DPSGDNode][DEBUG] Sent to all neighbors
[2024-05-28 22:00:32,904][DPSGDNode][DEBUG] Received from all
[2024-05-28 22:00:32,904][DPSGDNode][DEBUG] Averaging
[2024-05-28 22:00:32,904][DPSGDNode][DEBUG] Finished averaging
[2024-05-28 22:00:32,904][DPSGDNode][DEBUG] resetting optimizer
[2024-05-28 22:00:32,904][DPSGDNode][DEBUG] Finished resetting optimizer
[2024-05-28 22:00:32,907][DPSGDNode][INFO] Starting training iteration: 10
[2024-05-28 22:00:32,917][Training][DEBUG] Round: 1 loss: 2.8856587409973145
[2024-05-28 22:00:32,927][Training][DEBUG] Round: 2 loss: 2.5519343614578247
[2024-05-28 22:00:32,936][Training][DEBUG] Round: 3 loss: 2.4157277743021646
[2024-05-28 22:00:32,937][DPSGDWithPeerSampler][DEBUG] Requesting neighbors from the peer sampler.
[2024-05-28 22:00:32,937][TCP][DEBUG] 4 sent the message to -1.
[2024-05-28 22:00:32,937][TCP][DEBUG] Sent message size: 79
[2024-05-28 22:00:32,938][Node][DEBUG] Received some message from -1 with CHANNEL: PEERS
[2024-05-28 22:00:32,938][DPSGDWithPeerSampler][DEBUG] Neighbors this round: set()
[2024-05-28 22:00:32,938][DPSGDNode][DEBUG] Connected to all neighbors
[2024-05-28 22:00:32,939][Sharing][DEBUG] Model sending this round: [-0.07223044  0.05403971 -0.0298623  ... -0.00698123  0.00687691
 -0.01181834]
[2024-05-28 22:00:32,939][DPSGDNode][DEBUG] Sent to all neighbors
[2024-05-28 22:00:32,939][DPSGDNode][DEBUG] Received from all
[2024-05-28 22:00:32,940][DPSGDNode][DEBUG] Averaging
[2024-05-28 22:00:32,940][DPSGDNode][DEBUG] Finished averaging
[2024-05-28 22:00:32,940][DPSGDNode][DEBUG] resetting optimizer
[2024-05-28 22:00:32,940][DPSGDNode][DEBUG] Finished resetting optimizer
[2024-05-28 22:00:32,942][DPSGDNode][INFO] Starting training iteration: 11
[2024-05-28 22:00:32,951][Training][DEBUG] Round: 1 loss: 2.058100461959839
[2024-05-28 22:00:32,961][Training][DEBUG] Round: 2 loss: 2.0612921714782715
[2024-05-28 22:00:32,971][Training][DEBUG] Round: 3 loss: 2.056492249170939
[2024-05-28 22:00:32,971][DPSGDWithPeerSampler][DEBUG] Requesting neighbors from the peer sampler.
[2024-05-28 22:00:32,971][TCP][DEBUG] 4 sent the message to -1.
[2024-05-28 22:00:32,972][TCP][DEBUG] Sent message size: 79
[2024-05-28 22:00:32,973][Node][DEBUG] Received some message from -1 with CHANNEL: PEERS
[2024-05-28 22:00:32,973][DPSGDWithPeerSampler][DEBUG] Neighbors this round: set()
[2024-05-28 22:00:32,973][DPSGDNode][DEBUG] Connected to all neighbors
[2024-05-28 22:00:32,973][Sharing][DEBUG] Model sending this round: [-0.07214841  0.05415414 -0.02977795 ... -0.00580867  0.00523845
 -0.01124173]
[2024-05-28 22:00:32,974][DPSGDNode][DEBUG] Sent to all neighbors
[2024-05-28 22:00:32,974][DPSGDNode][DEBUG] Received from all
[2024-05-28 22:00:32,974][DPSGDNode][DEBUG] Averaging
[2024-05-28 22:00:32,974][DPSGDNode][DEBUG] Finished averaging
[2024-05-28 22:00:32,974][DPSGDNode][DEBUG] resetting optimizer
[2024-05-28 22:00:32,975][DPSGDNode][DEBUG] Finished resetting optimizer
[2024-05-28 22:00:32,976][DPSGDNode][INFO] Starting training iteration: 12
[2024-05-28 22:00:32,986][Training][DEBUG] Round: 1 loss: 2.5554683208465576
[2024-05-28 22:00:32,995][Training][DEBUG] Round: 2 loss: 2.4134100675582886
[2024-05-28 22:00:33,005][Training][DEBUG] Round: 3 loss: 2.3182210127512612
[2024-05-28 22:00:33,006][DPSGDWithPeerSampler][DEBUG] Requesting neighbors from the peer sampler.
[2024-05-28 22:00:33,006][TCP][DEBUG] 4 sent the message to -1.
[2024-05-28 22:00:33,006][TCP][DEBUG] Sent message size: 79
[2024-05-28 22:00:33,006][Node][DEBUG] Received some message from 6 with CHANNEL: CONNECT
[2024-05-28 22:00:33,007][Node][DEBUG] Received some message from -1 with CHANNEL: PEERS
[2024-05-28 22:00:33,007][DPSGDWithPeerSampler][DEBUG] Neighbors this round: {6}
[2024-05-28 22:00:33,007][Node][DEBUG] Sending connection request to 6
[2024-05-28 22:00:33,007][TCP][DEBUG] Connecting to my neighbour: 6
[2024-05-28 22:00:33,007][TCP][DEBUG] 4 sent the message to 6.
[2024-05-28 22:00:33,008][TCP][DEBUG] Sent message size: 46
[2024-05-28 22:00:33,008][Node][DEBUG] Waiting HELLO from 6
[2024-05-28 22:00:33,008][Node][DEBUG] Received HELLO from 6
[2024-05-28 22:00:33,008][DPSGDNode][DEBUG] Connected to all neighbors
[2024-05-28 22:00:33,008][Sharing][DEBUG] Model sending this round: [-0.07197542  0.0541953  -0.02961556 ... -0.0053325   0.00849518
 -0.01355787]
[2024-05-28 22:00:33,009][TCP][DEBUG] 4 sent the message to 6.
[2024-05-28 22:00:33,009][TCP][DEBUG] Sent message size: 359554
[2024-05-28 22:00:33,009][DPSGDNode][DEBUG] Sent to all neighbors
[2024-05-28 22:00:33,010][Node][DEBUG] Received some message from 6 with CHANNEL: DPSGD
[2024-05-28 22:00:33,010][DPSGDNode][DEBUG] Received Model from 6 of iteration 12
[2024-05-28 22:00:33,010][DPSGDNode][DEBUG] Received from all
[2024-05-28 22:00:33,010][DPSGDNode][DEBUG] Averaging
[2024-05-28 22:00:33,010][Sharing][DEBUG] Averaging model from neighbor 6 of iteration 12
[2024-05-28 22:00:33,013][DPSGDNode][DEBUG] Finished averaging
[2024-05-28 22:00:33,014][DPSGDNode][DEBUG] resetting optimizer
[2024-05-28 22:00:33,014][DPSGDNode][DEBUG] Finished resetting optimizer
[2024-05-28 22:00:33,019][DPSGDNode][INFO] Starting training iteration: 13
[2024-05-28 22:00:33,031][Training][DEBUG] Round: 1 loss: 1.8170984983444214
[2024-05-28 22:00:33,040][Training][DEBUG] Round: 2 loss: 2.284610331058502
[2024-05-28 22:00:33,050][Training][DEBUG] Round: 3 loss: 2.086207628250122
[2024-05-28 22:00:33,050][DPSGDWithPeerSampler][DEBUG] Requesting neighbors from the peer sampler.
[2024-05-28 22:00:33,051][TCP][DEBUG] 4 sent the message to -1.
[2024-05-28 22:00:33,051][TCP][DEBUG] Sent message size: 79
[2024-05-28 22:00:33,051][Node][DEBUG] Received some message from 6 with CHANNEL: DPSGD
[2024-05-28 22:00:33,051][Node][DEBUG] Received some message from 5 with CHANNEL: CONNECT
[2024-05-28 22:00:33,052][Node][DEBUG] Received some message from -1 with CHANNEL: PEERS
[2024-05-28 22:00:33,052][DPSGDWithPeerSampler][DEBUG] Neighbors this round: {5, 6}
[2024-05-28 22:00:33,052][Node][DEBUG] Sending connection request to 5
[2024-05-28 22:00:33,052][TCP][DEBUG] Connecting to my neighbour: 5
[2024-05-28 22:00:33,052][TCP][DEBUG] 4 sent the message to 5.
[2024-05-28 22:00:33,053][TCP][DEBUG] Sent message size: 46
[2024-05-28 22:00:33,053][Node][DEBUG] Waiting HELLO from 5
[2024-05-28 22:00:33,053][Node][DEBUG] Received HELLO from 5
[2024-05-28 22:00:33,053][DPSGDNode][DEBUG] Connected to all neighbors
[2024-05-28 22:00:33,054][Sharing][DEBUG] Model sending this round: [-0.07217564  0.05418633 -0.02991126 ... -0.00476176  0.00849796
 -0.01446084]
[2024-05-28 22:00:33,054][TCP][DEBUG] 4 sent the message to 5.
[2024-05-28 22:00:33,054][TCP][DEBUG] Sent message size: 359554
[2024-05-28 22:00:33,055][TCP][DEBUG] 4 sent the message to 6.
[2024-05-28 22:00:33,055][TCP][DEBUG] Sent message size: 359554
[2024-05-28 22:00:33,055][DPSGDNode][DEBUG] Sent to all neighbors
[2024-05-28 22:00:33,055][DPSGDNode][DEBUG] Received Model from 6 of iteration 13
[2024-05-28 22:00:33,055][Node][DEBUG] Received some message from 5 with CHANNEL: DPSGD
[2024-05-28 22:00:33,055][DPSGDNode][DEBUG] Received Model from 5 of iteration 13
[2024-05-28 22:00:33,056][DPSGDNode][DEBUG] Received from all
[2024-05-28 22:00:33,056][DPSGDNode][DEBUG] Averaging
[2024-05-28 22:00:33,056][Sharing][DEBUG] Averaging model from neighbor 5 of iteration 13
[2024-05-28 22:00:33,056][Sharing][DEBUG] Averaging model from neighbor 6 of iteration 13
[2024-05-28 22:00:33,058][DPSGDNode][DEBUG] Finished averaging
[2024-05-28 22:00:33,058][DPSGDNode][DEBUG] resetting optimizer
[2024-05-28 22:00:33,058][DPSGDNode][DEBUG] Finished resetting optimizer
[2024-05-28 22:00:33,059][DPSGDNode][INFO] Starting training iteration: 14
[2024-05-28 22:00:33,069][Training][DEBUG] Round: 1 loss: 2.3855299949645996
[2024-05-28 22:00:33,079][Training][DEBUG] Round: 2 loss: 2.3808618783950806
[2024-05-28 22:00:33,089][Training][DEBUG] Round: 3 loss: 2.4035696983337402
[2024-05-28 22:00:33,089][DPSGDWithPeerSampler][DEBUG] Requesting neighbors from the peer sampler.
[2024-05-28 22:00:33,089][TCP][DEBUG] 4 sent the message to -1.
[2024-05-28 22:00:33,089][TCP][DEBUG] Sent message size: 79
[2024-05-28 22:00:33,091][Node][DEBUG] Received some message from -1 with CHANNEL: PEERS
[2024-05-28 22:00:33,091][DPSGDWithPeerSampler][DEBUG] Neighbors this round: {6}
[2024-05-28 22:00:33,091][DPSGDNode][DEBUG] Connected to all neighbors
[2024-05-28 22:00:33,092][Sharing][DEBUG] Model sending this round: [-0.07243478  0.05357503 -0.03054008 ... -0.00621931  0.00765319
 -0.01275984]
[2024-05-28 22:00:33,092][TCP][DEBUG] 4 sent the message to 6.
[2024-05-28 22:00:33,092][TCP][DEBUG] Sent message size: 359554
[2024-05-28 22:00:33,093][DPSGDNode][DEBUG] Sent to all neighbors
[2024-05-28 22:00:33,093][Node][DEBUG] Received some message from 6 with CHANNEL: DPSGD
[2024-05-28 22:00:33,093][DPSGDNode][DEBUG] Received Model from 6 of iteration 14
[2024-05-28 22:00:33,093][DPSGDNode][DEBUG] Received from all
[2024-05-28 22:00:33,093][DPSGDNode][DEBUG] Averaging
[2024-05-28 22:00:33,093][Sharing][DEBUG] Averaging model from neighbor 6 of iteration 14
[2024-05-28 22:00:33,094][DPSGDNode][DEBUG] Finished averaging
[2024-05-28 22:00:33,095][DPSGDNode][DEBUG] resetting optimizer
[2024-05-28 22:00:33,095][DPSGDNode][DEBUG] Finished resetting optimizer
[2024-05-28 22:00:33,096][DPSGDNode][INFO] Starting training iteration: 15
[2024-05-28 22:00:33,106][Training][DEBUG] Round: 1 loss: 2.3961639404296875
[2024-05-28 22:00:33,116][Training][DEBUG] Round: 2 loss: 2.3075907230377197
[2024-05-28 22:00:33,125][Training][DEBUG] Round: 3 loss: 2.107063968976339
[2024-05-28 22:00:33,126][DPSGDWithPeerSampler][DEBUG] Requesting neighbors from the peer sampler.
[2024-05-28 22:00:33,126][TCP][DEBUG] 4 sent the message to -1.
[2024-05-28 22:00:33,126][TCP][DEBUG] Sent message size: 79
[2024-05-28 22:00:33,128][Node][DEBUG] Received some message from -1 with CHANNEL: PEERS
[2024-05-28 22:00:33,128][DPSGDWithPeerSampler][DEBUG] Neighbors this round: set()
[2024-05-28 22:00:33,128][DPSGDNode][DEBUG] Connected to all neighbors
[2024-05-28 22:00:33,129][Sharing][DEBUG] Model sending this round: [-0.07215115  0.05413308 -0.02962499 ... -0.00481571  0.00905402
 -0.0129722 ]
[2024-05-28 22:00:33,129][DPSGDNode][DEBUG] Sent to all neighbors
[2024-05-28 22:00:33,129][DPSGDNode][DEBUG] Received from all
[2024-05-28 22:00:33,129][DPSGDNode][DEBUG] Averaging
[2024-05-28 22:00:33,130][DPSGDNode][DEBUG] Finished averaging
[2024-05-28 22:00:33,130][DPSGDNode][DEBUG] resetting optimizer
[2024-05-28 22:00:33,130][DPSGDNode][DEBUG] Finished resetting optimizer
[2024-05-28 22:00:33,131][DPSGDNode][INFO] Starting training iteration: 16
[2024-05-28 22:00:33,142][Training][DEBUG] Round: 1 loss: 2.150007963180542
[2024-05-28 22:00:33,151][Training][DEBUG] Round: 2 loss: 2.341774344444275
[2024-05-28 22:00:33,161][Training][DEBUG] Round: 3 loss: 2.192278424898783
[2024-05-28 22:00:33,161][DPSGDWithPeerSampler][DEBUG] Requesting neighbors from the peer sampler.
[2024-05-28 22:00:33,161][TCP][DEBUG] 4 sent the message to -1.
[2024-05-28 22:00:33,161][TCP][DEBUG] Sent message size: 79
[2024-05-28 22:00:33,163][Node][DEBUG] Received some message from -1 with CHANNEL: PEERS
[2024-05-28 22:00:33,163][DPSGDWithPeerSampler][DEBUG] Neighbors this round: set()
[2024-05-28 22:00:33,164][DPSGDNode][DEBUG] Connected to all neighbors
[2024-05-28 22:00:33,164][Sharing][DEBUG] Model sending this round: [-0.07227903  0.05393079 -0.02981688 ... -0.00571052  0.00810227
 -0.01138657]
[2024-05-28 22:00:33,164][DPSGDNode][DEBUG] Sent to all neighbors
[2024-05-28 22:00:33,165][DPSGDNode][DEBUG] Received from all
[2024-05-28 22:00:33,165][DPSGDNode][DEBUG] Averaging
[2024-05-28 22:00:33,165][DPSGDNode][DEBUG] Finished averaging
[2024-05-28 22:00:33,165][DPSGDNode][DEBUG] resetting optimizer
[2024-05-28 22:00:33,165][DPSGDNode][DEBUG] Finished resetting optimizer
[2024-05-28 22:00:33,206][DPSGDNode][INFO] Starting training iteration: 17
[2024-05-28 22:00:33,216][Training][DEBUG] Round: 1 loss: 2.297664165496826
[2024-05-28 22:00:33,225][Training][DEBUG] Round: 2 loss: 2.0410101413726807
[2024-05-28 22:00:33,234][Training][DEBUG] Round: 3 loss: 2.1429827213287354
[2024-05-28 22:00:33,244][DPSGDWithPeerSampler][DEBUG] Requesting neighbors from the peer sampler.
[2024-05-28 22:00:33,247][TCP][DEBUG] 4 sent the message to -1.
[2024-05-28 22:00:33,249][TCP][DEBUG] Sent message size: 79
[2024-05-28 22:00:33,249][Node][DEBUG] Received some message from -1 with CHANNEL: PEERS
[2024-05-28 22:00:33,250][DPSGDWithPeerSampler][DEBUG] Neighbors this round: {1}
[2024-05-28 22:00:33,250][Node][DEBUG] Sending connection request to 1
[2024-05-28 22:00:33,250][TCP][DEBUG] Connecting to my neighbour: 1
[2024-05-28 22:00:33,250][TCP][DEBUG] 4 sent the message to 1.
[2024-05-28 22:00:33,250][TCP][DEBUG] Sent message size: 46
[2024-05-28 22:00:33,250][Node][DEBUG] Waiting HELLO from 1
[2024-05-28 22:00:33,251][Node][DEBUG] Received some message from 1 with CHANNEL: CONNECT
[2024-05-28 22:00:33,251][Node][DEBUG] Received HELLO from 1
[2024-05-28 22:00:33,251][DPSGDNode][DEBUG] Connected to all neighbors
[2024-05-28 22:00:33,260][Sharing][DEBUG] Model sending this round: [-0.07210553  0.05403873 -0.02971697 ... -0.00213179  0.00886748
 -0.01187172]
[2024-05-28 22:00:33,260][TCP][DEBUG] 4 sent the message to 1.
[2024-05-28 22:00:33,261][TCP][DEBUG] Sent message size: 359554
[2024-05-28 22:00:33,261][DPSGDNode][DEBUG] Sent to all neighbors
[2024-05-28 22:00:33,262][Node][DEBUG] Received some message from 1 with CHANNEL: DPSGD
[2024-05-28 22:00:33,262][DPSGDNode][DEBUG] Received Model from 1 of iteration 17
[2024-05-28 22:00:33,263][DPSGDNode][DEBUG] Received from all
[2024-05-28 22:00:33,263][DPSGDNode][DEBUG] Averaging
[2024-05-28 22:00:33,263][Sharing][DEBUG] Averaging model from neighbor 1 of iteration 17
[2024-05-28 22:00:33,265][DPSGDNode][DEBUG] Finished averaging
[2024-05-28 22:00:33,265][DPSGDNode][DEBUG] resetting optimizer
[2024-05-28 22:00:33,265][DPSGDNode][DEBUG] Finished resetting optimizer
[2024-05-28 22:00:33,267][DPSGDNode][INFO] Starting training iteration: 18
[2024-05-28 22:00:33,280][Training][DEBUG] Round: 1 loss: 2.1779181957244873
[2024-05-28 22:00:33,291][Training][DEBUG] Round: 2 loss: 2.355371594429016
[2024-05-28 22:00:33,301][Training][DEBUG] Round: 3 loss: 2.192389965057373
[2024-05-28 22:00:33,302][DPSGDWithPeerSampler][DEBUG] Requesting neighbors from the peer sampler.
[2024-05-28 22:00:33,302][TCP][DEBUG] 4 sent the message to -1.
[2024-05-28 22:00:33,302][TCP][DEBUG] Sent message size: 79
[2024-05-28 22:00:33,303][Node][DEBUG] Received some message from -1 with CHANNEL: PEERS
[2024-05-28 22:00:33,303][DPSGDWithPeerSampler][DEBUG] Neighbors this round: set()
[2024-05-28 22:00:33,303][DPSGDNode][DEBUG] Connected to all neighbors
[2024-05-28 22:00:33,304][Sharing][DEBUG] Model sending this round: [-0.07172682  0.05437332 -0.02942116 ... -0.00423199  0.00777689
 -0.0130549 ]
[2024-05-28 22:00:33,304][DPSGDNode][DEBUG] Sent to all neighbors
[2024-05-28 22:00:33,304][DPSGDNode][DEBUG] Received from all
[2024-05-28 22:00:33,304][DPSGDNode][DEBUG] Averaging
[2024-05-28 22:00:33,305][DPSGDNode][DEBUG] Finished averaging
[2024-05-28 22:00:33,305][DPSGDNode][DEBUG] resetting optimizer
[2024-05-28 22:00:33,305][DPSGDNode][DEBUG] Finished resetting optimizer
[2024-05-28 22:00:33,306][DPSGDNode][INFO] Starting training iteration: 19
[2024-05-28 22:00:33,317][Training][DEBUG] Round: 1 loss: 2.476754665374756
[2024-05-28 22:00:33,328][Training][DEBUG] Round: 2 loss: 2.2917320728302
[2024-05-28 22:00:33,338][Training][DEBUG] Round: 3 loss: 2.2426517804463706
[2024-05-28 22:00:33,338][DPSGDWithPeerSampler][DEBUG] Requesting neighbors from the peer sampler.
[2024-05-28 22:00:33,338][TCP][DEBUG] 4 sent the message to -1.
[2024-05-28 22:00:33,339][TCP][DEBUG] Sent message size: 79
[2024-05-28 22:00:33,339][Node][DEBUG] Received some message from -1 with CHANNEL: PEERS
[2024-05-28 22:00:33,340][DPSGDWithPeerSampler][DEBUG] Neighbors this round: set()
[2024-05-28 22:00:33,340][DPSGDNode][DEBUG] Connected to all neighbors
[2024-05-28 22:00:33,340][Sharing][DEBUG] Model sending this round: [-0.07174946  0.05426465 -0.02957095 ... -0.00587627  0.00779134
 -0.01336504]
[2024-05-28 22:00:33,341][DPSGDNode][DEBUG] Sent to all neighbors
[2024-05-28 22:00:33,341][DPSGDNode][DEBUG] Received from all
[2024-05-28 22:00:33,341][DPSGDNode][DEBUG] Averaging
[2024-05-28 22:00:33,341][DPSGDNode][DEBUG] Finished averaging
[2024-05-28 22:00:33,341][DPSGDNode][DEBUG] resetting optimizer
[2024-05-28 22:00:33,342][DPSGDNode][DEBUG] Finished resetting optimizer
[2024-05-28 22:00:33,342][DPSGDNode][INFO] Evaluating on train set.
