[2024-05-28 22:00:19,925][DPSGDNode][DEBUG] Rank: 5
[2024-05-28 22:00:19,926][DPSGDNode][DEBUG] type(graph): <class 'int'>
[2024-05-28 22:00:19,926][DPSGDNode][DEBUG] type(mapping): <class 'decentralizepy.mappings.Linear.Linear'>
[2024-05-28 22:00:29,467][CIFAR10][INFO] Loading training set.
[2024-05-28 22:00:31,118][CIFAR10][DEBUG] Size fractions: [0.08332, 0.08332, 0.08332, 0.08332, 0.08332, 0.08332, 0.08332, 0.08332, 0.08332, 0.08332, 0.08332, 0.08347999999999994]
[2024-05-28 22:00:31,147][CIFAR10][INFO] Loading testing set.
[2024-05-28 22:00:31,952][CIFAR10][INFO] Extracting the validation set from the test set.
[2024-05-28 22:00:31,953][Node][INFO] Dataset instantiation complete.
[2024-05-28 22:00:31,988][DPSGDWithPeerSampler][INFO] Each proc uses 2 threads out of 32.
[2024-05-28 22:00:31,988][Node][DEBUG] Sending connection request to -1
[2024-05-28 22:00:31,988][TCP][DEBUG] Connecting to my neighbour: -1
[2024-05-28 22:00:31,989][TCP][DEBUG] 5 sent the message to -1.
[2024-05-28 22:00:31,989][TCP][DEBUG] Sent message size: 46
[2024-05-28 22:00:31,989][Node][DEBUG] Waiting HELLO from -1
[2024-05-28 22:00:32,026][Node][DEBUG] Received some message from -1 with CHANNEL: CONNECT
[2024-05-28 22:00:32,026][Node][DEBUG] Received HELLO from -1
[2024-05-28 22:00:32,026][DPSGDNode][INFO] Starting training iteration: 0
[2024-05-28 22:00:32,491][Training][DEBUG] Round: 1 loss: 2.350454092025757
[2024-05-28 22:00:32,505][Training][DEBUG] Round: 2 loss: 2.6913121938705444
[2024-05-28 22:00:32,515][Training][DEBUG] Round: 3 loss: 2.928590695063273
[2024-05-28 22:00:32,516][DPSGDWithPeerSampler][DEBUG] Requesting neighbors from the peer sampler.
[2024-05-28 22:00:32,516][TCP][DEBUG] 5 sent the message to -1.
[2024-05-28 22:00:32,516][TCP][DEBUG] Sent message size: 79
[2024-05-28 22:00:32,518][Node][DEBUG] Received some message from -1 with CHANNEL: PEERS
[2024-05-28 22:00:32,518][DPSGDWithPeerSampler][DEBUG] Neighbors this round: set()
[2024-05-28 22:00:32,518][DPSGDNode][DEBUG] Connected to all neighbors
[2024-05-28 22:00:32,519][Sharing][DEBUG] Model sending this round: [-0.07359439  0.05186281 -0.03207887 ... -0.00449419  0.0080326
 -0.01123159]
[2024-05-28 22:00:32,519][DPSGDNode][DEBUG] Sent to all neighbors
[2024-05-28 22:00:32,519][DPSGDNode][DEBUG] Received from all
[2024-05-28 22:00:32,520][DPSGDNode][DEBUG] Averaging
[2024-05-28 22:00:32,520][DPSGDNode][DEBUG] Finished averaging
[2024-05-28 22:00:32,520][DPSGDNode][DEBUG] resetting optimizer
[2024-05-28 22:00:32,520][DPSGDNode][DEBUG] Finished resetting optimizer
[2024-05-28 22:00:32,521][DPSGDNode][INFO] Starting training iteration: 1
[2024-05-28 22:00:32,532][Training][DEBUG] Round: 1 loss: 1.9711060523986816
[2024-05-28 22:00:32,543][Training][DEBUG] Round: 2 loss: 2.609318733215332
[2024-05-28 22:00:32,553][Training][DEBUG] Round: 3 loss: 2.9505069255828857
[2024-05-28 22:00:32,553][DPSGDWithPeerSampler][DEBUG] Requesting neighbors from the peer sampler.
[2024-05-28 22:00:32,554][TCP][DEBUG] 5 sent the message to -1.
[2024-05-28 22:00:32,554][TCP][DEBUG] Sent message size: 79
[2024-05-28 22:00:32,555][Node][DEBUG] Received some message from -1 with CHANNEL: PEERS
[2024-05-28 22:00:32,555][DPSGDWithPeerSampler][DEBUG] Neighbors this round: {1}
[2024-05-28 22:00:32,555][Node][DEBUG] Sending connection request to 1
[2024-05-28 22:00:32,555][TCP][DEBUG] Connecting to my neighbour: 1
[2024-05-28 22:00:32,556][TCP][DEBUG] 5 sent the message to 1.
[2024-05-28 22:00:32,556][TCP][DEBUG] Sent message size: 46
[2024-05-28 22:00:32,556][Node][DEBUG] Waiting HELLO from 1
[2024-05-28 22:00:32,556][Node][DEBUG] Received some message from 1 with CHANNEL: CONNECT
[2024-05-28 22:00:32,556][Node][DEBUG] Received HELLO from 1
[2024-05-28 22:00:32,556][DPSGDNode][DEBUG] Connected to all neighbors
[2024-05-28 22:00:32,557][Sharing][DEBUG] Model sending this round: [-0.07413841  0.05108644 -0.03276033 ... -0.00391198  0.00901456
 -0.01484261]
[2024-05-28 22:00:32,558][TCP][DEBUG] 5 sent the message to 1.
[2024-05-28 22:00:32,558][TCP][DEBUG] Sent message size: 359554
[2024-05-28 22:00:32,558][DPSGDNode][DEBUG] Sent to all neighbors
[2024-05-28 22:00:32,558][Node][DEBUG] Received some message from 1 with CHANNEL: DPSGD
[2024-05-28 22:00:32,558][DPSGDNode][DEBUG] Received Model from 1 of iteration 1
[2024-05-28 22:00:32,558][DPSGDNode][DEBUG] Received from all
[2024-05-28 22:00:32,558][DPSGDNode][DEBUG] Averaging
[2024-05-28 22:00:32,559][Sharing][DEBUG] Averaging model from neighbor 1 of iteration 1
[2024-05-28 22:00:32,560][DPSGDNode][DEBUG] Finished averaging
[2024-05-28 22:00:32,560][DPSGDNode][DEBUG] resetting optimizer
[2024-05-28 22:00:32,560][DPSGDNode][DEBUG] Finished resetting optimizer
[2024-05-28 22:00:32,561][DPSGDNode][INFO] Starting training iteration: 2
[2024-05-28 22:00:32,572][Training][DEBUG] Round: 1 loss: 2.3548779487609863
[2024-05-28 22:00:32,583][Training][DEBUG] Round: 2 loss: 2.4419078826904297
[2024-05-28 22:00:32,593][Training][DEBUG] Round: 3 loss: 2.5750576655069985
[2024-05-28 22:00:32,593][DPSGDWithPeerSampler][DEBUG] Requesting neighbors from the peer sampler.
[2024-05-28 22:00:32,593][TCP][DEBUG] 5 sent the message to -1.
[2024-05-28 22:00:32,594][TCP][DEBUG] Sent message size: 79
[2024-05-28 22:00:32,594][Node][DEBUG] Received some message from -1 with CHANNEL: PEERS
[2024-05-28 22:00:32,594][DPSGDWithPeerSampler][DEBUG] Neighbors this round: set()
[2024-05-28 22:00:32,594][DPSGDNode][DEBUG] Connected to all neighbors
[2024-05-28 22:00:32,595][Sharing][DEBUG] Model sending this round: [-0.07322389  0.05238119 -0.03133614 ... -0.00394793  0.00731422
 -0.01201127]
[2024-05-28 22:00:32,595][DPSGDNode][DEBUG] Sent to all neighbors
[2024-05-28 22:00:32,595][DPSGDNode][DEBUG] Received from all
[2024-05-28 22:00:32,595][DPSGDNode][DEBUG] Averaging
[2024-05-28 22:00:32,596][DPSGDNode][DEBUG] Finished averaging
[2024-05-28 22:00:32,596][DPSGDNode][DEBUG] resetting optimizer
[2024-05-28 22:00:32,596][DPSGDNode][DEBUG] Finished resetting optimizer
[2024-05-28 22:00:32,597][DPSGDNode][INFO] Starting training iteration: 3
[2024-05-28 22:00:32,608][Training][DEBUG] Round: 1 loss: 2.2475357055664062
[2024-05-28 22:00:32,618][Training][DEBUG] Round: 2 loss: 2.64191734790802
[2024-05-28 22:00:32,629][Training][DEBUG] Round: 3 loss: 2.5664073626200357
[2024-05-28 22:00:32,629][DPSGDWithPeerSampler][DEBUG] Requesting neighbors from the peer sampler.
[2024-05-28 22:00:32,629][TCP][DEBUG] 5 sent the message to -1.
[2024-05-28 22:00:32,629][TCP][DEBUG] Sent message size: 79
[2024-05-28 22:00:32,630][Node][DEBUG] Received some message from -1 with CHANNEL: PEERS
[2024-05-28 22:00:32,630][DPSGDWithPeerSampler][DEBUG] Neighbors this round: {1}
[2024-05-28 22:00:32,630][DPSGDNode][DEBUG] Connected to all neighbors
[2024-05-28 22:00:32,631][Sharing][DEBUG] Model sending this round: [-0.07322443  0.05259136 -0.03107046 ... -0.00658     0.00776721
 -0.01226257]
[2024-05-28 22:00:32,632][TCP][DEBUG] 5 sent the message to 1.
[2024-05-28 22:00:32,632][TCP][DEBUG] Sent message size: 359554
[2024-05-28 22:00:32,632][DPSGDNode][DEBUG] Sent to all neighbors
[2024-05-28 22:00:32,636][Node][DEBUG] Received some message from 1 with CHANNEL: DPSGD
[2024-05-28 22:00:32,636][DPSGDNode][DEBUG] Received Model from 1 of iteration 3
[2024-05-28 22:00:32,636][DPSGDNode][DEBUG] Received from all
[2024-05-28 22:00:32,637][DPSGDNode][DEBUG] Averaging
[2024-05-28 22:00:32,637][Sharing][DEBUG] Averaging model from neighbor 1 of iteration 3
[2024-05-28 22:00:32,638][DPSGDNode][DEBUG] Finished averaging
[2024-05-28 22:00:32,638][DPSGDNode][DEBUG] resetting optimizer
[2024-05-28 22:00:32,638][DPSGDNode][DEBUG] Finished resetting optimizer
[2024-05-28 22:00:32,645][DPSGDNode][INFO] Starting training iteration: 4
[2024-05-28 22:00:32,656][Training][DEBUG] Round: 1 loss: 2.0510661602020264
[2024-05-28 22:00:32,666][Training][DEBUG] Round: 2 loss: 2.2812994718551636
[2024-05-28 22:00:32,676][Training][DEBUG] Round: 3 loss: 2.48409096399943
[2024-05-28 22:00:32,676][DPSGDWithPeerSampler][DEBUG] Requesting neighbors from the peer sampler.
[2024-05-28 22:00:32,677][TCP][DEBUG] 5 sent the message to -1.
[2024-05-28 22:00:32,677][TCP][DEBUG] Sent message size: 79
[2024-05-28 22:00:32,678][Node][DEBUG] Received some message from -1 with CHANNEL: PEERS
[2024-05-28 22:00:32,678][DPSGDWithPeerSampler][DEBUG] Neighbors this round: set()
[2024-05-28 22:00:32,678][DPSGDNode][DEBUG] Connected to all neighbors
[2024-05-28 22:00:32,679][Sharing][DEBUG] Model sending this round: [-0.07356056  0.05233671 -0.03099937 ... -0.00468655  0.00635301
 -0.01235908]
[2024-05-28 22:00:32,679][DPSGDNode][DEBUG] Sent to all neighbors
[2024-05-28 22:00:32,679][DPSGDNode][DEBUG] Received from all
[2024-05-28 22:00:32,679][DPSGDNode][DEBUG] Averaging
[2024-05-28 22:00:32,680][DPSGDNode][DEBUG] Finished averaging
[2024-05-28 22:00:32,680][DPSGDNode][DEBUG] resetting optimizer
[2024-05-28 22:00:32,680][DPSGDNode][DEBUG] Finished resetting optimizer
[2024-05-28 22:00:32,681][DPSGDNode][INFO] Starting training iteration: 5
[2024-05-28 22:00:32,691][Training][DEBUG] Round: 1 loss: 2.181152105331421
[2024-05-28 22:00:32,701][Training][DEBUG] Round: 2 loss: 2.23943030834198
[2024-05-28 22:00:32,711][Training][DEBUG] Round: 3 loss: 2.3495790163675943
[2024-05-28 22:00:32,711][DPSGDWithPeerSampler][DEBUG] Requesting neighbors from the peer sampler.
[2024-05-28 22:00:32,711][TCP][DEBUG] 5 sent the message to -1.
[2024-05-28 22:00:32,712][TCP][DEBUG] Sent message size: 79
[2024-05-28 22:00:32,712][Node][DEBUG] Received some message from -1 with CHANNEL: PEERS
[2024-05-28 22:00:32,712][DPSGDWithPeerSampler][DEBUG] Neighbors this round: set()
[2024-05-28 22:00:32,713][DPSGDNode][DEBUG] Connected to all neighbors
[2024-05-28 22:00:32,713][Sharing][DEBUG] Model sending this round: [-0.07398802  0.05199585 -0.03147767 ... -0.00584648  0.00638775
 -0.01096021]
[2024-05-28 22:00:32,713][DPSGDNode][DEBUG] Sent to all neighbors
[2024-05-28 22:00:32,714][DPSGDNode][DEBUG] Received from all
[2024-05-28 22:00:32,714][DPSGDNode][DEBUG] Averaging
[2024-05-28 22:00:32,714][DPSGDNode][DEBUG] Finished averaging
[2024-05-28 22:00:32,714][DPSGDNode][DEBUG] resetting optimizer
[2024-05-28 22:00:32,714][DPSGDNode][DEBUG] Finished resetting optimizer
[2024-05-28 22:00:32,715][DPSGDNode][INFO] Starting training iteration: 6
[2024-05-28 22:00:32,726][Training][DEBUG] Round: 1 loss: 1.900106430053711
[2024-05-28 22:00:32,736][Training][DEBUG] Round: 2 loss: 1.9100656509399414
[2024-05-28 22:00:32,746][Training][DEBUG] Round: 3 loss: 2.1724888483683267
[2024-05-28 22:00:32,746][DPSGDWithPeerSampler][DEBUG] Requesting neighbors from the peer sampler.
[2024-05-28 22:00:32,746][TCP][DEBUG] 5 sent the message to -1.
[2024-05-28 22:00:32,746][TCP][DEBUG] Sent message size: 79
[2024-05-28 22:00:32,747][Node][DEBUG] Received some message from -1 with CHANNEL: PEERS
[2024-05-28 22:00:32,747][DPSGDWithPeerSampler][DEBUG] Neighbors this round: set()
[2024-05-28 22:00:32,747][DPSGDNode][DEBUG] Connected to all neighbors
[2024-05-28 22:00:32,748][Sharing][DEBUG] Model sending this round: [-0.0741823   0.05179285 -0.03148133 ... -0.00708563  0.00756692
 -0.01013877]
[2024-05-28 22:00:32,748][DPSGDNode][DEBUG] Sent to all neighbors
[2024-05-28 22:00:32,748][DPSGDNode][DEBUG] Received from all
[2024-05-28 22:00:32,748][DPSGDNode][DEBUG] Averaging
[2024-05-28 22:00:32,749][DPSGDNode][DEBUG] Finished averaging
[2024-05-28 22:00:32,749][DPSGDNode][DEBUG] resetting optimizer
[2024-05-28 22:00:32,749][DPSGDNode][DEBUG] Finished resetting optimizer
[2024-05-28 22:00:32,759][DPSGDNode][INFO] Starting training iteration: 7
[2024-05-28 22:00:32,770][Training][DEBUG] Round: 1 loss: 2.224200487136841
[2024-05-28 22:00:32,780][Training][DEBUG] Round: 2 loss: 2.510355591773987
[2024-05-28 22:00:32,790][Training][DEBUG] Round: 3 loss: 2.452570597330729
[2024-05-28 22:00:32,790][DPSGDWithPeerSampler][DEBUG] Requesting neighbors from the peer sampler.
[2024-05-28 22:00:32,790][TCP][DEBUG] 5 sent the message to -1.
[2024-05-28 22:00:32,790][TCP][DEBUG] Sent message size: 79
[2024-05-28 22:00:32,791][Node][DEBUG] Received some message from -1 with CHANNEL: PEERS
[2024-05-28 22:00:32,791][DPSGDWithPeerSampler][DEBUG] Neighbors this round: set()
[2024-05-28 22:00:32,791][DPSGDNode][DEBUG] Connected to all neighbors
[2024-05-28 22:00:32,792][Sharing][DEBUG] Model sending this round: [-0.07393219  0.05206513 -0.0313218  ... -0.00597117  0.00651846
 -0.01231027]
[2024-05-28 22:00:32,792][DPSGDNode][DEBUG] Sent to all neighbors
[2024-05-28 22:00:32,792][DPSGDNode][DEBUG] Received from all
[2024-05-28 22:00:32,792][DPSGDNode][DEBUG] Averaging
[2024-05-28 22:00:32,793][DPSGDNode][DEBUG] Finished averaging
[2024-05-28 22:00:32,793][DPSGDNode][DEBUG] resetting optimizer
[2024-05-28 22:00:32,793][DPSGDNode][DEBUG] Finished resetting optimizer
[2024-05-28 22:00:32,794][DPSGDNode][INFO] Starting training iteration: 8
[2024-05-28 22:00:32,805][Training][DEBUG] Round: 1 loss: 2.2456917762756348
[2024-05-28 22:00:32,817][Training][DEBUG] Round: 2 loss: 1.9938005208969116
[2024-05-28 22:00:32,827][Training][DEBUG] Round: 3 loss: 1.9600556294123332
[2024-05-28 22:00:32,827][DPSGDWithPeerSampler][DEBUG] Requesting neighbors from the peer sampler.
[2024-05-28 22:00:32,828][TCP][DEBUG] 5 sent the message to -1.
[2024-05-28 22:00:32,828][TCP][DEBUG] Sent message size: 79
[2024-05-28 22:00:32,829][Node][DEBUG] Received some message from -1 with CHANNEL: PEERS
[2024-05-28 22:00:32,829][DPSGDWithPeerSampler][DEBUG] Neighbors this round: set()
[2024-05-28 22:00:32,829][DPSGDNode][DEBUG] Connected to all neighbors
[2024-05-28 22:00:32,830][Sharing][DEBUG] Model sending this round: [-0.07397155  0.05212133 -0.03142236 ... -0.00531072  0.0071625
 -0.00923227]
[2024-05-28 22:00:32,830][DPSGDNode][DEBUG] Sent to all neighbors
[2024-05-28 22:00:32,830][DPSGDNode][DEBUG] Received from all
[2024-05-28 22:00:32,830][DPSGDNode][DEBUG] Averaging
[2024-05-28 22:00:32,831][DPSGDNode][DEBUG] Finished averaging
[2024-05-28 22:00:32,831][DPSGDNode][DEBUG] resetting optimizer
[2024-05-28 22:00:32,831][DPSGDNode][DEBUG] Finished resetting optimizer
[2024-05-28 22:00:32,837][DPSGDNode][INFO] Starting training iteration: 9
[2024-05-28 22:00:32,847][Training][DEBUG] Round: 1 loss: 2.7601375579833984
[2024-05-28 22:00:32,857][Training][DEBUG] Round: 2 loss: 2.7042927742004395
[2024-05-28 22:00:32,867][Training][DEBUG] Round: 3 loss: 2.76112691561381
[2024-05-28 22:00:32,867][DPSGDWithPeerSampler][DEBUG] Requesting neighbors from the peer sampler.
[2024-05-28 22:00:32,868][TCP][DEBUG] 5 sent the message to -1.
[2024-05-28 22:00:32,868][TCP][DEBUG] Sent message size: 79
[2024-05-28 22:00:32,868][Node][DEBUG] Received some message from 0 with CHANNEL: CONNECT
[2024-05-28 22:00:32,869][Node][DEBUG] Received some message from -1 with CHANNEL: PEERS
[2024-05-28 22:00:32,869][DPSGDWithPeerSampler][DEBUG] Neighbors this round: {0, 11}
[2024-05-28 22:00:32,869][Node][DEBUG] Sending connection request to 0
[2024-05-28 22:00:32,870][TCP][DEBUG] Connecting to my neighbour: 0
[2024-05-28 22:00:32,870][TCP][DEBUG] 5 sent the message to 0.
[2024-05-28 22:00:32,870][TCP][DEBUG] Sent message size: 46
[2024-05-28 22:00:32,870][Node][DEBUG] Sending connection request to 11
[2024-05-28 22:00:32,870][TCP][DEBUG] Connecting to my neighbour: 11
[2024-05-28 22:00:32,871][TCP][DEBUG] 5 sent the message to 11.
[2024-05-28 22:00:32,871][TCP][DEBUG] Sent message size: 46
[2024-05-28 22:00:32,871][Node][DEBUG] Waiting HELLO from 0
[2024-05-28 22:00:32,871][Node][DEBUG] Received HELLO from 0
[2024-05-28 22:00:32,871][Node][DEBUG] Waiting HELLO from 11
[2024-05-28 22:00:32,871][Node][DEBUG] Received some message from 11 with CHANNEL: CONNECT
[2024-05-28 22:00:32,871][Node][DEBUG] Received HELLO from 11
[2024-05-28 22:00:32,871][DPSGDNode][DEBUG] Connected to all neighbors
[2024-05-28 22:00:32,872][Sharing][DEBUG] Model sending this round: [-0.07364959  0.05217036 -0.03120942 ... -0.00399411  0.00681758
 -0.01177439]
[2024-05-28 22:00:32,872][TCP][DEBUG] 5 sent the message to 0.
[2024-05-28 22:00:32,873][TCP][DEBUG] Sent message size: 359554
[2024-05-28 22:00:32,873][TCP][DEBUG] 5 sent the message to 11.
[2024-05-28 22:00:32,873][TCP][DEBUG] Sent message size: 359554
[2024-05-28 22:00:32,873][DPSGDNode][DEBUG] Sent to all neighbors
[2024-05-28 22:00:32,874][Node][DEBUG] Received some message from 11 with CHANNEL: DPSGD
[2024-05-28 22:00:32,874][DPSGDNode][DEBUG] Received Model from 11 of iteration 9
[2024-05-28 22:00:32,874][Node][DEBUG] Received some message from 0 with CHANNEL: DPSGD
[2024-05-28 22:00:32,874][DPSGDNode][DEBUG] Received Model from 0 of iteration 9
[2024-05-28 22:00:32,874][DPSGDNode][DEBUG] Received from all
[2024-05-28 22:00:32,874][DPSGDNode][DEBUG] Averaging
[2024-05-28 22:00:32,874][Sharing][DEBUG] Averaging model from neighbor 0 of iteration 9
[2024-05-28 22:00:32,875][Sharing][DEBUG] Averaging model from neighbor 11 of iteration 9
[2024-05-28 22:00:32,876][DPSGDNode][DEBUG] Finished averaging
[2024-05-28 22:00:32,876][DPSGDNode][DEBUG] resetting optimizer
[2024-05-28 22:00:32,876][DPSGDNode][DEBUG] Finished resetting optimizer
[2024-05-28 22:00:32,877][DPSGDNode][INFO] Starting training iteration: 10
[2024-05-28 22:00:32,888][Training][DEBUG] Round: 1 loss: 2.3066608905792236
[2024-05-28 22:00:32,898][Training][DEBUG] Round: 2 loss: 2.3212989568710327
[2024-05-28 22:00:32,908][Training][DEBUG] Round: 3 loss: 2.3645660877227783
[2024-05-28 22:00:32,908][DPSGDWithPeerSampler][DEBUG] Requesting neighbors from the peer sampler.
[2024-05-28 22:00:32,908][TCP][DEBUG] 5 sent the message to -1.
[2024-05-28 22:00:32,908][TCP][DEBUG] Sent message size: 79
[2024-05-28 22:00:32,909][Node][DEBUG] Received some message from -1 with CHANNEL: PEERS
[2024-05-28 22:00:32,909][DPSGDWithPeerSampler][DEBUG] Neighbors this round: set()
[2024-05-28 22:00:32,909][DPSGDNode][DEBUG] Connected to all neighbors
[2024-05-28 22:00:32,910][Sharing][DEBUG] Model sending this round: [-0.07318711  0.05285182 -0.03078647 ... -0.00481697  0.00621231
 -0.01227269]
[2024-05-28 22:00:32,910][DPSGDNode][DEBUG] Sent to all neighbors
[2024-05-28 22:00:32,910][DPSGDNode][DEBUG] Received from all
[2024-05-28 22:00:32,910][DPSGDNode][DEBUG] Averaging
[2024-05-28 22:00:32,911][DPSGDNode][DEBUG] Finished averaging
[2024-05-28 22:00:32,911][DPSGDNode][DEBUG] resetting optimizer
[2024-05-28 22:00:32,911][DPSGDNode][DEBUG] Finished resetting optimizer
[2024-05-28 22:00:32,912][DPSGDNode][INFO] Starting training iteration: 11
[2024-05-28 22:00:32,922][Training][DEBUG] Round: 1 loss: 2.258497714996338
[2024-05-28 22:00:32,932][Training][DEBUG] Round: 2 loss: 2.416765570640564
[2024-05-28 22:00:32,942][Training][DEBUG] Round: 3 loss: 2.3383983771006265
[2024-05-28 22:00:32,942][DPSGDWithPeerSampler][DEBUG] Requesting neighbors from the peer sampler.
[2024-05-28 22:00:32,942][TCP][DEBUG] 5 sent the message to -1.
[2024-05-28 22:00:32,942][TCP][DEBUG] Sent message size: 79
[2024-05-28 22:00:32,945][Node][DEBUG] Received some message from -1 with CHANNEL: PEERS
[2024-05-28 22:00:32,945][DPSGDWithPeerSampler][DEBUG] Neighbors this round: set()
[2024-05-28 22:00:32,945][DPSGDNode][DEBUG] Connected to all neighbors
[2024-05-28 22:00:32,945][Sharing][DEBUG] Model sending this round: [-0.0728684   0.05323615 -0.03044285 ... -0.00621095  0.00778751
 -0.01231749]
[2024-05-28 22:00:32,946][DPSGDNode][DEBUG] Sent to all neighbors
[2024-05-28 22:00:32,946][DPSGDNode][DEBUG] Received from all
[2024-05-28 22:00:32,946][DPSGDNode][DEBUG] Averaging
[2024-05-28 22:00:32,946][DPSGDNode][DEBUG] Finished averaging
[2024-05-28 22:00:32,946][DPSGDNode][DEBUG] resetting optimizer
[2024-05-28 22:00:32,947][DPSGDNode][DEBUG] Finished resetting optimizer
[2024-05-28 22:00:32,948][DPSGDNode][INFO] Starting training iteration: 12
[2024-05-28 22:00:32,957][Training][DEBUG] Round: 1 loss: 2.3416666984558105
[2024-05-28 22:00:32,967][Training][DEBUG] Round: 2 loss: 2.4527316093444824
[2024-05-28 22:00:32,977][Training][DEBUG] Round: 3 loss: 2.349673589070638
[2024-05-28 22:00:32,977][DPSGDWithPeerSampler][DEBUG] Requesting neighbors from the peer sampler.
[2024-05-28 22:00:32,977][TCP][DEBUG] 5 sent the message to -1.
[2024-05-28 22:00:32,978][TCP][DEBUG] Sent message size: 79
[2024-05-28 22:00:32,981][Node][DEBUG] Received some message from -1 with CHANNEL: PEERS
[2024-05-28 22:00:32,981][DPSGDWithPeerSampler][DEBUG] Neighbors this round: {11}
[2024-05-28 22:00:32,981][DPSGDNode][DEBUG] Connected to all neighbors
[2024-05-28 22:00:32,981][Sharing][DEBUG] Model sending this round: [-0.07291646  0.05307965 -0.03056327 ... -0.00465028  0.00680973
 -0.01253397]
[2024-05-28 22:00:32,982][TCP][DEBUG] 5 sent the message to 11.
[2024-05-28 22:00:32,982][TCP][DEBUG] Sent message size: 359554
[2024-05-28 22:00:32,982][DPSGDNode][DEBUG] Sent to all neighbors
[2024-05-28 22:00:32,985][Node][DEBUG] Received some message from 11 with CHANNEL: DPSGD
[2024-05-28 22:00:32,985][DPSGDNode][DEBUG] Received Model from 11 of iteration 12
[2024-05-28 22:00:32,986][DPSGDNode][DEBUG] Received from all
[2024-05-28 22:00:32,986][DPSGDNode][DEBUG] Averaging
[2024-05-28 22:00:32,986][Sharing][DEBUG] Averaging model from neighbor 11 of iteration 12
[2024-05-28 22:00:32,987][DPSGDNode][DEBUG] Finished averaging
[2024-05-28 22:00:32,987][DPSGDNode][DEBUG] resetting optimizer
[2024-05-28 22:00:32,987][DPSGDNode][DEBUG] Finished resetting optimizer
[2024-05-28 22:00:32,988][DPSGDNode][INFO] Starting training iteration: 13
[2024-05-28 22:00:32,998][Training][DEBUG] Round: 1 loss: 2.09055757522583
[2024-05-28 22:00:33,008][Training][DEBUG] Round: 2 loss: 2.09401798248291
[2024-05-28 22:00:33,018][Training][DEBUG] Round: 3 loss: 2.1157795588175454
[2024-05-28 22:00:33,018][DPSGDWithPeerSampler][DEBUG] Requesting neighbors from the peer sampler.
[2024-05-28 22:00:33,018][TCP][DEBUG] 5 sent the message to -1.
[2024-05-28 22:00:33,018][TCP][DEBUG] Sent message size: 79
[2024-05-28 22:00:33,022][Node][DEBUG] Received some message from -1 with CHANNEL: PEERS
[2024-05-28 22:00:33,022][DPSGDWithPeerSampler][DEBUG] Neighbors this round: {4, 6}
[2024-05-28 22:00:33,022][Node][DEBUG] Sending connection request to 4
[2024-05-28 22:00:33,022][TCP][DEBUG] Connecting to my neighbour: 4
[2024-05-28 22:00:33,023][TCP][DEBUG] 5 sent the message to 4.
[2024-05-28 22:00:33,023][TCP][DEBUG] Sent message size: 46
[2024-05-28 22:00:33,023][Node][DEBUG] Sending connection request to 6
[2024-05-28 22:00:33,023][TCP][DEBUG] Connecting to my neighbour: 6
[2024-05-28 22:00:33,023][TCP][DEBUG] 5 sent the message to 6.
[2024-05-28 22:00:33,023][TCP][DEBUG] Sent message size: 46
[2024-05-28 22:00:33,023][Node][DEBUG] Waiting HELLO from 4
[2024-05-28 22:00:33,043][Node][DEBUG] Received some message from 6 with CHANNEL: CONNECT
[2024-05-28 22:00:33,043][Node][DEBUG] Received HELLO from 6
[2024-05-28 22:00:33,044][Node][DEBUG] Waiting HELLO from 4
[2024-05-28 22:00:33,046][Node][DEBUG] Received some message from 6 with CHANNEL: DPSGD
[2024-05-28 22:00:33,053][Node][DEBUG] Received some message from 4 with CHANNEL: CONNECT
[2024-05-28 22:00:33,053][Node][DEBUG] Received HELLO from 4
[2024-05-28 22:00:33,053][DPSGDNode][DEBUG] Connected to all neighbors
[2024-05-28 22:00:33,054][Sharing][DEBUG] Model sending this round: [-0.07308718  0.05295254 -0.03066377 ... -0.00625482  0.007483
 -0.01066159]
[2024-05-28 22:00:33,054][TCP][DEBUG] 5 sent the message to 4.
[2024-05-28 22:00:33,054][TCP][DEBUG] Sent message size: 359554
[2024-05-28 22:00:33,055][TCP][DEBUG] 5 sent the message to 6.
[2024-05-28 22:00:33,055][TCP][DEBUG] Sent message size: 359554
[2024-05-28 22:00:33,055][DPSGDNode][DEBUG] Sent to all neighbors
[2024-05-28 22:00:33,055][DPSGDNode][DEBUG] Received Model from 6 of iteration 13
[2024-05-28 22:00:33,055][Node][DEBUG] Received some message from 4 with CHANNEL: DPSGD
[2024-05-28 22:00:33,056][DPSGDNode][DEBUG] Received Model from 4 of iteration 13
[2024-05-28 22:00:33,056][DPSGDNode][DEBUG] Received from all
[2024-05-28 22:00:33,056][DPSGDNode][DEBUG] Averaging
[2024-05-28 22:00:33,056][Sharing][DEBUG] Averaging model from neighbor 4 of iteration 13
[2024-05-28 22:00:33,056][Sharing][DEBUG] Averaging model from neighbor 6 of iteration 13
[2024-05-28 22:00:33,058][DPSGDNode][DEBUG] Finished averaging
[2024-05-28 22:00:33,058][DPSGDNode][DEBUG] resetting optimizer
[2024-05-28 22:00:33,058][DPSGDNode][DEBUG] Finished resetting optimizer
[2024-05-28 22:00:33,059][DPSGDNode][INFO] Starting training iteration: 14
[2024-05-28 22:00:33,070][Training][DEBUG] Round: 1 loss: 2.3984124660491943
[2024-05-28 22:00:33,079][Training][DEBUG] Round: 2 loss: 2.23972225189209
[2024-05-28 22:00:33,089][Training][DEBUG] Round: 3 loss: 2.3262523810068765
[2024-05-28 22:00:33,089][DPSGDWithPeerSampler][DEBUG] Requesting neighbors from the peer sampler.
[2024-05-28 22:00:33,090][TCP][DEBUG] 5 sent the message to -1.
[2024-05-28 22:00:33,090][TCP][DEBUG] Sent message size: 79
[2024-05-28 22:00:33,092][Node][DEBUG] Received some message from -1 with CHANNEL: PEERS
[2024-05-28 22:00:33,092][DPSGDWithPeerSampler][DEBUG] Neighbors this round: set()
[2024-05-28 22:00:33,092][DPSGDNode][DEBUG] Connected to all neighbors
[2024-05-28 22:00:33,092][Sharing][DEBUG] Model sending this round: [-0.07256368  0.05370889 -0.03016597 ... -0.00385962  0.00550024
 -0.01001425]
[2024-05-28 22:00:33,093][DPSGDNode][DEBUG] Sent to all neighbors
[2024-05-28 22:00:33,093][DPSGDNode][DEBUG] Received from all
[2024-05-28 22:00:33,093][DPSGDNode][DEBUG] Averaging
[2024-05-28 22:00:33,093][DPSGDNode][DEBUG] Finished averaging
[2024-05-28 22:00:33,093][DPSGDNode][DEBUG] resetting optimizer
[2024-05-28 22:00:33,094][DPSGDNode][DEBUG] Finished resetting optimizer
[2024-05-28 22:00:33,095][DPSGDNode][INFO] Starting training iteration: 15
[2024-05-28 22:00:33,105][Training][DEBUG] Round: 1 loss: 2.129307985305786
[2024-05-28 22:00:33,115][Training][DEBUG] Round: 2 loss: 1.978724181652069
[2024-05-28 22:00:33,125][Training][DEBUG] Round: 3 loss: 1.9739611546198528
[2024-05-28 22:00:33,125][DPSGDWithPeerSampler][DEBUG] Requesting neighbors from the peer sampler.
[2024-05-28 22:00:33,126][TCP][DEBUG] 5 sent the message to -1.
[2024-05-28 22:00:33,126][TCP][DEBUG] Sent message size: 79
[2024-05-28 22:00:33,127][Node][DEBUG] Received some message from -1 with CHANNEL: PEERS
[2024-05-28 22:00:33,127][DPSGDWithPeerSampler][DEBUG] Neighbors this round: {6}
[2024-05-28 22:00:33,127][DPSGDNode][DEBUG] Connected to all neighbors
[2024-05-28 22:00:33,128][Sharing][DEBUG] Model sending this round: [-0.07193475  0.0543619  -0.02977663 ... -0.00695821  0.00707132
 -0.01196069]
[2024-05-28 22:00:33,129][TCP][DEBUG] 5 sent the message to 6.
[2024-05-28 22:00:33,129][TCP][DEBUG] Sent message size: 359554
[2024-05-28 22:00:33,129][DPSGDNode][DEBUG] Sent to all neighbors
[2024-05-28 22:00:33,129][Node][DEBUG] Received some message from 6 with CHANNEL: DPSGD
[2024-05-28 22:00:33,129][DPSGDNode][DEBUG] Received Model from 6 of iteration 15
[2024-05-28 22:00:33,130][DPSGDNode][DEBUG] Received from all
[2024-05-28 22:00:33,130][DPSGDNode][DEBUG] Averaging
[2024-05-28 22:00:33,130][Sharing][DEBUG] Averaging model from neighbor 6 of iteration 15
[2024-05-28 22:00:33,131][DPSGDNode][DEBUG] Finished averaging
[2024-05-28 22:00:33,131][DPSGDNode][DEBUG] resetting optimizer
[2024-05-28 22:00:33,131][DPSGDNode][DEBUG] Finished resetting optimizer
[2024-05-28 22:00:33,132][DPSGDNode][INFO] Starting training iteration: 16
[2024-05-28 22:00:33,143][Training][DEBUG] Round: 1 loss: 2.1643922328948975
[2024-05-28 22:00:33,153][Training][DEBUG] Round: 2 loss: 2.0954625606536865
[2024-05-28 22:00:33,162][Training][DEBUG] Round: 3 loss: 2.0267059405644736
[2024-05-28 22:00:33,163][DPSGDWithPeerSampler][DEBUG] Requesting neighbors from the peer sampler.
[2024-05-28 22:00:33,163][TCP][DEBUG] 5 sent the message to -1.
[2024-05-28 22:00:33,163][TCP][DEBUG] Sent message size: 79
[2024-05-28 22:00:33,164][Node][DEBUG] Received some message from -1 with CHANNEL: PEERS
[2024-05-28 22:00:33,164][DPSGDWithPeerSampler][DEBUG] Neighbors this round: set()
[2024-05-28 22:00:33,164][DPSGDNode][DEBUG] Connected to all neighbors
[2024-05-28 22:00:33,165][Sharing][DEBUG] Model sending this round: [-0.07164404  0.05465263 -0.02930759 ... -0.00679332  0.00646877
 -0.01278138]
[2024-05-28 22:00:33,165][DPSGDNode][DEBUG] Sent to all neighbors
[2024-05-28 22:00:33,165][DPSGDNode][DEBUG] Received from all
[2024-05-28 22:00:33,165][DPSGDNode][DEBUG] Averaging
[2024-05-28 22:00:33,166][DPSGDNode][DEBUG] Finished averaging
[2024-05-28 22:00:33,166][DPSGDNode][DEBUG] resetting optimizer
[2024-05-28 22:00:33,166][DPSGDNode][DEBUG] Finished resetting optimizer
[2024-05-28 22:00:33,167][DPSGDNode][INFO] Starting training iteration: 17
[2024-05-28 22:00:33,177][Training][DEBUG] Round: 1 loss: 2.150071859359741
[2024-05-28 22:00:33,187][Training][DEBUG] Round: 2 loss: 2.152333378791809
[2024-05-28 22:00:33,197][Training][DEBUG] Round: 3 loss: 2.264754136403402
[2024-05-28 22:00:33,197][DPSGDWithPeerSampler][DEBUG] Requesting neighbors from the peer sampler.
[2024-05-28 22:00:33,197][TCP][DEBUG] 5 sent the message to -1.
[2024-05-28 22:00:33,197][TCP][DEBUG] Sent message size: 79
[2024-05-28 22:00:33,211][Node][DEBUG] Received some message from -1 with CHANNEL: PEERS
[2024-05-28 22:00:33,212][DPSGDWithPeerSampler][DEBUG] Neighbors this round: set()
[2024-05-28 22:00:33,212][DPSGDNode][DEBUG] Connected to all neighbors
[2024-05-28 22:00:33,223][Sharing][DEBUG] Model sending this round: [-0.07139524  0.05512508 -0.0287232  ... -0.00591949  0.00818383
 -0.01361406]
[2024-05-28 22:00:33,224][DPSGDNode][DEBUG] Sent to all neighbors
[2024-05-28 22:00:33,235][DPSGDNode][DEBUG] Received from all
[2024-05-28 22:00:33,236][DPSGDNode][DEBUG] Averaging
[2024-05-28 22:00:33,236][DPSGDNode][DEBUG] Finished averaging
[2024-05-28 22:00:33,236][DPSGDNode][DEBUG] resetting optimizer
[2024-05-28 22:00:33,236][DPSGDNode][DEBUG] Finished resetting optimizer
[2024-05-28 22:00:33,238][DPSGDNode][INFO] Starting training iteration: 18
[2024-05-28 22:00:33,248][Training][DEBUG] Round: 1 loss: 2.0971908569335938
[2024-05-28 22:00:33,265][Training][DEBUG] Round: 2 loss: 2.0063502192497253
[2024-05-28 22:00:33,289][Training][DEBUG] Round: 3 loss: 2.0988810459772744
[2024-05-28 22:00:33,290][DPSGDWithPeerSampler][DEBUG] Requesting neighbors from the peer sampler.
[2024-05-28 22:00:33,290][TCP][DEBUG] 5 sent the message to -1.
[2024-05-28 22:00:33,290][TCP][DEBUG] Sent message size: 79
[2024-05-28 22:00:33,291][Node][DEBUG] Received some message from -1 with CHANNEL: PEERS
[2024-05-28 22:00:33,291][DPSGDWithPeerSampler][DEBUG] Neighbors this round: {1}
[2024-05-28 22:00:33,291][DPSGDNode][DEBUG] Connected to all neighbors
[2024-05-28 22:00:33,292][Sharing][DEBUG] Model sending this round: [-0.07093844  0.0556444  -0.02833468 ... -0.0056151   0.00805497
 -0.01275213]
[2024-05-28 22:00:33,292][TCP][DEBUG] 5 sent the message to 1.
[2024-05-28 22:00:33,293][TCP][DEBUG] Sent message size: 359554
[2024-05-28 22:00:33,293][DPSGDNode][DEBUG] Sent to all neighbors
[2024-05-28 22:00:33,323][Node][DEBUG] Received some message from 1 with CHANNEL: DPSGD
[2024-05-28 22:00:33,323][DPSGDNode][DEBUG] Received Model from 1 of iteration 18
[2024-05-28 22:00:33,323][DPSGDNode][DEBUG] Received from all
[2024-05-28 22:00:33,324][DPSGDNode][DEBUG] Averaging
[2024-05-28 22:00:33,324][Sharing][DEBUG] Averaging model from neighbor 1 of iteration 18
[2024-05-28 22:00:33,325][DPSGDNode][DEBUG] Finished averaging
[2024-05-28 22:00:33,325][DPSGDNode][DEBUG] resetting optimizer
[2024-05-28 22:00:33,325][DPSGDNode][DEBUG] Finished resetting optimizer
[2024-05-28 22:00:33,326][DPSGDNode][INFO] Starting training iteration: 19
[2024-05-28 22:00:33,337][Training][DEBUG] Round: 1 loss: 2.091059684753418
[2024-05-28 22:00:33,347][Training][DEBUG] Round: 2 loss: 2.2889410257339478
[2024-05-28 22:00:33,357][Training][DEBUG] Round: 3 loss: 2.1686812241872153
[2024-05-28 22:00:33,358][DPSGDWithPeerSampler][DEBUG] Requesting neighbors from the peer sampler.
[2024-05-28 22:00:33,358][TCP][DEBUG] 5 sent the message to -1.
[2024-05-28 22:00:33,358][TCP][DEBUG] Sent message size: 79
[2024-05-28 22:00:33,359][Node][DEBUG] Received some message from -1 with CHANNEL: PEERS
[2024-05-28 22:00:33,359][DPSGDWithPeerSampler][DEBUG] Neighbors this round: set()
[2024-05-28 22:00:33,359][DPSGDNode][DEBUG] Connected to all neighbors
[2024-05-28 22:00:33,360][Sharing][DEBUG] Model sending this round: [-0.07170972  0.05454855 -0.02939383 ... -0.00605189  0.00697426
 -0.01132651]
[2024-05-28 22:00:33,360][DPSGDNode][DEBUG] Sent to all neighbors
[2024-05-28 22:00:33,360][DPSGDNode][DEBUG] Received from all
[2024-05-28 22:00:33,360][DPSGDNode][DEBUG] Averaging
[2024-05-28 22:00:33,361][DPSGDNode][DEBUG] Finished averaging
[2024-05-28 22:00:33,361][DPSGDNode][DEBUG] resetting optimizer
[2024-05-28 22:00:33,361][DPSGDNode][DEBUG] Finished resetting optimizer
[2024-05-28 22:00:33,362][DPSGDNode][INFO] Evaluating on train set.
