[2024-05-28 22:00:19,926][DPSGDNode][DEBUG] Rank: 7
[2024-05-28 22:00:19,927][DPSGDNode][DEBUG] type(graph): <class 'int'>
[2024-05-28 22:00:19,927][DPSGDNode][DEBUG] type(mapping): <class 'decentralizepy.mappings.Linear.Linear'>
[2024-05-28 22:00:29,467][CIFAR10][INFO] Loading training set.
[2024-05-28 22:00:31,092][CIFAR10][DEBUG] Size fractions: [0.08332, 0.08332, 0.08332, 0.08332, 0.08332, 0.08332, 0.08332, 0.08332, 0.08332, 0.08332, 0.08332, 0.08347999999999994]
[2024-05-28 22:00:31,121][CIFAR10][INFO] Loading testing set.
[2024-05-28 22:00:31,926][CIFAR10][INFO] Extracting the validation set from the test set.
[2024-05-28 22:00:31,927][Node][INFO] Dataset instantiation complete.
[2024-05-28 22:00:31,964][Node][DEBUG] Sending connection request to 6
[2024-05-28 22:00:31,964][TCP][DEBUG] Connecting to my neighbour: 6
[2024-05-28 22:00:31,964][TCP][DEBUG] 7 sent the message to 6.
[2024-05-28 22:00:31,964][TCP][DEBUG] Sent message size: 46
[2024-05-28 22:00:31,964][Node][DEBUG] Waiting HELLO from 6
[2024-05-28 22:00:31,976][Node][DEBUG] Received some message from 6 with CHANNEL: CONNECT
[2024-05-28 22:00:31,977][Node][DEBUG] Received HELLO from 6
[2024-05-28 22:00:31,977][DPSGDWithPeerSampler][INFO] Each proc uses 2 threads out of 32.
[2024-05-28 22:00:31,977][Node][DEBUG] Sending connection request to -1
[2024-05-28 22:00:31,977][TCP][DEBUG] Connecting to my neighbour: -1
[2024-05-28 22:00:31,977][TCP][DEBUG] 7 sent the message to -1.
[2024-05-28 22:00:31,977][TCP][DEBUG] Sent message size: 46
[2024-05-28 22:00:31,977][Node][DEBUG] Waiting HELLO from -1
[2024-05-28 22:00:32,096][Node][DEBUG] Received some message from -1 with CHANNEL: CONNECT
[2024-05-28 22:00:32,096][Node][DEBUG] Received HELLO from -1
[2024-05-28 22:00:32,096][DPSGDNode][INFO] Starting training iteration: 0
[2024-05-28 22:00:32,484][Training][DEBUG] Round: 1 loss: 2.639798641204834
[2024-05-28 22:00:32,494][Training][DEBUG] Round: 2 loss: 2.8938276767730713
[2024-05-28 22:00:32,504][Training][DEBUG] Round: 3 loss: 2.9062982400258384
[2024-05-28 22:00:32,504][DPSGDWithPeerSampler][DEBUG] Requesting neighbors from the peer sampler.
[2024-05-28 22:00:32,504][TCP][DEBUG] 7 sent the message to -1.
[2024-05-28 22:00:32,505][TCP][DEBUG] Sent message size: 79
[2024-05-28 22:00:32,510][Node][DEBUG] Received some message from -1 with CHANNEL: PEERS
[2024-05-28 22:00:32,510][DPSGDWithPeerSampler][DEBUG] Neighbors this round: {6}
[2024-05-28 22:00:32,510][DPSGDNode][DEBUG] Connected to all neighbors
[2024-05-28 22:00:32,511][Sharing][DEBUG] Model sending this round: [-0.07413362  0.05209772 -0.03111545 ... -0.00664302  0.00744147
 -0.01231689]
[2024-05-28 22:00:32,511][TCP][DEBUG] 7 sent the message to 6.
[2024-05-28 22:00:32,512][TCP][DEBUG] Sent message size: 359554
[2024-05-28 22:00:32,512][DPSGDNode][DEBUG] Sent to all neighbors
[2024-05-28 22:00:32,515][Node][DEBUG] Received some message from 6 with CHANNEL: DPSGD
[2024-05-28 22:00:32,515][DPSGDNode][DEBUG] Received Model from 6 of iteration 0
[2024-05-28 22:00:32,515][DPSGDNode][DEBUG] Received from all
[2024-05-28 22:00:32,515][DPSGDNode][DEBUG] Averaging
[2024-05-28 22:00:32,515][Sharing][DEBUG] Averaging model from neighbor 6 of iteration 0
[2024-05-28 22:00:32,517][DPSGDNode][DEBUG] Finished averaging
[2024-05-28 22:00:32,517][DPSGDNode][DEBUG] resetting optimizer
[2024-05-28 22:00:32,517][DPSGDNode][DEBUG] Finished resetting optimizer
[2024-05-28 22:00:32,519][DPSGDNode][INFO] Starting training iteration: 1
[2024-05-28 22:00:32,529][Training][DEBUG] Round: 1 loss: 2.593372106552124
[2024-05-28 22:00:32,539][Training][DEBUG] Round: 2 loss: 2.424163341522217
[2024-05-28 22:00:32,549][Training][DEBUG] Round: 3 loss: 2.4278217951456704
[2024-05-28 22:00:32,549][DPSGDWithPeerSampler][DEBUG] Requesting neighbors from the peer sampler.
[2024-05-28 22:00:32,550][TCP][DEBUG] 7 sent the message to -1.
[2024-05-28 22:00:32,550][TCP][DEBUG] Sent message size: 79
[2024-05-28 22:00:32,550][Node][DEBUG] Received some message from -1 with CHANNEL: PEERS
[2024-05-28 22:00:32,551][DPSGDWithPeerSampler][DEBUG] Neighbors this round: set()
[2024-05-28 22:00:32,551][DPSGDNode][DEBUG] Connected to all neighbors
[2024-05-28 22:00:32,551][Sharing][DEBUG] Model sending this round: [-0.07322495  0.05304663 -0.03051103 ... -0.00456574  0.00615174
 -0.01291403]
[2024-05-28 22:00:32,552][DPSGDNode][DEBUG] Sent to all neighbors
[2024-05-28 22:00:32,552][DPSGDNode][DEBUG] Received from all
[2024-05-28 22:00:32,552][DPSGDNode][DEBUG] Averaging
[2024-05-28 22:00:32,552][DPSGDNode][DEBUG] Finished averaging
[2024-05-28 22:00:32,552][DPSGDNode][DEBUG] resetting optimizer
[2024-05-28 22:00:32,552][DPSGDNode][DEBUG] Finished resetting optimizer
[2024-05-28 22:00:32,558][DPSGDNode][INFO] Starting training iteration: 2
[2024-05-28 22:00:32,569][Training][DEBUG] Round: 1 loss: 2.764732837677002
[2024-05-28 22:00:32,579][Training][DEBUG] Round: 2 loss: 2.422842264175415
[2024-05-28 22:00:32,589][Training][DEBUG] Round: 3 loss: 2.449193239212036
[2024-05-28 22:00:32,589][DPSGDWithPeerSampler][DEBUG] Requesting neighbors from the peer sampler.
[2024-05-28 22:00:32,589][TCP][DEBUG] 7 sent the message to -1.
[2024-05-28 22:00:32,589][TCP][DEBUG] Sent message size: 79
[2024-05-28 22:00:32,591][Node][DEBUG] Received some message from -1 with CHANNEL: PEERS
[2024-05-28 22:00:32,591][DPSGDWithPeerSampler][DEBUG] Neighbors this round: set()
[2024-05-28 22:00:32,592][DPSGDNode][DEBUG] Connected to all neighbors
[2024-05-28 22:00:32,592][Sharing][DEBUG] Model sending this round: [-0.07299458  0.05289552 -0.030741   ... -0.00434126  0.00643403
 -0.01182864]
[2024-05-28 22:00:32,592][DPSGDNode][DEBUG] Sent to all neighbors
[2024-05-28 22:00:32,592][DPSGDNode][DEBUG] Received from all
[2024-05-28 22:00:32,593][DPSGDNode][DEBUG] Averaging
[2024-05-28 22:00:32,593][DPSGDNode][DEBUG] Finished averaging
[2024-05-28 22:00:32,593][DPSGDNode][DEBUG] resetting optimizer
[2024-05-28 22:00:32,593][DPSGDNode][DEBUG] Finished resetting optimizer
[2024-05-28 22:00:32,594][DPSGDNode][INFO] Starting training iteration: 3
[2024-05-28 22:00:32,605][Training][DEBUG] Round: 1 loss: 3.432600975036621
[2024-05-28 22:00:32,614][Training][DEBUG] Round: 2 loss: 3.0412185192108154
[2024-05-28 22:00:32,624][Training][DEBUG] Round: 3 loss: 2.787022034327189
[2024-05-28 22:00:32,624][DPSGDWithPeerSampler][DEBUG] Requesting neighbors from the peer sampler.
[2024-05-28 22:00:32,624][TCP][DEBUG] 7 sent the message to -1.
[2024-05-28 22:00:32,624][TCP][DEBUG] Sent message size: 79
[2024-05-28 22:00:32,625][Node][DEBUG] Received some message from 3 with CHANNEL: CONNECT
[2024-05-28 22:00:32,626][Node][DEBUG] Received some message from -1 with CHANNEL: PEERS
[2024-05-28 22:00:32,627][DPSGDWithPeerSampler][DEBUG] Neighbors this round: {3}
[2024-05-28 22:00:32,627][Node][DEBUG] Sending connection request to 3
[2024-05-28 22:00:32,627][TCP][DEBUG] Connecting to my neighbour: 3
[2024-05-28 22:00:32,627][TCP][DEBUG] 7 sent the message to 3.
[2024-05-28 22:00:32,627][TCP][DEBUG] Sent message size: 46
[2024-05-28 22:00:32,627][Node][DEBUG] Waiting HELLO from 3
[2024-05-28 22:00:32,628][Node][DEBUG] Received HELLO from 3
[2024-05-28 22:00:32,628][DPSGDNode][DEBUG] Connected to all neighbors
[2024-05-28 22:00:32,628][Sharing][DEBUG] Model sending this round: [-0.07235239  0.05348525 -0.03037279 ... -0.00452374  0.00572075
 -0.01219997]
[2024-05-28 22:00:32,629][TCP][DEBUG] 7 sent the message to 3.
[2024-05-28 22:00:32,629][TCP][DEBUG] Sent message size: 359554
[2024-05-28 22:00:32,629][DPSGDNode][DEBUG] Sent to all neighbors
[2024-05-28 22:00:32,629][Node][DEBUG] Received some message from 3 with CHANNEL: DPSGD
[2024-05-28 22:00:32,629][DPSGDNode][DEBUG] Received Model from 3 of iteration 3
[2024-05-28 22:00:32,630][DPSGDNode][DEBUG] Received from all
[2024-05-28 22:00:32,630][DPSGDNode][DEBUG] Averaging
[2024-05-28 22:00:32,630][Sharing][DEBUG] Averaging model from neighbor 3 of iteration 3
[2024-05-28 22:00:32,631][DPSGDNode][DEBUG] Finished averaging
[2024-05-28 22:00:32,631][DPSGDNode][DEBUG] resetting optimizer
[2024-05-28 22:00:32,631][DPSGDNode][DEBUG] Finished resetting optimizer
[2024-05-28 22:00:32,633][DPSGDNode][INFO] Starting training iteration: 4
[2024-05-28 22:00:32,643][Training][DEBUG] Round: 1 loss: 2.7103211879730225
[2024-05-28 22:00:32,652][Training][DEBUG] Round: 2 loss: 2.804382085800171
[2024-05-28 22:00:32,662][Training][DEBUG] Round: 3 loss: 2.5756409962972007
[2024-05-28 22:00:32,662][DPSGDWithPeerSampler][DEBUG] Requesting neighbors from the peer sampler.
[2024-05-28 22:00:32,662][TCP][DEBUG] 7 sent the message to -1.
[2024-05-28 22:00:32,663][TCP][DEBUG] Sent message size: 79
[2024-05-28 22:00:32,664][Node][DEBUG] Received some message from -1 with CHANNEL: PEERS
[2024-05-28 22:00:32,664][DPSGDWithPeerSampler][DEBUG] Neighbors this round: {3}
[2024-05-28 22:00:32,664][DPSGDNode][DEBUG] Connected to all neighbors
[2024-05-28 22:00:32,665][Sharing][DEBUG] Model sending this round: [-0.07243864  0.05363417 -0.03014276 ... -0.0018021   0.00682368
 -0.01302134]
[2024-05-28 22:00:32,666][TCP][DEBUG] 7 sent the message to 3.
[2024-05-28 22:00:32,666][TCP][DEBUG] Sent message size: 359554
[2024-05-28 22:00:32,666][DPSGDNode][DEBUG] Sent to all neighbors
[2024-05-28 22:00:32,666][Node][DEBUG] Received some message from 3 with CHANNEL: DPSGD
[2024-05-28 22:00:32,666][DPSGDNode][DEBUG] Received Model from 3 of iteration 4
[2024-05-28 22:00:32,666][DPSGDNode][DEBUG] Received from all
[2024-05-28 22:00:32,666][DPSGDNode][DEBUG] Averaging
[2024-05-28 22:00:32,667][Sharing][DEBUG] Averaging model from neighbor 3 of iteration 4
[2024-05-28 22:00:32,668][DPSGDNode][DEBUG] Finished averaging
[2024-05-28 22:00:32,668][DPSGDNode][DEBUG] resetting optimizer
[2024-05-28 22:00:32,668][DPSGDNode][DEBUG] Finished resetting optimizer
[2024-05-28 22:00:32,669][DPSGDNode][INFO] Starting training iteration: 5
[2024-05-28 22:00:32,679][Training][DEBUG] Round: 1 loss: 2.1895830631256104
[2024-05-28 22:00:32,689][Training][DEBUG] Round: 2 loss: 2.4220346212387085
[2024-05-28 22:00:32,699][Training][DEBUG] Round: 3 loss: 2.3444334665934243
[2024-05-28 22:00:32,699][DPSGDWithPeerSampler][DEBUG] Requesting neighbors from the peer sampler.
[2024-05-28 22:00:32,699][TCP][DEBUG] 7 sent the message to -1.
[2024-05-28 22:00:32,699][TCP][DEBUG] Sent message size: 79
[2024-05-28 22:00:32,700][Node][DEBUG] Received some message from -1 with CHANNEL: PEERS
[2024-05-28 22:00:32,700][DPSGDWithPeerSampler][DEBUG] Neighbors this round: set()
[2024-05-28 22:00:32,700][DPSGDNode][DEBUG] Connected to all neighbors
[2024-05-28 22:00:32,701][Sharing][DEBUG] Model sending this round: [-0.07244499  0.05366768 -0.03019969 ... -0.00335714  0.00676698
 -0.01396225]
[2024-05-28 22:00:32,701][DPSGDNode][DEBUG] Sent to all neighbors
[2024-05-28 22:00:32,701][DPSGDNode][DEBUG] Received from all
[2024-05-28 22:00:32,701][DPSGDNode][DEBUG] Averaging
[2024-05-28 22:00:32,702][DPSGDNode][DEBUG] Finished averaging
[2024-05-28 22:00:32,702][DPSGDNode][DEBUG] resetting optimizer
[2024-05-28 22:00:32,702][DPSGDNode][DEBUG] Finished resetting optimizer
[2024-05-28 22:00:32,703][DPSGDNode][INFO] Starting training iteration: 6
[2024-05-28 22:00:32,713][Training][DEBUG] Round: 1 loss: 1.9197766780853271
[2024-05-28 22:00:32,723][Training][DEBUG] Round: 2 loss: 2.134292721748352
[2024-05-28 22:00:32,734][Training][DEBUG] Round: 3 loss: 2.090750535329183
[2024-05-28 22:00:32,734][DPSGDWithPeerSampler][DEBUG] Requesting neighbors from the peer sampler.
[2024-05-28 22:00:32,734][TCP][DEBUG] 7 sent the message to -1.
[2024-05-28 22:00:32,735][TCP][DEBUG] Sent message size: 79
[2024-05-28 22:00:32,737][Node][DEBUG] Received some message from -1 with CHANNEL: PEERS
[2024-05-28 22:00:32,738][DPSGDWithPeerSampler][DEBUG] Neighbors this round: {3}
[2024-05-28 22:00:32,738][DPSGDNode][DEBUG] Connected to all neighbors
[2024-05-28 22:00:32,738][Sharing][DEBUG] Model sending this round: [-0.07231735  0.05379751 -0.03021814 ... -0.00539242  0.00761113
 -0.01468566]
[2024-05-28 22:00:32,739][TCP][DEBUG] 7 sent the message to 3.
[2024-05-28 22:00:32,739][TCP][DEBUG] Sent message size: 359554
[2024-05-28 22:00:32,739][DPSGDNode][DEBUG] Sent to all neighbors
[2024-05-28 22:00:32,752][Node][DEBUG] Received some message from 3 with CHANNEL: DPSGD
[2024-05-28 22:00:32,752][DPSGDNode][DEBUG] Received Model from 3 of iteration 6
[2024-05-28 22:00:32,752][DPSGDNode][DEBUG] Received from all
[2024-05-28 22:00:32,752][DPSGDNode][DEBUG] Averaging
[2024-05-28 22:00:32,752][Sharing][DEBUG] Averaging model from neighbor 3 of iteration 6
[2024-05-28 22:00:32,754][DPSGDNode][DEBUG] Finished averaging
[2024-05-28 22:00:32,754][DPSGDNode][DEBUG] resetting optimizer
[2024-05-28 22:00:32,754][DPSGDNode][DEBUG] Finished resetting optimizer
[2024-05-28 22:00:32,755][DPSGDNode][INFO] Starting training iteration: 7
[2024-05-28 22:00:32,765][Training][DEBUG] Round: 1 loss: 2.307485580444336
[2024-05-28 22:00:32,775][Training][DEBUG] Round: 2 loss: 2.3123605251312256
[2024-05-28 22:00:32,785][Training][DEBUG] Round: 3 loss: 2.3316944440205893
[2024-05-28 22:00:32,785][DPSGDWithPeerSampler][DEBUG] Requesting neighbors from the peer sampler.
[2024-05-28 22:00:32,785][TCP][DEBUG] 7 sent the message to -1.
[2024-05-28 22:00:32,785][TCP][DEBUG] Sent message size: 79
[2024-05-28 22:00:32,787][Node][DEBUG] Received some message from -1 with CHANNEL: PEERS
[2024-05-28 22:00:32,787][DPSGDWithPeerSampler][DEBUG] Neighbors this round: set()
[2024-05-28 22:00:32,787][DPSGDNode][DEBUG] Connected to all neighbors
[2024-05-28 22:00:32,788][Sharing][DEBUG] Model sending this round: [-0.07271849  0.05331858 -0.03054898 ... -0.00535736  0.00643125
 -0.00992842]
[2024-05-28 22:00:32,788][DPSGDNode][DEBUG] Sent to all neighbors
[2024-05-28 22:00:32,788][DPSGDNode][DEBUG] Received from all
[2024-05-28 22:00:32,788][DPSGDNode][DEBUG] Averaging
[2024-05-28 22:00:32,789][DPSGDNode][DEBUG] Finished averaging
[2024-05-28 22:00:32,789][DPSGDNode][DEBUG] resetting optimizer
[2024-05-28 22:00:32,789][DPSGDNode][DEBUG] Finished resetting optimizer
[2024-05-28 22:00:32,790][DPSGDNode][INFO] Starting training iteration: 8
[2024-05-28 22:00:32,800][Training][DEBUG] Round: 1 loss: 2.1737289428710938
[2024-05-28 22:00:32,810][Training][DEBUG] Round: 2 loss: 2.2571957111358643
[2024-05-28 22:00:32,830][Training][DEBUG] Round: 3 loss: 2.166798988978068
[2024-05-28 22:00:32,830][DPSGDWithPeerSampler][DEBUG] Requesting neighbors from the peer sampler.
[2024-05-28 22:00:32,830][TCP][DEBUG] 7 sent the message to -1.
[2024-05-28 22:00:32,830][TCP][DEBUG] Sent message size: 79
[2024-05-28 22:00:32,831][Node][DEBUG] Received some message from 3 with CHANNEL: DPSGD
[2024-05-28 22:00:32,831][Node][DEBUG] Received some message from -1 with CHANNEL: PEERS
[2024-05-28 22:00:32,831][DPSGDWithPeerSampler][DEBUG] Neighbors this round: {3}
[2024-05-28 22:00:32,831][DPSGDNode][DEBUG] Connected to all neighbors
[2024-05-28 22:00:32,832][Sharing][DEBUG] Model sending this round: [-0.07221025  0.05368706 -0.03057178 ... -0.00271665  0.00531228
 -0.01157883]
[2024-05-28 22:00:32,833][TCP][DEBUG] 7 sent the message to 3.
[2024-05-28 22:00:32,833][TCP][DEBUG] Sent message size: 359554
[2024-05-28 22:00:32,834][DPSGDNode][DEBUG] Sent to all neighbors
[2024-05-28 22:00:32,834][DPSGDNode][DEBUG] Received Model from 3 of iteration 8
[2024-05-28 22:00:32,834][DPSGDNode][DEBUG] Received from all
[2024-05-28 22:00:32,834][DPSGDNode][DEBUG] Averaging
[2024-05-28 22:00:32,834][Sharing][DEBUG] Averaging model from neighbor 3 of iteration 8
[2024-05-28 22:00:32,835][DPSGDNode][DEBUG] Finished averaging
[2024-05-28 22:00:32,835][DPSGDNode][DEBUG] resetting optimizer
[2024-05-28 22:00:32,836][DPSGDNode][DEBUG] Finished resetting optimizer
[2024-05-28 22:00:32,837][DPSGDNode][INFO] Starting training iteration: 9
[2024-05-28 22:00:32,848][Training][DEBUG] Round: 1 loss: 2.267547607421875
[2024-05-28 22:00:32,859][Training][DEBUG] Round: 2 loss: 2.0678558349609375
[2024-05-28 22:00:32,869][Training][DEBUG] Round: 3 loss: 2.035259167353312
[2024-05-28 22:00:32,870][DPSGDWithPeerSampler][DEBUG] Requesting neighbors from the peer sampler.
[2024-05-28 22:00:32,870][TCP][DEBUG] 7 sent the message to -1.
[2024-05-28 22:00:32,870][TCP][DEBUG] Sent message size: 79
[2024-05-28 22:00:32,872][Node][DEBUG] Received some message from -1 with CHANNEL: PEERS
[2024-05-28 22:00:32,872][DPSGDWithPeerSampler][DEBUG] Neighbors this round: set()
[2024-05-28 22:00:32,873][DPSGDNode][DEBUG] Connected to all neighbors
[2024-05-28 22:00:32,873][Sharing][DEBUG] Model sending this round: [-0.07228842  0.05374204 -0.03016585 ... -0.00333341  0.00671085
 -0.00949481]
[2024-05-28 22:00:32,873][DPSGDNode][DEBUG] Sent to all neighbors
[2024-05-28 22:00:32,873][DPSGDNode][DEBUG] Received from all
[2024-05-28 22:00:32,874][DPSGDNode][DEBUG] Averaging
[2024-05-28 22:00:32,874][DPSGDNode][DEBUG] Finished averaging
[2024-05-28 22:00:32,874][DPSGDNode][DEBUG] resetting optimizer
[2024-05-28 22:00:32,874][DPSGDNode][DEBUG] Finished resetting optimizer
[2024-05-28 22:00:32,875][DPSGDNode][INFO] Starting training iteration: 10
[2024-05-28 22:00:32,886][Training][DEBUG] Round: 1 loss: 2.546102523803711
[2024-05-28 22:00:32,896][Training][DEBUG] Round: 2 loss: 2.4435704946517944
[2024-05-28 22:00:32,906][Training][DEBUG] Round: 3 loss: 2.3312179247538247
[2024-05-28 22:00:32,906][DPSGDWithPeerSampler][DEBUG] Requesting neighbors from the peer sampler.
[2024-05-28 22:00:32,907][TCP][DEBUG] 7 sent the message to -1.
[2024-05-28 22:00:32,907][TCP][DEBUG] Sent message size: 79
[2024-05-28 22:00:32,907][Node][DEBUG] Received some message from -1 with CHANNEL: PEERS
[2024-05-28 22:00:32,908][DPSGDWithPeerSampler][DEBUG] Neighbors this round: {10}
[2024-05-28 22:00:32,908][Node][DEBUG] Sending connection request to 10
[2024-05-28 22:00:32,908][TCP][DEBUG] Connecting to my neighbour: 10
[2024-05-28 22:00:32,908][TCP][DEBUG] 7 sent the message to 10.
[2024-05-28 22:00:32,908][TCP][DEBUG] Sent message size: 46
[2024-05-28 22:00:32,908][Node][DEBUG] Waiting HELLO from 10
[2024-05-28 22:00:32,941][Node][DEBUG] Received some message from 10 with CHANNEL: CONNECT
[2024-05-28 22:00:32,941][Node][DEBUG] Received HELLO from 10
[2024-05-28 22:00:32,941][DPSGDNode][DEBUG] Connected to all neighbors
[2024-05-28 22:00:32,942][Sharing][DEBUG] Model sending this round: [-0.07189135  0.05419946 -0.02968629 ... -0.0054138   0.00647687
 -0.01233198]
[2024-05-28 22:00:32,942][TCP][DEBUG] 7 sent the message to 10.
[2024-05-28 22:00:32,942][TCP][DEBUG] Sent message size: 359554
[2024-05-28 22:00:32,943][DPSGDNode][DEBUG] Sent to all neighbors
[2024-05-28 22:00:32,943][Node][DEBUG] Received some message from 10 with CHANNEL: DPSGD
[2024-05-28 22:00:32,943][DPSGDNode][DEBUG] Received Model from 10 of iteration 10
[2024-05-28 22:00:32,943][DPSGDNode][DEBUG] Received from all
[2024-05-28 22:00:32,943][DPSGDNode][DEBUG] Averaging
[2024-05-28 22:00:32,944][Sharing][DEBUG] Averaging model from neighbor 10 of iteration 10
[2024-05-28 22:00:32,945][DPSGDNode][DEBUG] Finished averaging
[2024-05-28 22:00:32,945][DPSGDNode][DEBUG] resetting optimizer
[2024-05-28 22:00:32,945][DPSGDNode][DEBUG] Finished resetting optimizer
[2024-05-28 22:00:32,946][DPSGDNode][INFO] Starting training iteration: 11
[2024-05-28 22:00:32,957][Training][DEBUG] Round: 1 loss: 2.3432281017303467
[2024-05-28 22:00:32,967][Training][DEBUG] Round: 2 loss: 2.3440078496932983
[2024-05-28 22:00:32,977][Training][DEBUG] Round: 3 loss: 2.1705785989761353
[2024-05-28 22:00:32,977][DPSGDWithPeerSampler][DEBUG] Requesting neighbors from the peer sampler.
[2024-05-28 22:00:32,978][TCP][DEBUG] 7 sent the message to -1.
[2024-05-28 22:00:32,978][TCP][DEBUG] Sent message size: 79
[2024-05-28 22:00:32,978][Node][DEBUG] Received some message from 0 with CHANNEL: CONNECT
[2024-05-28 22:00:32,978][Node][DEBUG] Received some message from 8 with CHANNEL: CONNECT
[2024-05-28 22:00:32,981][Node][DEBUG] Received some message from -1 with CHANNEL: PEERS
[2024-05-28 22:00:32,982][DPSGDWithPeerSampler][DEBUG] Neighbors this round: {0, 8}
[2024-05-28 22:00:32,982][Node][DEBUG] Sending connection request to 0
[2024-05-28 22:00:32,982][TCP][DEBUG] Connecting to my neighbour: 0
[2024-05-28 22:00:32,982][TCP][DEBUG] 7 sent the message to 0.
[2024-05-28 22:00:32,982][TCP][DEBUG] Sent message size: 46
[2024-05-28 22:00:32,982][Node][DEBUG] Sending connection request to 8
[2024-05-28 22:00:32,982][TCP][DEBUG] Connecting to my neighbour: 8
[2024-05-28 22:00:32,983][TCP][DEBUG] 7 sent the message to 8.
[2024-05-28 22:00:32,983][TCP][DEBUG] Sent message size: 46
[2024-05-28 22:00:32,983][Node][DEBUG] Waiting HELLO from 0
[2024-05-28 22:00:32,983][Node][DEBUG] Received HELLO from 0
[2024-05-28 22:00:32,983][Node][DEBUG] Waiting HELLO from 8
[2024-05-28 22:00:32,983][Node][DEBUG] Received HELLO from 8
[2024-05-28 22:00:32,983][DPSGDNode][DEBUG] Connected to all neighbors
[2024-05-28 22:00:32,984][Sharing][DEBUG] Model sending this round: [-0.07229531  0.05404471 -0.02959591 ... -0.00246878  0.00828664
 -0.01061164]
[2024-05-28 22:00:32,984][TCP][DEBUG] 7 sent the message to 0.
[2024-05-28 22:00:32,985][TCP][DEBUG] Sent message size: 359554
[2024-05-28 22:00:32,985][TCP][DEBUG] 7 sent the message to 8.
[2024-05-28 22:00:32,985][TCP][DEBUG] Sent message size: 359554
[2024-05-28 22:00:32,985][DPSGDNode][DEBUG] Sent to all neighbors
[2024-05-28 22:00:32,985][Node][DEBUG] Received some message from 0 with CHANNEL: DPSGD
[2024-05-28 22:00:32,986][DPSGDNode][DEBUG] Received Model from 0 of iteration 11
[2024-05-28 22:00:32,986][Node][DEBUG] Received some message from 8 with CHANNEL: DPSGD
[2024-05-28 22:00:32,986][DPSGDNode][DEBUG] Received Model from 8 of iteration 11
[2024-05-28 22:00:32,986][DPSGDNode][DEBUG] Received from all
[2024-05-28 22:00:32,986][DPSGDNode][DEBUG] Averaging
[2024-05-28 22:00:32,986][Sharing][DEBUG] Averaging model from neighbor 0 of iteration 11
[2024-05-28 22:00:32,987][Sharing][DEBUG] Averaging model from neighbor 8 of iteration 11
[2024-05-28 22:00:32,988][DPSGDNode][DEBUG] Finished averaging
[2024-05-28 22:00:32,988][DPSGDNode][DEBUG] resetting optimizer
[2024-05-28 22:00:32,988][DPSGDNode][DEBUG] Finished resetting optimizer
[2024-05-28 22:00:32,989][DPSGDNode][INFO] Starting training iteration: 12
[2024-05-28 22:00:33,000][Training][DEBUG] Round: 1 loss: 2.219897508621216
[2024-05-28 22:00:33,009][Training][DEBUG] Round: 2 loss: 2.3620420694351196
[2024-05-28 22:00:33,019][Training][DEBUG] Round: 3 loss: 2.3653832276662192
[2024-05-28 22:00:33,020][DPSGDWithPeerSampler][DEBUG] Requesting neighbors from the peer sampler.
[2024-05-28 22:00:33,020][TCP][DEBUG] 7 sent the message to -1.
[2024-05-28 22:00:33,020][TCP][DEBUG] Sent message size: 79
[2024-05-28 22:00:33,024][Node][DEBUG] Received some message from -1 with CHANNEL: PEERS
[2024-05-28 22:00:33,024][DPSGDWithPeerSampler][DEBUG] Neighbors this round: set()
[2024-05-28 22:00:33,024][DPSGDNode][DEBUG] Connected to all neighbors
[2024-05-28 22:00:33,024][Sharing][DEBUG] Model sending this round: [-0.07215888  0.05409766 -0.02953086 ... -0.00346772  0.00716306
 -0.01334168]
[2024-05-28 22:00:33,025][DPSGDNode][DEBUG] Sent to all neighbors
[2024-05-28 22:00:33,025][DPSGDNode][DEBUG] Received from all
[2024-05-28 22:00:33,025][DPSGDNode][DEBUG] Averaging
[2024-05-28 22:00:33,025][DPSGDNode][DEBUG] Finished averaging
[2024-05-28 22:00:33,025][DPSGDNode][DEBUG] resetting optimizer
[2024-05-28 22:00:33,025][DPSGDNode][DEBUG] Finished resetting optimizer
[2024-05-28 22:00:33,026][DPSGDNode][INFO] Starting training iteration: 13
[2024-05-28 22:00:33,036][Training][DEBUG] Round: 1 loss: 2.2001943588256836
[2024-05-28 22:00:33,046][Training][DEBUG] Round: 2 loss: 2.053178906440735
[2024-05-28 22:00:33,056][Training][DEBUG] Round: 3 loss: 2.134960174560547
[2024-05-28 22:00:33,056][DPSGDWithPeerSampler][DEBUG] Requesting neighbors from the peer sampler.
[2024-05-28 22:00:33,056][TCP][DEBUG] 7 sent the message to -1.
[2024-05-28 22:00:33,056][TCP][DEBUG] Sent message size: 79
[2024-05-28 22:00:33,057][Node][DEBUG] Received some message from 8 with CHANNEL: DPSGD
[2024-05-28 22:00:33,061][Node][DEBUG] Received some message from -1 with CHANNEL: PEERS
[2024-05-28 22:00:33,061][DPSGDWithPeerSampler][DEBUG] Neighbors this round: {8}
[2024-05-28 22:00:33,061][DPSGDNode][DEBUG] Connected to all neighbors
[2024-05-28 22:00:33,062][Sharing][DEBUG] Model sending this round: [-0.07221141  0.05383117 -0.0299418  ... -0.00526667  0.00771877
 -0.01266428]
[2024-05-28 22:00:33,062][TCP][DEBUG] 7 sent the message to 8.
[2024-05-28 22:00:33,062][TCP][DEBUG] Sent message size: 359554
[2024-05-28 22:00:33,062][DPSGDNode][DEBUG] Sent to all neighbors
[2024-05-28 22:00:33,063][DPSGDNode][DEBUG] Received Model from 8 of iteration 13
[2024-05-28 22:00:33,063][DPSGDNode][DEBUG] Received from all
[2024-05-28 22:00:33,063][DPSGDNode][DEBUG] Averaging
[2024-05-28 22:00:33,063][Sharing][DEBUG] Averaging model from neighbor 8 of iteration 13
[2024-05-28 22:00:33,064][DPSGDNode][DEBUG] Finished averaging
[2024-05-28 22:00:33,064][DPSGDNode][DEBUG] resetting optimizer
[2024-05-28 22:00:33,064][DPSGDNode][DEBUG] Finished resetting optimizer
[2024-05-28 22:00:33,065][DPSGDNode][INFO] Starting training iteration: 14
[2024-05-28 22:00:33,076][Training][DEBUG] Round: 1 loss: 2.146146059036255
[2024-05-28 22:00:33,086][Training][DEBUG] Round: 2 loss: 2.1481966972351074
[2024-05-28 22:00:33,096][Training][DEBUG] Round: 3 loss: 2.1912566820780435
[2024-05-28 22:00:33,096][DPSGDWithPeerSampler][DEBUG] Requesting neighbors from the peer sampler.
[2024-05-28 22:00:33,096][TCP][DEBUG] 7 sent the message to -1.
[2024-05-28 22:00:33,096][TCP][DEBUG] Sent message size: 79
[2024-05-28 22:00:33,098][Node][DEBUG] Received some message from -1 with CHANNEL: PEERS
[2024-05-28 22:00:33,098][DPSGDWithPeerSampler][DEBUG] Neighbors this round: set()
[2024-05-28 22:00:33,098][DPSGDNode][DEBUG] Connected to all neighbors
[2024-05-28 22:00:33,099][Sharing][DEBUG] Model sending this round: [-0.07292407  0.05312572 -0.03059725 ... -0.00491916  0.00616813
 -0.01103531]
[2024-05-28 22:00:33,099][DPSGDNode][DEBUG] Sent to all neighbors
[2024-05-28 22:00:33,099][DPSGDNode][DEBUG] Received from all
[2024-05-28 22:00:33,099][DPSGDNode][DEBUG] Averaging
[2024-05-28 22:00:33,099][DPSGDNode][DEBUG] Finished averaging
[2024-05-28 22:00:33,099][DPSGDNode][DEBUG] resetting optimizer
[2024-05-28 22:00:33,100][DPSGDNode][DEBUG] Finished resetting optimizer
[2024-05-28 22:00:33,101][DPSGDNode][INFO] Starting training iteration: 15
[2024-05-28 22:00:33,111][Training][DEBUG] Round: 1 loss: 2.506195545196533
[2024-05-28 22:00:33,120][Training][DEBUG] Round: 2 loss: 2.48562228679657
[2024-05-28 22:00:33,130][Training][DEBUG] Round: 3 loss: 2.3383521238962808
[2024-05-28 22:00:33,130][DPSGDWithPeerSampler][DEBUG] Requesting neighbors from the peer sampler.
[2024-05-28 22:00:33,130][TCP][DEBUG] 7 sent the message to -1.
[2024-05-28 22:00:33,130][TCP][DEBUG] Sent message size: 79
[2024-05-28 22:00:33,131][Node][DEBUG] Received some message from -1 with CHANNEL: PEERS
[2024-05-28 22:00:33,131][DPSGDWithPeerSampler][DEBUG] Neighbors this round: {8}
[2024-05-28 22:00:33,131][DPSGDNode][DEBUG] Connected to all neighbors
[2024-05-28 22:00:33,132][Sharing][DEBUG] Model sending this round: [-0.0729724   0.05302362 -0.03043513 ... -0.00669132  0.00483528
 -0.01338821]
[2024-05-28 22:00:33,132][TCP][DEBUG] 7 sent the message to 8.
[2024-05-28 22:00:33,133][TCP][DEBUG] Sent message size: 359554
[2024-05-28 22:00:33,133][DPSGDNode][DEBUG] Sent to all neighbors
[2024-05-28 22:00:33,140][Node][DEBUG] Received some message from 8 with CHANNEL: DPSGD
[2024-05-28 22:00:33,140][DPSGDNode][DEBUG] Received Model from 8 of iteration 15
[2024-05-28 22:00:33,140][DPSGDNode][DEBUG] Received from all
[2024-05-28 22:00:33,140][DPSGDNode][DEBUG] Averaging
[2024-05-28 22:00:33,141][Sharing][DEBUG] Averaging model from neighbor 8 of iteration 15
[2024-05-28 22:00:33,142][DPSGDNode][DEBUG] Finished averaging
[2024-05-28 22:00:33,142][DPSGDNode][DEBUG] resetting optimizer
[2024-05-28 22:00:33,142][DPSGDNode][DEBUG] Finished resetting optimizer
[2024-05-28 22:00:33,144][DPSGDNode][INFO] Starting training iteration: 16
[2024-05-28 22:00:33,154][Training][DEBUG] Round: 1 loss: 1.839779257774353
[2024-05-28 22:00:33,164][Training][DEBUG] Round: 2 loss: 2.0412104725837708
[2024-05-28 22:00:33,178][Training][DEBUG] Round: 3 loss: 2.0345818599065146
[2024-05-28 22:00:33,179][DPSGDWithPeerSampler][DEBUG] Requesting neighbors from the peer sampler.
[2024-05-28 22:00:33,179][TCP][DEBUG] 7 sent the message to -1.
[2024-05-28 22:00:33,180][TCP][DEBUG] Sent message size: 79
[2024-05-28 22:00:33,207][Node][DEBUG] Received some message from -1 with CHANNEL: PEERS
[2024-05-28 22:00:33,207][DPSGDWithPeerSampler][DEBUG] Neighbors this round: set()
[2024-05-28 22:00:33,208][DPSGDNode][DEBUG] Connected to all neighbors
[2024-05-28 22:00:33,208][Sharing][DEBUG] Model sending this round: [-0.0721592   0.05349364 -0.0303005  ... -0.00686566  0.00749349
 -0.01325994]
[2024-05-28 22:00:33,208][DPSGDNode][DEBUG] Sent to all neighbors
[2024-05-28 22:00:33,209][DPSGDNode][DEBUG] Received from all
[2024-05-28 22:00:33,209][DPSGDNode][DEBUG] Averaging
[2024-05-28 22:00:33,209][DPSGDNode][DEBUG] Finished averaging
[2024-05-28 22:00:33,209][DPSGDNode][DEBUG] resetting optimizer
[2024-05-28 22:00:33,209][DPSGDNode][DEBUG] Finished resetting optimizer
[2024-05-28 22:00:33,211][DPSGDNode][INFO] Starting training iteration: 17
[2024-05-28 22:00:33,221][Training][DEBUG] Round: 1 loss: 2.273608922958374
[2024-05-28 22:00:33,240][Training][DEBUG] Round: 2 loss: 2.225083827972412
[2024-05-28 22:00:33,258][Training][DEBUG] Round: 3 loss: 2.466083844502767
[2024-05-28 22:00:33,270][DPSGDWithPeerSampler][DEBUG] Requesting neighbors from the peer sampler.
[2024-05-28 22:00:33,271][TCP][DEBUG] 7 sent the message to -1.
[2024-05-28 22:00:33,271][TCP][DEBUG] Sent message size: 79
[2024-05-28 22:00:33,272][Node][DEBUG] Received some message from -1 with CHANNEL: PEERS
[2024-05-28 22:00:33,272][DPSGDWithPeerSampler][DEBUG] Neighbors this round: set()
[2024-05-28 22:00:33,272][DPSGDNode][DEBUG] Connected to all neighbors
[2024-05-28 22:00:33,273][Sharing][DEBUG] Model sending this round: [-0.07174342  0.05409392 -0.02980834 ... -0.00560288  0.00636887
 -0.01102378]
[2024-05-28 22:00:33,273][DPSGDNode][DEBUG] Sent to all neighbors
[2024-05-28 22:00:33,273][DPSGDNode][DEBUG] Received from all
[2024-05-28 22:00:33,273][DPSGDNode][DEBUG] Averaging
[2024-05-28 22:00:33,274][DPSGDNode][DEBUG] Finished averaging
[2024-05-28 22:00:33,274][DPSGDNode][DEBUG] resetting optimizer
[2024-05-28 22:00:33,274][DPSGDNode][DEBUG] Finished resetting optimizer
[2024-05-28 22:00:33,275][DPSGDNode][INFO] Starting training iteration: 18
[2024-05-28 22:00:33,288][Training][DEBUG] Round: 1 loss: 1.9481309652328491
[2024-05-28 22:00:33,299][Training][DEBUG] Round: 2 loss: 2.1843339800834656
[2024-05-28 22:00:33,308][Training][DEBUG] Round: 3 loss: 2.17408295472463
[2024-05-28 22:00:33,309][DPSGDWithPeerSampler][DEBUG] Requesting neighbors from the peer sampler.
[2024-05-28 22:00:33,309][TCP][DEBUG] 7 sent the message to -1.
[2024-05-28 22:00:33,309][TCP][DEBUG] Sent message size: 79
[2024-05-28 22:00:33,310][Node][DEBUG] Received some message from -1 with CHANNEL: PEERS
[2024-05-28 22:00:33,310][DPSGDWithPeerSampler][DEBUG] Neighbors this round: set()
[2024-05-28 22:00:33,310][DPSGDNode][DEBUG] Connected to all neighbors
[2024-05-28 22:00:33,311][Sharing][DEBUG] Model sending this round: [-0.07160901  0.05407309 -0.03005978 ... -0.00605989  0.00531914
 -0.01203496]
[2024-05-28 22:00:33,311][DPSGDNode][DEBUG] Sent to all neighbors
[2024-05-28 22:00:33,312][DPSGDNode][DEBUG] Received from all
[2024-05-28 22:00:33,312][DPSGDNode][DEBUG] Averaging
[2024-05-28 22:00:33,312][DPSGDNode][DEBUG] Finished averaging
[2024-05-28 22:00:33,312][DPSGDNode][DEBUG] resetting optimizer
[2024-05-28 22:00:33,312][DPSGDNode][DEBUG] Finished resetting optimizer
[2024-05-28 22:00:33,314][DPSGDNode][INFO] Starting training iteration: 19
[2024-05-28 22:00:33,324][Training][DEBUG] Round: 1 loss: 1.8604159355163574
[2024-05-28 22:00:33,334][Training][DEBUG] Round: 2 loss: 2.0437960624694824
[2024-05-28 22:00:33,344][Training][DEBUG] Round: 3 loss: 2.0228760639826455
[2024-05-28 22:00:33,344][DPSGDWithPeerSampler][DEBUG] Requesting neighbors from the peer sampler.
[2024-05-28 22:00:33,345][TCP][DEBUG] 7 sent the message to -1.
[2024-05-28 22:00:33,345][TCP][DEBUG] Sent message size: 79
[2024-05-28 22:00:33,345][Node][DEBUG] Received some message from 8 with CHANNEL: DPSGD
[2024-05-28 22:00:33,346][Node][DEBUG] Received some message from -1 with CHANNEL: PEERS
[2024-05-28 22:00:33,346][DPSGDWithPeerSampler][DEBUG] Neighbors this round: {0, 8}
[2024-05-28 22:00:33,346][DPSGDNode][DEBUG] Connected to all neighbors
[2024-05-28 22:00:33,347][Sharing][DEBUG] Model sending this round: [-0.07120176  0.05444942 -0.02985544 ... -0.00638881  0.0077192
 -0.0130086 ]
[2024-05-28 22:00:33,347][TCP][DEBUG] 7 sent the message to 0.
[2024-05-28 22:00:33,347][TCP][DEBUG] Sent message size: 359554
[2024-05-28 22:00:33,348][TCP][DEBUG] 7 sent the message to 8.
[2024-05-28 22:00:33,348][TCP][DEBUG] Sent message size: 359554
[2024-05-28 22:00:33,348][DPSGDNode][DEBUG] Sent to all neighbors
[2024-05-28 22:00:33,348][DPSGDNode][DEBUG] Received Model from 8 of iteration 19
[2024-05-28 22:00:33,350][Node][DEBUG] Received some message from 0 with CHANNEL: DPSGD
[2024-05-28 22:00:33,350][DPSGDNode][DEBUG] Received Model from 0 of iteration 19
[2024-05-28 22:00:33,350][DPSGDNode][DEBUG] Received from all
[2024-05-28 22:00:33,350][DPSGDNode][DEBUG] Averaging
[2024-05-28 22:00:33,350][Sharing][DEBUG] Averaging model from neighbor 0 of iteration 19
[2024-05-28 22:00:33,350][Sharing][DEBUG] Averaging model from neighbor 8 of iteration 19
[2024-05-28 22:00:33,352][DPSGDNode][DEBUG] Finished averaging
[2024-05-28 22:00:33,352][DPSGDNode][DEBUG] resetting optimizer
[2024-05-28 22:00:33,352][DPSGDNode][DEBUG] Finished resetting optimizer
[2024-05-28 22:00:33,352][DPSGDNode][INFO] Evaluating on train set.
