[2024-05-28 22:00:19,927][DPSGDNode][DEBUG] Rank: 8
[2024-05-28 22:00:19,929][DPSGDNode][DEBUG] type(graph): <class 'int'>
[2024-05-28 22:00:19,929][DPSGDNode][DEBUG] type(mapping): <class 'decentralizepy.mappings.Linear.Linear'>
[2024-05-28 22:00:29,468][CIFAR10][INFO] Loading training set.
[2024-05-28 22:00:31,047][CIFAR10][DEBUG] Size fractions: [0.08332, 0.08332, 0.08332, 0.08332, 0.08332, 0.08332, 0.08332, 0.08332, 0.08332, 0.08332, 0.08332, 0.08347999999999994]
[2024-05-28 22:00:31,077][CIFAR10][INFO] Loading testing set.
[2024-05-28 22:00:31,850][CIFAR10][INFO] Extracting the validation set from the test set.
[2024-05-28 22:00:31,851][Node][INFO] Dataset instantiation complete.
[2024-05-28 22:00:31,923][DPSGDWithPeerSampler][INFO] Each proc uses 2 threads out of 32.
[2024-05-28 22:00:31,923][Node][DEBUG] Sending connection request to -1
[2024-05-28 22:00:31,923][TCP][DEBUG] Connecting to my neighbour: -1
[2024-05-28 22:00:31,923][TCP][DEBUG] 8 sent the message to -1.
[2024-05-28 22:00:31,924][TCP][DEBUG] Sent message size: 46
[2024-05-28 22:00:31,924][Node][DEBUG] Waiting HELLO from -1
[2024-05-28 22:00:31,959][Node][DEBUG] Received some message from -1 with CHANNEL: CONNECT
[2024-05-28 22:00:31,959][Node][DEBUG] Received HELLO from -1
[2024-05-28 22:00:31,959][DPSGDNode][INFO] Starting training iteration: 0
[2024-05-28 22:00:32,484][Training][DEBUG] Round: 1 loss: 2.3932433128356934
[2024-05-28 22:00:32,495][Training][DEBUG] Round: 2 loss: 2.3648403882980347
[2024-05-28 22:00:32,505][Training][DEBUG] Round: 3 loss: 2.507838249206543
[2024-05-28 22:00:32,505][DPSGDWithPeerSampler][DEBUG] Requesting neighbors from the peer sampler.
[2024-05-28 22:00:32,506][TCP][DEBUG] 8 sent the message to -1.
[2024-05-28 22:00:32,506][TCP][DEBUG] Sent message size: 79
[2024-05-28 22:00:32,514][Node][DEBUG] Received some message from -1 with CHANNEL: PEERS
[2024-05-28 22:00:32,515][DPSGDWithPeerSampler][DEBUG] Neighbors this round: set()
[2024-05-28 22:00:32,515][DPSGDNode][DEBUG] Connected to all neighbors
[2024-05-28 22:00:32,516][Sharing][DEBUG] Model sending this round: [-0.07411956  0.05176938 -0.03162206 ... -0.00594613  0.00727127
 -0.01141831]
[2024-05-28 22:00:32,516][DPSGDNode][DEBUG] Sent to all neighbors
[2024-05-28 22:00:32,516][DPSGDNode][DEBUG] Received from all
[2024-05-28 22:00:32,516][DPSGDNode][DEBUG] Averaging
[2024-05-28 22:00:32,517][DPSGDNode][DEBUG] Finished averaging
[2024-05-28 22:00:32,517][DPSGDNode][DEBUG] resetting optimizer
[2024-05-28 22:00:32,517][DPSGDNode][DEBUG] Finished resetting optimizer
[2024-05-28 22:00:32,519][DPSGDNode][INFO] Starting training iteration: 1
[2024-05-28 22:00:32,529][Training][DEBUG] Round: 1 loss: 2.8721091747283936
[2024-05-28 22:00:32,539][Training][DEBUG] Round: 2 loss: 2.8262282609939575
[2024-05-28 22:00:32,549][Training][DEBUG] Round: 3 loss: 2.830470085144043
[2024-05-28 22:00:32,549][DPSGDWithPeerSampler][DEBUG] Requesting neighbors from the peer sampler.
[2024-05-28 22:00:32,550][TCP][DEBUG] 8 sent the message to -1.
[2024-05-28 22:00:32,550][TCP][DEBUG] Sent message size: 79
[2024-05-28 22:00:32,551][Node][DEBUG] Received some message from -1 with CHANNEL: PEERS
[2024-05-28 22:00:32,551][DPSGDWithPeerSampler][DEBUG] Neighbors this round: set()
[2024-05-28 22:00:32,551][DPSGDNode][DEBUG] Connected to all neighbors
[2024-05-28 22:00:32,552][Sharing][DEBUG] Model sending this round: [-0.07369566  0.05196209 -0.03173863 ... -0.00527098  0.00634959
 -0.01256797]
[2024-05-28 22:00:32,552][DPSGDNode][DEBUG] Sent to all neighbors
[2024-05-28 22:00:32,552][DPSGDNode][DEBUG] Received from all
[2024-05-28 22:00:32,553][DPSGDNode][DEBUG] Averaging
[2024-05-28 22:00:32,553][DPSGDNode][DEBUG] Finished averaging
[2024-05-28 22:00:32,553][DPSGDNode][DEBUG] resetting optimizer
[2024-05-28 22:00:32,553][DPSGDNode][DEBUG] Finished resetting optimizer
[2024-05-28 22:00:32,554][DPSGDNode][INFO] Starting training iteration: 2
[2024-05-28 22:00:32,564][Training][DEBUG] Round: 1 loss: 3.3028345108032227
[2024-05-28 22:00:32,575][Training][DEBUG] Round: 2 loss: 2.78930127620697
[2024-05-28 22:00:32,585][Training][DEBUG] Round: 3 loss: 2.5063881079355874
[2024-05-28 22:00:32,585][DPSGDWithPeerSampler][DEBUG] Requesting neighbors from the peer sampler.
[2024-05-28 22:00:32,585][TCP][DEBUG] 8 sent the message to -1.
[2024-05-28 22:00:32,585][TCP][DEBUG] Sent message size: 79
[2024-05-28 22:00:32,586][Node][DEBUG] Received some message from -1 with CHANNEL: PEERS
[2024-05-28 22:00:32,586][DPSGDWithPeerSampler][DEBUG] Neighbors this round: set()
[2024-05-28 22:00:32,586][DPSGDNode][DEBUG] Connected to all neighbors
[2024-05-28 22:00:32,587][Sharing][DEBUG] Model sending this round: [-0.07383944  0.05191253 -0.03155075 ... -0.00626392  0.00611454
 -0.01238334]
[2024-05-28 22:00:32,587][DPSGDNode][DEBUG] Sent to all neighbors
[2024-05-28 22:00:32,587][DPSGDNode][DEBUG] Received from all
[2024-05-28 22:00:32,588][DPSGDNode][DEBUG] Averaging
[2024-05-28 22:00:32,588][DPSGDNode][DEBUG] Finished averaging
[2024-05-28 22:00:32,588][DPSGDNode][DEBUG] resetting optimizer
[2024-05-28 22:00:32,588][DPSGDNode][DEBUG] Finished resetting optimizer
[2024-05-28 22:00:32,589][DPSGDNode][INFO] Starting training iteration: 3
[2024-05-28 22:00:32,599][Training][DEBUG] Round: 1 loss: 2.714770793914795
[2024-05-28 22:00:32,609][Training][DEBUG] Round: 2 loss: 2.3430075645446777
[2024-05-28 22:00:32,619][Training][DEBUG] Round: 3 loss: 2.314419428507487
[2024-05-28 22:00:32,620][DPSGDWithPeerSampler][DEBUG] Requesting neighbors from the peer sampler.
[2024-05-28 22:00:32,620][TCP][DEBUG] 8 sent the message to -1.
[2024-05-28 22:00:32,620][TCP][DEBUG] Sent message size: 79
[2024-05-28 22:00:32,621][Node][DEBUG] Received some message from -1 with CHANNEL: PEERS
[2024-05-28 22:00:32,621][DPSGDWithPeerSampler][DEBUG] Neighbors this round: set()
[2024-05-28 22:00:32,621][DPSGDNode][DEBUG] Connected to all neighbors
[2024-05-28 22:00:32,622][Sharing][DEBUG] Model sending this round: [-0.0738344   0.05187706 -0.03172358 ... -0.00703563  0.00664225
 -0.01310168]
[2024-05-28 22:00:32,622][DPSGDNode][DEBUG] Sent to all neighbors
[2024-05-28 22:00:32,622][DPSGDNode][DEBUG] Received from all
[2024-05-28 22:00:32,622][DPSGDNode][DEBUG] Averaging
[2024-05-28 22:00:32,623][DPSGDNode][DEBUG] Finished averaging
[2024-05-28 22:00:32,623][DPSGDNode][DEBUG] resetting optimizer
[2024-05-28 22:00:32,623][DPSGDNode][DEBUG] Finished resetting optimizer
[2024-05-28 22:00:32,626][DPSGDNode][INFO] Starting training iteration: 4
[2024-05-28 22:00:32,636][Training][DEBUG] Round: 1 loss: 2.5674631595611572
[2024-05-28 22:00:32,646][Training][DEBUG] Round: 2 loss: 2.740292549133301
[2024-05-28 22:00:32,656][Training][DEBUG] Round: 3 loss: 2.6191577116648355
[2024-05-28 22:00:32,656][DPSGDWithPeerSampler][DEBUG] Requesting neighbors from the peer sampler.
[2024-05-28 22:00:32,656][TCP][DEBUG] 8 sent the message to -1.
[2024-05-28 22:00:32,657][TCP][DEBUG] Sent message size: 79
[2024-05-28 22:00:32,660][Node][DEBUG] Received some message from -1 with CHANNEL: PEERS
[2024-05-28 22:00:32,660][DPSGDWithPeerSampler][DEBUG] Neighbors this round: set()
[2024-05-28 22:00:32,660][DPSGDNode][DEBUG] Connected to all neighbors
[2024-05-28 22:00:32,661][Sharing][DEBUG] Model sending this round: [-0.07349404  0.05213223 -0.03171324 ... -0.00527483  0.00703007
 -0.01403182]
[2024-05-28 22:00:32,661][DPSGDNode][DEBUG] Sent to all neighbors
[2024-05-28 22:00:32,661][DPSGDNode][DEBUG] Received from all
[2024-05-28 22:00:32,661][DPSGDNode][DEBUG] Averaging
[2024-05-28 22:00:32,662][DPSGDNode][DEBUG] Finished averaging
[2024-05-28 22:00:32,662][DPSGDNode][DEBUG] resetting optimizer
[2024-05-28 22:00:32,662][DPSGDNode][DEBUG] Finished resetting optimizer
[2024-05-28 22:00:32,663][DPSGDNode][INFO] Starting training iteration: 5
[2024-05-28 22:00:32,673][Training][DEBUG] Round: 1 loss: 2.177478790283203
[2024-05-28 22:00:32,683][Training][DEBUG] Round: 2 loss: 2.2237932682037354
[2024-05-28 22:00:32,692][Training][DEBUG] Round: 3 loss: 2.226134777069092
[2024-05-28 22:00:32,692][DPSGDWithPeerSampler][DEBUG] Requesting neighbors from the peer sampler.
[2024-05-28 22:00:32,693][TCP][DEBUG] 8 sent the message to -1.
[2024-05-28 22:00:32,693][TCP][DEBUG] Sent message size: 79
[2024-05-28 22:00:32,696][Node][DEBUG] Received some message from -1 with CHANNEL: PEERS
[2024-05-28 22:00:32,696][DPSGDWithPeerSampler][DEBUG] Neighbors this round: set()
[2024-05-28 22:00:32,696][DPSGDNode][DEBUG] Connected to all neighbors
[2024-05-28 22:00:32,697][Sharing][DEBUG] Model sending this round: [-0.07374724  0.05157452 -0.03209022 ... -0.00586253  0.00814723
 -0.01344484]
[2024-05-28 22:00:32,697][DPSGDNode][DEBUG] Sent to all neighbors
[2024-05-28 22:00:32,697][DPSGDNode][DEBUG] Received from all
[2024-05-28 22:00:32,697][DPSGDNode][DEBUG] Averaging
[2024-05-28 22:00:32,698][DPSGDNode][DEBUG] Finished averaging
[2024-05-28 22:00:32,698][DPSGDNode][DEBUG] resetting optimizer
[2024-05-28 22:00:32,698][DPSGDNode][DEBUG] Finished resetting optimizer
[2024-05-28 22:00:32,745][DPSGDNode][INFO] Starting training iteration: 6
[2024-05-28 22:00:32,755][Training][DEBUG] Round: 1 loss: 2.310519218444824
[2024-05-28 22:00:32,765][Training][DEBUG] Round: 2 loss: 2.2294983863830566
[2024-05-28 22:00:32,775][Training][DEBUG] Round: 3 loss: 2.2347814242045083
[2024-05-28 22:00:32,775][DPSGDWithPeerSampler][DEBUG] Requesting neighbors from the peer sampler.
[2024-05-28 22:00:32,775][TCP][DEBUG] 8 sent the message to -1.
[2024-05-28 22:00:32,775][TCP][DEBUG] Sent message size: 79
[2024-05-28 22:00:32,776][Node][DEBUG] Received some message from -1 with CHANNEL: PEERS
[2024-05-28 22:00:32,776][DPSGDWithPeerSampler][DEBUG] Neighbors this round: set()
[2024-05-28 22:00:32,776][DPSGDNode][DEBUG] Connected to all neighbors
[2024-05-28 22:00:32,777][Sharing][DEBUG] Model sending this round: [-0.07379672  0.0516005  -0.03198012 ... -0.00642719  0.00768239
 -0.01200457]
[2024-05-28 22:00:32,777][DPSGDNode][DEBUG] Sent to all neighbors
[2024-05-28 22:00:32,777][DPSGDNode][DEBUG] Received from all
[2024-05-28 22:00:32,778][DPSGDNode][DEBUG] Averaging
[2024-05-28 22:00:32,778][DPSGDNode][DEBUG] Finished averaging
[2024-05-28 22:00:32,778][DPSGDNode][DEBUG] resetting optimizer
[2024-05-28 22:00:32,778][DPSGDNode][DEBUG] Finished resetting optimizer
[2024-05-28 22:00:32,780][DPSGDNode][INFO] Starting training iteration: 7
[2024-05-28 22:00:32,790][Training][DEBUG] Round: 1 loss: 2.7729907035827637
[2024-05-28 22:00:32,799][Training][DEBUG] Round: 2 loss: 2.399836301803589
[2024-05-28 22:00:32,809][Training][DEBUG] Round: 3 loss: 2.3632489840189614
[2024-05-28 22:00:32,809][DPSGDWithPeerSampler][DEBUG] Requesting neighbors from the peer sampler.
[2024-05-28 22:00:32,810][TCP][DEBUG] 8 sent the message to -1.
[2024-05-28 22:00:32,810][TCP][DEBUG] Sent message size: 79
[2024-05-28 22:00:32,811][Node][DEBUG] Received some message from -1 with CHANNEL: PEERS
[2024-05-28 22:00:32,811][DPSGDWithPeerSampler][DEBUG] Neighbors this round: set()
[2024-05-28 22:00:32,811][DPSGDNode][DEBUG] Connected to all neighbors
[2024-05-28 22:00:32,811][Sharing][DEBUG] Model sending this round: [-0.07352621  0.05181434 -0.03186547 ... -0.00425219  0.01028853
 -0.01365925]
[2024-05-28 22:00:32,812][DPSGDNode][DEBUG] Sent to all neighbors
[2024-05-28 22:00:32,812][DPSGDNode][DEBUG] Received from all
[2024-05-28 22:00:32,812][DPSGDNode][DEBUG] Averaging
[2024-05-28 22:00:32,813][DPSGDNode][DEBUG] Finished averaging
[2024-05-28 22:00:32,813][DPSGDNode][DEBUG] resetting optimizer
[2024-05-28 22:00:32,813][DPSGDNode][DEBUG] Finished resetting optimizer
[2024-05-28 22:00:32,814][DPSGDNode][INFO] Starting training iteration: 8
[2024-05-28 22:00:32,824][Training][DEBUG] Round: 1 loss: 1.9276584386825562
[2024-05-28 22:00:32,833][Training][DEBUG] Round: 2 loss: 2.277221977710724
[2024-05-28 22:00:32,843][Training][DEBUG] Round: 3 loss: 2.2542508045832315
[2024-05-28 22:00:32,843][DPSGDWithPeerSampler][DEBUG] Requesting neighbors from the peer sampler.
[2024-05-28 22:00:32,844][TCP][DEBUG] 8 sent the message to -1.
[2024-05-28 22:00:32,844][TCP][DEBUG] Sent message size: 79
[2024-05-28 22:00:32,844][Node][DEBUG] Received some message from 1 with CHANNEL: CONNECT
[2024-05-28 22:00:32,845][Node][DEBUG] Received some message from -1 with CHANNEL: PEERS
[2024-05-28 22:00:32,845][DPSGDWithPeerSampler][DEBUG] Neighbors this round: {1}
[2024-05-28 22:00:32,845][Node][DEBUG] Sending connection request to 1
[2024-05-28 22:00:32,845][TCP][DEBUG] Connecting to my neighbour: 1
[2024-05-28 22:00:32,845][TCP][DEBUG] 8 sent the message to 1.
[2024-05-28 22:00:32,846][TCP][DEBUG] Sent message size: 46
[2024-05-28 22:00:32,846][Node][DEBUG] Waiting HELLO from 1
[2024-05-28 22:00:32,846][Node][DEBUG] Received HELLO from 1
[2024-05-28 22:00:32,846][DPSGDNode][DEBUG] Connected to all neighbors
[2024-05-28 22:00:32,847][Sharing][DEBUG] Model sending this round: [-0.07356512  0.05181642 -0.03181224 ... -0.00566824  0.00659078
 -0.00825476]
[2024-05-28 22:00:32,847][TCP][DEBUG] 8 sent the message to 1.
[2024-05-28 22:00:32,847][TCP][DEBUG] Sent message size: 359554
[2024-05-28 22:00:32,848][DPSGDNode][DEBUG] Sent to all neighbors
[2024-05-28 22:00:32,848][Node][DEBUG] Received some message from 1 with CHANNEL: DPSGD
[2024-05-28 22:00:32,848][DPSGDNode][DEBUG] Received Model from 1 of iteration 8
[2024-05-28 22:00:32,848][DPSGDNode][DEBUG] Received from all
[2024-05-28 22:00:32,848][DPSGDNode][DEBUG] Averaging
[2024-05-28 22:00:32,849][Sharing][DEBUG] Averaging model from neighbor 1 of iteration 8
[2024-05-28 22:00:32,850][DPSGDNode][DEBUG] Finished averaging
[2024-05-28 22:00:32,850][DPSGDNode][DEBUG] resetting optimizer
[2024-05-28 22:00:32,850][DPSGDNode][DEBUG] Finished resetting optimizer
[2024-05-28 22:00:32,851][DPSGDNode][INFO] Starting training iteration: 9
[2024-05-28 22:00:32,863][Training][DEBUG] Round: 1 loss: 1.8923646211624146
[2024-05-28 22:00:32,873][Training][DEBUG] Round: 2 loss: 2.1159977316856384
[2024-05-28 22:00:32,883][Training][DEBUG] Round: 3 loss: 2.161025087038676
[2024-05-28 22:00:32,883][DPSGDWithPeerSampler][DEBUG] Requesting neighbors from the peer sampler.
[2024-05-28 22:00:32,883][TCP][DEBUG] 8 sent the message to -1.
[2024-05-28 22:00:32,883][TCP][DEBUG] Sent message size: 79
[2024-05-28 22:00:32,885][Node][DEBUG] Received some message from -1 with CHANNEL: PEERS
[2024-05-28 22:00:32,885][DPSGDWithPeerSampler][DEBUG] Neighbors this round: set()
[2024-05-28 22:00:32,885][DPSGDNode][DEBUG] Connected to all neighbors
[2024-05-28 22:00:32,886][Sharing][DEBUG] Model sending this round: [-0.07346226  0.05233063 -0.03094423 ... -0.00637677  0.00659266
 -0.01177288]
[2024-05-28 22:00:32,886][DPSGDNode][DEBUG] Sent to all neighbors
[2024-05-28 22:00:32,886][DPSGDNode][DEBUG] Received from all
[2024-05-28 22:00:32,886][DPSGDNode][DEBUG] Averaging
[2024-05-28 22:00:32,887][DPSGDNode][DEBUG] Finished averaging
[2024-05-28 22:00:32,887][DPSGDNode][DEBUG] resetting optimizer
[2024-05-28 22:00:32,887][DPSGDNode][DEBUG] Finished resetting optimizer
[2024-05-28 22:00:32,888][DPSGDNode][INFO] Starting training iteration: 10
[2024-05-28 22:00:32,899][Training][DEBUG] Round: 1 loss: 2.195960521697998
[2024-05-28 22:00:32,909][Training][DEBUG] Round: 2 loss: 2.143309235572815
[2024-05-28 22:00:32,919][Training][DEBUG] Round: 3 loss: 2.194404681523641
[2024-05-28 22:00:32,919][DPSGDWithPeerSampler][DEBUG] Requesting neighbors from the peer sampler.
[2024-05-28 22:00:32,919][TCP][DEBUG] 8 sent the message to -1.
[2024-05-28 22:00:32,919][TCP][DEBUG] Sent message size: 79
[2024-05-28 22:00:32,920][Node][DEBUG] Received some message from -1 with CHANNEL: PEERS
[2024-05-28 22:00:32,920][DPSGDWithPeerSampler][DEBUG] Neighbors this round: {1}
[2024-05-28 22:00:32,920][DPSGDNode][DEBUG] Connected to all neighbors
[2024-05-28 22:00:32,921][Sharing][DEBUG] Model sending this round: [-0.07329012  0.05246872 -0.03092177 ... -0.00519586  0.00861224
 -0.01278941]
[2024-05-28 22:00:32,922][TCP][DEBUG] 8 sent the message to 1.
[2024-05-28 22:00:32,922][TCP][DEBUG] Sent message size: 359554
[2024-05-28 22:00:32,922][DPSGDNode][DEBUG] Sent to all neighbors
[2024-05-28 22:00:32,924][Node][DEBUG] Received some message from 1 with CHANNEL: DPSGD
[2024-05-28 22:00:32,925][DPSGDNode][DEBUG] Received Model from 1 of iteration 10
[2024-05-28 22:00:32,925][DPSGDNode][DEBUG] Received from all
[2024-05-28 22:00:32,925][DPSGDNode][DEBUG] Averaging
[2024-05-28 22:00:32,925][Sharing][DEBUG] Averaging model from neighbor 1 of iteration 10
[2024-05-28 22:00:32,926][DPSGDNode][DEBUG] Finished averaging
[2024-05-28 22:00:32,926][DPSGDNode][DEBUG] resetting optimizer
[2024-05-28 22:00:32,926][DPSGDNode][DEBUG] Finished resetting optimizer
[2024-05-28 22:00:32,927][DPSGDNode][INFO] Starting training iteration: 11
[2024-05-28 22:00:32,938][Training][DEBUG] Round: 1 loss: 2.0647547245025635
[2024-05-28 22:00:32,948][Training][DEBUG] Round: 2 loss: 2.253414750099182
[2024-05-28 22:00:32,958][Training][DEBUG] Round: 3 loss: 2.233428955078125
[2024-05-28 22:00:32,958][DPSGDWithPeerSampler][DEBUG] Requesting neighbors from the peer sampler.
[2024-05-28 22:00:32,958][TCP][DEBUG] 8 sent the message to -1.
[2024-05-28 22:00:32,959][TCP][DEBUG] Sent message size: 79
[2024-05-28 22:00:32,960][Node][DEBUG] Received some message from -1 with CHANNEL: PEERS
[2024-05-28 22:00:32,960][DPSGDWithPeerSampler][DEBUG] Neighbors this round: {0, 7}
[2024-05-28 22:00:32,960][Node][DEBUG] Sending connection request to 0
[2024-05-28 22:00:32,961][TCP][DEBUG] Connecting to my neighbour: 0
[2024-05-28 22:00:32,961][TCP][DEBUG] 8 sent the message to 0.
[2024-05-28 22:00:32,961][TCP][DEBUG] Sent message size: 46
[2024-05-28 22:00:32,961][Node][DEBUG] Sending connection request to 7
[2024-05-28 22:00:32,961][TCP][DEBUG] Connecting to my neighbour: 7
[2024-05-28 22:00:32,962][TCP][DEBUG] 8 sent the message to 7.
[2024-05-28 22:00:32,962][TCP][DEBUG] Sent message size: 46
[2024-05-28 22:00:32,962][Node][DEBUG] Waiting HELLO from 0
[2024-05-28 22:00:32,962][Node][DEBUG] Received some message from 0 with CHANNEL: CONNECT
[2024-05-28 22:00:32,962][Node][DEBUG] Received HELLO from 0
[2024-05-28 22:00:32,962][Node][DEBUG] Waiting HELLO from 7
[2024-05-28 22:00:32,983][Node][DEBUG] Received some message from 7 with CHANNEL: CONNECT
[2024-05-28 22:00:32,983][Node][DEBUG] Received HELLO from 7
[2024-05-28 22:00:32,983][DPSGDNode][DEBUG] Connected to all neighbors
[2024-05-28 22:00:32,984][Sharing][DEBUG] Model sending this round: [-0.07325269  0.05252485 -0.03123652 ... -0.00614454  0.00644319
 -0.01154985]
[2024-05-28 22:00:32,984][TCP][DEBUG] 8 sent the message to 0.
[2024-05-28 22:00:32,984][TCP][DEBUG] Sent message size: 359554
[2024-05-28 22:00:32,985][TCP][DEBUG] 8 sent the message to 7.
[2024-05-28 22:00:32,985][TCP][DEBUG] Sent message size: 359554
[2024-05-28 22:00:32,985][DPSGDNode][DEBUG] Sent to all neighbors
[2024-05-28 22:00:32,985][Node][DEBUG] Received some message from 0 with CHANNEL: DPSGD
[2024-05-28 22:00:32,985][DPSGDNode][DEBUG] Received Model from 0 of iteration 11
[2024-05-28 22:00:32,985][Node][DEBUG] Received some message from 7 with CHANNEL: DPSGD
[2024-05-28 22:00:32,986][DPSGDNode][DEBUG] Received Model from 7 of iteration 11
[2024-05-28 22:00:32,986][DPSGDNode][DEBUG] Received from all
[2024-05-28 22:00:32,986][DPSGDNode][DEBUG] Averaging
[2024-05-28 22:00:32,986][Sharing][DEBUG] Averaging model from neighbor 0 of iteration 11
[2024-05-28 22:00:32,986][Sharing][DEBUG] Averaging model from neighbor 7 of iteration 11
[2024-05-28 22:00:32,988][DPSGDNode][DEBUG] Finished averaging
[2024-05-28 22:00:32,988][DPSGDNode][DEBUG] resetting optimizer
[2024-05-28 22:00:32,988][DPSGDNode][DEBUG] Finished resetting optimizer
[2024-05-28 22:00:32,989][DPSGDNode][INFO] Starting training iteration: 12
[2024-05-28 22:00:32,999][Training][DEBUG] Round: 1 loss: 2.276538848876953
[2024-05-28 22:00:33,008][Training][DEBUG] Round: 2 loss: 2.3328893184661865
[2024-05-28 22:00:33,017][Training][DEBUG] Round: 3 loss: 2.267802874247233
[2024-05-28 22:00:33,017][DPSGDWithPeerSampler][DEBUG] Requesting neighbors from the peer sampler.
[2024-05-28 22:00:33,018][TCP][DEBUG] 8 sent the message to -1.
[2024-05-28 22:00:33,018][TCP][DEBUG] Sent message size: 79
[2024-05-28 22:00:33,018][Node][DEBUG] Received some message from 1 with CHANNEL: DPSGD
[2024-05-28 22:00:33,020][Node][DEBUG] Received some message from -1 with CHANNEL: PEERS
[2024-05-28 22:00:33,020][DPSGDWithPeerSampler][DEBUG] Neighbors this round: {1}
[2024-05-28 22:00:33,020][DPSGDNode][DEBUG] Connected to all neighbors
[2024-05-28 22:00:33,020][Sharing][DEBUG] Model sending this round: [-0.07294414  0.05308664 -0.03047136 ... -0.00600601  0.00685787
 -0.01259272]
[2024-05-28 22:00:33,021][TCP][DEBUG] 8 sent the message to 1.
[2024-05-28 22:00:33,021][TCP][DEBUG] Sent message size: 359554
[2024-05-28 22:00:33,021][DPSGDNode][DEBUG] Sent to all neighbors
[2024-05-28 22:00:33,021][DPSGDNode][DEBUG] Received Model from 1 of iteration 12
[2024-05-28 22:00:33,021][DPSGDNode][DEBUG] Received from all
[2024-05-28 22:00:33,021][DPSGDNode][DEBUG] Averaging
[2024-05-28 22:00:33,022][Sharing][DEBUG] Averaging model from neighbor 1 of iteration 12
[2024-05-28 22:00:33,023][DPSGDNode][DEBUG] Finished averaging
[2024-05-28 22:00:33,023][DPSGDNode][DEBUG] resetting optimizer
[2024-05-28 22:00:33,023][DPSGDNode][DEBUG] Finished resetting optimizer
[2024-05-28 22:00:33,024][DPSGDNode][INFO] Starting training iteration: 13
[2024-05-28 22:00:33,034][Training][DEBUG] Round: 1 loss: 2.190276622772217
[2024-05-28 22:00:33,043][Training][DEBUG] Round: 2 loss: 2.184405565261841
[2024-05-28 22:00:33,053][Training][DEBUG] Round: 3 loss: 2.227812925974528
[2024-05-28 22:00:33,053][DPSGDWithPeerSampler][DEBUG] Requesting neighbors from the peer sampler.
[2024-05-28 22:00:33,053][TCP][DEBUG] 8 sent the message to -1.
[2024-05-28 22:00:33,053][TCP][DEBUG] Sent message size: 79
[2024-05-28 22:00:33,054][Node][DEBUG] Received some message from -1 with CHANNEL: PEERS
[2024-05-28 22:00:33,054][DPSGDWithPeerSampler][DEBUG] Neighbors this round: {7}
[2024-05-28 22:00:33,054][DPSGDNode][DEBUG] Connected to all neighbors
[2024-05-28 22:00:33,055][Sharing][DEBUG] Model sending this round: [-0.07355148  0.05253935 -0.03092462 ... -0.00584841  0.00685474
 -0.01253162]
[2024-05-28 22:00:33,056][TCP][DEBUG] 8 sent the message to 7.
[2024-05-28 22:00:33,056][TCP][DEBUG] Sent message size: 359554
[2024-05-28 22:00:33,056][DPSGDNode][DEBUG] Sent to all neighbors
[2024-05-28 22:00:33,063][Node][DEBUG] Received some message from 7 with CHANNEL: DPSGD
[2024-05-28 22:00:33,063][DPSGDNode][DEBUG] Received Model from 7 of iteration 13
[2024-05-28 22:00:33,063][DPSGDNode][DEBUG] Received from all
[2024-05-28 22:00:33,063][DPSGDNode][DEBUG] Averaging
[2024-05-28 22:00:33,063][Sharing][DEBUG] Averaging model from neighbor 7 of iteration 13
[2024-05-28 22:00:33,064][DPSGDNode][DEBUG] Finished averaging
[2024-05-28 22:00:33,065][DPSGDNode][DEBUG] resetting optimizer
[2024-05-28 22:00:33,065][DPSGDNode][DEBUG] Finished resetting optimizer
[2024-05-28 22:00:33,066][DPSGDNode][INFO] Starting training iteration: 14
[2024-05-28 22:00:33,076][Training][DEBUG] Round: 1 loss: 2.1113662719726562
[2024-05-28 22:00:33,086][Training][DEBUG] Round: 2 loss: 2.452110528945923
[2024-05-28 22:00:33,096][Training][DEBUG] Round: 3 loss: 2.293148994445801
[2024-05-28 22:00:33,096][DPSGDWithPeerSampler][DEBUG] Requesting neighbors from the peer sampler.
[2024-05-28 22:00:33,096][TCP][DEBUG] 8 sent the message to -1.
[2024-05-28 22:00:33,096][TCP][DEBUG] Sent message size: 79
[2024-05-28 22:00:33,098][Node][DEBUG] Received some message from -1 with CHANNEL: PEERS
[2024-05-28 22:00:33,098][DPSGDWithPeerSampler][DEBUG] Neighbors this round: {0, 1}
[2024-05-28 22:00:33,099][DPSGDNode][DEBUG] Connected to all neighbors
[2024-05-28 22:00:33,099][Sharing][DEBUG] Model sending this round: [-0.07255547  0.05359806 -0.03007121 ... -0.00629852  0.00633638
 -0.01066245]
[2024-05-28 22:00:33,100][TCP][DEBUG] 8 sent the message to 0.
[2024-05-28 22:00:33,100][TCP][DEBUG] Sent message size: 359554
[2024-05-28 22:00:33,100][TCP][DEBUG] 8 sent the message to 1.
[2024-05-28 22:00:33,100][TCP][DEBUG] Sent message size: 359554
[2024-05-28 22:00:33,100][DPSGDNode][DEBUG] Sent to all neighbors
[2024-05-28 22:00:33,101][Node][DEBUG] Received some message from 0 with CHANNEL: DPSGD
[2024-05-28 22:00:33,102][DPSGDNode][DEBUG] Received Model from 0 of iteration 14
[2024-05-28 22:00:33,103][Node][DEBUG] Received some message from 1 with CHANNEL: DPSGD
[2024-05-28 22:00:33,103][DPSGDNode][DEBUG] Received Model from 1 of iteration 14
[2024-05-28 22:00:33,103][DPSGDNode][DEBUG] Received from all
[2024-05-28 22:00:33,103][DPSGDNode][DEBUG] Averaging
[2024-05-28 22:00:33,103][Sharing][DEBUG] Averaging model from neighbor 0 of iteration 14
[2024-05-28 22:00:33,104][Sharing][DEBUG] Averaging model from neighbor 1 of iteration 14
[2024-05-28 22:00:33,105][DPSGDNode][DEBUG] Finished averaging
[2024-05-28 22:00:33,105][DPSGDNode][DEBUG] resetting optimizer
[2024-05-28 22:00:33,105][DPSGDNode][DEBUG] Finished resetting optimizer
[2024-05-28 22:00:33,106][DPSGDNode][INFO] Starting training iteration: 15
[2024-05-28 22:00:33,117][Training][DEBUG] Round: 1 loss: 2.198366165161133
[2024-05-28 22:00:33,126][Training][DEBUG] Round: 2 loss: 2.2786775827407837
[2024-05-28 22:00:33,136][Training][DEBUG] Round: 3 loss: 2.195726156234741
[2024-05-28 22:00:33,137][DPSGDWithPeerSampler][DEBUG] Requesting neighbors from the peer sampler.
[2024-05-28 22:00:33,137][TCP][DEBUG] 8 sent the message to -1.
[2024-05-28 22:00:33,137][TCP][DEBUG] Sent message size: 79
[2024-05-28 22:00:33,137][Node][DEBUG] Received some message from 7 with CHANNEL: DPSGD
[2024-05-28 22:00:33,138][Node][DEBUG] Received some message from -1 with CHANNEL: PEERS
[2024-05-28 22:00:33,138][DPSGDWithPeerSampler][DEBUG] Neighbors this round: {7}
[2024-05-28 22:00:33,139][DPSGDNode][DEBUG] Connected to all neighbors
[2024-05-28 22:00:33,139][Sharing][DEBUG] Model sending this round: [-0.07198749  0.05396628 -0.02969611 ... -0.00567837  0.00664186
 -0.01251455]
[2024-05-28 22:00:33,140][TCP][DEBUG] 8 sent the message to 7.
[2024-05-28 22:00:33,140][TCP][DEBUG] Sent message size: 359554
[2024-05-28 22:00:33,140][DPSGDNode][DEBUG] Sent to all neighbors
[2024-05-28 22:00:33,140][DPSGDNode][DEBUG] Received Model from 7 of iteration 15
[2024-05-28 22:00:33,140][DPSGDNode][DEBUG] Received from all
[2024-05-28 22:00:33,140][DPSGDNode][DEBUG] Averaging
[2024-05-28 22:00:33,140][Sharing][DEBUG] Averaging model from neighbor 7 of iteration 15
[2024-05-28 22:00:33,141][DPSGDNode][DEBUG] Finished averaging
[2024-05-28 22:00:33,142][DPSGDNode][DEBUG] resetting optimizer
[2024-05-28 22:00:33,142][DPSGDNode][DEBUG] Finished resetting optimizer
[2024-05-28 22:00:33,143][DPSGDNode][INFO] Starting training iteration: 16
[2024-05-28 22:00:33,153][Training][DEBUG] Round: 1 loss: 2.5042481422424316
[2024-05-28 22:00:33,163][Training][DEBUG] Round: 2 loss: 2.370123863220215
[2024-05-28 22:00:33,173][Training][DEBUG] Round: 3 loss: 2.279803435007731
[2024-05-28 22:00:33,173][DPSGDWithPeerSampler][DEBUG] Requesting neighbors from the peer sampler.
[2024-05-28 22:00:33,174][TCP][DEBUG] 8 sent the message to -1.
[2024-05-28 22:00:33,174][TCP][DEBUG] Sent message size: 79
[2024-05-28 22:00:33,179][Node][DEBUG] Received some message from -1 with CHANNEL: PEERS
[2024-05-28 22:00:33,180][DPSGDWithPeerSampler][DEBUG] Neighbors this round: set()
[2024-05-28 22:00:33,180][DPSGDNode][DEBUG] Connected to all neighbors
[2024-05-28 22:00:33,180][Sharing][DEBUG] Model sending this round: [-0.07212889  0.05381348 -0.02995896 ... -0.00597981  0.00712487
 -0.01263712]
[2024-05-28 22:00:33,181][DPSGDNode][DEBUG] Sent to all neighbors
[2024-05-28 22:00:33,181][DPSGDNode][DEBUG] Received from all
[2024-05-28 22:00:33,181][DPSGDNode][DEBUG] Averaging
[2024-05-28 22:00:33,181][DPSGDNode][DEBUG] Finished averaging
[2024-05-28 22:00:33,181][DPSGDNode][DEBUG] resetting optimizer
[2024-05-28 22:00:33,182][DPSGDNode][DEBUG] Finished resetting optimizer
[2024-05-28 22:00:33,183][DPSGDNode][INFO] Starting training iteration: 17
[2024-05-28 22:00:33,193][Training][DEBUG] Round: 1 loss: 2.1696181297302246
[2024-05-28 22:00:33,202][Training][DEBUG] Round: 2 loss: 2.231919765472412
[2024-05-28 22:00:33,211][Training][DEBUG] Round: 3 loss: 2.228632688522339
[2024-05-28 22:00:33,211][DPSGDWithPeerSampler][DEBUG] Requesting neighbors from the peer sampler.
[2024-05-28 22:00:33,212][TCP][DEBUG] 8 sent the message to -1.
[2024-05-28 22:00:33,212][TCP][DEBUG] Sent message size: 79
[2024-05-28 22:00:33,223][Node][DEBUG] Received some message from -1 with CHANNEL: PEERS
[2024-05-28 22:00:33,223][DPSGDWithPeerSampler][DEBUG] Neighbors this round: set()
[2024-05-28 22:00:33,223][DPSGDNode][DEBUG] Connected to all neighbors
[2024-05-28 22:00:33,224][Sharing][DEBUG] Model sending this round: [-0.07233793  0.05375729 -0.0299609  ... -0.00700083  0.00638632
 -0.01207711]
[2024-05-28 22:00:33,224][DPSGDNode][DEBUG] Sent to all neighbors
[2024-05-28 22:00:33,224][DPSGDNode][DEBUG] Received from all
[2024-05-28 22:00:33,224][DPSGDNode][DEBUG] Averaging
[2024-05-28 22:00:33,225][DPSGDNode][DEBUG] Finished averaging
[2024-05-28 22:00:33,225][DPSGDNode][DEBUG] resetting optimizer
[2024-05-28 22:00:33,225][DPSGDNode][DEBUG] Finished resetting optimizer
[2024-05-28 22:00:33,238][DPSGDNode][INFO] Starting training iteration: 18
[2024-05-28 22:00:33,248][Training][DEBUG] Round: 1 loss: 1.7475264072418213
[2024-05-28 22:00:33,263][Training][DEBUG] Round: 2 loss: 2.2657514810562134
[2024-05-28 22:00:33,276][Training][DEBUG] Round: 3 loss: 2.327481746673584
[2024-05-28 22:00:33,276][DPSGDWithPeerSampler][DEBUG] Requesting neighbors from the peer sampler.
[2024-05-28 22:00:33,277][TCP][DEBUG] 8 sent the message to -1.
[2024-05-28 22:00:33,277][TCP][DEBUG] Sent message size: 79
[2024-05-28 22:00:33,278][Node][DEBUG] Received some message from -1 with CHANNEL: PEERS
[2024-05-28 22:00:33,278][DPSGDWithPeerSampler][DEBUG] Neighbors this round: set()
[2024-05-28 22:00:33,278][DPSGDNode][DEBUG] Connected to all neighbors
[2024-05-28 22:00:33,279][Sharing][DEBUG] Model sending this round: [-0.07215859  0.05410785 -0.02973167 ... -0.00434843  0.00648951
 -0.01291356]
[2024-05-28 22:00:33,279][DPSGDNode][DEBUG] Sent to all neighbors
[2024-05-28 22:00:33,279][DPSGDNode][DEBUG] Received from all
[2024-05-28 22:00:33,279][DPSGDNode][DEBUG] Averaging
[2024-05-28 22:00:33,279][DPSGDNode][DEBUG] Finished averaging
[2024-05-28 22:00:33,280][DPSGDNode][DEBUG] resetting optimizer
[2024-05-28 22:00:33,280][DPSGDNode][DEBUG] Finished resetting optimizer
[2024-05-28 22:00:33,287][DPSGDNode][INFO] Starting training iteration: 19
[2024-05-28 22:00:33,297][Training][DEBUG] Round: 1 loss: 1.981044054031372
[2024-05-28 22:00:33,307][Training][DEBUG] Round: 2 loss: 1.9674654006958008
[2024-05-28 22:00:33,317][Training][DEBUG] Round: 3 loss: 2.1996029218037925
[2024-05-28 22:00:33,317][DPSGDWithPeerSampler][DEBUG] Requesting neighbors from the peer sampler.
[2024-05-28 22:00:33,317][TCP][DEBUG] 8 sent the message to -1.
[2024-05-28 22:00:33,317][TCP][DEBUG] Sent message size: 79
[2024-05-28 22:00:33,318][Node][DEBUG] Received some message from -1 with CHANNEL: PEERS
[2024-05-28 22:00:33,318][DPSGDWithPeerSampler][DEBUG] Neighbors this round: {0, 7}
[2024-05-28 22:00:33,318][DPSGDNode][DEBUG] Connected to all neighbors
[2024-05-28 22:00:33,319][Sharing][DEBUG] Model sending this round: [-0.07202636  0.0543422  -0.02937271 ... -0.00610801  0.00785945
 -0.01170434]
[2024-05-28 22:00:33,319][TCP][DEBUG] 8 sent the message to 0.
[2024-05-28 22:00:33,320][TCP][DEBUG] Sent message size: 359554
[2024-05-28 22:00:33,320][TCP][DEBUG] 8 sent the message to 7.
[2024-05-28 22:00:33,320][TCP][DEBUG] Sent message size: 359554
[2024-05-28 22:00:33,320][DPSGDNode][DEBUG] Sent to all neighbors
[2024-05-28 22:00:33,348][Node][DEBUG] Received some message from 7 with CHANNEL: DPSGD
[2024-05-28 22:00:33,348][DPSGDNode][DEBUG] Received Model from 7 of iteration 19
[2024-05-28 22:00:33,349][Node][DEBUG] Received some message from 0 with CHANNEL: DPSGD
[2024-05-28 22:00:33,349][DPSGDNode][DEBUG] Received Model from 0 of iteration 19
[2024-05-28 22:00:33,349][DPSGDNode][DEBUG] Received from all
[2024-05-28 22:00:33,349][DPSGDNode][DEBUG] Averaging
[2024-05-28 22:00:33,350][Sharing][DEBUG] Averaging model from neighbor 0 of iteration 19
[2024-05-28 22:00:33,350][Sharing][DEBUG] Averaging model from neighbor 7 of iteration 19
[2024-05-28 22:00:33,351][DPSGDNode][DEBUG] Finished averaging
[2024-05-28 22:00:33,351][DPSGDNode][DEBUG] resetting optimizer
[2024-05-28 22:00:33,351][DPSGDNode][DEBUG] Finished resetting optimizer
[2024-05-28 22:00:33,352][DPSGDNode][INFO] Evaluating on train set.
