[2024-05-28 22:00:19,747][PeerSampler][DEBUG] Rank: -1
[2024-05-28 22:00:19,748][PeerSampler][DEBUG] type(graph): <class 'int'>
[2024-05-28 22:00:19,749][PeerSampler][DEBUG] type(mapping): <class 'decentralizepy.mappings.Linear.Linear'>
[2024-05-28 22:00:29,724][Node][DEBUG] Sending connection request to 0
[2024-05-28 22:00:29,725][TCP][DEBUG] Connecting to my neighbour: 0
[2024-05-28 22:00:29,726][TCP][DEBUG] -1 sent the message to 0.
[2024-05-28 22:00:29,726][TCP][DEBUG] Sent message size: 49
[2024-05-28 22:00:29,726][Node][DEBUG] Sending connection request to 1
[2024-05-28 22:00:29,726][TCP][DEBUG] Connecting to my neighbour: 1
[2024-05-28 22:00:29,727][TCP][DEBUG] -1 sent the message to 1.
[2024-05-28 22:00:29,727][TCP][DEBUG] Sent message size: 49
[2024-05-28 22:00:29,727][Node][DEBUG] Sending connection request to 2
[2024-05-28 22:00:29,727][TCP][DEBUG] Connecting to my neighbour: 2
[2024-05-28 22:00:29,728][TCP][DEBUG] -1 sent the message to 2.
[2024-05-28 22:00:29,728][TCP][DEBUG] Sent message size: 49
[2024-05-28 22:00:29,728][Node][DEBUG] Sending connection request to 3
[2024-05-28 22:00:29,729][TCP][DEBUG] Connecting to my neighbour: 3
[2024-05-28 22:00:29,729][TCP][DEBUG] -1 sent the message to 3.
[2024-05-28 22:00:29,729][TCP][DEBUG] Sent message size: 49
[2024-05-28 22:00:29,729][Node][DEBUG] Sending connection request to 4
[2024-05-28 22:00:29,729][TCP][DEBUG] Connecting to my neighbour: 4
[2024-05-28 22:00:29,729][TCP][DEBUG] -1 sent the message to 4.
[2024-05-28 22:00:29,729][TCP][DEBUG] Sent message size: 49
[2024-05-28 22:00:29,730][Node][DEBUG] Sending connection request to 5
[2024-05-28 22:00:29,730][TCP][DEBUG] Connecting to my neighbour: 5
[2024-05-28 22:00:29,731][TCP][DEBUG] -1 sent the message to 5.
[2024-05-28 22:00:29,731][TCP][DEBUG] Sent message size: 49
[2024-05-28 22:00:29,731][Node][DEBUG] Sending connection request to 6
[2024-05-28 22:00:29,731][TCP][DEBUG] Connecting to my neighbour: 6
[2024-05-28 22:00:29,731][TCP][DEBUG] -1 sent the message to 6.
[2024-05-28 22:00:29,731][TCP][DEBUG] Sent message size: 49
[2024-05-28 22:00:29,732][Node][DEBUG] Sending connection request to 7
[2024-05-28 22:00:29,732][TCP][DEBUG] Connecting to my neighbour: 7
[2024-05-28 22:00:29,732][TCP][DEBUG] -1 sent the message to 7.
[2024-05-28 22:00:29,732][TCP][DEBUG] Sent message size: 49
[2024-05-28 22:00:29,740][Node][DEBUG] Sending connection request to 8
[2024-05-28 22:00:29,740][TCP][DEBUG] Connecting to my neighbour: 8
[2024-05-28 22:00:29,741][TCP][DEBUG] -1 sent the message to 8.
[2024-05-28 22:00:29,741][TCP][DEBUG] Sent message size: 49
[2024-05-28 22:00:29,741][Node][DEBUG] Sending connection request to 9
[2024-05-28 22:00:29,741][TCP][DEBUG] Connecting to my neighbour: 9
[2024-05-28 22:00:29,741][TCP][DEBUG] -1 sent the message to 9.
[2024-05-28 22:00:29,741][TCP][DEBUG] Sent message size: 49
[2024-05-28 22:00:29,742][Node][DEBUG] Sending connection request to 10
[2024-05-28 22:00:29,742][TCP][DEBUG] Connecting to my neighbour: 10
[2024-05-28 22:00:29,742][TCP][DEBUG] -1 sent the message to 10.
[2024-05-28 22:00:29,743][TCP][DEBUG] Sent message size: 49
[2024-05-28 22:00:29,743][Node][DEBUG] Sending connection request to 11
[2024-05-28 22:00:29,743][TCP][DEBUG] Connecting to my neighbour: 11
[2024-05-28 22:00:29,743][TCP][DEBUG] -1 sent the message to 11.
[2024-05-28 22:00:29,743][TCP][DEBUG] Sent message size: 49
[2024-05-28 22:00:29,744][Node][DEBUG] Waiting HELLO from 0
[2024-05-28 22:00:31,924][Node][DEBUG] Received some message from 4 with CHANNEL: CONNECT
[2024-05-28 22:00:31,924][Node][DEBUG] Received HELLO from 4
[2024-05-28 22:00:31,924][Node][DEBUG] Waiting HELLO from 0
[2024-05-28 22:00:31,924][Node][DEBUG] Received some message from 9 with CHANNEL: CONNECT
[2024-05-28 22:00:31,925][Node][DEBUG] Received HELLO from 9
[2024-05-28 22:00:31,925][Node][DEBUG] Waiting HELLO from 0
[2024-05-28 22:00:31,925][Node][DEBUG] Received some message from 8 with CHANNEL: CONNECT
[2024-05-28 22:00:31,925][Node][DEBUG] Received HELLO from 8
[2024-05-28 22:00:31,925][Node][DEBUG] Waiting HELLO from 0
[2024-05-28 22:00:31,928][Node][DEBUG] Received some message from 10 with CHANNEL: CONNECT
[2024-05-28 22:00:31,928][Node][DEBUG] Received HELLO from 10
[2024-05-28 22:00:31,928][Node][DEBUG] Waiting HELLO from 0
[2024-05-28 22:00:31,928][Node][DEBUG] Received some message from 0 with CHANNEL: CONNECT
[2024-05-28 22:00:31,928][Node][DEBUG] Received HELLO from 0
[2024-05-28 22:00:31,928][Node][DEBUG] Waiting HELLO from 1
[2024-05-28 22:00:31,961][Node][DEBUG] Received some message from 3 with CHANNEL: CONNECT
[2024-05-28 22:00:31,961][Node][DEBUG] Received HELLO from 3
[2024-05-28 22:00:31,962][Node][DEBUG] Waiting HELLO from 1
[2024-05-28 22:00:31,972][Node][DEBUG] Received some message from 2 with CHANNEL: CONNECT
[2024-05-28 22:00:31,972][Node][DEBUG] Received HELLO from 2
[2024-05-28 22:00:31,972][Node][DEBUG] Waiting HELLO from 1
[2024-05-28 22:00:31,977][Node][DEBUG] Received some message from 11 with CHANNEL: CONNECT
[2024-05-28 22:00:31,977][Node][DEBUG] Received HELLO from 11
[2024-05-28 22:00:31,977][Node][DEBUG] Waiting HELLO from 1
[2024-05-28 22:00:31,977][Node][DEBUG] Received some message from 7 with CHANNEL: CONNECT
[2024-05-28 22:00:31,977][Node][DEBUG] Received HELLO from 7
[2024-05-28 22:00:31,978][Node][DEBUG] Waiting HELLO from 1
[2024-05-28 22:00:31,989][Node][DEBUG] Received some message from 5 with CHANNEL: CONNECT
[2024-05-28 22:00:31,989][Node][DEBUG] Received HELLO from 5
[2024-05-28 22:00:31,989][Node][DEBUG] Waiting HELLO from 1
[2024-05-28 22:00:32,050][Node][DEBUG] Received some message from 1 with CHANNEL: CONNECT
[2024-05-28 22:00:32,050][Node][DEBUG] Received HELLO from 1
[2024-05-28 22:00:32,051][Node][DEBUG] Waiting HELLO from 6
[2024-05-28 22:00:32,091][Node][DEBUG] Received some message from 6 with CHANNEL: CONNECT
[2024-05-28 22:00:32,091][Node][DEBUG] Received HELLO from 6
[2024-05-28 22:00:32,505][Node][DEBUG] Received some message from 3 with CHANNEL: SERVER_REQUEST
[2024-05-28 22:00:32,505][PeerSampler][DEBUG] Received Request from 3
[2024-05-28 22:00:32,505][PeerSamplerDynamic][DEBUG] iteration, self.iteration: 0, -1
[2024-05-28 22:00:32,508][TCP][DEBUG] -1 sent the message to 3.
[2024-05-28 22:00:32,509][TCP][DEBUG] Sent message size: 48
[2024-05-28 22:00:32,509][Node][DEBUG] Received some message from 7 with CHANNEL: SERVER_REQUEST
[2024-05-28 22:00:32,509][PeerSampler][DEBUG] Received Request from 7
[2024-05-28 22:00:32,509][TCP][DEBUG] -1 sent the message to 7.
[2024-05-28 22:00:32,510][TCP][DEBUG] Sent message size: 52
[2024-05-28 22:00:32,510][Node][DEBUG] Received some message from 9 with CHANNEL: SERVER_REQUEST
[2024-05-28 22:00:32,510][PeerSampler][DEBUG] Received Request from 9
[2024-05-28 22:00:32,510][TCP][DEBUG] -1 sent the message to 9.
[2024-05-28 22:00:32,510][TCP][DEBUG] Sent message size: 48
[2024-05-28 22:00:32,510][Node][DEBUG] Received some message from 4 with CHANNEL: SERVER_REQUEST
[2024-05-28 22:00:32,511][PeerSampler][DEBUG] Received Request from 4
[2024-05-28 22:00:32,511][TCP][DEBUG] -1 sent the message to 4.
[2024-05-28 22:00:32,511][TCP][DEBUG] Sent message size: 48
[2024-05-28 22:00:32,511][Node][DEBUG] Received some message from 6 with CHANNEL: SERVER_REQUEST
[2024-05-28 22:00:32,511][PeerSampler][DEBUG] Received Request from 6
[2024-05-28 22:00:32,512][TCP][DEBUG] -1 sent the message to 6.
[2024-05-28 22:00:32,512][TCP][DEBUG] Sent message size: 54
[2024-05-28 22:00:32,512][Node][DEBUG] Received some message from 2 with CHANNEL: SERVER_REQUEST
[2024-05-28 22:00:32,512][PeerSampler][DEBUG] Received Request from 2
[2024-05-28 22:00:32,513][TCP][DEBUG] -1 sent the message to 2.
[2024-05-28 22:00:32,513][TCP][DEBUG] Sent message size: 52
[2024-05-28 22:00:32,513][Node][DEBUG] Received some message from 0 with CHANNEL: SERVER_REQUEST
[2024-05-28 22:00:32,513][PeerSampler][DEBUG] Received Request from 0
[2024-05-28 22:00:32,514][TCP][DEBUG] -1 sent the message to 0.
[2024-05-28 22:00:32,514][TCP][DEBUG] Sent message size: 48
[2024-05-28 22:00:32,514][Node][DEBUG] Received some message from 8 with CHANNEL: SERVER_REQUEST
[2024-05-28 22:00:32,514][PeerSampler][DEBUG] Received Request from 8
[2024-05-28 22:00:32,514][TCP][DEBUG] -1 sent the message to 8.
[2024-05-28 22:00:32,514][TCP][DEBUG] Sent message size: 48
[2024-05-28 22:00:32,515][Node][DEBUG] Received some message from 1 with CHANNEL: SERVER_REQUEST
[2024-05-28 22:00:32,515][PeerSampler][DEBUG] Received Request from 1
[2024-05-28 22:00:32,515][TCP][DEBUG] -1 sent the message to 1.
[2024-05-28 22:00:32,515][TCP][DEBUG] Sent message size: 52
[2024-05-28 22:00:32,515][Node][DEBUG] Received some message from 11 with CHANNEL: SERVER_REQUEST
[2024-05-28 22:00:32,515][PeerSampler][DEBUG] Received Request from 11
[2024-05-28 22:00:32,516][TCP][DEBUG] -1 sent the message to 11.
[2024-05-28 22:00:32,516][TCP][DEBUG] Sent message size: 52
[2024-05-28 22:00:32,516][Node][DEBUG] Received some message from 10 with CHANNEL: SERVER_REQUEST
[2024-05-28 22:00:32,516][PeerSampler][DEBUG] Received Request from 10
[2024-05-28 22:00:32,517][TCP][DEBUG] -1 sent the message to 10.
[2024-05-28 22:00:32,517][TCP][DEBUG] Sent message size: 48
[2024-05-28 22:00:32,517][Node][DEBUG] Received some message from 5 with CHANNEL: SERVER_REQUEST
[2024-05-28 22:00:32,517][PeerSampler][DEBUG] Received Request from 5
[2024-05-28 22:00:32,518][TCP][DEBUG] -1 sent the message to 5.
[2024-05-28 22:00:32,518][TCP][DEBUG] Sent message size: 48
[2024-05-28 22:00:32,541][Node][DEBUG] Received some message from 3 with CHANNEL: SERVER_REQUEST
[2024-05-28 22:00:32,541][PeerSampler][DEBUG] Received Request from 3
[2024-05-28 22:00:32,541][PeerSamplerDynamic][DEBUG] iteration, self.iteration: 1, 0
[2024-05-28 22:00:32,544][TCP][DEBUG] -1 sent the message to 3.
[2024-05-28 22:00:32,544][TCP][DEBUG] Sent message size: 48
[2024-05-28 22:00:32,544][Node][DEBUG] Received some message from 9 with CHANNEL: SERVER_REQUEST
[2024-05-28 22:00:32,544][PeerSampler][DEBUG] Received Request from 9
[2024-05-28 22:00:32,544][TCP][DEBUG] -1 sent the message to 9.
[2024-05-28 22:00:32,545][TCP][DEBUG] Sent message size: 48
[2024-05-28 22:00:32,545][Node][DEBUG] Received some message from 4 with CHANNEL: SERVER_REQUEST
[2024-05-28 22:00:32,545][PeerSampler][DEBUG] Received Request from 4
[2024-05-28 22:00:32,545][TCP][DEBUG] -1 sent the message to 4.
[2024-05-28 22:00:32,545][TCP][DEBUG] Sent message size: 52
[2024-05-28 22:00:32,548][Node][DEBUG] Received some message from 0 with CHANNEL: SERVER_REQUEST
[2024-05-28 22:00:32,548][PeerSampler][DEBUG] Received Request from 0
[2024-05-28 22:00:32,548][TCP][DEBUG] -1 sent the message to 0.
[2024-05-28 22:00:32,548][TCP][DEBUG] Sent message size: 48
[2024-05-28 22:00:32,550][Node][DEBUG] Received some message from 7 with CHANNEL: SERVER_REQUEST
[2024-05-28 22:00:32,550][PeerSampler][DEBUG] Received Request from 7
[2024-05-28 22:00:32,550][TCP][DEBUG] -1 sent the message to 7.
[2024-05-28 22:00:32,550][TCP][DEBUG] Sent message size: 48
[2024-05-28 22:00:32,550][Node][DEBUG] Received some message from 8 with CHANNEL: SERVER_REQUEST
[2024-05-28 22:00:32,551][PeerSampler][DEBUG] Received Request from 8
[2024-05-28 22:00:32,551][TCP][DEBUG] -1 sent the message to 8.
[2024-05-28 22:00:32,551][TCP][DEBUG] Sent message size: 48
[2024-05-28 22:00:32,551][Node][DEBUG] Received some message from 11 with CHANNEL: SERVER_REQUEST
[2024-05-28 22:00:32,551][PeerSampler][DEBUG] Received Request from 11
[2024-05-28 22:00:32,552][TCP][DEBUG] -1 sent the message to 11.
[2024-05-28 22:00:32,552][TCP][DEBUG] Sent message size: 54
[2024-05-28 22:00:32,552][Node][DEBUG] Received some message from 6 with CHANNEL: SERVER_REQUEST
[2024-05-28 22:00:32,552][PeerSampler][DEBUG] Received Request from 6
[2024-05-28 22:00:32,553][TCP][DEBUG] -1 sent the message to 6.
[2024-05-28 22:00:32,553][TCP][DEBUG] Sent message size: 52
[2024-05-28 22:00:32,553][Node][DEBUG] Received some message from 2 with CHANNEL: SERVER_REQUEST
[2024-05-28 22:00:32,553][PeerSampler][DEBUG] Received Request from 2
[2024-05-28 22:00:32,553][TCP][DEBUG] -1 sent the message to 2.
[2024-05-28 22:00:32,554][TCP][DEBUG] Sent message size: 48
[2024-05-28 22:00:32,554][Node][DEBUG] Received some message from 1 with CHANNEL: SERVER_REQUEST
[2024-05-28 22:00:32,554][PeerSampler][DEBUG] Received Request from 1
[2024-05-28 22:00:32,554][TCP][DEBUG] -1 sent the message to 1.
[2024-05-28 22:00:32,554][TCP][DEBUG] Sent message size: 52
[2024-05-28 22:00:32,554][Node][DEBUG] Received some message from 5 with CHANNEL: SERVER_REQUEST
[2024-05-28 22:00:32,555][PeerSampler][DEBUG] Received Request from 5
[2024-05-28 22:00:32,555][TCP][DEBUG] -1 sent the message to 5.
[2024-05-28 22:00:32,555][TCP][DEBUG] Sent message size: 52
[2024-05-28 22:00:32,555][Node][DEBUG] Received some message from 10 with CHANNEL: SERVER_REQUEST
[2024-05-28 22:00:32,555][PeerSampler][DEBUG] Received Request from 10
[2024-05-28 22:00:32,556][TCP][DEBUG] -1 sent the message to 10.
[2024-05-28 22:00:32,556][TCP][DEBUG] Sent message size: 48
[2024-05-28 22:00:32,577][Node][DEBUG] Received some message from 9 with CHANNEL: SERVER_REQUEST
[2024-05-28 22:00:32,577][PeerSampler][DEBUG] Received Request from 9
[2024-05-28 22:00:32,577][PeerSamplerDynamic][DEBUG] iteration, self.iteration: 2, 1
[2024-05-28 22:00:32,580][TCP][DEBUG] -1 sent the message to 9.
[2024-05-28 22:00:32,580][TCP][DEBUG] Sent message size: 52
[2024-05-28 22:00:32,581][Node][DEBUG] Received some message from 3 with CHANNEL: SERVER_REQUEST
[2024-05-28 22:00:32,581][PeerSampler][DEBUG] Received Request from 3
[2024-05-28 22:00:32,581][TCP][DEBUG] -1 sent the message to 3.
[2024-05-28 22:00:32,581][TCP][DEBUG] Sent message size: 48
[2024-05-28 22:00:32,582][Node][DEBUG] Received some message from 0 with CHANNEL: SERVER_REQUEST
[2024-05-28 22:00:32,582][PeerSampler][DEBUG] Received Request from 0
[2024-05-28 22:00:32,582][TCP][DEBUG] -1 sent the message to 0.
[2024-05-28 22:00:32,582][TCP][DEBUG] Sent message size: 52
[2024-05-28 22:00:32,585][Node][DEBUG] Received some message from 8 with CHANNEL: SERVER_REQUEST
[2024-05-28 22:00:32,586][PeerSampler][DEBUG] Received Request from 8
[2024-05-28 22:00:32,586][TCP][DEBUG] -1 sent the message to 8.
[2024-05-28 22:00:32,586][TCP][DEBUG] Sent message size: 48
[2024-05-28 22:00:32,587][Node][DEBUG] Received some message from 2 with CHANNEL: SERVER_REQUEST
[2024-05-28 22:00:32,587][PeerSampler][DEBUG] Received Request from 2
[2024-05-28 22:00:32,587][TCP][DEBUG] -1 sent the message to 2.
[2024-05-28 22:00:32,588][TCP][DEBUG] Sent message size: 52
[2024-05-28 22:00:32,589][Node][DEBUG] Received some message from 11 with CHANNEL: SERVER_REQUEST
[2024-05-28 22:00:32,589][PeerSampler][DEBUG] Received Request from 11
[2024-05-28 22:00:32,589][TCP][DEBUG] -1 sent the message to 11.
[2024-05-28 22:00:32,590][TCP][DEBUG] Sent message size: 48
[2024-05-28 22:00:32,590][Node][DEBUG] Received some message from 4 with CHANNEL: SERVER_REQUEST
[2024-05-28 22:00:32,590][PeerSampler][DEBUG] Received Request from 4
[2024-05-28 22:00:32,590][TCP][DEBUG] -1 sent the message to 4.
[2024-05-28 22:00:32,590][TCP][DEBUG] Sent message size: 48
[2024-05-28 22:00:32,591][Node][DEBUG] Received some message from 7 with CHANNEL: SERVER_REQUEST
[2024-05-28 22:00:32,591][PeerSampler][DEBUG] Received Request from 7
[2024-05-28 22:00:32,591][TCP][DEBUG] -1 sent the message to 7.
[2024-05-28 22:00:32,591][TCP][DEBUG] Sent message size: 48
[2024-05-28 22:00:32,591][Node][DEBUG] Received some message from 10 with CHANNEL: SERVER_REQUEST
[2024-05-28 22:00:32,592][PeerSampler][DEBUG] Received Request from 10
[2024-05-28 22:00:32,592][TCP][DEBUG] -1 sent the message to 10.
[2024-05-28 22:00:32,592][TCP][DEBUG] Sent message size: 48
[2024-05-28 22:00:32,593][Node][DEBUG] Received some message from 5 with CHANNEL: SERVER_REQUEST
[2024-05-28 22:00:32,594][PeerSampler][DEBUG] Received Request from 5
[2024-05-28 22:00:32,594][TCP][DEBUG] -1 sent the message to 5.
[2024-05-28 22:00:32,594][TCP][DEBUG] Sent message size: 48
[2024-05-28 22:00:32,595][Node][DEBUG] Received some message from 1 with CHANNEL: SERVER_REQUEST
[2024-05-28 22:00:32,595][PeerSampler][DEBUG] Received Request from 1
[2024-05-28 22:00:32,595][TCP][DEBUG] -1 sent the message to 1.
[2024-05-28 22:00:32,595][TCP][DEBUG] Sent message size: 52
[2024-05-28 22:00:32,596][Node][DEBUG] Received some message from 6 with CHANNEL: SERVER_REQUEST
[2024-05-28 22:00:32,596][PeerSampler][DEBUG] Received Request from 6
[2024-05-28 22:00:32,597][TCP][DEBUG] -1 sent the message to 6.
[2024-05-28 22:00:32,597][TCP][DEBUG] Sent message size: 48
[2024-05-28 22:00:32,615][Node][DEBUG] Received some message from 3 with CHANNEL: SERVER_REQUEST
[2024-05-28 22:00:32,615][PeerSampler][DEBUG] Received Request from 3
[2024-05-28 22:00:32,615][PeerSamplerDynamic][DEBUG] iteration, self.iteration: 3, 2
[2024-05-28 22:00:32,618][TCP][DEBUG] -1 sent the message to 3.
[2024-05-28 22:00:32,618][TCP][DEBUG] Sent message size: 52
[2024-05-28 22:00:32,620][Node][DEBUG] Received some message from 8 with CHANNEL: SERVER_REQUEST
[2024-05-28 22:00:32,620][PeerSampler][DEBUG] Received Request from 8
[2024-05-28 22:00:32,621][TCP][DEBUG] -1 sent the message to 8.
[2024-05-28 22:00:32,621][TCP][DEBUG] Sent message size: 48
[2024-05-28 22:00:32,623][Node][DEBUG] Received some message from 11 with CHANNEL: SERVER_REQUEST
[2024-05-28 22:00:32,623][PeerSampler][DEBUG] Received Request from 11
[2024-05-28 22:00:32,624][TCP][DEBUG] -1 sent the message to 11.
[2024-05-28 22:00:32,624][TCP][DEBUG] Sent message size: 52
[2024-05-28 22:00:32,624][Node][DEBUG] Received some message from 9 with CHANNEL: SERVER_REQUEST
[2024-05-28 22:00:32,624][PeerSampler][DEBUG] Received Request from 9
[2024-05-28 22:00:32,625][TCP][DEBUG] -1 sent the message to 9.
[2024-05-28 22:00:32,625][TCP][DEBUG] Sent message size: 48
[2024-05-28 22:00:32,625][Node][DEBUG] Received some message from 2 with CHANNEL: SERVER_REQUEST
[2024-05-28 22:00:32,625][PeerSampler][DEBUG] Received Request from 2
[2024-05-28 22:00:32,625][TCP][DEBUG] -1 sent the message to 2.
[2024-05-28 22:00:32,626][TCP][DEBUG] Sent message size: 48
[2024-05-28 22:00:32,626][Node][DEBUG] Received some message from 7 with CHANNEL: SERVER_REQUEST
[2024-05-28 22:00:32,626][PeerSampler][DEBUG] Received Request from 7
[2024-05-28 22:00:32,626][TCP][DEBUG] -1 sent the message to 7.
[2024-05-28 22:00:32,627][TCP][DEBUG] Sent message size: 52
[2024-05-28 22:00:32,627][Node][DEBUG] Received some message from 10 with CHANNEL: SERVER_REQUEST
[2024-05-28 22:00:32,627][PeerSampler][DEBUG] Received Request from 10
[2024-05-28 22:00:32,628][TCP][DEBUG] -1 sent the message to 10.
[2024-05-28 22:00:32,628][TCP][DEBUG] Sent message size: 48
[2024-05-28 22:00:32,629][Node][DEBUG] Received some message from 5 with CHANNEL: SERVER_REQUEST
[2024-05-28 22:00:32,629][PeerSampler][DEBUG] Received Request from 5
[2024-05-28 22:00:32,630][TCP][DEBUG] -1 sent the message to 5.
[2024-05-28 22:00:32,630][TCP][DEBUG] Sent message size: 52
[2024-05-28 22:00:32,630][Node][DEBUG] Received some message from 6 with CHANNEL: SERVER_REQUEST
[2024-05-28 22:00:32,630][PeerSampler][DEBUG] Received Request from 6
[2024-05-28 22:00:32,631][TCP][DEBUG] -1 sent the message to 6.
[2024-05-28 22:00:32,631][TCP][DEBUG] Sent message size: 48
[2024-05-28 22:00:32,632][Node][DEBUG] Received some message from 0 with CHANNEL: SERVER_REQUEST
[2024-05-28 22:00:32,632][PeerSampler][DEBUG] Received Request from 0
[2024-05-28 22:00:32,633][TCP][DEBUG] -1 sent the message to 0.
[2024-05-28 22:00:32,633][TCP][DEBUG] Sent message size: 48
[2024-05-28 22:00:32,634][Node][DEBUG] Received some message from 1 with CHANNEL: SERVER_REQUEST
[2024-05-28 22:00:32,634][PeerSampler][DEBUG] Received Request from 1
[2024-05-28 22:00:32,634][TCP][DEBUG] -1 sent the message to 1.
[2024-05-28 22:00:32,634][TCP][DEBUG] Sent message size: 52
[2024-05-28 22:00:32,639][Node][DEBUG] Received some message from 4 with CHANNEL: SERVER_REQUEST
[2024-05-28 22:00:32,639][PeerSampler][DEBUG] Received Request from 4
[2024-05-28 22:00:32,639][TCP][DEBUG] -1 sent the message to 4.
[2024-05-28 22:00:32,640][TCP][DEBUG] Sent message size: 52
[2024-05-28 22:00:32,657][Node][DEBUG] Received some message from 8 with CHANNEL: SERVER_REQUEST
[2024-05-28 22:00:32,657][PeerSampler][DEBUG] Received Request from 8
[2024-05-28 22:00:32,657][PeerSamplerDynamic][DEBUG] iteration, self.iteration: 4, 3
[2024-05-28 22:00:32,659][TCP][DEBUG] -1 sent the message to 8.
[2024-05-28 22:00:32,660][TCP][DEBUG] Sent message size: 48
[2024-05-28 22:00:32,660][Node][DEBUG] Received some message from 9 with CHANNEL: SERVER_REQUEST
[2024-05-28 22:00:32,660][PeerSampler][DEBUG] Received Request from 9
[2024-05-28 22:00:32,660][TCP][DEBUG] -1 sent the message to 9.
[2024-05-28 22:00:32,661][TCP][DEBUG] Sent message size: 52
[2024-05-28 22:00:32,661][Node][DEBUG] Received some message from 2 with CHANNEL: SERVER_REQUEST
[2024-05-28 22:00:32,661][PeerSampler][DEBUG] Received Request from 2
[2024-05-28 22:00:32,661][TCP][DEBUG] -1 sent the message to 2.
[2024-05-28 22:00:32,662][TCP][DEBUG] Sent message size: 56
[2024-05-28 22:00:32,662][Node][DEBUG] Received some message from 10 with CHANNEL: SERVER_REQUEST
[2024-05-28 22:00:32,662][PeerSampler][DEBUG] Received Request from 10
[2024-05-28 22:00:32,662][TCP][DEBUG] -1 sent the message to 10.
[2024-05-28 22:00:32,662][TCP][DEBUG] Sent message size: 48
[2024-05-28 22:00:32,663][Node][DEBUG] Received some message from 3 with CHANNEL: SERVER_REQUEST
[2024-05-28 22:00:32,663][PeerSampler][DEBUG] Received Request from 3
[2024-05-28 22:00:32,663][TCP][DEBUG] -1 sent the message to 3.
[2024-05-28 22:00:32,663][TCP][DEBUG] Sent message size: 52
[2024-05-28 22:00:32,663][Node][DEBUG] Received some message from 7 with CHANNEL: SERVER_REQUEST
[2024-05-28 22:00:32,664][PeerSampler][DEBUG] Received Request from 7
[2024-05-28 22:00:32,664][TCP][DEBUG] -1 sent the message to 7.
[2024-05-28 22:00:32,664][TCP][DEBUG] Sent message size: 52
[2024-05-28 22:00:32,664][Node][DEBUG] Received some message from 6 with CHANNEL: SERVER_REQUEST
[2024-05-28 22:00:32,664][PeerSampler][DEBUG] Received Request from 6
[2024-05-28 22:00:32,665][TCP][DEBUG] -1 sent the message to 6.
[2024-05-28 22:00:32,665][TCP][DEBUG] Sent message size: 48
[2024-05-28 22:00:32,670][Node][DEBUG] Received some message from 1 with CHANNEL: SERVER_REQUEST
[2024-05-28 22:00:32,670][PeerSampler][DEBUG] Received Request from 1
[2024-05-28 22:00:32,671][TCP][DEBUG] -1 sent the message to 1.
[2024-05-28 22:00:32,671][TCP][DEBUG] Sent message size: 48
[2024-05-28 22:00:32,673][Node][DEBUG] Received some message from 4 with CHANNEL: SERVER_REQUEST
[2024-05-28 22:00:32,674][PeerSampler][DEBUG] Received Request from 4
[2024-05-28 22:00:32,674][TCP][DEBUG] -1 sent the message to 4.
[2024-05-28 22:00:32,674][TCP][DEBUG] Sent message size: 56
[2024-05-28 22:00:32,676][Node][DEBUG] Received some message from 0 with CHANNEL: SERVER_REQUEST
[2024-05-28 22:00:32,676][PeerSampler][DEBUG] Received Request from 0
[2024-05-28 22:00:32,677][TCP][DEBUG] -1 sent the message to 0.
[2024-05-28 22:00:32,677][TCP][DEBUG] Sent message size: 52
[2024-05-28 22:00:32,677][Node][DEBUG] Received some message from 5 with CHANNEL: SERVER_REQUEST
[2024-05-28 22:00:32,677][PeerSampler][DEBUG] Received Request from 5
[2024-05-28 22:00:32,678][TCP][DEBUG] -1 sent the message to 5.
[2024-05-28 22:00:32,678][TCP][DEBUG] Sent message size: 48
[2024-05-28 22:00:32,682][Node][DEBUG] Received some message from 11 with CHANNEL: SERVER_REQUEST
[2024-05-28 22:00:32,682][PeerSampler][DEBUG] Received Request from 11
[2024-05-28 22:00:32,683][TCP][DEBUG] -1 sent the message to 11.
[2024-05-28 22:00:32,683][TCP][DEBUG] Sent message size: 54
[2024-05-28 22:00:32,693][Node][DEBUG] Received some message from 8 with CHANNEL: SERVER_REQUEST
[2024-05-28 22:00:32,693][PeerSampler][DEBUG] Received Request from 8
[2024-05-28 22:00:32,693][PeerSamplerDynamic][DEBUG] iteration, self.iteration: 5, 4
[2024-05-28 22:00:32,696][TCP][DEBUG] -1 sent the message to 8.
[2024-05-28 22:00:32,696][TCP][DEBUG] Sent message size: 48
[2024-05-28 22:00:32,696][Node][DEBUG] Received some message from 10 with CHANNEL: SERVER_REQUEST
[2024-05-28 22:00:32,696][PeerSampler][DEBUG] Received Request from 10
[2024-05-28 22:00:32,697][TCP][DEBUG] -1 sent the message to 10.
[2024-05-28 22:00:32,697][TCP][DEBUG] Sent message size: 54
[2024-05-28 22:00:32,697][Node][DEBUG] Received some message from 6 with CHANNEL: SERVER_REQUEST
[2024-05-28 22:00:32,697][PeerSampler][DEBUG] Received Request from 6
[2024-05-28 22:00:32,698][TCP][DEBUG] -1 sent the message to 6.
[2024-05-28 22:00:32,698][TCP][DEBUG] Sent message size: 52
[2024-05-28 22:00:32,699][Node][DEBUG] Received some message from 3 with CHANNEL: SERVER_REQUEST
[2024-05-28 22:00:32,699][PeerSampler][DEBUG] Received Request from 3
[2024-05-28 22:00:32,699][TCP][DEBUG] -1 sent the message to 3.
[2024-05-28 22:00:32,699][TCP][DEBUG] Sent message size: 52
[2024-05-28 22:00:32,699][Node][DEBUG] Received some message from 7 with CHANNEL: SERVER_REQUEST
[2024-05-28 22:00:32,699][PeerSampler][DEBUG] Received Request from 7
[2024-05-28 22:00:32,700][TCP][DEBUG] -1 sent the message to 7.
[2024-05-28 22:00:32,700][TCP][DEBUG] Sent message size: 48
[2024-05-28 22:00:32,712][Node][DEBUG] Received some message from 5 with CHANNEL: SERVER_REQUEST
[2024-05-28 22:00:32,712][PeerSampler][DEBUG] Received Request from 5
[2024-05-28 22:00:32,712][TCP][DEBUG] -1 sent the message to 5.
[2024-05-28 22:00:32,712][TCP][DEBUG] Sent message size: 48
[2024-05-28 22:00:32,713][Node][DEBUG] Received some message from 0 with CHANNEL: SERVER_REQUEST
[2024-05-28 22:00:32,713][PeerSampler][DEBUG] Received Request from 0
[2024-05-28 22:00:32,713][TCP][DEBUG] -1 sent the message to 0.
[2024-05-28 22:00:32,713][TCP][DEBUG] Sent message size: 52
[2024-05-28 22:00:32,715][Node][DEBUG] Received some message from 1 with CHANNEL: SERVER_REQUEST
[2024-05-28 22:00:32,716][PeerSampler][DEBUG] Received Request from 1
[2024-05-28 22:00:32,716][TCP][DEBUG] -1 sent the message to 1.
[2024-05-28 22:00:32,716][TCP][DEBUG] Sent message size: 48
[2024-05-28 22:00:32,720][Node][DEBUG] Received some message from 9 with CHANNEL: SERVER_REQUEST
[2024-05-28 22:00:32,720][PeerSampler][DEBUG] Received Request from 9
[2024-05-28 22:00:32,720][TCP][DEBUG] -1 sent the message to 9.
[2024-05-28 22:00:32,721][TCP][DEBUG] Sent message size: 52
[2024-05-28 22:00:32,721][Node][DEBUG] Received some message from 11 with CHANNEL: SERVER_REQUEST
[2024-05-28 22:00:32,721][PeerSampler][DEBUG] Received Request from 11
[2024-05-28 22:00:32,721][TCP][DEBUG] -1 sent the message to 11.
[2024-05-28 22:00:32,722][TCP][DEBUG] Sent message size: 56
[2024-05-28 22:00:32,722][Node][DEBUG] Received some message from 2 with CHANNEL: SERVER_REQUEST
[2024-05-28 22:00:32,722][PeerSampler][DEBUG] Received Request from 2
[2024-05-28 22:00:32,722][TCP][DEBUG] -1 sent the message to 2.
[2024-05-28 22:00:32,722][TCP][DEBUG] Sent message size: 52
[2024-05-28 22:00:32,722][Node][DEBUG] Received some message from 4 with CHANNEL: SERVER_REQUEST
[2024-05-28 22:00:32,723][PeerSampler][DEBUG] Received Request from 4
[2024-05-28 22:00:32,723][TCP][DEBUG] -1 sent the message to 4.
[2024-05-28 22:00:32,723][TCP][DEBUG] Sent message size: 54
[2024-05-28 22:00:32,735][Node][DEBUG] Received some message from 7 with CHANNEL: SERVER_REQUEST
[2024-05-28 22:00:32,735][PeerSampler][DEBUG] Received Request from 7
[2024-05-28 22:00:32,735][PeerSamplerDynamic][DEBUG] iteration, self.iteration: 6, 5
[2024-05-28 22:00:32,737][TCP][DEBUG] -1 sent the message to 7.
[2024-05-28 22:00:32,737][TCP][DEBUG] Sent message size: 52
[2024-05-28 22:00:32,746][Node][DEBUG] Received some message from 5 with CHANNEL: SERVER_REQUEST
[2024-05-28 22:00:32,746][PeerSampler][DEBUG] Received Request from 5
[2024-05-28 22:00:32,747][TCP][DEBUG] -1 sent the message to 5.
[2024-05-28 22:00:32,747][TCP][DEBUG] Sent message size: 48
[2024-05-28 22:00:32,748][Node][DEBUG] Received some message from 0 with CHANNEL: SERVER_REQUEST
[2024-05-28 22:00:32,748][PeerSampler][DEBUG] Received Request from 0
[2024-05-28 22:00:32,749][TCP][DEBUG] -1 sent the message to 0.
[2024-05-28 22:00:32,749][TCP][DEBUG] Sent message size: 48
[2024-05-28 22:00:32,749][Node][DEBUG] Received some message from 3 with CHANNEL: SERVER_REQUEST
[2024-05-28 22:00:32,749][PeerSampler][DEBUG] Received Request from 3
[2024-05-28 22:00:32,750][TCP][DEBUG] -1 sent the message to 3.
[2024-05-28 22:00:32,750][TCP][DEBUG] Sent message size: 52
[2024-05-28 22:00:32,750][Node][DEBUG] Received some message from 1 with CHANNEL: SERVER_REQUEST
[2024-05-28 22:00:32,750][PeerSampler][DEBUG] Received Request from 1
[2024-05-28 22:00:32,751][TCP][DEBUG] -1 sent the message to 1.
[2024-05-28 22:00:32,751][TCP][DEBUG] Sent message size: 48
[2024-05-28 22:00:32,758][Node][DEBUG] Received some message from 6 with CHANNEL: SERVER_REQUEST
[2024-05-28 22:00:32,758][PeerSampler][DEBUG] Received Request from 6
[2024-05-28 22:00:32,758][TCP][DEBUG] -1 sent the message to 6.
[2024-05-28 22:00:32,758][TCP][DEBUG] Sent message size: 48
[2024-05-28 22:00:32,758][Node][DEBUG] Received some message from 9 with CHANNEL: SERVER_REQUEST
[2024-05-28 22:00:32,759][PeerSampler][DEBUG] Received Request from 9
[2024-05-28 22:00:32,759][TCP][DEBUG] -1 sent the message to 9.
[2024-05-28 22:00:32,759][TCP][DEBUG] Sent message size: 54
[2024-05-28 22:00:32,759][Node][DEBUG] Received some message from 2 with CHANNEL: SERVER_REQUEST
[2024-05-28 22:00:32,759][PeerSampler][DEBUG] Received Request from 2
[2024-05-28 22:00:32,760][TCP][DEBUG] -1 sent the message to 2.
[2024-05-28 22:00:32,760][TCP][DEBUG] Sent message size: 54
[2024-05-28 22:00:32,760][Node][DEBUG] Received some message from 10 with CHANNEL: SERVER_REQUEST
[2024-05-28 22:00:32,760][PeerSampler][DEBUG] Received Request from 10
[2024-05-28 22:00:32,761][TCP][DEBUG] -1 sent the message to 10.
[2024-05-28 22:00:32,761][TCP][DEBUG] Sent message size: 48
[2024-05-28 22:00:32,761][Node][DEBUG] Received some message from 4 with CHANNEL: SERVER_REQUEST
[2024-05-28 22:00:32,761][PeerSampler][DEBUG] Received Request from 4
[2024-05-28 22:00:32,762][TCP][DEBUG] -1 sent the message to 4.
[2024-05-28 22:00:32,762][TCP][DEBUG] Sent message size: 54
[2024-05-28 22:00:32,762][Node][DEBUG] Received some message from 11 with CHANNEL: SERVER_REQUEST
[2024-05-28 22:00:32,762][PeerSampler][DEBUG] Received Request from 11
[2024-05-28 22:00:32,762][TCP][DEBUG] -1 sent the message to 11.
[2024-05-28 22:00:32,763][TCP][DEBUG] Sent message size: 48
[2024-05-28 22:00:32,775][Node][DEBUG] Received some message from 8 with CHANNEL: SERVER_REQUEST
[2024-05-28 22:00:32,776][PeerSampler][DEBUG] Received Request from 8
[2024-05-28 22:00:32,776][TCP][DEBUG] -1 sent the message to 8.
[2024-05-28 22:00:32,776][TCP][DEBUG] Sent message size: 48
[2024-05-28 22:00:32,782][Node][DEBUG] Received some message from 0 with CHANNEL: SERVER_REQUEST
[2024-05-28 22:00:32,782][PeerSampler][DEBUG] Received Request from 0
[2024-05-28 22:00:32,783][PeerSamplerDynamic][DEBUG] iteration, self.iteration: 7, 6
[2024-05-28 22:00:32,785][TCP][DEBUG] -1 sent the message to 0.
[2024-05-28 22:00:32,785][TCP][DEBUG] Sent message size: 48
[2024-05-28 22:00:32,785][Node][DEBUG] Received some message from 3 with CHANNEL: SERVER_REQUEST
[2024-05-28 22:00:32,786][PeerSampler][DEBUG] Received Request from 3
[2024-05-28 22:00:32,786][TCP][DEBUG] -1 sent the message to 3.
[2024-05-28 22:00:32,786][TCP][DEBUG] Sent message size: 48
[2024-05-28 22:00:32,786][Node][DEBUG] Received some message from 7 with CHANNEL: SERVER_REQUEST
[2024-05-28 22:00:32,786][PeerSampler][DEBUG] Received Request from 7
[2024-05-28 22:00:32,787][TCP][DEBUG] -1 sent the message to 7.
[2024-05-28 22:00:32,787][TCP][DEBUG] Sent message size: 48
[2024-05-28 22:00:32,787][Node][DEBUG] Received some message from 1 with CHANNEL: SERVER_REQUEST
[2024-05-28 22:00:32,787][PeerSampler][DEBUG] Received Request from 1
[2024-05-28 22:00:32,788][TCP][DEBUG] -1 sent the message to 1.
[2024-05-28 22:00:32,788][TCP][DEBUG] Sent message size: 48
[2024-05-28 22:00:32,790][Node][DEBUG] Received some message from 5 with CHANNEL: SERVER_REQUEST
[2024-05-28 22:00:32,791][PeerSampler][DEBUG] Received Request from 5
[2024-05-28 22:00:32,791][TCP][DEBUG] -1 sent the message to 5.
[2024-05-28 22:00:32,791][TCP][DEBUG] Sent message size: 48
[2024-05-28 22:00:32,791][Node][DEBUG] Received some message from 6 with CHANNEL: SERVER_REQUEST
[2024-05-28 22:00:32,791][PeerSampler][DEBUG] Received Request from 6
[2024-05-28 22:00:32,792][TCP][DEBUG] -1 sent the message to 6.
[2024-05-28 22:00:32,792][TCP][DEBUG] Sent message size: 52
[2024-05-28 22:00:32,799][Node][DEBUG] Received some message from 9 with CHANNEL: SERVER_REQUEST
[2024-05-28 22:00:32,799][PeerSampler][DEBUG] Received Request from 9
[2024-05-28 22:00:32,799][TCP][DEBUG] -1 sent the message to 9.
[2024-05-28 22:00:32,799][TCP][DEBUG] Sent message size: 52
[2024-05-28 22:00:32,799][Node][DEBUG] Received some message from 2 with CHANNEL: SERVER_REQUEST
[2024-05-28 22:00:32,800][PeerSampler][DEBUG] Received Request from 2
[2024-05-28 22:00:32,800][TCP][DEBUG] -1 sent the message to 2.
[2024-05-28 22:00:32,800][TCP][DEBUG] Sent message size: 52
[2024-05-28 22:00:32,800][Node][DEBUG] Received some message from 11 with CHANNEL: SERVER_REQUEST
[2024-05-28 22:00:32,800][PeerSampler][DEBUG] Received Request from 11
[2024-05-28 22:00:32,801][TCP][DEBUG] -1 sent the message to 11.
[2024-05-28 22:00:32,801][TCP][DEBUG] Sent message size: 48
[2024-05-28 22:00:32,801][Node][DEBUG] Received some message from 4 with CHANNEL: SERVER_REQUEST
[2024-05-28 22:00:32,801][PeerSampler][DEBUG] Received Request from 4
[2024-05-28 22:00:32,802][TCP][DEBUG] -1 sent the message to 4.
[2024-05-28 22:00:32,802][TCP][DEBUG] Sent message size: 52
[2024-05-28 22:00:32,804][Node][DEBUG] Received some message from 10 with CHANNEL: SERVER_REQUEST
[2024-05-28 22:00:32,804][PeerSampler][DEBUG] Received Request from 10
[2024-05-28 22:00:32,805][TCP][DEBUG] -1 sent the message to 10.
[2024-05-28 22:00:32,805][TCP][DEBUG] Sent message size: 48
[2024-05-28 22:00:32,810][Node][DEBUG] Received some message from 8 with CHANNEL: SERVER_REQUEST
[2024-05-28 22:00:32,810][PeerSampler][DEBUG] Received Request from 8
[2024-05-28 22:00:32,810][TCP][DEBUG] -1 sent the message to 8.
[2024-05-28 22:00:32,811][TCP][DEBUG] Sent message size: 48
[2024-05-28 22:00:32,819][Node][DEBUG] Received some message from 3 with CHANNEL: SERVER_REQUEST
[2024-05-28 22:00:32,820][PeerSampler][DEBUG] Received Request from 3
[2024-05-28 22:00:32,820][PeerSamplerDynamic][DEBUG] iteration, self.iteration: 8, 7
[2024-05-28 22:00:32,822][TCP][DEBUG] -1 sent the message to 3.
[2024-05-28 22:00:32,822][TCP][DEBUG] Sent message size: 52
[2024-05-28 22:00:32,822][Node][DEBUG] Received some message from 1 with CHANNEL: SERVER_REQUEST
[2024-05-28 22:00:32,822][PeerSampler][DEBUG] Received Request from 1
[2024-05-28 22:00:32,823][TCP][DEBUG] -1 sent the message to 1.
[2024-05-28 22:00:32,823][TCP][DEBUG] Sent message size: 52
[2024-05-28 22:00:32,823][Node][DEBUG] Received some message from 0 with CHANNEL: SERVER_REQUEST
[2024-05-28 22:00:32,824][PeerSampler][DEBUG] Received Request from 0
[2024-05-28 22:00:32,824][TCP][DEBUG] -1 sent the message to 0.
[2024-05-28 22:00:32,824][TCP][DEBUG] Sent message size: 48
[2024-05-28 22:00:32,828][Node][DEBUG] Received some message from 5 with CHANNEL: SERVER_REQUEST
[2024-05-28 22:00:32,828][PeerSampler][DEBUG] Received Request from 5
[2024-05-28 22:00:32,828][TCP][DEBUG] -1 sent the message to 5.
[2024-05-28 22:00:32,829][TCP][DEBUG] Sent message size: 48
[2024-05-28 22:00:32,831][Node][DEBUG] Received some message from 7 with CHANNEL: SERVER_REQUEST
[2024-05-28 22:00:32,831][PeerSampler][DEBUG] Received Request from 7
[2024-05-28 22:00:32,831][TCP][DEBUG] -1 sent the message to 7.
[2024-05-28 22:00:32,831][TCP][DEBUG] Sent message size: 52
[2024-05-28 22:00:32,834][Node][DEBUG] Received some message from 11 with CHANNEL: SERVER_REQUEST
[2024-05-28 22:00:32,834][PeerSampler][DEBUG] Received Request from 11
[2024-05-28 22:00:32,835][TCP][DEBUG] -1 sent the message to 11.
[2024-05-28 22:00:32,835][TCP][DEBUG] Sent message size: 48
[2024-05-28 22:00:32,835][Node][DEBUG] Received some message from 2 with CHANNEL: SERVER_REQUEST
[2024-05-28 22:00:32,835][PeerSampler][DEBUG] Received Request from 2
[2024-05-28 22:00:32,835][TCP][DEBUG] -1 sent the message to 2.
[2024-05-28 22:00:32,836][TCP][DEBUG] Sent message size: 52
[2024-05-28 22:00:32,836][Node][DEBUG] Received some message from 9 with CHANNEL: SERVER_REQUEST
[2024-05-28 22:00:32,836][PeerSampler][DEBUG] Received Request from 9
[2024-05-28 22:00:32,836][TCP][DEBUG] -1 sent the message to 9.
[2024-05-28 22:00:32,837][TCP][DEBUG] Sent message size: 48
[2024-05-28 22:00:32,837][Node][DEBUG] Received some message from 4 with CHANNEL: SERVER_REQUEST
[2024-05-28 22:00:32,837][PeerSampler][DEBUG] Received Request from 4
[2024-05-28 22:00:32,837][TCP][DEBUG] -1 sent the message to 4.
[2024-05-28 22:00:32,837][TCP][DEBUG] Sent message size: 52
[2024-05-28 22:00:32,844][Node][DEBUG] Received some message from 8 with CHANNEL: SERVER_REQUEST
[2024-05-28 22:00:32,844][PeerSampler][DEBUG] Received Request from 8
[2024-05-28 22:00:32,845][TCP][DEBUG] -1 sent the message to 8.
[2024-05-28 22:00:32,845][TCP][DEBUG] Sent message size: 52
[2024-05-28 22:00:32,845][Node][DEBUG] Received some message from 6 with CHANNEL: SERVER_REQUEST
[2024-05-28 22:00:32,845][PeerSampler][DEBUG] Received Request from 6
[2024-05-28 22:00:32,846][TCP][DEBUG] -1 sent the message to 6.
[2024-05-28 22:00:32,846][TCP][DEBUG] Sent message size: 48
[2024-05-28 22:00:32,858][Node][DEBUG] Received some message from 0 with CHANNEL: SERVER_REQUEST
[2024-05-28 22:00:32,858][PeerSampler][DEBUG] Received Request from 0
[2024-05-28 22:00:32,858][PeerSamplerDynamic][DEBUG] iteration, self.iteration: 9, 8
[2024-05-28 22:00:32,861][TCP][DEBUG] -1 sent the message to 0.
[2024-05-28 22:00:32,861][TCP][DEBUG] Sent message size: 52
[2024-05-28 22:00:32,867][Node][DEBUG] Received some message from 3 with CHANNEL: SERVER_REQUEST
[2024-05-28 22:00:32,868][PeerSampler][DEBUG] Received Request from 3
[2024-05-28 22:00:32,868][TCP][DEBUG] -1 sent the message to 3.
[2024-05-28 22:00:32,868][TCP][DEBUG] Sent message size: 48
[2024-05-28 22:00:32,868][Node][DEBUG] Received some message from 5 with CHANNEL: SERVER_REQUEST
[2024-05-28 22:00:32,868][PeerSampler][DEBUG] Received Request from 5
[2024-05-28 22:00:32,869][TCP][DEBUG] -1 sent the message to 5.
[2024-05-28 22:00:32,869][TCP][DEBUG] Sent message size: 54
[2024-05-28 22:00:32,869][Node][DEBUG] Received some message from 11 with CHANNEL: SERVER_REQUEST
[2024-05-28 22:00:32,869][PeerSampler][DEBUG] Received Request from 11
[2024-05-28 22:00:32,870][TCP][DEBUG] -1 sent the message to 11.
[2024-05-28 22:00:32,870][TCP][DEBUG] Sent message size: 52
[2024-05-28 22:00:32,870][Node][DEBUG] Received some message from 10 with CHANNEL: SERVER_REQUEST
[2024-05-28 22:00:32,870][PeerSampler][DEBUG] Received Request from 10
[2024-05-28 22:00:32,871][TCP][DEBUG] -1 sent the message to 10.
[2024-05-28 22:00:32,871][TCP][DEBUG] Sent message size: 48
[2024-05-28 22:00:32,871][Node][DEBUG] Received some message from 9 with CHANNEL: SERVER_REQUEST
[2024-05-28 22:00:32,871][PeerSampler][DEBUG] Received Request from 9
[2024-05-28 22:00:32,871][TCP][DEBUG] -1 sent the message to 9.
[2024-05-28 22:00:32,872][TCP][DEBUG] Sent message size: 52
[2024-05-28 22:00:32,872][Node][DEBUG] Received some message from 7 with CHANNEL: SERVER_REQUEST
[2024-05-28 22:00:32,872][PeerSampler][DEBUG] Received Request from 7
[2024-05-28 22:00:32,872][TCP][DEBUG] -1 sent the message to 7.
[2024-05-28 22:00:32,872][TCP][DEBUG] Sent message size: 48
[2024-05-28 22:00:32,873][Node][DEBUG] Received some message from 2 with CHANNEL: SERVER_REQUEST
[2024-05-28 22:00:32,873][PeerSampler][DEBUG] Received Request from 2
[2024-05-28 22:00:32,873][TCP][DEBUG] -1 sent the message to 2.
[2024-05-28 22:00:32,873][TCP][DEBUG] Sent message size: 52
[2024-05-28 22:00:32,879][Node][DEBUG] Received some message from 6 with CHANNEL: SERVER_REQUEST
[2024-05-28 22:00:32,879][PeerSampler][DEBUG] Received Request from 6
[2024-05-28 22:00:32,880][TCP][DEBUG] -1 sent the message to 6.
[2024-05-28 22:00:32,880][TCP][DEBUG] Sent message size: 52
[2024-05-28 22:00:32,883][Node][DEBUG] Received some message from 1 with CHANNEL: SERVER_REQUEST
[2024-05-28 22:00:32,883][PeerSampler][DEBUG] Received Request from 1
[2024-05-28 22:00:32,884][TCP][DEBUG] -1 sent the message to 1.
[2024-05-28 22:00:32,884][TCP][DEBUG] Sent message size: 52
[2024-05-28 22:00:32,884][Node][DEBUG] Received some message from 8 with CHANNEL: SERVER_REQUEST
[2024-05-28 22:00:32,884][PeerSampler][DEBUG] Received Request from 8
[2024-05-28 22:00:32,885][TCP][DEBUG] -1 sent the message to 8.
[2024-05-28 22:00:32,885][TCP][DEBUG] Sent message size: 48
[2024-05-28 22:00:32,901][Node][DEBUG] Received some message from 4 with CHANNEL: SERVER_REQUEST
[2024-05-28 22:00:32,902][PeerSampler][DEBUG] Received Request from 4
[2024-05-28 22:00:32,902][TCP][DEBUG] -1 sent the message to 4.
[2024-05-28 22:00:32,902][TCP][DEBUG] Sent message size: 48
[2024-05-28 22:00:32,902][Node][DEBUG] Received some message from 3 with CHANNEL: SERVER_REQUEST
[2024-05-28 22:00:32,903][PeerSampler][DEBUG] Received Request from 3
[2024-05-28 22:00:32,903][PeerSamplerDynamic][DEBUG] iteration, self.iteration: 10, 9
[2024-05-28 22:00:32,905][TCP][DEBUG] -1 sent the message to 3.
[2024-05-28 22:00:32,905][TCP][DEBUG] Sent message size: 48
[2024-05-28 22:00:32,905][Node][DEBUG] Received some message from 10 with CHANNEL: SERVER_REQUEST
[2024-05-28 22:00:32,905][PeerSampler][DEBUG] Received Request from 10
[2024-05-28 22:00:32,906][TCP][DEBUG] -1 sent the message to 10.
[2024-05-28 22:00:32,906][TCP][DEBUG] Sent message size: 48
[2024-05-28 22:00:32,906][Node][DEBUG] Received some message from 11 with CHANNEL: SERVER_REQUEST
[2024-05-28 22:00:32,906][PeerSampler][DEBUG] Received Request from 11
[2024-05-28 22:00:32,907][TCP][DEBUG] -1 sent the message to 11.
[2024-05-28 22:00:32,907][TCP][DEBUG] Sent message size: 48
[2024-05-28 22:00:32,907][Node][DEBUG] Received some message from 7 with CHANNEL: SERVER_REQUEST
[2024-05-28 22:00:32,907][PeerSampler][DEBUG] Received Request from 7
[2024-05-28 22:00:32,907][TCP][DEBUG] -1 sent the message to 7.
[2024-05-28 22:00:32,908][TCP][DEBUG] Sent message size: 52
[2024-05-28 22:00:32,908][Node][DEBUG] Received some message from 5 with CHANNEL: SERVER_REQUEST
[2024-05-28 22:00:32,908][PeerSampler][DEBUG] Received Request from 5
[2024-05-28 22:00:32,909][TCP][DEBUG] -1 sent the message to 5.
[2024-05-28 22:00:32,909][TCP][DEBUG] Sent message size: 48
[2024-05-28 22:00:32,914][Node][DEBUG] Received some message from 6 with CHANNEL: SERVER_REQUEST
[2024-05-28 22:00:32,915][PeerSampler][DEBUG] Received Request from 6
[2024-05-28 22:00:32,915][TCP][DEBUG] -1 sent the message to 6.
[2024-05-28 22:00:32,915][TCP][DEBUG] Sent message size: 48
[2024-05-28 22:00:32,915][Node][DEBUG] Received some message from 0 with CHANNEL: SERVER_REQUEST
[2024-05-28 22:00:32,915][PeerSampler][DEBUG] Received Request from 0
[2024-05-28 22:00:32,916][TCP][DEBUG] -1 sent the message to 0.
[2024-05-28 22:00:32,916][TCP][DEBUG] Sent message size: 48
[2024-05-28 22:00:32,916][Node][DEBUG] Received some message from 2 with CHANNEL: SERVER_REQUEST
[2024-05-28 22:00:32,916][PeerSampler][DEBUG] Received Request from 2
[2024-05-28 22:00:32,917][TCP][DEBUG] -1 sent the message to 2.
[2024-05-28 22:00:32,917][TCP][DEBUG] Sent message size: 48
[2024-05-28 22:00:32,919][Node][DEBUG] Received some message from 8 with CHANNEL: SERVER_REQUEST
[2024-05-28 22:00:32,920][PeerSampler][DEBUG] Received Request from 8
[2024-05-28 22:00:32,920][TCP][DEBUG] -1 sent the message to 8.
[2024-05-28 22:00:32,920][TCP][DEBUG] Sent message size: 52
[2024-05-28 22:00:32,922][Node][DEBUG] Received some message from 1 with CHANNEL: SERVER_REQUEST
[2024-05-28 22:00:32,922][PeerSampler][DEBUG] Received Request from 1
[2024-05-28 22:00:32,922][TCP][DEBUG] -1 sent the message to 1.
[2024-05-28 22:00:32,923][TCP][DEBUG] Sent message size: 52
[2024-05-28 22:00:32,937][Node][DEBUG] Received some message from 4 with CHANNEL: SERVER_REQUEST
[2024-05-28 22:00:32,937][PeerSampler][DEBUG] Received Request from 4
[2024-05-28 22:00:32,938][TCP][DEBUG] -1 sent the message to 4.
[2024-05-28 22:00:32,938][TCP][DEBUG] Sent message size: 48
[2024-05-28 22:00:32,939][Node][DEBUG] Received some message from 10 with CHANNEL: SERVER_REQUEST
[2024-05-28 22:00:32,939][PeerSampler][DEBUG] Received Request from 10
[2024-05-28 22:00:32,940][TCP][DEBUG] -1 sent the message to 10.
[2024-05-28 22:00:32,940][TCP][DEBUG] Sent message size: 52
[2024-05-28 22:00:32,940][Node][DEBUG] Received some message from 11 with CHANNEL: SERVER_REQUEST
[2024-05-28 22:00:32,940][PeerSampler][DEBUG] Received Request from 11
[2024-05-28 22:00:32,940][PeerSamplerDynamic][DEBUG] iteration, self.iteration: 11, 10
[2024-05-28 22:00:32,942][TCP][DEBUG] -1 sent the message to 11.
[2024-05-28 22:00:32,942][TCP][DEBUG] Sent message size: 48
[2024-05-28 22:00:32,942][Node][DEBUG] Received some message from 3 with CHANNEL: SERVER_REQUEST
[2024-05-28 22:00:32,943][PeerSampler][DEBUG] Received Request from 3
[2024-05-28 22:00:32,943][TCP][DEBUG] -1 sent the message to 3.
[2024-05-28 22:00:32,943][TCP][DEBUG] Sent message size: 48
[2024-05-28 22:00:32,943][Node][DEBUG] Received some message from 9 with CHANNEL: SERVER_REQUEST
[2024-05-28 22:00:32,943][PeerSampler][DEBUG] Received Request from 9
[2024-05-28 22:00:32,944][TCP][DEBUG] -1 sent the message to 9.
[2024-05-28 22:00:32,944][TCP][DEBUG] Sent message size: 48
[2024-05-28 22:00:32,944][Node][DEBUG] Received some message from 5 with CHANNEL: SERVER_REQUEST
[2024-05-28 22:00:32,944][PeerSampler][DEBUG] Received Request from 5
[2024-05-28 22:00:32,945][TCP][DEBUG] -1 sent the message to 5.
[2024-05-28 22:00:32,945][TCP][DEBUG] Sent message size: 48
[2024-05-28 22:00:32,948][Node][DEBUG] Received some message from 6 with CHANNEL: SERVER_REQUEST
[2024-05-28 22:00:32,948][PeerSampler][DEBUG] Received Request from 6
[2024-05-28 22:00:32,949][TCP][DEBUG] -1 sent the message to 6.
[2024-05-28 22:00:32,949][TCP][DEBUG] Sent message size: 48
[2024-05-28 22:00:32,950][Node][DEBUG] Received some message from 2 with CHANNEL: SERVER_REQUEST
[2024-05-28 22:00:32,950][PeerSampler][DEBUG] Received Request from 2
[2024-05-28 22:00:32,950][TCP][DEBUG] -1 sent the message to 2.
[2024-05-28 22:00:32,950][TCP][DEBUG] Sent message size: 48
[2024-05-28 22:00:32,959][Node][DEBUG] Received some message from 0 with CHANNEL: SERVER_REQUEST
[2024-05-28 22:00:32,959][PeerSampler][DEBUG] Received Request from 0
[2024-05-28 22:00:32,959][TCP][DEBUG] -1 sent the message to 0.
[2024-05-28 22:00:32,959][TCP][DEBUG] Sent message size: 54
[2024-05-28 22:00:32,959][Node][DEBUG] Received some message from 8 with CHANNEL: SERVER_REQUEST
[2024-05-28 22:00:32,960][PeerSampler][DEBUG] Received Request from 8
[2024-05-28 22:00:32,960][TCP][DEBUG] -1 sent the message to 8.
[2024-05-28 22:00:32,960][TCP][DEBUG] Sent message size: 54
[2024-05-28 22:00:32,960][Node][DEBUG] Received some message from 1 with CHANNEL: SERVER_REQUEST
[2024-05-28 22:00:32,960][PeerSampler][DEBUG] Received Request from 1
[2024-05-28 22:00:32,961][TCP][DEBUG] -1 sent the message to 1.
[2024-05-28 22:00:32,961][TCP][DEBUG] Sent message size: 48
[2024-05-28 22:00:32,972][Node][DEBUG] Received some message from 4 with CHANNEL: SERVER_REQUEST
[2024-05-28 22:00:32,972][PeerSampler][DEBUG] Received Request from 4
[2024-05-28 22:00:32,972][TCP][DEBUG] -1 sent the message to 4.
[2024-05-28 22:00:32,973][TCP][DEBUG] Sent message size: 48
[2024-05-28 22:00:32,976][Node][DEBUG] Received some message from 10 with CHANNEL: SERVER_REQUEST
[2024-05-28 22:00:32,977][PeerSampler][DEBUG] Received Request from 10
[2024-05-28 22:00:32,977][TCP][DEBUG] -1 sent the message to 10.
[2024-05-28 22:00:32,977][TCP][DEBUG] Sent message size: 48
[2024-05-28 22:00:32,977][Node][DEBUG] Received some message from 9 with CHANNEL: SERVER_REQUEST
[2024-05-28 22:00:32,977][PeerSampler][DEBUG] Received Request from 9
[2024-05-28 22:00:32,978][TCP][DEBUG] -1 sent the message to 9.
[2024-05-28 22:00:32,978][TCP][DEBUG] Sent message size: 48
[2024-05-28 22:00:32,978][Node][DEBUG] Received some message from 5 with CHANNEL: SERVER_REQUEST
[2024-05-28 22:00:32,978][PeerSampler][DEBUG] Received Request from 5
[2024-05-28 22:00:32,978][PeerSamplerDynamic][DEBUG] iteration, self.iteration: 12, 11
[2024-05-28 22:00:32,980][TCP][DEBUG] -1 sent the message to 5.
[2024-05-28 22:00:32,981][TCP][DEBUG] Sent message size: 52
[2024-05-28 22:00:32,981][Node][DEBUG] Received some message from 7 with CHANNEL: SERVER_REQUEST
[2024-05-28 22:00:32,981][PeerSampler][DEBUG] Received Request from 7
[2024-05-28 22:00:32,981][TCP][DEBUG] -1 sent the message to 7.
[2024-05-28 22:00:32,981][TCP][DEBUG] Sent message size: 54
[2024-05-28 22:00:32,982][Node][DEBUG] Received some message from 6 with CHANNEL: SERVER_REQUEST
[2024-05-28 22:00:32,982][PeerSampler][DEBUG] Received Request from 6
[2024-05-28 22:00:32,982][TCP][DEBUG] -1 sent the message to 6.
[2024-05-28 22:00:32,982][TCP][DEBUG] Sent message size: 52
[2024-05-28 22:00:32,982][Node][DEBUG] Received some message from 3 with CHANNEL: SERVER_REQUEST
[2024-05-28 22:00:32,982][PeerSampler][DEBUG] Received Request from 3
[2024-05-28 22:00:32,983][TCP][DEBUG] -1 sent the message to 3.
[2024-05-28 22:00:32,983][TCP][DEBUG] Sent message size: 48
[2024-05-28 22:00:32,983][Node][DEBUG] Received some message from 11 with CHANNEL: SERVER_REQUEST
[2024-05-28 22:00:32,983][PeerSampler][DEBUG] Received Request from 11
[2024-05-28 22:00:32,984][TCP][DEBUG] -1 sent the message to 11.
[2024-05-28 22:00:32,984][TCP][DEBUG] Sent message size: 52
[2024-05-28 22:00:32,991][Node][DEBUG] Received some message from 2 with CHANNEL: SERVER_REQUEST
[2024-05-28 22:00:32,991][PeerSampler][DEBUG] Received Request from 2
[2024-05-28 22:00:32,991][TCP][DEBUG] -1 sent the message to 2.
[2024-05-28 22:00:32,992][TCP][DEBUG] Sent message size: 52
[2024-05-28 22:00:32,994][Node][DEBUG] Received some message from 1 with CHANNEL: SERVER_REQUEST
[2024-05-28 22:00:32,995][PeerSampler][DEBUG] Received Request from 1
[2024-05-28 22:00:32,995][TCP][DEBUG] -1 sent the message to 1.
[2024-05-28 22:00:32,995][TCP][DEBUG] Sent message size: 52
[2024-05-28 22:00:33,006][Node][DEBUG] Received some message from 4 with CHANNEL: SERVER_REQUEST
[2024-05-28 22:00:33,006][PeerSampler][DEBUG] Received Request from 4
[2024-05-28 22:00:33,007][TCP][DEBUG] -1 sent the message to 4.
[2024-05-28 22:00:33,007][TCP][DEBUG] Sent message size: 52
[2024-05-28 22:00:33,016][Node][DEBUG] Received some message from 3 with CHANNEL: SERVER_REQUEST
[2024-05-28 22:00:33,016][PeerSampler][DEBUG] Received Request from 3
[2024-05-28 22:00:33,016][PeerSamplerDynamic][DEBUG] iteration, self.iteration: 13, 12
[2024-05-28 22:00:33,019][TCP][DEBUG] -1 sent the message to 3.
[2024-05-28 22:00:33,019][TCP][DEBUG] Sent message size: 48
[2024-05-28 22:00:33,019][Node][DEBUG] Received some message from 8 with CHANNEL: SERVER_REQUEST
[2024-05-28 22:00:33,019][PeerSampler][DEBUG] Received Request from 8
[2024-05-28 22:00:33,019][TCP][DEBUG] -1 sent the message to 8.
[2024-05-28 22:00:33,020][TCP][DEBUG] Sent message size: 52
[2024-05-28 22:00:33,020][Node][DEBUG] Received some message from 0 with CHANNEL: SERVER_REQUEST
[2024-05-28 22:00:33,020][PeerSampler][DEBUG] Received Request from 0
[2024-05-28 22:00:33,020][TCP][DEBUG] -1 sent the message to 0.
[2024-05-28 22:00:33,020][TCP][DEBUG] Sent message size: 52
[2024-05-28 22:00:33,021][Node][DEBUG] Received some message from 11 with CHANNEL: SERVER_REQUEST
[2024-05-28 22:00:33,021][PeerSampler][DEBUG] Received Request from 11
[2024-05-28 22:00:33,021][TCP][DEBUG] -1 sent the message to 11.
[2024-05-28 22:00:33,021][TCP][DEBUG] Sent message size: 48
[2024-05-28 22:00:33,021][Node][DEBUG] Received some message from 5 with CHANNEL: SERVER_REQUEST
[2024-05-28 22:00:33,021][PeerSampler][DEBUG] Received Request from 5
[2024-05-28 22:00:33,022][TCP][DEBUG] -1 sent the message to 5.
[2024-05-28 22:00:33,022][TCP][DEBUG] Sent message size: 54
[2024-05-28 22:00:33,022][Node][DEBUG] Received some message from 9 with CHANNEL: SERVER_REQUEST
[2024-05-28 22:00:33,022][PeerSampler][DEBUG] Received Request from 9
[2024-05-28 22:00:33,023][TCP][DEBUG] -1 sent the message to 9.
[2024-05-28 22:00:33,023][TCP][DEBUG] Sent message size: 48
[2024-05-28 22:00:33,023][Node][DEBUG] Received some message from 7 with CHANNEL: SERVER_REQUEST
[2024-05-28 22:00:33,023][PeerSampler][DEBUG] Received Request from 7
[2024-05-28 22:00:33,023][TCP][DEBUG] -1 sent the message to 7.
[2024-05-28 22:00:33,024][TCP][DEBUG] Sent message size: 48
[2024-05-28 22:00:33,024][Node][DEBUG] Received some message from 10 with CHANNEL: SERVER_REQUEST
[2024-05-28 22:00:33,024][PeerSampler][DEBUG] Received Request from 10
[2024-05-28 22:00:33,024][TCP][DEBUG] -1 sent the message to 10.
[2024-05-28 22:00:33,024][TCP][DEBUG] Sent message size: 48
[2024-05-28 22:00:33,041][Node][DEBUG] Received some message from 6 with CHANNEL: SERVER_REQUEST
[2024-05-28 22:00:33,041][PeerSampler][DEBUG] Received Request from 6
[2024-05-28 22:00:33,042][TCP][DEBUG] -1 sent the message to 6.
[2024-05-28 22:00:33,042][TCP][DEBUG] Sent message size: 54
[2024-05-28 22:00:33,051][Node][DEBUG] Received some message from 4 with CHANNEL: SERVER_REQUEST
[2024-05-28 22:00:33,051][PeerSampler][DEBUG] Received Request from 4
[2024-05-28 22:00:33,052][TCP][DEBUG] -1 sent the message to 4.
[2024-05-28 22:00:33,052][TCP][DEBUG] Sent message size: 54
[2024-05-28 22:00:33,053][Node][DEBUG] Received some message from 8 with CHANNEL: SERVER_REQUEST
[2024-05-28 22:00:33,053][PeerSampler][DEBUG] Received Request from 8
[2024-05-28 22:00:33,054][TCP][DEBUG] -1 sent the message to 8.
[2024-05-28 22:00:33,054][TCP][DEBUG] Sent message size: 52
[2024-05-28 22:00:33,055][Node][DEBUG] Received some message from 9 with CHANNEL: SERVER_REQUEST
[2024-05-28 22:00:33,055][PeerSampler][DEBUG] Received Request from 9
[2024-05-28 22:00:33,056][TCP][DEBUG] -1 sent the message to 9.
[2024-05-28 22:00:33,056][TCP][DEBUG] Sent message size: 54
[2024-05-28 22:00:33,056][Node][DEBUG] Received some message from 1 with CHANNEL: SERVER_REQUEST
[2024-05-28 22:00:33,056][PeerSampler][DEBUG] Received Request from 1
[2024-05-28 22:00:33,057][TCP][DEBUG] -1 sent the message to 1.
[2024-05-28 22:00:33,057][TCP][DEBUG] Sent message size: 54
[2024-05-28 22:00:33,057][Node][DEBUG] Received some message from 11 with CHANNEL: SERVER_REQUEST
[2024-05-28 22:00:33,057][PeerSampler][DEBUG] Received Request from 11
[2024-05-28 22:00:33,057][PeerSamplerDynamic][DEBUG] iteration, self.iteration: 14, 13
[2024-05-28 22:00:33,059][TCP][DEBUG] -1 sent the message to 11.
[2024-05-28 22:00:33,059][TCP][DEBUG] Sent message size: 48
[2024-05-28 22:00:33,059][Node][DEBUG] Received some message from 0 with CHANNEL: SERVER_REQUEST
[2024-05-28 22:00:33,060][PeerSampler][DEBUG] Received Request from 0
[2024-05-28 22:00:33,060][TCP][DEBUG] -1 sent the message to 0.
[2024-05-28 22:00:33,060][TCP][DEBUG] Sent message size: 54
[2024-05-28 22:00:33,060][Node][DEBUG] Received some message from 7 with CHANNEL: SERVER_REQUEST
[2024-05-28 22:00:33,060][PeerSampler][DEBUG] Received Request from 7
[2024-05-28 22:00:33,061][TCP][DEBUG] -1 sent the message to 7.
[2024-05-28 22:00:33,061][TCP][DEBUG] Sent message size: 52
[2024-05-28 22:00:33,061][Node][DEBUG] Received some message from 3 with CHANNEL: SERVER_REQUEST
[2024-05-28 22:00:33,061][PeerSampler][DEBUG] Received Request from 3
[2024-05-28 22:00:33,062][TCP][DEBUG] -1 sent the message to 3.
[2024-05-28 22:00:33,062][TCP][DEBUG] Sent message size: 48
[2024-05-28 22:00:33,062][Node][DEBUG] Received some message from 2 with CHANNEL: SERVER_REQUEST
[2024-05-28 22:00:33,062][PeerSampler][DEBUG] Received Request from 2
[2024-05-28 22:00:33,062][TCP][DEBUG] -1 sent the message to 2.
[2024-05-28 22:00:33,062][TCP][DEBUG] Sent message size: 48
[2024-05-28 22:00:33,081][Node][DEBUG] Received some message from 10 with CHANNEL: SERVER_REQUEST
[2024-05-28 22:00:33,081][PeerSampler][DEBUG] Received Request from 10
[2024-05-28 22:00:33,081][TCP][DEBUG] -1 sent the message to 10.
[2024-05-28 22:00:33,081][TCP][DEBUG] Sent message size: 48
[2024-05-28 22:00:33,089][Node][DEBUG] Received some message from 6 with CHANNEL: SERVER_REQUEST
[2024-05-28 22:00:33,089][PeerSampler][DEBUG] Received Request from 6
[2024-05-28 22:00:33,090][TCP][DEBUG] -1 sent the message to 6.
[2024-05-28 22:00:33,090][TCP][DEBUG] Sent message size: 52
[2024-05-28 22:00:33,090][Node][DEBUG] Received some message from 4 with CHANNEL: SERVER_REQUEST
[2024-05-28 22:00:33,090][PeerSampler][DEBUG] Received Request from 4
[2024-05-28 22:00:33,091][TCP][DEBUG] -1 sent the message to 4.
[2024-05-28 22:00:33,091][TCP][DEBUG] Sent message size: 52
[2024-05-28 22:00:33,091][Node][DEBUG] Received some message from 5 with CHANNEL: SERVER_REQUEST
[2024-05-28 22:00:33,091][PeerSampler][DEBUG] Received Request from 5
[2024-05-28 22:00:33,091][TCP][DEBUG] -1 sent the message to 5.
[2024-05-28 22:00:33,092][TCP][DEBUG] Sent message size: 48
[2024-05-28 22:00:33,092][Node][DEBUG] Received some message from 11 with CHANNEL: SERVER_REQUEST
[2024-05-28 22:00:33,092][PeerSampler][DEBUG] Received Request from 11
[2024-05-28 22:00:33,092][PeerSamplerDynamic][DEBUG] iteration, self.iteration: 15, 14
[2024-05-28 22:00:33,094][TCP][DEBUG] -1 sent the message to 11.
[2024-05-28 22:00:33,094][TCP][DEBUG] Sent message size: 54
[2024-05-28 22:00:33,096][Node][DEBUG] Received some message from 9 with CHANNEL: SERVER_REQUEST
[2024-05-28 22:00:33,096][PeerSampler][DEBUG] Received Request from 9
[2024-05-28 22:00:33,097][TCP][DEBUG] -1 sent the message to 9.
[2024-05-28 22:00:33,097][TCP][DEBUG] Sent message size: 48
[2024-05-28 22:00:33,097][Node][DEBUG] Received some message from 7 with CHANNEL: SERVER_REQUEST
[2024-05-28 22:00:33,097][PeerSampler][DEBUG] Received Request from 7
[2024-05-28 22:00:33,097][TCP][DEBUG] -1 sent the message to 7.
[2024-05-28 22:00:33,098][TCP][DEBUG] Sent message size: 48
[2024-05-28 22:00:33,098][Node][DEBUG] Received some message from 8 with CHANNEL: SERVER_REQUEST
[2024-05-28 22:00:33,098][PeerSampler][DEBUG] Received Request from 8
[2024-05-28 22:00:33,098][TCP][DEBUG] -1 sent the message to 8.
[2024-05-28 22:00:33,098][TCP][DEBUG] Sent message size: 54
[2024-05-28 22:00:33,098][Node][DEBUG] Received some message from 2 with CHANNEL: SERVER_REQUEST
[2024-05-28 22:00:33,099][PeerSampler][DEBUG] Received Request from 2
[2024-05-28 22:00:33,099][TCP][DEBUG] -1 sent the message to 2.
[2024-05-28 22:00:33,099][TCP][DEBUG] Sent message size: 48
[2024-05-28 22:00:33,099][Node][DEBUG] Received some message from 0 with CHANNEL: SERVER_REQUEST
[2024-05-28 22:00:33,099][PeerSampler][DEBUG] Received Request from 0
[2024-05-28 22:00:33,100][TCP][DEBUG] -1 sent the message to 0.
[2024-05-28 22:00:33,100][TCP][DEBUG] Sent message size: 54
[2024-05-28 22:00:33,100][Node][DEBUG] Received some message from 1 with CHANNEL: SERVER_REQUEST
[2024-05-28 22:00:33,100][PeerSampler][DEBUG] Received Request from 1
[2024-05-28 22:00:33,100][TCP][DEBUG] -1 sent the message to 1.
[2024-05-28 22:00:33,101][TCP][DEBUG] Sent message size: 54
[2024-05-28 22:00:33,110][Node][DEBUG] Received some message from 3 with CHANNEL: SERVER_REQUEST
[2024-05-28 22:00:33,110][PeerSampler][DEBUG] Received Request from 3
[2024-05-28 22:00:33,111][TCP][DEBUG] -1 sent the message to 3.
[2024-05-28 22:00:33,111][TCP][DEBUG] Sent message size: 48
[2024-05-28 22:00:33,116][Node][DEBUG] Received some message from 10 with CHANNEL: SERVER_REQUEST
[2024-05-28 22:00:33,116][PeerSampler][DEBUG] Received Request from 10
[2024-05-28 22:00:33,117][TCP][DEBUG] -1 sent the message to 10.
[2024-05-28 22:00:33,117][TCP][DEBUG] Sent message size: 48
[2024-05-28 22:00:33,126][Node][DEBUG] Received some message from 6 with CHANNEL: SERVER_REQUEST
[2024-05-28 22:00:33,126][PeerSampler][DEBUG] Received Request from 6
[2024-05-28 22:00:33,126][TCP][DEBUG] -1 sent the message to 6.
[2024-05-28 22:00:33,126][TCP][DEBUG] Sent message size: 52
[2024-05-28 22:00:33,127][Node][DEBUG] Received some message from 5 with CHANNEL: SERVER_REQUEST
[2024-05-28 22:00:33,127][PeerSampler][DEBUG] Received Request from 5
[2024-05-28 22:00:33,127][TCP][DEBUG] -1 sent the message to 5.
[2024-05-28 22:00:33,127][TCP][DEBUG] Sent message size: 52
[2024-05-28 22:00:33,127][Node][DEBUG] Received some message from 4 with CHANNEL: SERVER_REQUEST
[2024-05-28 22:00:33,127][PeerSampler][DEBUG] Received Request from 4
[2024-05-28 22:00:33,128][TCP][DEBUG] -1 sent the message to 4.
[2024-05-28 22:00:33,128][TCP][DEBUG] Sent message size: 48
[2024-05-28 22:00:33,129][Node][DEBUG] Received some message from 9 with CHANNEL: SERVER_REQUEST
[2024-05-28 22:00:33,129][PeerSampler][DEBUG] Received Request from 9
[2024-05-28 22:00:33,129][TCP][DEBUG] -1 sent the message to 9.
[2024-05-28 22:00:33,129][TCP][DEBUG] Sent message size: 48
[2024-05-28 22:00:33,130][Node][DEBUG] Received some message from 7 with CHANNEL: SERVER_REQUEST
[2024-05-28 22:00:33,131][PeerSampler][DEBUG] Received Request from 7
[2024-05-28 22:00:33,131][TCP][DEBUG] -1 sent the message to 7.
[2024-05-28 22:00:33,131][TCP][DEBUG] Sent message size: 52
[2024-05-28 22:00:33,133][Node][DEBUG] Received some message from 2 with CHANNEL: SERVER_REQUEST
[2024-05-28 22:00:33,133][PeerSampler][DEBUG] Received Request from 2
[2024-05-28 22:00:33,133][TCP][DEBUG] -1 sent the message to 2.
[2024-05-28 22:00:33,134][TCP][DEBUG] Sent message size: 54
[2024-05-28 22:00:33,137][Node][DEBUG] Received some message from 0 with CHANNEL: SERVER_REQUEST
[2024-05-28 22:00:33,137][PeerSampler][DEBUG] Received Request from 0
[2024-05-28 22:00:33,137][TCP][DEBUG] -1 sent the message to 0.
[2024-05-28 22:00:33,137][TCP][DEBUG] Sent message size: 54
[2024-05-28 22:00:33,138][Node][DEBUG] Received some message from 8 with CHANNEL: SERVER_REQUEST
[2024-05-28 22:00:33,138][PeerSampler][DEBUG] Received Request from 8
[2024-05-28 22:00:33,138][TCP][DEBUG] -1 sent the message to 8.
[2024-05-28 22:00:33,138][TCP][DEBUG] Sent message size: 52
[2024-05-28 22:00:33,138][Node][DEBUG] Received some message from 1 with CHANNEL: SERVER_REQUEST
[2024-05-28 22:00:33,138][PeerSampler][DEBUG] Received Request from 1
[2024-05-28 22:00:33,139][TCP][DEBUG] -1 sent the message to 1.
[2024-05-28 22:00:33,139][TCP][DEBUG] Sent message size: 48
[2024-05-28 22:00:33,144][Node][DEBUG] Received some message from 3 with CHANNEL: SERVER_REQUEST
[2024-05-28 22:00:33,144][PeerSampler][DEBUG] Received Request from 3
[2024-05-28 22:00:33,144][PeerSamplerDynamic][DEBUG] iteration, self.iteration: 16, 15
[2024-05-28 22:00:33,146][TCP][DEBUG] -1 sent the message to 3.
[2024-05-28 22:00:33,146][TCP][DEBUG] Sent message size: 48
[2024-05-28 22:00:33,150][Node][DEBUG] Received some message from 10 with CHANNEL: SERVER_REQUEST
[2024-05-28 22:00:33,150][PeerSampler][DEBUG] Received Request from 10
[2024-05-28 22:00:33,151][TCP][DEBUG] -1 sent the message to 10.
[2024-05-28 22:00:33,151][TCP][DEBUG] Sent message size: 48
[2024-05-28 22:00:33,162][Node][DEBUG] Received some message from 9 with CHANNEL: SERVER_REQUEST
[2024-05-28 22:00:33,162][PeerSampler][DEBUG] Received Request from 9
[2024-05-28 22:00:33,162][TCP][DEBUG] -1 sent the message to 9.
[2024-05-28 22:00:33,162][TCP][DEBUG] Sent message size: 48
[2024-05-28 22:00:33,162][Node][DEBUG] Received some message from 4 with CHANNEL: SERVER_REQUEST
[2024-05-28 22:00:33,163][PeerSampler][DEBUG] Received Request from 4
[2024-05-28 22:00:33,163][TCP][DEBUG] -1 sent the message to 4.
[2024-05-28 22:00:33,163][TCP][DEBUG] Sent message size: 48
[2024-05-28 22:00:33,163][Node][DEBUG] Received some message from 5 with CHANNEL: SERVER_REQUEST
[2024-05-28 22:00:33,163][PeerSampler][DEBUG] Received Request from 5
[2024-05-28 22:00:33,164][TCP][DEBUG] -1 sent the message to 5.
[2024-05-28 22:00:33,164][TCP][DEBUG] Sent message size: 48
[2024-05-28 22:00:33,166][Node][DEBUG] Received some message from 6 with CHANNEL: SERVER_REQUEST
[2024-05-28 22:00:33,166][PeerSampler][DEBUG] Received Request from 6
[2024-05-28 22:00:33,167][TCP][DEBUG] -1 sent the message to 6.
[2024-05-28 22:00:33,167][TCP][DEBUG] Sent message size: 52
[2024-05-28 22:00:33,175][Node][DEBUG] Received some message from 8 with CHANNEL: SERVER_REQUEST
[2024-05-28 22:00:33,179][PeerSampler][DEBUG] Received Request from 8
[2024-05-28 22:00:33,179][TCP][DEBUG] -1 sent the message to 8.
[2024-05-28 22:00:33,180][TCP][DEBUG] Sent message size: 48
[2024-05-28 22:00:33,180][Node][DEBUG] Received some message from 2 with CHANNEL: SERVER_REQUEST
[2024-05-28 22:00:33,180][PeerSampler][DEBUG] Received Request from 2
[2024-05-28 22:00:33,180][TCP][DEBUG] -1 sent the message to 2.
[2024-05-28 22:00:33,180][TCP][DEBUG] Sent message size: 52
[2024-05-28 22:00:33,181][Node][DEBUG] Received some message from 0 with CHANNEL: SERVER_REQUEST
[2024-05-28 22:00:33,181][PeerSampler][DEBUG] Received Request from 0
[2024-05-28 22:00:33,181][TCP][DEBUG] -1 sent the message to 0.
[2024-05-28 22:00:33,181][TCP][DEBUG] Sent message size: 54
[2024-05-28 22:00:33,181][Node][DEBUG] Received some message from 1 with CHANNEL: SERVER_REQUEST
[2024-05-28 22:00:33,181][PeerSampler][DEBUG] Received Request from 1
[2024-05-28 22:00:33,182][TCP][DEBUG] -1 sent the message to 1.
[2024-05-28 22:00:33,182][TCP][DEBUG] Sent message size: 48
[2024-05-28 22:00:33,182][Node][DEBUG] Received some message from 3 with CHANNEL: SERVER_REQUEST
[2024-05-28 22:00:33,182][PeerSampler][DEBUG] Received Request from 3
[2024-05-28 22:00:33,182][PeerSamplerDynamic][DEBUG] iteration, self.iteration: 17, 16
[2024-05-28 22:00:33,206][TCP][DEBUG] -1 sent the message to 3.
[2024-05-28 22:00:33,206][TCP][DEBUG] Sent message size: 48
[2024-05-28 22:00:33,207][Node][DEBUG] Received some message from 7 with CHANNEL: SERVER_REQUEST
[2024-05-28 22:00:33,207][PeerSampler][DEBUG] Received Request from 7
[2024-05-28 22:00:33,207][TCP][DEBUG] -1 sent the message to 7.
[2024-05-28 22:00:33,207][TCP][DEBUG] Sent message size: 48
[2024-05-28 22:00:33,207][Node][DEBUG] Received some message from 10 with CHANNEL: SERVER_REQUEST
[2024-05-28 22:00:33,207][PeerSampler][DEBUG] Received Request from 10
[2024-05-28 22:00:33,208][TCP][DEBUG] -1 sent the message to 10.
[2024-05-28 22:00:33,208][TCP][DEBUG] Sent message size: 48
[2024-05-28 22:00:33,208][Node][DEBUG] Received some message from 9 with CHANNEL: SERVER_REQUEST
[2024-05-28 22:00:33,208][PeerSampler][DEBUG] Received Request from 9
[2024-05-28 22:00:33,209][TCP][DEBUG] -1 sent the message to 9.
[2024-05-28 22:00:33,209][TCP][DEBUG] Sent message size: 48
[2024-05-28 22:00:33,209][Node][DEBUG] Received some message from 11 with CHANNEL: SERVER_REQUEST
[2024-05-28 22:00:33,209][PeerSampler][DEBUG] Received Request from 11
[2024-05-28 22:00:33,209][TCP][DEBUG] -1 sent the message to 11.
[2024-05-28 22:00:33,210][TCP][DEBUG] Sent message size: 48
[2024-05-28 22:00:33,210][Node][DEBUG] Received some message from 5 with CHANNEL: SERVER_REQUEST
[2024-05-28 22:00:33,210][PeerSampler][DEBUG] Received Request from 5
[2024-05-28 22:00:33,210][TCP][DEBUG] -1 sent the message to 5.
[2024-05-28 22:00:33,210][TCP][DEBUG] Sent message size: 48
[2024-05-28 22:00:33,212][Node][DEBUG] Received some message from 8 with CHANNEL: SERVER_REQUEST
[2024-05-28 22:00:33,212][PeerSampler][DEBUG] Received Request from 8
[2024-05-28 22:00:33,223][TCP][DEBUG] -1 sent the message to 8.
[2024-05-28 22:00:33,223][TCP][DEBUG] Sent message size: 48
[2024-05-28 22:00:33,223][Node][DEBUG] Received some message from 2 with CHANNEL: SERVER_REQUEST
[2024-05-28 22:00:33,223][PeerSampler][DEBUG] Received Request from 2
[2024-05-28 22:00:33,224][TCP][DEBUG] -1 sent the message to 2.
[2024-05-28 22:00:33,224][TCP][DEBUG] Sent message size: 52
[2024-05-28 22:00:33,240][Node][DEBUG] Received some message from 1 with CHANNEL: SERVER_REQUEST
[2024-05-28 22:00:33,240][PeerSampler][DEBUG] Received Request from 1
[2024-05-28 22:00:33,240][TCP][DEBUG] -1 sent the message to 1.
[2024-05-28 22:00:33,240][TCP][DEBUG] Sent message size: 54
[2024-05-28 22:00:33,243][Node][DEBUG] Received some message from 10 with CHANNEL: SERVER_REQUEST
[2024-05-28 22:00:33,243][PeerSampler][DEBUG] Received Request from 10
[2024-05-28 22:00:33,243][TCP][DEBUG] -1 sent the message to 10.
[2024-05-28 22:00:33,243][TCP][DEBUG] Sent message size: 52
[2024-05-28 22:00:33,247][Node][DEBUG] Received some message from 0 with CHANNEL: SERVER_REQUEST
[2024-05-28 22:00:33,247][PeerSampler][DEBUG] Received Request from 0
[2024-05-28 22:00:33,248][TCP][DEBUG] -1 sent the message to 0.
[2024-05-28 22:00:33,248][TCP][DEBUG] Sent message size: 52
[2024-05-28 22:00:33,248][Node][DEBUG] Received some message from 4 with CHANNEL: SERVER_REQUEST
[2024-05-28 22:00:33,248][PeerSampler][DEBUG] Received Request from 4
[2024-05-28 22:00:33,248][TCP][DEBUG] -1 sent the message to 4.
[2024-05-28 22:00:33,249][TCP][DEBUG] Sent message size: 52
[2024-05-28 22:00:33,249][Node][DEBUG] Received some message from 9 with CHANNEL: SERVER_REQUEST
[2024-05-28 22:00:33,249][PeerSampler][DEBUG] Received Request from 9
[2024-05-28 22:00:33,249][PeerSamplerDynamic][DEBUG] iteration, self.iteration: 18, 17
[2024-05-28 22:00:33,252][TCP][DEBUG] -1 sent the message to 9.
[2024-05-28 22:00:33,252][TCP][DEBUG] Sent message size: 54
[2024-05-28 22:00:33,257][Node][DEBUG] Received some message from 3 with CHANNEL: SERVER_REQUEST
[2024-05-28 22:00:33,258][PeerSampler][DEBUG] Received Request from 3
[2024-05-28 22:00:33,258][TCP][DEBUG] -1 sent the message to 3.
[2024-05-28 22:00:33,258][TCP][DEBUG] Sent message size: 48
[2024-05-28 22:00:33,260][Node][DEBUG] Received some message from 11 with CHANNEL: SERVER_REQUEST
[2024-05-28 22:00:33,261][PeerSampler][DEBUG] Received Request from 11
[2024-05-28 22:00:33,261][TCP][DEBUG] -1 sent the message to 11.
[2024-05-28 22:00:33,261][TCP][DEBUG] Sent message size: 48
[2024-05-28 22:00:33,265][Node][DEBUG] Received some message from 6 with CHANNEL: SERVER_REQUEST
[2024-05-28 22:00:33,265][PeerSampler][DEBUG] Received Request from 6
[2024-05-28 22:00:33,266][TCP][DEBUG] -1 sent the message to 6.
[2024-05-28 22:00:33,266][TCP][DEBUG] Sent message size: 48
[2024-05-28 22:00:33,271][Node][DEBUG] Received some message from 7 with CHANNEL: SERVER_REQUEST
[2024-05-28 22:00:33,271][PeerSampler][DEBUG] Received Request from 7
[2024-05-28 22:00:33,271][TCP][DEBUG] -1 sent the message to 7.
[2024-05-28 22:00:33,272][TCP][DEBUG] Sent message size: 48
[2024-05-28 22:00:33,276][Node][DEBUG] Received some message from 8 with CHANNEL: SERVER_REQUEST
[2024-05-28 22:00:33,277][PeerSampler][DEBUG] Received Request from 8
[2024-05-28 22:00:33,277][TCP][DEBUG] -1 sent the message to 8.
[2024-05-28 22:00:33,277][TCP][DEBUG] Sent message size: 48
[2024-05-28 22:00:33,283][Node][DEBUG] Received some message from 0 with CHANNEL: SERVER_REQUEST
[2024-05-28 22:00:33,283][PeerSampler][DEBUG] Received Request from 0
[2024-05-28 22:00:33,283][TCP][DEBUG] -1 sent the message to 0.
[2024-05-28 22:00:33,283][TCP][DEBUG] Sent message size: 54
[2024-05-28 22:00:33,290][Node][DEBUG] Received some message from 5 with CHANNEL: SERVER_REQUEST
[2024-05-28 22:00:33,290][PeerSampler][DEBUG] Received Request from 5
[2024-05-28 22:00:33,291][TCP][DEBUG] -1 sent the message to 5.
[2024-05-28 22:00:33,291][TCP][DEBUG] Sent message size: 52
[2024-05-28 22:00:33,295][Node][DEBUG] Received some message from 3 with CHANNEL: SERVER_REQUEST
[2024-05-28 22:00:33,295][PeerSampler][DEBUG] Received Request from 3
[2024-05-28 22:00:33,295][PeerSamplerDynamic][DEBUG] iteration, self.iteration: 19, 18
[2024-05-28 22:00:33,297][TCP][DEBUG] -1 sent the message to 3.
[2024-05-28 22:00:33,297][TCP][DEBUG] Sent message size: 52
[2024-05-28 22:00:33,297][Node][DEBUG] Received some message from 11 with CHANNEL: SERVER_REQUEST
[2024-05-28 22:00:33,297][PeerSampler][DEBUG] Received Request from 11
[2024-05-28 22:00:33,298][TCP][DEBUG] -1 sent the message to 11.
[2024-05-28 22:00:33,298][TCP][DEBUG] Sent message size: 52
[2024-05-28 22:00:33,301][Node][DEBUG] Received some message from 10 with CHANNEL: SERVER_REQUEST
[2024-05-28 22:00:33,301][PeerSampler][DEBUG] Received Request from 10
[2024-05-28 22:00:33,302][TCP][DEBUG] -1 sent the message to 10.
[2024-05-28 22:00:33,302][TCP][DEBUG] Sent message size: 52
[2024-05-28 22:00:33,302][Node][DEBUG] Received some message from 4 with CHANNEL: SERVER_REQUEST
[2024-05-28 22:00:33,302][PeerSampler][DEBUG] Received Request from 4
[2024-05-28 22:00:33,303][TCP][DEBUG] -1 sent the message to 4.
[2024-05-28 22:00:33,303][TCP][DEBUG] Sent message size: 48
[2024-05-28 22:00:33,309][Node][DEBUG] Received some message from 7 with CHANNEL: SERVER_REQUEST
[2024-05-28 22:00:33,310][PeerSampler][DEBUG] Received Request from 7
[2024-05-28 22:00:33,310][TCP][DEBUG] -1 sent the message to 7.
[2024-05-28 22:00:33,310][TCP][DEBUG] Sent message size: 48
[2024-05-28 22:00:33,310][Node][DEBUG] Received some message from 6 with CHANNEL: SERVER_REQUEST
[2024-05-28 22:00:33,310][PeerSampler][DEBUG] Received Request from 6
[2024-05-28 22:00:33,311][TCP][DEBUG] -1 sent the message to 6.
[2024-05-28 22:00:33,311][TCP][DEBUG] Sent message size: 48
[2024-05-28 22:00:33,311][Node][DEBUG] Received some message from 2 with CHANNEL: SERVER_REQUEST
[2024-05-28 22:00:33,311][PeerSampler][DEBUG] Received Request from 2
[2024-05-28 22:00:33,312][TCP][DEBUG] -1 sent the message to 2.
[2024-05-28 22:00:33,312][TCP][DEBUG] Sent message size: 54
[2024-05-28 22:00:33,317][Node][DEBUG] Received some message from 8 with CHANNEL: SERVER_REQUEST
[2024-05-28 22:00:33,317][PeerSampler][DEBUG] Received Request from 8
[2024-05-28 22:00:33,318][TCP][DEBUG] -1 sent the message to 8.
[2024-05-28 22:00:33,318][TCP][DEBUG] Sent message size: 54
[2024-05-28 22:00:33,320][Node][DEBUG] Received some message from 1 with CHANNEL: SERVER_REQUEST
[2024-05-28 22:00:33,320][PeerSampler][DEBUG] Received Request from 1
[2024-05-28 22:00:33,321][TCP][DEBUG] -1 sent the message to 1.
[2024-05-28 22:00:33,321][TCP][DEBUG] Sent message size: 52
[2024-05-28 22:00:33,336][Node][DEBUG] Received some message from 10 with CHANNEL: SERVER_REQUEST
[2024-05-28 22:00:33,336][PeerSampler][DEBUG] Received Request from 10
[2024-05-28 22:00:33,337][TCP][DEBUG] -1 sent the message to 10.
[2024-05-28 22:00:33,337][TCP][DEBUG] Sent message size: 48
[2024-05-28 22:00:33,337][Node][DEBUG] Received some message from 11 with CHANNEL: SERVER_REQUEST
[2024-05-28 22:00:33,337][PeerSampler][DEBUG] Received Request from 11
[2024-05-28 22:00:33,338][TCP][DEBUG] -1 sent the message to 11.
[2024-05-28 22:00:33,338][TCP][DEBUG] Sent message size: 48
[2024-05-28 22:00:33,339][Node][DEBUG] Received some message from 4 with CHANNEL: SERVER_REQUEST
[2024-05-28 22:00:33,339][PeerSampler][DEBUG] Received Request from 4
[2024-05-28 22:00:33,339][TCP][DEBUG] -1 sent the message to 4.
[2024-05-28 22:00:33,339][TCP][DEBUG] Sent message size: 48
[2024-05-28 22:00:33,345][Node][DEBUG] Received some message from 7 with CHANNEL: SERVER_REQUEST
[2024-05-28 22:00:33,345][PeerSampler][DEBUG] Received Request from 7
[2024-05-28 22:00:33,345][TCP][DEBUG] -1 sent the message to 7.
[2024-05-28 22:00:33,346][TCP][DEBUG] Sent message size: 54
[2024-05-28 22:00:33,346][Node][DEBUG] Received some message from 6 with CHANNEL: SERVER_REQUEST
[2024-05-28 22:00:33,346][PeerSampler][DEBUG] Received Request from 6
[2024-05-28 22:00:33,346][TCP][DEBUG] -1 sent the message to 6.
[2024-05-28 22:00:33,346][TCP][DEBUG] Sent message size: 48
[2024-05-28 22:00:33,347][Node][DEBUG] Received some message from 0 with CHANNEL: SERVER_REQUEST
[2024-05-28 22:00:33,347][PeerSampler][DEBUG] Received Request from 0
[2024-05-28 22:00:33,347][TCP][DEBUG] -1 sent the message to 0.
[2024-05-28 22:00:33,347][TCP][DEBUG] Sent message size: 54
[2024-05-28 22:00:33,347][Node][DEBUG] Received some message from 9 with CHANNEL: SERVER_REQUEST
[2024-05-28 22:00:33,348][PeerSampler][DEBUG] Received Request from 9
[2024-05-28 22:00:33,348][TCP][DEBUG] -1 sent the message to 9.
[2024-05-28 22:00:33,348][TCP][DEBUG] Sent message size: 48
[2024-05-28 22:00:33,358][Node][DEBUG] Received some message from 5 with CHANNEL: SERVER_REQUEST
[2024-05-28 22:00:33,358][PeerSampler][DEBUG] Received Request from 5
[2024-05-28 22:00:33,359][TCP][DEBUG] -1 sent the message to 5.
[2024-05-28 22:00:33,359][TCP][DEBUG] Sent message size: 48
[2024-05-28 22:00:33,359][Node][DEBUG] Received some message from 1 with CHANNEL: SERVER_REQUEST
[2024-05-28 22:00:33,359][PeerSampler][DEBUG] Received Request from 1
[2024-05-28 22:00:33,360][TCP][DEBUG] -1 sent the message to 1.
[2024-05-28 22:00:33,360][TCP][DEBUG] Sent message size: 48
[2024-05-28 22:00:33,383][Node][DEBUG] Received some message from 2 with CHANNEL: SERVER_REQUEST
[2024-05-28 22:00:33,383][PeerSampler][DEBUG] Received Request from 2
[2024-05-28 22:00:33,384][TCP][DEBUG] -1 sent the message to 2.
[2024-05-28 22:00:33,384][TCP][DEBUG] Sent message size: 52
